Clearnesse Ironshore Freyview Marbleiron Morwald Foxvale Woodice Valhaven Courtcastle Westvale Violetley Eriwall Oldmoor Dellwyn Oakmere Esterfall Goldwyvern Butterbush Morwall Foxhaven Newby Buttermead Courtwall Corbank Ironriver Clearnesse
25
Oldmoor Oldmoor
Woodice Woodice
Dellwyn Dellwyn
Freyview Freyview
Oakmere Oakmere
Eriwall Eriwall
Valhaven Valhaven
Newby Newby
Foxhaven Foxhaven
Morwall Morwall
Goldwyvern Goldwyvern
Corbank Corbank
Westvale Westvale
Morwald Morwald
Ironriver Ironriver
Violetley Violetley
Courtwall Courtwall
Ironshore Ironshore
Marbleiron Marbleiron
Buttermead Buttermead
Courtcastle Courtcastle
Butterbush Butterbush
Foxvale Foxvale
Esterfall Esterfall
Clearnesse Clearnesse
