ZfI6StUliqd8YxBr0zVp BFat56YSkekx77JCOMI4 gj1PIUxoUprs5rKMLNpv gX6xMy6pWnenI68kwgcu uYmver98TgwbkIsM8XgU zs8puphf0SbuOBS6XpM9 ip0vmcqzxYgrY2Mc3Bu9 Fa64KRccvM4rqOgxBKtu 98jc4TOf5CFD5ooRLXKs WEpQsV1SPLNjRDFxWGJw RnnCc8OgQLqPe5HvvbS3 Af4sQnaDf5G2yrOfmk45 Z38PT2VWeDoNiuh4rc0v gGXF4imn3IOLlYGD81XA ZBTm8fkarNXg3vLUAnt8 SI1jqone3x4IZwZ6qVW6 QGzcn6XPemZ0IhmCJCmq 5JVto9dbOz4Lu3AeAOZD mMagcNSN7U8s7oy3e0j4 Hxhi6IYOb3B8uxHbGYVt ZfI6StUliqd8YxBr0zVp
20
uYmver98TgwbkIsM8XgU uYmver98TgwbkIsM8XgU
WEpQsV1SPLNjRDFxWGJw WEpQsV1SPLNjRDFxWGJw
SI1jqone3x4IZwZ6qVW6 Z6746tUNXH05XsKVq5bc SI1jqone3x4IZwZ6qVW6
QGzcn6XPemZ0IhmCJCmq QGzcn6XPemZ0IhmCJCmq cC9SZGtAtirSBnbvLWzt
Af4sQnaDf5G2yrOfmk45 YzWX8RqUW0YPFsebUKYP Af4sQnaDf5G2yrOfmk45 QBaUzVWA62rnfcsnEShZ QUmdpeJNwq8Od3rclrVL
BFat56YSkekx77JCOMI4 BFat56YSkekx77JCOMI4
Fa64KRccvM4rqOgxBKtu Fa64KRccvM4rqOgxBKtu
Hxhi6IYOb3B8uxHbGYVt Hxhi6IYOb3B8uxHbGYVt
gGXF4imn3IOLlYGD81XA gGXF4imn3IOLlYGD81XA
gj1PIUxoUprs5rKMLNpv gj1PIUxoUprs5rKMLNpv
5JVto9dbOz4Lu3AeAOZD 5JVto9dbOz4Lu3AeAOZD
98jc4TOf5CFD5ooRLXKs 98jc4TOf5CFD5ooRLXKs
Z38PT2VWeDoNiuh4rc0v UoiNiYnewh16WNDFqvYW
ip0vmcqzxYgrY2Mc3Bu9 ip0vmcqzxYgrY2Mc3Bu9
RnnCc8OgQLqPe5HvvbS3 RnnCc8OgQLqPe5HvvbS3
zs8puphf0SbuOBS6XpM9 zs8puphf0SbuOBS6XpM9
ZBTm8fkarNXg3vLUAnt8 ZBTm8fkarNXg3vLUAnt8
ZfI6StUliqd8YxBr0zVp ZfI6StUliqd8YxBr0zVp
mMagcNSN7U8s7oy3e0j4 mMagcNSN7U8s7oy3e0j4
gX6xMy6pWnenI68kwgcu gX6xMy6pWnenI68kwgcu
