Jacksonville Atlanta Louisville Arlington Portland Seattle LasVegas LongBeach Oakland Philadelphia Houston ColoradoSprings VirginiaBeach Nashville ElPaso LosAngeles Indianapolis SanJose Boston OklahomaCity FortWorth Detroit Columbus Tucson Milwaukee Jacksonville
21
Philadelphia Philadelphia
LasVegas LasVegas
FortWorth FortWorth
Portland Portland
LosAngeles Memphis LosAngeles
Detroit Tulsa Minneapolis
Atlanta Fresno SanFrancisco Atlanta
Columbus Columbus
Seattle Seattle
SanJose SanJose
OklahomaCity Phoenix
ElPaso ElPaso
Tucson Tucson
LongBeach LongBeach
VirginiaBeach VirginiaBeach
Oakland Albuquerque
Indianapolis Indianapolis
Milwaukee Austin
Jacksonville Jacksonville
Louisville Louisville
Boston Boston
