BukitBatokEast RiverValley Hillcrest Bayshore ChoaChuKang NeeSoon AirportRoad Sembawang JooKoon SimpangNorth TanjongPagar CityHall Springleaf SwissClub Frankel Tengeh Safti LowerSeletar DowntownCore Gombak Redhill Simei SungeiRoad TiongBahruStation BukitBatokEast
21
Frankel Frankel
SungeiRoad SungeiRoad Sudong
Simei Simei
Redhill Redhill PearlsHill
Safti GaliBatuMandai Safti
Tengeh Tengeh GhimMoh
RiverValley RiverValley
SimpangNorth SimpangNorth
NeeSoon NeeSoon
JooKoon JooKoon
DowntownCore DowntownCore
SwissClub SwissClub
ChoaChuKang ChoaChuKang
Hillcrest Hillcrest
LowerSeletar LowerSeletar
BukitBatokEast LeonieHill
TanjongPagar TanjongPagar
AirportRoad Tyersall
TiongBahruStation TiongBahruStation
CityHall CityHall
Sembawang Sembawang
