location1 location5 location45 location33 location10 location13 location6 location27 location38 location32 location12 location27 location34 location46 location15 location39 location16 location23 location31 location29 location48 location11 location36 location14 location43 location1
20
location10 location10 location49
location31 location31
location39 location17 location39
location6 location6
location46 location46
location43 location26
location11 location11
location36 location44
location38 location38
location12 location24 location12
location15 location15
location16 location16
location23 location23
location5 location5
location14 location14
location34 location28 location42 location37
location32 location32
location27 location27
location33 location33
location48 location48
