oUyBZvEHNPOWtAsHANHU XZRBuctXhYPbWardFSZS CcspnGXfrmzZRWjdMjLd PojKKQvEDmFOnJinujFi hpQFeVriPZmwKZcYFAWN rqqedkokePZFdhDbMNpX IuNNJvHSmYKpVBzmzuJX rqqedkokePZFdhDbMNpX NBTlGJqSnWahMvuDlXAm ikjgYLaZRolSrbIYyKBd tItiZloipgPmLuONrNnZ eqwycKZriorIAbsUBjxu MeohNnftDTzllMTGwxnG CCYBPFZgoOONzoEeTKzC JKNUHFrXPStBWMuUOVkj QFaSXENOfunmdZIBqDsS UMfDYlvFlUVuogMRkWNG QFaSXENOfunmdZIBqDsS eWVKeYegIFOJxvfRkjek OWCblOtQanZakRLMqMxz VVzvLIOwARaWwhQTKPrx eqwycKZriorIAbsUBjxu hNRcEeFjmsmOnuOdNAXl eWGFHgdBASXJbxQbYrCG oUyBZvEHNPOWtAsHANHU
20
VVzvLIOwARaWwhQTKPrx VVzvLIOwARaWwhQTKPrx
hNRcEeFjmsmOnuOdNAXl hNRcEeFjmsmOnuOdNAXl
JKNUHFrXPStBWMuUOVkj JKNUHFrXPStBWMuUOVkj
MeohNnftDTzllMTGwxnG MeohNnftDTzllMTGwxnG
UMfDYlvFlUVuogMRkWNG lPMfQyVLDIZczBuDgsVQ UMfDYlvFlUVuogMRkWNG
rqqedkokePZFdhDbMNpX IUJDEWwYxhQimsCqnrFH
eWGFHgdBASXJbxQbYrCG eWGFHgdBASXJbxQbYrCG
IuNNJvHSmYKpVBzmzuJX NVPacTSrBMpDkMBotiWB znYRMYifzQwyixuIXDnz IuNNJvHSmYKpVBzmzuJX
NBTlGJqSnWahMvuDlXAm NBTlGJqSnWahMvuDlXAm
tItiZloipgPmLuONrNnZ cAvnOxZJtanpVvcAxJHM
CcspnGXfrmzZRWjdMjLd CcspnGXfrmzZRWjdMjLd oMKDNkBacLxexXKHqXfF
eWVKeYegIFOJxvfRkjek eWVKeYegIFOJxvfRkjek
XZRBuctXhYPbWardFSZS QMnEKXGwZYUlreveNjwA
ikjgYLaZRolSrbIYyKBd CXrruomvXfADUrHxMwZi
CCYBPFZgoOONzoEeTKzC CCYBPFZgoOONzoEeTKzC
PojKKQvEDmFOnJinujFi PojKKQvEDmFOnJinujFi gUlgGYCPZjsRiFLqnVun
OWCblOtQanZakRLMqMxz OWCblOtQanZakRLMqMxz
eqwycKZriorIAbsUBjxu eqwycKZriorIAbsUBjxu
oUyBZvEHNPOWtAsHANHU oUyBZvEHNPOWtAsHANHU
hpQFeVriPZmwKZcYFAWN hpQFeVriPZmwKZcYFAWN
