Nepal SaintLucia VaticanCity TheGambia NewZealand Slovakia Tajikistan Kuwait Mauritius Niger Serbia Vietnam Afghanistan Fiji Botswana Suriname Estonia UAE Belarus Azerbaijan Argentina Liechtenstein Tanzania Georgia Nepal
23
Azerbaijan Azerbaijan
Tajikistan Tajikistan
VaticanCity VaticanCity
Estonia Estonia
Botswana Botswana
UAE UAE
Serbia Serbia
NewZealand NewZealand
Belarus Belarus
Tanzania Tanzania
Georgia Georgia
Niger Panama Niger Palau
Suriname Suriname
Fiji Fiji
Argentina Argentina
Vietnam Vietnam
TheGambia MarshallIslands
Afghanistan Afghanistan
Slovakia Slovakia
Liechtenstein Liechtenstein
Mauritius Mauritius
Kuwait Kuwait
SaintLucia SaintLucia
