liverance hypanthium tortillons lethiferal wellbores pallia bywoners handballer refortify coulde oversleeps tightening metamere hatrail achieve catabolism Akkub asterisk pontage jitterbugs moderatrix studiously shutter kamencheh otate liverance
25
catabolism catabolism
tortillons tortillons
studiously studiously
oversleeps oversleeps
bywoners bywoners
hypanthium hypanthium
Akkub Akkub
moderatrix moderatrix
liverance liverance
hatrail hatrail
jitterbugs jitterbugs
lethiferal lethiferal
wellbores wellbores
handballer handballer
metamere metamere
kamencheh kamencheh
tightening tightening
shutter shutter
achieve achieve
pontage pontage
asterisk asterisk
otate otate
coulde coulde
refortify refortify
pallia pallia
