SusanneJohnBerrios DougHelenHornbeck SpencerCourtneyBroth DinahCatherineFaulkn MattieBarbaraEkstrom StephanieAaronWalker GarryDavidKingery MaryFrankieWomack DorothyDavidStromme JuliaMollieHernandez HarryNeilFranklin JorgeHeatherSamuels RalphClydeMills FernandoLindaWatson AntonioGeraldBaker DouglasRobertFerkovi RubyLelandCollard JuliaLindaGordon ClaudiaDavidTaylor JuanDebbieAllen MonteMonicaLum LaquitaJohnBrunette SusanneJohnBerrios
21
DouglasRobertFerkovi DouglasRobertFerkovi
DinahCatherineFaulkn DinahCatherineFaulkn
MonteMonicaLum MonteMonicaLum
DorothyDavidStromme DorothyDavidStromme
StephanieAaronWalker StephanieAaronWalker
JuliaMollieHernandez JuliaMollieHernandez
JorgeHeatherSamuels JorgeHeatherSamuels
RubyLelandCollard RubyLelandCollard
MattieBarbaraEkstrom MattieBarbaraEkstrom
RalphClydeMills RalphClydeMills
DougHelenHornbeck DougHelenHornbeck
JuliaLindaGordon JuliaLindaGordon
LaquitaJohnBrunette LaquitaJohnBrunette
FernandoLindaWatson FernandoLindaWatson
JuanDebbieAllen JuanDebbieAllen
AntonioGeraldBaker AntonioGeraldBaker
MaryFrankieWomack MaryFrankieWomack
HarryNeilFranklin HarryNeilFranklin
ClaudiaDavidTaylor ClaudiaDavidTaylor
SpencerCourtneyBroth SpencerCourtneyBroth
GarryDavidKingery GarryDavidKingery
