tepsteinfdkilldlmhns hdepsteinsmdtnflkill fnlskillhtepsteindmd ftdmlhkilldepsteinsn hldmepsteindsnkilltf nmhdkilltslepsteinfd ldnmepsteinhfstdkill ndlepsteinhdtskillfm thsfnmkilldlepsteind killepsteintdldshfnm nkillsdtdhfmlepstein epsteinthsdmndkillfl snldmtkillfepsteindh msnepsteinfkillhtdld epsteinsdfmhltkillnd slepsteinftndkillmdh thmepsteinlkillfsndd mfskillnhlddtepstein dhlepsteindkillsmtnf lepsteinfdkillsdnmht nfdhepsteinltsdmkill hdkillfmtslndepstein tepsteinfdkilldlmhns
18
nkillsdtdhfmlepstein nkillsdtdhfmlepstein
ldnmepsteinhfstdkill skilldnmlhdftepstein hepsteinnfstkilllmdd killnfhdsdltepsteinm
killepsteintdldshfnm killepsteintdldshfnm nlhtdsdepsteinfmkill
slepsteinftndkillmdh htskillepsteindnlfdm ndlmhepsteintdskillf
thmepsteinlkillfsndd thmepsteinlkillfsndd
msnepsteinfkillhtdld fnmhskilldepsteinltd hkillmepsteinstdfdnl msnepsteinfkillhtdld
hldmepsteindsnkilltf hldmepsteindsnkilltf
snldmtkillfepsteindh snldmtkillfepsteindh
mfskillnhlddtepstein epsteindsmnlfdtkillh
epsteinthsdmndkillfl epsteinthsdmndkillfl
lepsteinfdkillsdnmht lepsteinfdkillsdnmht tmhsnfepsteinldkilld
fnlskillhtepsteindmd fnlskillhtepsteindmd
nfdhepsteinltsdmkill nfdhepsteinltsdmkill
ndlepsteinhdtskillfm ndlepsteinhdtskillfm
epsteinsdfmhltkillnd epsteinsdfmhltkillnd
thsfnmkilldlepsteind tskillepsteinhfmddnl
hdepsteinsmdtnflkill hdepsteinsmdtnflkill
dhlepsteindkillsmtnf dhlepsteindkillsmtnf
