ctUVEJSyNR Z82QDWb0Pr 7d3UA4fKWz 8Jejdr7ynm sY3UqAEMG3 HG8olhhcTZ BtCEVbHoQI oPQmRUijH5 gLI8ArV2Ui osdKgXyg1e MuYreynm57 f91pUtm9EZ vzXeZbLrSW UphA2uAaYC HEqjxwCWnl zUWT7uduzq uVIshS2g8a VBTKstUXwG HTp005294X TDmNOuGJBk T3o9dNVbcG ctUVEJSyNR
19
Z82QDWb0Pr U5XdtBFGOe Z82QDWb0Pr
VBTKstUXwG 8UaR4YpZys VBTKstUXwG
zUWT7uduzq zUWT7uduzq
oPQmRUijH5 6lpxgUxCxO oPQmRUijH5
osdKgXyg1e osdKgXyg1e
BtCEVbHoQI I4iTN5KXjB BtCEVbHoQI
T3o9dNVbcG T3o9dNVbcG RLF9v27sOQ
8Jejdr7ynm 8Jejdr7ynm QwY2G6aX6c
gLI8ArV2Ui gLI8ArV2Ui
HG8olhhcTZ HG8olhhcTZ
HTp005294X IU0Ia8127Z
MuYreynm57 MuYreynm57
7d3UA4fKWz 7d3UA4fKWz
uVIshS2g8a qg08r1Pg6g
TDmNOuGJBk TDmNOuGJBk
sY3UqAEMG3 MzId8uwrPz
vzXeZbLrSW vzXeZbLrSW
f91pUtm9EZ f91pUtm9EZ
UphA2uAaYC UphA2uAaYC
