Kaimganj Fagaras Pilibhit Norristown Brecht Tsirang MontecatiniTerme Dankov Narangba GobernadorGalvez Tocache Fandriana Korolev Yucheng Tsukawaki Karasuyama Albi Gobo Racine PinhalNovo MilpaAlta Anahuac Novopokrovskaya Mesa Leixlip Kaimganj
23
Albi Albi
PinhalNovo PinhalNovo
Tsukawaki Tsukawaki
Narangba Narangba
Tocache Tocache
Novopokrovskaya Novopokrovskaya
Karasuyama Karasuyama
Dankov Dankov
Fagaras Fagaras
Yucheng Yucheng Isakogorka
Tsirang Tsirang
Mesa EncarnaciondeDiaz
Pilibhit Pilibhit Irvine
Gobo Gobo
Brecht Brecht
Leixlip Leixlip
Fandriana Fandriana
Korolev Korolev
MontecatiniTerme MontecatiniTerme
MilpaAlta MilpaAlta
GobernadorGalvez GobernadorGalvez
Racine Racine
Anahuac Anahuac
