BatonRouge Bellevue Buffalo AtlanticCity Boulder Birmingham AnnArbor Beaumont Albuquerque Bremerton Allentown Appleton Aurora Aberdeen BonitaSprings Bethlehem Augusta Barnstable Baltimore Atlanta Bradenton Bellevue BatonRouge
19
Aberdeen Aberdeen BoiseCity
Bremerton Abilene
Augusta Albany
Albuquerque Albuquerque Boston
BonitaSprings Amarillo
Bellevue Anchorage Burbank
AnnArbor AnnArbor
Allentown Arvada
Atlanta Atlanta Berkeley
AtlanticCity AtlanticCity
Aurora Aurora
Barnstable Barnstable
BatonRouge BatonRouge
Beaumont Beaumont
Bethlehem Bethlehem
Birmingham Birmingham Bryan
Boulder Boulder
Bradenton Bradenton Cambridge
Buffalo Buffalo
