location1 location43 location26 location38 location32 location12 location4 location49 location10 location13 location6 location27 location34 location42 location37 location11 location36 location23 location16 location39 location45 location5 location1
20
location10 location10
location23 location31 location23
location39 location17 location15 location39
location6 location6
location49 location49
location34 location46 location28
location26 location26
location11 location11
location36 location44
location38 location38
location12 location24 location12
location16 location16
location5 location5
location43 location14
location32 location32
location42 location42
location27 location27
location45 location33
location37 location37
location4 location48
