zero five six seven fourteen thirteen twelve eleven eighteen twentyfive thirtytwo thirtyone thirtyeight fortyfive fortysix thirtynine forty fortyone fortytwo thirtyfive thirtyfour twentyseven twenty twentyone fifteen sixteen nine ten three zero
23
three three
five five
six six
seven seven
nine nine
eleven eleven
twelve twelve
thirteen thirteen
fourteen fourteen
fifteen fifteen
sixteen sixteen
eighteen eighteen nineteen
twenty twenty
twentyfive twentyfive
thirtyone thirtyone
thirtytwo thirtytwo
thirtyfour thirtyfour
thirtyfive thirtyfive
thirtyeight thirtyseven thirtyeight
forty forty
fortytwo fortytwo
fortyfive fortyfive
fortysix fortysix
