Potrero Hume Woffard Ames Santa Richvale Carmel Laguna All Boulevard Banning Merced Warner Linden 18th Smoke Balsdon Fiorini Oceanside Chinese Fremont Ida Clayton Calaveras Meyers Potrero
25
Balsdon Balsdon
Chinese Chinese
All All
Hume Hume
Carmel Carmel
Warner Warner
Oceanside Oceanside
Linden Linden
Clayton Clayton
Boulevard Boulevard
Ida Ida
Calaveras Calaveras
Merced Merced
Potrero Potrero
18th 18th
Meyers Meyers
Fiorini Fiorini
Fremont Fremont
Banning Banning
Laguna Laguna
Santa Santa
Ames Ames
Smoke Smoke
Richvale Richvale
Woffard Woffard
