Soda Location28 Location42 Location5 Location45 Location36 Location29 Location13 Location10 Location22 Location43 Location33 Location38 Location19 Location18 Location9 Location21 Location2 Location30 Location34 Location40 Soda
19
Location5 Location5
Location42 Location42
Location33 Location33
Location40 Location40
Location43 Location43
Location10 Location10
Location22 Location22
Location13 Location0 Location13
Soda Location31
Location2 Location2
Location38 Location38
Location36 Location44
Location19 Location19
Location21 Location21
Location29 Location29
Location45 Location45
Location30 Location30
Location28 Location32
Location9 Location9
