Soda Foothill HaasPavilion Hertz Senior Giannini Dwinelle Pitzer McCone Haste Stanley Cheit LifeSciences Hildebrand Blackwell Morgan Jacobs Koshland Moses Wheeler Wellman DoeLibrary Boalt Bowles Stern Soda
24
Boalt Boalt
Cheit Cheit
Dwinelle Dwinelle
Giannini Giannini
Haste Haste
LifeSciences LifeSciences
Jacobs Jacobs
Hildebrand Hildebrand
Moses Moses
Senior Senior
Stern Stern
Wheeler Wheeler
Blackwell Blackwell
Bowles Bowles
DoeLibrary DoeLibrary
Foothill Foothill
HaasPavilion HaasPavilion
Hertz Hertz
Koshland Koshland
McCone McCone
Morgan Morgan
Pitzer Pitzer
Stanley Stanley
Wellman Wellman
