Acadia Biscayne Cuyahoga Congaree Caverns Everglades Katmai Denali Teddy Haleakala Indiana Crater Badlands Basin Gunnison Glacier Brycecanyon Isle Teton Gateway Channel Lassen Smoky Voyageurs Bend Tortugas Acadia
22
Crater Arches Crater
Badlands Badlands
Bend Bend
Biscayne Biscayne
Gunnison Gunnison
Brycecanyon Brycecanyon Canyonlands
Acadia Capitol Guadalupe
Caverns Caverns
Channel Channel
Congaree Congaree
Cuyahoga Cuyahoga
Denali Denali
Tortugas Tortugas
Everglades Everglades
Gateway Gateway
Glacier Glacier
Teton Teton
Basin Basin
Smoky Smoky
Haleakala Haleakala
Indiana Indiana
Isle Isle
