Shoreburn Wildemill Osttown Fairice Shoreburn Bluewyn Blackbush Windbridge Bluewyn Ostcliff Shoreburn Goldcrest Rosefalcon Icenesse Shadowgrass Starryhill Orfort Freymere Deephollow Violetfay Linville Shoreburn Goldwyvern Southwheat Butterbush Deephollow Shoreburn
20
Starryhill Butterway Foxhaven Valhaven Starryhill Springfox Marbleiron Ostwynne
Linville Lochmage Morwall Morwald
Goldcrest Stonefair Stoneglass Goldcrest Irondeer Brightmere Eastcastle Lightmere
Wildemill Highmont Fairsage Esterfall Mallowness Silverlea
Fairice Esterash Wellmage Redwell Freyview Seamoor Bushgate Woodice Fairice Westvale
Osttown Oldmoor Dellwyn Silverwitch Verthedge Summermage Wooddell
Butterbush Clearland Orbarrow Newby Mallowbridge Butterbush Rosegate Fogland Mistshore Coldville
Blackbush Fieldedge Clearnesse Erilyn Blackbush Courtcastle Redlake
Orfort Bluedale Oakmere Orfort
Bluewyn Greyice Deephedge Westerlight Courtwall Violetley Bluewyn Flowerfield
Shoreburn Northriver Snowshore Shoreburn Mallowway
Southwheat Bluedell Bluelake Southwheat Wellbank Newley
Goldwyvern Foxvale Snowsage Courtedge Corbank Goldwyvern Eriwall
Windbridge Windbridge
Icenesse Wolflea Rosemill Icenesse Newmill Greenshore
Freymere Ironriver Westmill Flowermill Buttermead Northwynne Freymere
Violetfay Butterhill Strongfall Brightrock Applecastle Violetfay
Rosefalcon Janholt Ironshore
Shadowgrass Greensummer Wildemarsh
Deephollow Southpine Silverbarrow
