129 99 145 171 156 62 109 184 85 133 106 181 8 142 122 69 61 112 79 72 21 72 43 19 139 94 27 165 40 3 90 71 64 119 163 73 170 101 170 121 192 103 98 48 34 51 197 115 88 146 113 127 74 160 37 196 154 110 157 4 2 46 25 84 7 96 11 95 68 89 172 145 99 100 10 118 13 92 124 137 129
52
88 1 31 88
4 4
7 7
10 10 22 28
13 13
137 16
19 19
25 25
34 34
37 37
40 40
43 43
46 46
171 49
101 52 97 148
2 55
170 58
61 61
64 64
21 67 151 190
96 70
73 73 136
92 76
79 79
197 82
85 85
90 91
94 94
100 100
103 103
106 106 178
109 109
112 112
115 115
118 118 166
121 121
124 124
127 127
69 130
133 133
139 139
142 142
145 145
154 154 193
157 157
160 160
163 163
181 169 181 187
172 172
192 175
184 184
196 196
