FacultyClub IRLE Cheit Wheeler EarthquakeLibrary Warren SutardjaDai StudentUnion EarthLibrary OBrien Mulford McCone InternationalHouse HearstGym Jacobs Unit3 Manville Davis EnergyBuilding Bechtel LawrenceofScience NewspapersLibrary BancroftDance MediaCenter BioscienceLibrary Hilgard DonnerLaboratory SpringerGateway CITRIS MLK Etcheverry Durant ArtHistoryLibrary Spieker Koshland MelvinLaboratory FPF Birge AnthropologyLibrary Sproul StowPlaza CareerCenter Morrison Stephens AndersenAuditorium Library OptometryLibrary SproulPlaza UniversityHouse MartinezCommons Investigative Durham FacultyClub
48
FacultyClub FacultyClub
BioscienceLibrary BioscienceLibrary
SutardjaDai SutardjaDai
Etcheverry Etcheverry
SproulPlaza SproulPlaza
Hilgard Hilgard
StudentUnion StudentUnion
EarthquakeLibrary EarthquakeLibrary
UniversityHouse UniversityHouse
LawrenceofScience LawrenceofScience
Jacobs Pimentel Jacobs
Mulford Mulford
CareerCenter CareerCenter
HearstGym HearstGym
Durham Durham
OBrien OBrien
Library Library
Spieker Spieker
FPF FPF
Warren PacificFilmArchive Warren
Bechtel BrainImagingCenter
Morrison Morrison
Wheeler Wheeler
Cheit Cheit
Manville Manville
Koshland Koshland
Investigative Investigative
EarthLibrary EarthLibrary
EnergyBuilding EnergyBuilding
MediaCenter MediaCenter
StowPlaza StowPlaza
MartinezCommons MartinezCommons
MelvinLaboratory MelvinLaboratory
BancroftDance BancroftDance
AndersenAuditorium AndersenAuditorium
Unit3 Unit3
AnthropologyLibrary AnthropologyLibrary
Stephens Stephens
InternationalHouse InternationalHouse
OptometryLibrary OptometryLibrary
IRLE IRLE
SpringerGateway SpringerGateway
DonnerLaboratory DonnerLaboratory
ArtHistoryLibrary ArtHistoryLibrary
Sproul Sproul
Birge Birge
CITRIS CITRIS
NewspapersLibrary NewspapersLibrary
