FacultyClub EarthquakeLibrary Morrison Spieker Kroeber Mulford Hildebrand Mulford BancroftDance Giauque BancroftDance Cleary PhilosophyLibrary Jacobs OptometryLibrary NewspapersLibrary HearstFieldAnnex NewspapersLibrary AnthropologyLibrary StudentUnion LawrenceofScience SproulPlaza Parking EthnicLibrary Senior EthnicLibrary MelvinLaboratory Investigative InnovationStudio UpperHearstParking MediaCenter DonnerLaboratory Hilgard HearstGreekTheatre StowPlaza Cheit PacificFilmArchive MaxwellField SimpsonCenter FoxCottage Davis FoxCottage SimpsonCenter MaxwellField Tan VisualCenter MartinezCommons VLSB Stanley HearstFountain BioscienceLibrary InsectaryGreenhouse Warren Durant Wellman ChildCenter SpaceLab VLSBAddition CareerCenter Wheeler OBrien Stephens Birge OBrien EnergyBuilding Wellman Durant CesarChavez UniversityHouse Warren FoundersRock EngineeringLibrary SEAsianLibrary LatinAmerican BerkeleyWayWest Unit3 SpringerGateway Campbell IRLE AlumniHouse MathLibrary Koshland MSRI AquaticCenter Bowles Bechtel SocialLibrary Manville TAAP Etcheverry Underhill EarthLibrary NorthGate Pimentel PhysicsLibrary EastAsianLibrary HealthServices FPF SutardjaDai BancroftLibrary MLK Minor BrainImagingCenter WooHonFai Bechtel AquaticCenter MSRI LawSchool Boalt ArtHistoryLibrary McCone LawSchool MathLibrary CITRIS BerkeleyLawLibrary BanwayBuilding Sproul FacultyClub
92
FacultyClub FacultyClub
BioscienceLibrary BioscienceLibrary
SutardjaDai SutardjaDai
Etcheverry Etcheverry
SproulPlaza SproulPlaza
Hilgard Hilgard
StudentUnion StudentUnion
EarthquakeLibrary EarthquakeLibrary
UniversityHouse UniversityHouse
LawrenceofScience LawrenceofScience
Pimentel Pimentel HearstGym
Mulford Mulford
CareerCenter CareerCenter
ArtHistoryLibrary Durham ArtHistoryLibrary
OBrien OBrien
BancroftLibrary Library BancroftLibrary
Spieker Spieker
FPF FPF
PacificFilmArchive PacificFilmArchive
BrainImagingCenter BrainImagingCenter
Morrison Morrison
Wheeler Wheeler
Cheit Cheit
Manville Manville
Koshland Koshland
Jacobs Jacobs
Investigative Investigative
EarthLibrary EarthLibrary
EnergyBuilding EnergyBuilding IdaHouse
MediaCenter MediaCenter
StowPlaza StowPlaza
MartinezCommons MartinezCommons
MelvinLaboratory MelvinLaboratory
BancroftDance BancroftDance
Tan AndersenAuditorium
Unit3 Unit3
AnthropologyLibrary AnthropologyLibrary
Stephens Stephens
Davis InternationalHouse Davis
OptometryLibrary OptometryLibrary
IRLE IRLE
SpringerGateway SpringerGateway
DonnerLaboratory DonnerLaboratory
Sproul Sproul
Birge Birge
CITRIS CITRIS
NewspapersLibrary NewspapersLibrary
Warren Warren
PhysicsLibrary PhysicsLibrary
CesarChavez CesarChavez
BerkeleyWayWest BerkeleyWayWest
MSRI MSRI
HealthServices HealthServices
WooHonFai WooHonFai
TAAP TAAP
MathLibrary MathLibrary
AquaticCenter AquaticCenter
UpperHearstParking UpperHearstParking
EastAsianLibrary Evans EastAsianLibrary
HearstFieldAnnex HearstFieldAnnex
HearstFountain HearstFountain
BerkeleyLawLibrary BerkeleyLawLibrary
Underhill Underhill
Campbell Campbell LeConte
NorthGate NorthGate
Giauque Giauque
AlumniHouse AlumniHouse
Bowles Bowles
Wellman Wellman
VLSB VLSB
Senior Senior
Stanley Stanley
SocialLibrary SocialLibrary
SimpsonCenter SimpsonCenter Latimer
EthnicLibrary EthnicLibrary
FoxCottage FoxCottage
Hildebrand Hildebrand
MaxwellField MaxwellField
SEAsianLibrary SEAsianLibrary
Bechtel Bechtel
BanwayBuilding BanwayBuilding
EngineeringLibrary EngineeringLibrary
Durant Durant
SpaceLab Soda
McCone McCone
LatinAmerican LatinAmerican
VisualCenter VisualCenter
LawSchool LawSchool
HearstGreekTheatre HearstGreekTheatre
MLK MLK
Boalt Boalt
FoundersRock FoundersRock
