1 7 31 159 4 25 77 49 67 167 101 179 39 71 9 93 61 2 32 87 107 23 104 91 111 157 60 85 33 59 44 88 11 82 52 94 164 86 50 17 161 69 68 76 79 8 99 149 78 57 35 58 100 84 28 92 97 24 37 114 18 176 96 5 13 66 90 63 22 14 89 48 26 130 75 65 54 51 12 16 166 45 20 80 36 27 55 53 95 42 64 41 72 56 131 15 1
87
2 2
78 3 78
4 4 81
5 5
53 6 21 53
7 7
8 8
9 9
157 10
11 11
12 12
13 13
14 14
15 15
16 16
17 17
18 18
161 19
20 20
22 22
23 23
24 24
25 25
26 26
27 27
28 28
33 29 33
69 30 69
31 31
32 32
88 34 88
35 35
36 36
37 37
61 38 61
39 39
44 40 44
41 41
42 42
66 43 66
45 45
166 46 98
159 47
48 48
49 49
50 50
51 51
52 52
54 54
55 55
56 56
57 57
58 58
59 59
60 60
92 62 92
63 63
64 64
65 65
67 67
68 68
80 70 80
71 71
72 72
104 73
149 74
75 75
76 76
77 77
79 79
82 82
167 83
84 84
85 85
86 86
87 87
89 89
90 90
91 91
93 93
94 94
95 95
96 96
97 97
99 99
100 100
101 101
