159 164 6 52 156 31 114 92 158 74 158 102 5 177 111 177 64 130 107 134 107 44 4 149 23 181 100 59 147 157 71 15 167 1 101 137 127 109 180 193 24 20 104 11 30 81 138 25 45 72 7 117 48 182 47 148 51 65 98 32 79 160 88 29 50 108 75 37 46 200 10 66 36 17 133 173 27 166 121 63 13 16 179 154 93 56 96 162 67 119 172 126 97 14 140 77 159
75
180 122 180
164 43
157 157
27 169 145
100 100 199 139
111 128 111 34
36 36
134 134 120
15 15
32 32
119 86
127 146 61
101 101 132
107 107
149 76
93 93
114 35 114
77 77 190
72 72
126 126
193 193 53
74 185 74
63 63
47 47
52 52
92 116
71 71
46 46 192
65 65 26 165
172 172
45 45
138 138 155
158 158 99
154 2 154
97 97
79 79 3
137 137 85
177 174
98 98
31 31
17 17
51 51
64 64
13 106 13
10 10
23 21
162 191
20 41 87
108 38
37 37
96 96
133 133
121 121
4 4
24 24
102 82 102 123
181 181
81 28
16 178
48 48
140 140
156 156
148 148
7 7
14 14
11 11
147 40
59 59
109 109
167 167
159 22
200 200
44 60
6 6
88 88
