lllIl1I lIllIll lll1I1l 1I1lllI ll111ll I11I111 l1IllI1 IlI1Il1 l1IIl1l 1I1l1Il 11111lI lI1l111 l1lllll lll1111 l1lll11 lll1111 I1llII1 I1Ill1I lII111l 11lI11I 1l11lII IIlIllI Il1Il1I lI11III IlI1II1 1I1I1lI l1I111I 1lIl11I l1l11l1 1111I11 111lI1I 1I1I1l1 lIIl11l IIlI1lI llIIII1 IIlI1lI II11l1l IIl1l1I I1llll1 Ill11II 11IIII1 lllIl1I
37
lI11III lI11III
II11l1l lIl111I II11l1l lIIlII1
IlI1II1 Ill1I11 IlI1II1 III111I
lIIl11l lIIl11l
IIlI1lI II1Il1I III1llI
11111lI I11111l 11111lI
lII111l lII111l
Il1Il1I Il1Il1I
ll111ll ll111ll
l1IllI1 l1IllI1 I1ll1II 1llI111
l1l11l1 l1l11l1
1l11lII 1l11lII
11lI11I 11lI11I
l1I111I l1I111I
llIIII1 llIIII1 I11I11l I111I1I
Ill11II Ill11II
lll1I1l lll1I1l
11IIII1 11IIII1
111lI1I 111lI1I
l1lllll l1lllll 1IlIl1I
lI1l111 lI1l111 1I11Ill
IIl1l1I IIl1l1I
1I1l1Il 1I1l1Il
IIlIllI IIlIllI
I11I111 I11I111
lll1111 1l1lIlI
I1llII1 I1llII1
I1llll1 I1llll1
l1lll11 l1Ill11 l1lll11
IlI1Il1 IlI1Il1
1111I11 llI1lII
1I1I1lI 1I1I1lI
1I1lllI 1I1lllI
l1IIl1l l1IIl1l
lIllIll lIllIll
1lIl11I 1lIl11I
1I1I1l1 1I1I1l1
