IIII1I1 lll1lII I1I111I IIlIlI1 IIllIl1 I1I1111 I1I11I1 1IlII1I lIIIllI IlllI11 llI1IlI l1IlIII IIII1ll 11IIl1I II111I1 1IIlIIl 1lI11l1 1lIIl11 l1IlIl1 11lI11I IIlIIII IIIlI1l II1I1Il IIII1I1
20
I1I111I I1I111I
IIIlI1l lIlllll 11I1Ill lI1l1II
1lI11l1 1lI11l1 lI11l1l
l1IlIII l1IlIII III1lII
1IIlIIl 1IIlIIl
1lIIl11 11I1lll
l1IlIl1 l1IlIl1
11IIl1I 11IIl1I
lll1lII I11IIlI lII1I11
IIllIl1 IIllIl1
11lI11I 11lI11I
IIII1ll IIII1ll
lIIIllI lIIIllI
1IlII1I 1IlII1I
I1I1111 I1I1111
II111I1 II111I1
IIlIIII IIlIIII
IlllI11 IlllI11
II1I1Il II1I1Il
IIlIlI1 IIlIlI1
