Satish R6VBAVZ0B PTWCQ ZY9VPYMXA PZMGYZL 4INC2D8SDN Z6H98 NSBI BBFYA9B OXWYDF PTL1QU OK29GJ UVP4WIKK 399VM5PU6 BVNZ FS1RWBVR7 9XFF WZ1MC3189 ZRYV5F YXBMACC 1BZLEM VFRT26 KRM4B PYD9SISJI Satish
21
VFRT26 VFRT26
1BZLEM 1BZLEM
ZRYV5F ZRYV5F
YXBMACC YXBMACC
PZMGYZL PZMGYZL
FS1RWBVR7 FS1RWBVR7
PTWCQ PTWCQ
PYD9SISJI PYD9SISJI
KRM4B KRM4B 92R432
WZ1MC3189 WZ1MC3189 ICTGXV KSHB2KG
BBFYA9B BBFYA9B
R6VBAVZ0B R6VBAVZ0B
UVP4WIKK UVP4WIKK
OXWYDF OXWYDF
399VM5PU6 399VM5PU6
PTL1QU PTL1QU
Z6H98 Z6H98 ER2YSPML1C
9XFF 9XFF
4INC2D8SDN 4INC2D8SDN
ZY9VPYMXA ZY9VPYMXA
NSBI NSBI
