Satish N26J6EU AETBJC WQM0D4 R2POU4T XGYWBMTWT ODSGN281 V7T5SI VNCFO QU5Y0N2LQ JSSS9HX U0LMCHUU 59E13RE 6HNG EHS8A QAL7Z5UN ITHI7K6W1B FPB1OLF3 4V9UNUZ8LD OJ27JN021 2FB0FS3KWX 7CRTCJA O2N6HBZK8 QL51A0KUT EG23K SUC1CH RX6VI 19LN S657MFMG K936 IQXEPH9QO B0H9VDIK 5N65HLXKU IEYK8 6WSDW 30N0P SKLZM PL0UHK JOBN3N AO31B76 QHH48VD7JJ M6CD1Y QJ0LM8 5HGKBK F3YJ 0I7Y V4R09 PQ09CSX CXLQGGJ746 Satish
47
30N0P VNYZ5QVO77
PL0UHK PL0UHK F1G8HC
QAL7Z5UN QAL7Z5UN
QL51A0KUT QL51A0KUT
7CRTCJA 7CRTCJA
O2N6HBZK8 O2N6HBZK8
V4R09 V4R09
ITHI7K6W1B ITHI7K6W1B
SKLZM SKLZM
QJ0LM8 QJ0LM8
K936 K936
S657MFMG S657MFMG
JOBN3N JOBN3N
V7T5SI V7T5SI QEAJAFMPY
6WSDW 6WSDW
EG23K EG23K
5N65HLXKU 5N65HLXKU
QU5Y0N2LQ QU5Y0N2LQ
0I7Y 0I7Y
WQM0D4 WQM0D4
N26J6EU N26J6EU
5HGKBK 5HGKBK
JSSS9HX JSSS9HX
QHH48VD7JJ QHH48VD7JJ 07XQDCJI
CXLQGGJ746 CXLQGGJ746
OJ27JN021 OJ27JN021
RX6VI RX6VI
FPB1OLF3 FPB1OLF3
U0LMCHUU U0LMCHUU
IQXEPH9QO IQXEPH9QO
M6CD1Y M6CD1Y
B0H9VDIK B0H9VDIK
F3YJ F3YJ
R2POU4T R2POU4T
PQ09CSX PQ09CSX
EHS8A EHS8A
ODSGN281 ODSGN281
XGYWBMTWT XGYWBMTWT
VNCFO VNCFO
IEYK8 IEYK8
59E13RE 59E13RE
AETBJC AETBJC
6HNG 6HNG
19LN 19LN
2FB0FS3KWX 2FB0FS3KWX
AO31B76 AO31B76
SUC1CH SUC1CH
