Satish 4C88SXD 4VE7V DDB26ZHC SQLSVN 5XYO CXQDH6YMZ8 J2ETZ1C 2P6O4RH0 7T8I47 LQQ5IH 4UE11 ZMZIWZ CKNDWG PUW25N 01G9IQ2 IHN21LA4 BQ5OUI I49ID RP28W1 EEZS HQG39M EEZS M71OYIS L2MG8NMU ARTWTP9 KCOFJD C8WREP 02X2C VOAV R5XAD9J7 ETB2 2B1K6EW9CL LBR67PCKBJ 3IXHQXHYBV P6RI91D87 79KTC8AS9 08W7NAP6G DNIV2BOR2P B3R68HYWZ MLKOJ 1UCE MLKOJ JX6GCY 8MDFNIK8AY G7PWWJ FWM5C M649OA AKDE80E0B E9DZLL 9V10EOH ZMQ5BH 9K8PLAET DYYG23O R5XAD9J7 YQB2CII950 ETNCY9XH2 R4DHH1KAWR 01QU MXJIYJYNH4 9QJRN XV55 3J6SSA 5HULMUDLAQ ZH2INF LU68 PIW6IC50D EFIKTK4Y0Y 8UPUEGO UDBFED G4QE3I 8UPUEGO 4P0LGP0 8UPUEGO LM7KL5G3V M35E QW15YTSV M35E 91ZONFE E37ZKA8WK 91ZONFE GILAN21GR3 26PG 5Q8CRZ2VCM 26PG HM48FZD0 E2DHWGC H41HZ6 E2DHWGC LUQ3 GN4G0L2 CB93 5T3W L7QS0UEPJ Q7ZEY 7GAD3F CB93 3WJYJDDU 4TME HBQM42U Q7Z37G5 VGYKKKOFLZ 6PVQIBNB9 GNVXN 8TH7QVQY GNVXN E5HD 2BLLD3SK 7622OJ ET82NVH9 7622OJ 4FEG ET82NVH9 PFQFEJGD4C ZZACWP FM2HEMVR1 Q7Z37G5 A118 H1LQ91V P5F5G FM2G14H8I G90OCSZY FPZT ZH2INF 5HULMUDLAQ GH8C 3J6SSA F3KYKRQW6 01G9IQ2 Satish
92
3WJYJDDU 3WJYJDDU
9QJRN 9QJRN
GNVXN GNVXN
8MDFNIK8AY 8MDFNIK8AY
L7QS0UEPJ B690 L7QS0UEPJ
08W7NAP6G W71YV1R66L
G4QE3I G4QE3I
P6RI91D87 P6RI91D87
ET82NVH9 ET82NVH9
SQLSVN SQLSVN
9V10EOH 9V10EOH
1UCE YU3U1T 1UCE
CB93 CB93
2BLLD3SK 2BLLD3SK
IHN21LA4 IHN21LA4
DNIV2BOR2P DNIV2BOR2P DST5W4G0 PMXEOGGIQ
91ZONFE 91ZONFE
DDB26ZHC DDB26ZHC
EFIKTK4Y0Y EFIKTK4Y0Y
G90OCSZY G90OCSZY
G7PWWJ 0TRB9358
JX6GCY JX6GCY
YQB2CII950 YQB2CII950
7T8I47 7T8I47 CV6NHW7M
HQG39M HQG39M KBI1CALMNJ
79KTC8AS9 79KTC8AS9
4UE11 4UE11
ETNCY9XH2 ETNCY9XH2
EEZS EEZS
A118 A118
FM2HEMVR1 FM2HEMVR1
KCOFJD KCOFJD
7622OJ 7622OJ
HBQM42U HBQM42U
8UPUEGO 8UPUEGO
ARTWTP9 ARTWTP9
VOAV VOAV
ETB2 ETB2
26PG 26PG
C8WREP C8WREP
3IXHQXHYBV 3IXHQXHYBV
FWM5C FWM5C
LM7KL5G3V LM7KL5G3V
02X2C 02X2C
PIW6IC50D PIW6IC50D
QW15YTSV QW15YTSV
ZZACWP ZZACWP
M35E M35E
E5HD E5HD
H41HZ6 H41HZ6
J2ETZ1C J2ETZ1C
LQQ5IH LQQ5IH
9K8PLAET A8WYICH3 9K8PLAET
ZH2INF ZH2INF
E9DZLL E9DZLL
4C88SXD 4C88SXD
ZMQ5BH ZMQ5BH
MLKOJ MLKOJ
E2DHWGC E2DHWGC
8TH7QVQY 8TH7QVQY
ZMZIWZ ZMZIWZ
3J6SSA 3J6SSA
01G9IQ2 01G9IQ2
MXJIYJYNH4 MXJIYJYNH4
PUW25N PUW25N
Q7ZEY Q7ZEY
5Q8CRZ2VCM YSRPP
HM48FZD0 HM48FZD0
CKNDWG CKNDWG
GH8C GH8C
4P0LGP0 4P0LGP0
FM2G14H8I FM2G14H8I
M71OYIS M71OYIS
LBR67PCKBJ LBR67PCKBJ
7GAD3F 7GAD3F
E37ZKA8WK O44VZ E37ZKA8WK
GILAN21GR3 GILAN21GR3
FPZT FPZT
VGYKKKOFLZ VGYKKKOFLZ
CXQDH6YMZ8 CXQDH6YMZ8
DYYG23O DYYG23O
GN4G0L2 GN4G0L2
M649OA M649OA
5HULMUDLAQ 5HULMUDLAQ
Q7Z37G5 Q7Z37G5
RP28W1 RP28W1
5XYO 5XYO
4VE7V 4VE7V
H1LQ91V H1LQ91V
6PVQIBNB9 6PVQIBNB9
2B1K6EW9CL 2B1K6EW9CL
B3R68HYWZ B3R68HYWZ
