129 44 116 47 183 24 63 191 20 91 2 188 16 61 79 61 177 190 128 26 178 39 73 110 10 31 55 14 69 126 27 160 0 82 171 121 150 49 155 17 48 189 162 8 57 123 97 76 96 87 33 5 40 92 83 130 89 80 84 101 30 122 46 107 109 32 105 157 29 32 98 100 154 4 81 158 141 50 13 180 108 114 94 140 196 25 59 71 194 23 85 6 85 56 99 156 95 185 175 45 103 9 137 19 129
86
180 180
80 161
30 142 184
121 121
4 11 4
5 5
150 150
49 53 49
97 97
189 189
2 2
87 87
95 95
183 183
128 128
177 65 177
17 17
24 174
122 122
40 40 88
48 48
110 110
23 23
108 125 108
83 36
158 158
101 101
56 56
63 63
84 84
157 195 157
50 50
123 123
33 33
160 160
100 100
98 98
79 152
137 137
156 156
55 55
130 130
0 15 145 0
26 163 26
47 62 58
29 29
175 175
6 51 6
107 107
92 92
103 103
171 171
126 126
16 16
114 114
188 188
155 155
91 91
73 21
61 61
196 196
96 96
191 191
99 99
85 85
178 178
194 194
89 89
76 76
59 59
8 8
105 105 192
39 39
154 66
109 109
140 151
25 25
14 14
190 190 64
13 13
44 44
81 81
9 9
82 82
57 57
19 197
