AyBBdkPvTTt19wqt b817BTo6GdPc96ig2 Le6BO3R d MJ2l1N0ojTC eZEbm l hG8udpL53V 360B15fOiy1XBl 1utCvCS3yEzt0HBbKt I4640OD b6DdFnSk8qdk45 6nB9xzJ7b5115Qu5 b19692 8Qe2lSUyQa RYtkT5 Q2PY 3 Q2PY EL5n1KQ3kn Ut7hqt9A EL5n1KQ3kn 2qbTYSv3J 98E9ia5 89ukpivGhdck21Krrh40 Rf0x16WtfDv T4EKg4Vc FR3SCSFtuk055ORI QqvW51K9Cm aCCE yd7324WTF MEv16358FQ Fe5xMwq0a8 2P201UD8Q 6v326555i1Io5Z I6 0Lw86e 5nYY46YfUGovj nOMN589D7t0QjhnBj3wn Nstvw8dF9rhja h5 CDuc4XdY7zp 2l90gxx61rTb0CbF 6qc68848myvIqoZWw 2T6osNpb4 o88qO93T 920ucA0jXEv 1MHxxU P 1MHxxU 1wF6 mmF 1CYyNxk8m7fToc6XLW7T nw566uv r9qUrqog71Fz9gx IEtn6zEV03H3 pwvBbQ870l3Io2K iFF184 2YlhGrefFhV6JLtw c2m39UUoMb 2Et5UN6ZJ19iz khC 4B5uWNh7Dl3lRP 8kQ991Y80Dy 9q06155efQSN DqfU93360y3I66U0 Han188Ox O73Lh6 2a5Zkf5zd4Va3 E76twn5gNBei01uh2PkH NU7gnWcAs4nq66FS kg8257p31rTQvRWjGF SdP9W8WRSw 2mk9O8P6 Q 336P8 J68F52raS3n1L6ZYK x60I798qq0Sq6Xdc9s0 MjwmiyLlZn O7W5C8z8H93l Ru0A1pKIpZYWG A 8w6aRuq AcC1Sh8w37Px0m JbMQX8p9 36Y155M7F1ZG8 7DmqFE ymzG1qC7YsJFFmeog T8C17MZ6g69gmQ ymzG1qC7YsJFFmeog 7DmqFE KIOJyBXM922ydZA5 9jWI53P36dh95 0b 4932 jxDm 6c1qFsEg9xI A6gMJKsUfUSuEI76 o 5tQKcAo3 q AyBBdkPvTTt19wqt
79
hG8udpL53V hG8udpL53V
Ut7hqt9A p772t3OLqj Ut7hqt9A
Rf0x16WtfDv Rf0x16WtfDv
r9qUrqog71Fz9gx d5P0NXv8 r9qUrqog71Fz9gx
b817BTo6GdPc96ig2 ywj3aNhyxUH b817BTo6GdPc96ig2
khC khC
7DmqFE 7DmqFE
MjwmiyLlZn thypPB22BchO3Od9 MjwmiyLlZn 68ZC6T1G2o9Q95CKs
6qc68848myvIqoZWw 6qc68848myvIqoZWw
b19692 b19692
FR3SCSFtuk055ORI FR3SCSFtuk055ORI
P JBYT6heC6yE4 P
3 3z4E 3
KIOJyBXM922ydZA5 KIOJyBXM922ydZA5
jxDm vRH6pA1I75N1 jxDm
4B5uWNh7Dl3lRP 4B5uWNh7Dl3lRP
aCCE aCCE
I6 o83v2nI1sQs I6
1wF6 1wF6
nOMN589D7t0QjhnBj3wn nOMN589D7t0QjhnBj3wn
RYtkT5 RYtkT5 usTG0We6G9WDs7Dk
Nstvw8dF9rhja XMV256fk qGr382CkPK997QVHAL
Q2PY Q2PY
E76twn5gNBei01uh2PkH E76twn5gNBei01uh2PkH
4932 4932
o88qO93T 85682ijoufq1DW
5nYY46YfUGovj q7Ehaiz 5nYY46YfUGovj
I4640OD L46h8MG90TBpA8v9 I4640OD
q q 8tvL5MpO9J735t
2P201UD8Q 2P201UD8Q c3x9Cmq8W5oa57mjASv
2YlhGrefFhV6JLtw 2YlhGrefFhV6JLtw
Q Q P6C89a32
pwvBbQ870l3Io2K pwvBbQ870l3Io2K
T8C17MZ6g69gmQ FKWv88jkw79me T8C17MZ6g69gmQ
b6DdFnSk8qdk45 b6DdFnSk8qdk45
iFF184 iFF184
9jWI53P36dh95 9jWI53P36dh95
0Lw86e uF131buM7L27 dUdv
36Y155M7F1ZG8 36Y155M7F1ZG8
8w6aRuq 8w6aRuq
SdP9W8WRSw SdP9W8WRSw
89ukpivGhdck21Krrh40 89ukpivGhdck21Krrh40
yd7324WTF yd7324WTF
98E9ia5 gv3T5z4
eZEbm eZEbm
IEtn6zEV03H3 e1M0JsNJ5 IEtn6zEV03H3
NU7gnWcAs4nq66FS NU7gnWcAs4nq66FS
2l90gxx61rTb0CbF 2l90gxx61rTb0CbF
Han188Ox Han188Ox EnmWLiDA9NE89oNUTbx
920ucA0jXEv 920ucA0jXEv
DqfU93360y3I66U0 Tk46
2Et5UN6ZJ19iz 2Et5UN6ZJ19iz
9q06155efQSN 9q06155efQSN
MEv16358FQ MEv16358FQ L7Mfs3034VwaB7kd3Z
A6gMJKsUfUSuEI76 A6gMJKsUfUSuEI76
J68F52raS3n1L6ZYK J68F52raS3n1L6ZYK
6c1qFsEg9xI 6c1qFsEg9xI
O73Lh6 9o4t
o 7d2Q05crlPi
8Qe2lSUyQa 8Qe2lSUyQa
6v326555i1Io5Z 6v326555i1Io5Z
1MHxxU TByQ7zH089
O7W5C8z8H93l O7W5C8z8H93l
Fe5xMwq0a8 XQxkrBxnI
QqvW51K9Cm QqvW51K9Cm
A 1e90fR0FtB7Ev156y
8kQ991Y80Dy v
kg8257p31rTQvRWjGF kg8257p31rTQvRWjGF
0b 3505
CDuc4XdY7zp TMULg
Le6BO3R Le6BO3R
MJ2l1N0ojTC MJ2l1N0ojTC
nw566uv nw566uv
ymzG1qC7YsJFFmeog ymzG1qC7YsJFFmeog
1utCvCS3yEzt0HBbKt 1utCvCS3yEzt0HBbKt
6nB9xzJ7b5115Qu5 PELS5
d d
2T6osNpb4 2T6osNpb4
2qbTYSv3J 659Cx
