0 90 79 138 160 94 148 71 67 8 128 53 57 16 197 23 89 26 108 54 24 63 55 107 81 174 29 14 61 65 3 12 153 73 96 51 42 18 82 99 32 99 147 97 84 87 125 34 76 7 105 92 17 13 5 109 22 46 41 28 72 33 2 36 56 174 93 124 35 100 40 49 121 11 75 85 68 58 6 198 60 141 64 9 50 112 0 137 0
75
0 0 15 43 59 62 86
57 1 39 57
2 2 27 78
3 3
79 4 79
5 5
6 6
7 7
8 8
9 9 80
42 10 42 48
11 11
12 12
13 13
14 14
16 16
17 17 21
18 18
105 19
53 20 53
22 22
23 23
24 24
32 25 32
26 26
28 28
29 29
51 30 51
109 31
33 33 74
34 34
35 35 69
36 36
137 37 52
93 38 93
40 40
41 41
100 44
128 45
46 46
107 47
49 49
50 50
54 54 98
55 55
56 56
58 58
60 60
61 61 70
63 63
64 64
65 65
153 66
67 67
68 68
71 71
72 72 83
73 73
75 75
76 76
125 77 91
81 81
82 82
84 84
85 85
87 87
198 88
89 89
90 90
92 92
94 94
147 95
96 96
97 97
99 99
