74 123 81 167 162 91 131 53 37 152 47 127 193 4 168 179 54 133 199 51 190 155 52 34 94 163 129 141 8 42 142 181 140 11 99 137 97 100 173 132 48 5 172 95 147 103 27 32 39 14 59 60 83 125 73 146 45 13 192 148 115 63 66 63 139 138 116 120 198 130 151 135 56 76 21 31 86 134 112 107 44 25 183 188 88 113 28 58 43 187 17 64 165 171 136 184 96 20 161 109 123 74
85
4 4
5 5
11 11
172 12
14 14 118
152 16 152
17 17
34 18
20 20
25 23
27 27
31 31
32 32
39 39
42 42
45 45
44 44
47 47
66 50 66
51 51 77
52 52
53 53
56 56 80
58 58
59 59
60 60
141 61
54 54
63 63 174
100 72 100
73 73
76 76 89 154
81 81
83 83
86 86 128
88 88
64 90
91 91
94 94
95 95
96 96
97 97
125 98 125 157
99 99
103 103
148 105
107 107
183 108
109 109
199 111 199
112 112 114
113 113
115 115
116 116
120 120
123 123
127 127
129 129
130 130
132 132
133 133
134 134
135 135
136 136
138 138
139 139
140 140
142 142
198 143 198
146 146
155 155
43 158
161 161
163 163
165 165
167 167
171 171
173 173
37 178
179 179
184 184
190 190
192 192
193 193
131 200
