112 118 96 118 112 123 73 8 40 103 168 94 13 143 60 121 169 136 149 66 120 26 121 97 172 129 85 192 36 190 33 71 52 81 52 83 109 29 27 53 50 70 72 171 12 160 154 187 6 99 41 179 68 163 131 24 184 181 184 194 124 54 56 54 9 170 17 105 188 157 21 44 182 75 114 119 138 119 59 58 186 156 14 162 64 80 59 119 144 165 114 75 152 107 174 183 34 72 70 158 11 82 147 11 158 53 23 146 84 127 126 29 69 95 28 117 166 0 166 151 102 35 112
96
83 83
52 52
71 71
82 20
147 147
11 11
160 160
170 170
149 149
84 84
171 171
157 157
58 58
40 40
143 143
27 27
102 102
56 42 56
131 131
138 138
72 72
114 114
117 117
121 121
181 78 181
59 59
81 81
120 120
80 80
64 64
73 73
152 152
126 126
166 166
85 85
127 127
23 23
136 136
41 41
96 96
13 13
99 99
34 34
186 130
118 118
129 129
184 184
17 17
70 70
174 174
33 33
182 182
183 183
53 53
109 109
168 168
172 172
124 124
107 107 49
14 14
151 151
123 123
28 28
29 29
75 75
146 146
163 163
36 36
21 21
144 144
188 188
6 6
9 9
44 44
97 97
24 24
190 190
0 104 0
154 154
194 194
158 158
68 68
66 66
169 169
69 69
8 8
105 105
94 94
54 54
95 95
60 60
187 187
119 119
165 165
162 162
35 35
