0 71 83 68 54 53 132 76 47 37 139 86 39 86 106 50 59 7 73 100 103 58 36 46 49 48 74 4 133 20 28 125 14 121 91 24 16 157 144 27 44 41 122 56 45 123 65 5 66 169 84 80 31 87 79 160 167 110 17 125 12 62 22 82 196 18 32 77 173 11 70 111 78 35 38 8 98 9 30 113 1 95 192 81 140 124 40 64 96 97 34 117 116 90 88 63 93 21 6 25 3 92 177 92 60 151 53 2 0
87
1 1
2 2
3 3
4 4
5 5
6 6
7 7
8 8
9 9
12 10 12
11 11
106 13
14 14
113 15 99
16 16
17 17
18 18
41 19 41
20 20
21 21
22 22
117 23
24 24 94
25 25
110 26
27 27
28 28
39 29 39
30 30 42
31 31
32 32
177 33 72
34 34
35 35
36 36
37 37
38 38
40 40
132 43
44 44
45 45 85
46 46
47 47
48 48
49 49
50 50
59 51 59
82 52 82
53 53
54 54
151 55
56 56
88 57 88
58 58
60 60
100 61 100
62 62
63 63
64 64
65 65
66 66
91 67 91
68 68
157 69
70 70
71 71
73 73
74 74
111 75
76 76
77 77
78 78
79 79
80 80
81 81
83 83
84 84
86 86
87 87
167 89
90 90
92 92
93 93
95 95
96 96
97 97
98 98
