48 73 186 72 108 47 55 36 29 152 136 129 9 42 158 177 92 149 74 66 107 87 90 25 171 163 173 145 118 58 164 77 124 2 23 39 185 78 7 175 165 38 147 135 181 113 182 94 126 119 93 133 106 170 3 155 143 125 174 179 195 159 197 154 115 10 46 196 141 199 138 176 40 16 98 103 57 60 84 51 180 156 52 193 194 157 114 80 148 21 79 11 6 109 168 20 48
87
199 199
73 73
143 143 167 137
20 20
93 93
154 154 110 53
141 141
57 151
124 56
109 109
135 135
107 107
118 118
126 126
133 133
157 157
149 149
115 115
66 66 191
175 175
60 60
11 11
39 85 39
197 197
58 58
114 123
177 177
196 196
38 38 117
165 34 165
51 5
148 148
136 136
163 163
158 158
147 147
185 190 185
186 186
46 46
182 182
77 19
176 176
48 48
90 90
152 152
21 21
10 10
23 23
25 25
164 164
181 181
36 36
78 78
84 84
79 79
106 64
108 108
145 145
9 9
103 103
193 193
29 29
194 194
42 42
113 113 69
16 16
119 119
180 180
179 179
98 101 98 67
3 3
170 170
173 88 35
138 138
171 171
40 40
7 7
87 87
156 156
52 52
125 125
155 155
129 129
74 74
2 2
55 55
159 120
