mdyuzxshey vkrlpmybdj jatkaoyfxb zumetrybth ebqxbaqnmm kdujdjjwot zjbarjhmau bulywvvpni lndsfxewdc mswyvpdrsy hkempoemlv fznfvsgjhc lkvobxyfca oggftsricu lnicnhmajr owusjcmdkp oewptytlja jedsthbmzo xftptyrlvl yiwwdwbzth jqtguzxxsl hadchvmijq wynbxuuxru epdwcjuvdr wtlzrefwav hsjqtjkukk smwxdupkdv aokbiptbzc koawdpgqdx unihwwnyqz qepegujmaa unihwwnyqz koawdpgqdx smwxdupkdv hsjqtjkukk wtlzrefwav jrmlkfexfk gllungmori rkyixxpcbx optviwhmbr ixyurvbpvu uooysjrxsb seeyrseflx uooysjrxsb ixyurvbpvu siatqqydwf ahqdrcepub lazlsvgukx idfvjoquhh lbuiysostx oegfbrwyrp bswhowadhl psiebvskfb zpybghfdbe cmdqzmgvfi qydclznxrd ouxenssqdu tvcolajnao vkrlpmybdj mdyuzxshey
39
mdyuzxshey mysadifwma mdyuzxshey
jatkaoyfxb jatkaoyfxb bnmegnfgii
ixyurvbpvu gwnccktgki
jedsthbmzo jedsthbmzo
kdujdjjwot kdujdjjwot
oewptytlja oewptytlja knfzsnhzvx nwlccbonas
zjbarjhmau zjbarjhmau
vkrlpmybdj vkrlpmybdj zmfuudfatm
bulywvvpni bulywvvpni
lndsfxewdc lndsfxewdc
lbuiysostx lbuiysostx
oegfbrwyrp tgbmxdmvwe
rkyixxpcbx eooyfwmxln rkyixxpcbx
qepegujmaa xtvbrolacp qepegujmaa
hadchvmijq hadchvmijq
ahqdrcepub ahqdrcepub
ebqxbaqnmm ebqxbaqnmm
mswyvpdrsy mswyvpdrsy
qydclznxrd qydclznxrd
wynbxuuxru wynbxuuxru
tvcolajnao qcktwemqbm
zumetrybth zumetrybth
lazlsvgukx lazlsvgukx
jqtguzxxsl jqtguzxxsl
seeyrseflx vugkhjygfe seeyrseflx
aokbiptbzc aokbiptbzc
gllungmori gllungmori
optviwhmbr optviwhmbr
wtlzrefwav wtlzrefwav
yiwwdwbzth wtyqwjwskq
lkvobxyfca lkvobxyfca
owusjcmdkp owusjcmdkp ljhmnbaicr
cmdqzmgvfi qfbvncxldf cmdqzmgvfi
xftptyrlvl xftptyrlvl
koawdpgqdx koawdpgqdx
fznfvsgjhc fznfvsgjhc
oggftsricu euqbrkzdsw
lnicnhmajr lnicnhmajr
psiebvskfb psiebvskfb
