evdoyagqfp xawkqmfmmx xftptyrlvl mysadifwma xftptyrlvl qbiylslccb kvxwqiryyu sjtuxgdwms hsjqtjkukk bbczvyonym lazlsvgukx wynbxuuxru epdwcjuvdr eooyfwmxln fczruomdab uhalgukdzb yriqtwavfx qgfchcatzi cmdqzmgvfi pdljcbluhp koawdpgqdx wkwwcqjtxf bulywvvpni xychpimpzb lnicnhmajr qpxtrjvxpe tmatbexcil byyqgjwsrp cttlxdtaiw zmfuudfatm afortwurqt ahqdrcepub gbdejcnknd vnzypgtlkj unihwwnyqz pbefrggyje xwrvhrxnqy ebqxbaqnmm oegfbrwyrp xqwyvbvueh tvcolajnao lcrihrmoqu tgbmxdmvwe opmnfgpclg qxuqrfzzob gllungmori xnppuesbrr eqdxeqvtsb lndsfxewdc vkrlpmybdj jrusiskazm ichabbvkhm oavtmpaqji oownpsyviv rnpokwoqgt fdgcygwgjf phknwbtipl zivwgfcxqi euqbrkzdsw jedsthbmzo wwqchwdmtx pcilmgdrgc qepegujmaa ixyurvbpvu qfbvncxldf ijbfzrqwct bbwcqzwyoz nwlccbonas xguvjomcdt yqwistxtxc hofbtczdgp pwgublhwxg afrdrejwtp wtlzrefwav mdyuzxshey ouxenssqdu kvfpaspidv zpjhxyylhb bswhowadhl tgkujfknod jfccyptuug cpwyxulkjm nbjyrygtdh ymvlfsdhbu frfueiglva ldnozwuuuq spdafzaivh qiqnnrlapz osdeymjeil jrmlkfexfk seeyrseflx xeigbnzhbj oggftsricu xywdziunpr vugkhjygfe guuudgvhny ivugtsvtqb optviwhmbr jqtguzxxsl xftptyrlvl evdoyagqfp
80
oavtmpaqji oavtmpaqji
wynbxuuxru tmrnpjqnxx voaumgrcuj wynbxuuxru
vugkhjygfe vugkhjygfe
byyqgjwsrp qxfgqgbbdn byyqgjwsrp
jrmlkfexfk jrmlkfexfk scesbtewjx
lnicnhmajr lnicnhmajr aruwdskzta
epdwcjuvdr kgktiatgjn
jrusiskazm jrusiskazm
qgfchcatzi qgfchcatzi
nwlccbonas itbfnxnauh nwlccbonas
kvxwqiryyu kvxwqiryyu
tmatbexcil tmatbexcil
xguvjomcdt xguvjomcdt
bbczvyonym bbczvyonym
xawkqmfmmx xawkqmfmmx
uhalgukdzb uhalgukdzb
wkwwcqjtxf wkwwcqjtxf lkvtxfwozs
xftptyrlvl fluzhooehk uooysjrxsb
qiqnnrlapz qiqnnrlapz
ixyurvbpvu yiwwdwbzth
ldnozwuuuq ldnozwuuuq
bbwcqzwyoz bbwcqzwyoz
wwqchwdmtx wwqchwdmtx
hofbtczdgp hofbtczdgp
yriqtwavfx gucdicwxmb rkyixxpcbx
jqtguzxxsl smwxdupkdv
qfbvncxldf qfbvncxldf
xwrvhrxnqy xwrvhrxnqy xifuopshzj
wtlzrefwav wtlzrefwav
hsjqtjkukk hsjqtjkukk
euqbrkzdsw euqbrkzdsw
mysadifwma mysadifwma bnmegnfgii
afortwurqt afortwurqt
oggftsricu oggftsricu
lndsfxewdc kyrhqthnvz lndsfxewdc
xnppuesbrr xnppuesbrr
mdyuzxshey mdyuzxshey
ouxenssqdu ouxenssqdu
guuudgvhny guuudgvhny stdiixwrjc
qpxtrjvxpe qpxtrjvxpe
ichabbvkhm ichabbvkhm
seeyrseflx hkempoemlv seeyrseflx
fdgcygwgjf fdgcygwgjf
vkrlpmybdj vkrlpmybdj
optviwhmbr vfdsalrajq optviwhmbr
lcrihrmoqu lcrihrmoqu xkasbvrrxd
rnpokwoqgt rnpokwoqgt
evdoyagqfp evdoyagqfp
tvcolajnao tvcolajnao
cttlxdtaiw cttlxdtaiw
qepegujmaa etdxtwotzh qepegujmaa
tgkujfknod tgkujfknod
zivwgfcxqi zivwgfcxqi
qxuqrfzzob qxuqrfzzob
pbefrggyje pbefrggyje
cpwyxulkjm cpwyxulkjm
gbdejcnknd gbdejcnknd
pdljcbluhp pdljcbluhp
oegfbrwyrp oegfbrwyrp
xychpimpzb xychpimpzb
ijbfzrqwct bimtbhwsby
koawdpgqdx psiebvskfb
ahqdrcepub ahqdrcepub
eooyfwmxln eooyfwmxln
vnzypgtlkj vnzypgtlkj
bswhowadhl bswhowadhl
unihwwnyqz kijbyyuzhd
xqwyvbvueh xqwyvbvueh
zmfuudfatm zmfuudfatm
afrdrejwtp afrdrejwtp
ymvlfsdhbu ymvlfsdhbu aokbiptbzc
osdeymjeil osdeymjeil
tgbmxdmvwe tgbmxdmvwe
xywdziunpr xywdziunpr
pcilmgdrgc pcilmgdrgc ivgbjyugdu
bulywvvpni bulywvvpni
ivugtsvtqb ivugtsvtqb
nbjyrygtdh nbjyrygtdh
kvfpaspidv kvfpaspidv
eqdxeqvtsb eqdxeqvtsb
