0 75 185 35 37 35 39 134 139 44 100 15 25 27 65 30 32 58 55 90 92 90 54 74 189 182 180 69 179 124 159 149 104 17 113 110 57 110 94 170 129 72 141 132 186 42 40 135 79 184 64 154 190 125 128 117 166 137 160 144 195 114 150 20 95 145 99 105 47 120 123 67 66 12 10 13 2 101 102 108 82 80 130 0
77
27 27 118
66 66
65 68 65
190 192
120 122 120
0 3
134 134
124 124
15 15
37 37 36
92 91 92
82 82
17 16 17
186 186
104 104
13 13
180 180
35 38 35
132 131 132
117 116 168
137 136
64 64
2 2
139 139
166 166
25 25 28
102 102
141 141 142
55 55
184 184
149 149
47 47 183
95 97 95 87
40 43
145 145 148
170 172
99 99
57 57 56
12 12 11
100 100
182 181 182
113 113
114 114
128 128
179 179
94 94
20 20
105 105
108 108
54 54
150 152
154 154
135 138 52 135
159 159
101 101
110 110
67 67
74 74
75 78
39 39
69 69
160 161 160
130 133
32 32
42 42 41
44 44
123 123
72 72
189 189
125 125
30 30
129 129
144 144
185 187
195 197 195
79 79
58 58
