loc0 loc193 loc148 loc58 loc184 loc50 loc122 loc76 loc112 loc38 loc137 loc65 loc128 loc74 loc110 loc74 loc128 loc2 loc164 loc29 loc113 loc77 loc131 loc32 loc185 loc14 loc176 loc59 loc158 loc62 loc125 loc98 loc161 loc44 loc179 loc53 loc107 loc71 loc143 loc26 loc169 loc34 loc151 loc79 loc115 loc43 loc196 loc88 loc187 loc61 loc124 loc97 loc133 loc78 loc150 loc195 loc15 loc177 loc24 loc159 loc87 loc123 loc30 loc183 loc3 loc174 loc66 loc138 loc75 loc120 loc22 loc111 loc1 loc163 loc10 loc109 loc73 loc136 loc100 loc172 loc91 loc153 loc90 loc162 loc9 loc108 loc27 loc135 loc54 loc189 loc99 loc180 loc39 loc192 loc12 loc157 loc67 loc193 loc0
81
loc1 loc1
loc2 loc2
loc3 loc3
loc157 loc4 loc21 loc49 loc85
loc113 loc5 loc41
loc183 loc6
loc169 loc7
loc143 loc8
loc9 loc9
loc10 loc10
loc110 loc11 loc47 loc92
loc12 loc12
loc193 loc13
loc14 loc14
loc15 loc15
loc196 loc16
loc179 loc17 loc89
loc135 loc18 loc36
loc109 loc19 loc46 loc64
loc137 loc20
loc22 loc22
loc125 loc23
loc24 loc24
loc115 loc25
loc26 loc26
loc27 loc27
loc136 loc28 loc37
loc29 loc29
loc30 loc30
loc148 loc31 loc40
loc32 loc32
loc123 loc33 loc93
loc34 loc34
loc107 loc35
loc38 loc38
loc39 loc39
loc150 loc42 loc69
loc43 loc43
loc44 loc44
loc153 loc45
loc189 loc48 loc57
loc50 loc50
loc195 loc51 loc60 loc96
loc133 loc52
loc53 loc53
loc54 loc54
loc172 loc55 loc82
loc131 loc56 loc83
loc58 loc58
loc59 loc59
loc61 loc61
loc62 loc62
loc108 loc63
loc65 loc65
loc66 loc66
loc67 loc67
loc176 loc68
loc124 loc70
loc71 loc71
loc180 loc72
loc73 loc73
loc74 loc74
loc75 loc75
loc76 loc76
loc77 loc77
loc78 loc78
loc79 loc79
loc161 loc80
loc162 loc81
loc174 loc84
loc158 loc86
loc87 loc87
loc88 loc88
loc90 loc90
loc91 loc91
loc184 loc94
loc122 loc95
loc97 loc97
loc98 loc98
loc99 loc99
loc100 loc100
