loc0 loc76 loc13 loc58 loc31 loc66 loc39 loc84 loc30 loc99 loc18 loc54 loc36 loc90 loc45 loc63 loc3 loc93 loc12 loc57 loc33 loc60 loc15 loc69 loc42 loc87 loc24 loc88 loc34 loc97 loc25 loc79 loc35 loc53 loc17 loc89 loc8 loc98 loc41 loc95 loc5 loc86 loc50 loc59 loc47 loc92 loc11 loc65 loc46 loc82 loc1 loc73 loc29 loc65 loc2 loc67 loc0
44
loc1 loc1
loc2 loc2
loc3 loc3
loc58 loc4 loc40 loc49
loc5 loc5
loc60 loc6 loc21
loc88 loc7
loc8 loc8
loc54 loc9
loc82 loc10 loc28 loc37
loc11 loc11
loc12 loc12
loc13 loc13
loc67 loc14
loc15 loc15
loc79 loc16
loc17 loc17
loc18 loc18
loc73 loc19
loc65 loc20 loc38
loc76 loc22
loc95 loc23
loc24 loc24
loc25 loc25
loc53 loc26
loc63 loc27
loc29 loc29
loc30 loc30
loc31 loc31
loc86 loc32
loc33 loc33
loc34 loc34
loc35 loc35
loc36 loc36
loc39 loc39
loc41 loc41
loc42 loc42
loc97 loc43
loc89 loc44
loc45 loc45
loc46 loc46
loc47 loc47
loc66 loc48
loc50 loc50
