99 58 167 76 105 131 159 106 108 62 80 71 146 86 2 40 194 24 95 164 128 161 139 12 1 58 149 154 122 48 135 101 135 8 129 28 137 85 186 137 185 45 185 137 97 43 56 96 157 172 18 43 97 16 148 113 170 138 5 23 182 68 187 117 116 163 107 49 126 81 100 69 82 31 191 53 162 130 104 169 144 55 120 160 84 166 74 42 199 39 175 188 79 75 156 70 175 32 152 98 36 155 110 151 52 103 176 99
82
162 0
1 1
107 4 94
5 5
8 8
81 9 158
49 10 123 125
12 12
175 15
16 17 190
18 18
138 20
52 22 92
24 24
69 25 83 173
199 26
116 27
28 28
113 30 51 59 114 124
139 33
32 34
176 35
39 39
40 40
45 41 111
42 42
2 47 63
53 53
55 55
56 56
135 61
43 66
68 68
70 70
62 73
75 75
23 78 180
80 80
82 82
101 88
152 90
97 97
98 98
99 99
100 100
58 102
103 103
106 106
71 112 192
117 117
157 119
122 122
126 126
85 127 174
130 130
131 131
96 132
156 142
146 146
148 148
149 149
137 150
151 151
155 155
160 160
161 161
163 163
164 164
191 165
166 166
167 167
86 168 181
169 169
170 170
120 171
172 172
79 178
95 183
194 184
185 185
186 186
188 188
