loc189 loc17 loc95 loc11 loc36 loc173 loc55 loc178 loc0 loc48 loc4 loc190 loc20 loc152 loc134 loc70 loc153 loc74 loc129 loc69 loc34 loc32 loc11 loc114 loc96 loc135 loc85 loc147 loc104 loc64 loc162 loc191 loc61 loc104 loc147 loc18 loc111 loc113 loc86 loc169 loc125 loc112 loc100 loc101 loc26 loc31 loc139 loc156 loc98 loc142 loc135 loc131 loc59 loc135 loc62 loc54 loc27 loc94 loc37 loc104 loc79 loc194 loc133 loc95 loc120 loc142 loc98 loc146 loc17 loc58 loc189
58
loc48 loc88 loc165 loc154
loc61 loc61
loc54 loc172 loc54
loc86 loc180 loc145 loc86
loc169 loc188 loc169
loc62 loc25 loc62 loc136
loc104 loc104
loc55 loc55 loc177
loc32 loc168 loc15 loc32
loc133 loc158 loc108 loc73 loc133
loc98 loc78 loc161 loc119 loc98
loc129 loc128 loc129
loc152 loc184 loc23 loc152
loc194 loc194 loc39 loc76
loc64 loc109 loc185 loc148
loc147 loc41 loc147
loc96 loc96 loc66
loc125 loc125
loc70 loc150 loc65 loc70
loc190 loc190
loc94 loc94
loc191 loc191
loc58 loc53 loc58
loc11 loc11
loc146 loc146
loc36 loc36 loc164 loc195
loc139 loc139 loc16
loc4 loc4 loc50
loc111 loc111
loc34 loc34
loc18 loc18
loc153 loc153
loc131 loc131
loc17 loc47 loc17
loc112 loc112
loc156 loc156
loc142 loc142
loc85 loc85
loc31 loc31
loc95 loc95
loc74 loc40 loc22 loc74
loc120 loc127
loc59 loc59
loc135 loc135
loc0 loc0
loc101 loc101
loc69 loc38 loc69 loc159
loc20 loc20
loc114 loc117 loc114
loc189 loc163
loc79 loc79 loc143 loc83
loc37 loc37 loc183
loc27 loc27
loc178 loc77
loc162 loc162
loc26 loc26
loc113 loc113
loc100 loc100
