81 71 109 80 12 34 115 161 34 195 34 124 130 87 95 89 145 78 1 159 34 16 108 123 188 88 53 86 178 9 107 132 65 126 167 126 189 36 17 103 81
36
34 92 180 85 191 77 8 52 196 93 34 121 20 58 154 18 23 14 179 48 182 127 33 64 59 198 141 125 100 117 96 150 69 200 152 27 24
126 153 42 97 170 126
78 35 76 135 199 183 57 70 49 90 166 184 78 45 84 164 162 138 165 158 46 156 74 197 41 43
86 86
195 195
161 161
107 107
124 124
87 87
9 9
167 167 56
109 109
188 188
71 71
130 130
36 36
88 88
108 108
132 132
95 95
81 81
115 115
89 89
103 103
53 53
80 80
12 12
1 1
123 123
17 17
178 178
65 65
189 189
16 16
145 145
159 159
