0 33 95 35 56 63 20 81 23 81 84 77 36 77 84 158 6 158 98 88 61 109 187 64 68 186 195 57 3 57 195 186 68 93 21 71 93 10 43 37 74 43 10 93 178 94 70 17 89 16 31 141 144 136 62 135 46 14 79 92 166 22 44 124 55 69 125 113 12 28 76 28 12 113 80 30 120 30 19 30 80 32 78 32 67 25 15 27 99 133 50 26 4 183 112 102 59 11 59 64 187 42 91 0
69
11 1 11 34
10 2 10 75 83
3 3 48 58
4 4 66
62 5 62
6 6 96
102 7 54
88 8 88
78 9 78
12 12
21 13 21
14 14 29
15 15
16 16 85
17 17
99 18 86 99
19 19
20 20
22 22
23 23 60
63 24 63
25 25
26 26
27 27 39
28 28
30 30
31 31 97
32 32
33 33
35 35
36 36 41
37 37 47
46 38 46 72 87
59 40 59
42 42
43 43
44 44
89 45 89
195 49 53
50 50
187 51
136 52
55 55
56 56
57 57
61 61
64 64
125 65
67 67
68 68
69 69
70 70
71 71
144 73
74 74
76 76
77 77
79 79 90
80 80
81 81
135 82
84 84
91 91
92 92
93 93
94 94
95 95
98 98
124 100
