destitute Loomis Hindi MN Isfahan balustrade midget funny Gilmore tate diligent swingy Rio Darwin ripe Hewlett decor swordfish Auberge Modesto Elizabethan combine extractor mediate Fisk anvil septillion papal McCall bobble Dominican Bleeker Dominican embassy Halstead Andersen Vega yogurt woke trill fatten choice shroud connubial schedule slowdown amateur illusion Injun jewel namesake destitute
46
Andersen Andersen
Auberge Auberge
Bleeker Bleeker minion
Darwin Darwin
Dominican Dominican
Elizabethan Elizabethan
Fisk Fisk
Gilmore Gilmore
Halstead Halstead
Hewlett Hewlett
Hindi Hindi
Injun Injun stanza
Isfahan Isfahan
Loomis Loomis
MN MN
McCall McCall
Modesto Modesto
Rio Rio
Vega Vega
amateur amateur
anvil anvil
balustrade balustrade
bobble bobble
choice choice
connubial connubial
septillion creekside septillion transpiration
decor decor
diligent diligent
embassy embassy
extractor extractor
fatten fatten
funny funny
illusion illusion
jewel jewel
mediate mediate
midget midget
papal papal
ripe ripe
schedule schedule
shroud shroud
slowdown slowdown
swingy swingy
swordfish swordfish
tate tate
trill trill
yogurt yogurt
