woebegone encumbrance thoroughfare Isfahan felony casserole MN monotonous Durango directory bat Winchester connubial anvil Sunday PDP oriole bunch midstream confrontation relaxation Irvin mack Zorn December Fisk swingy dull archive papal car Auberge Rodney swordfish funky millennium inform noon sphalerite Curtis trimester illusion trimester yogurt Simon Darwin catenate thirteen broil creekside taft Tucson extrovert Andersen cowhand Stephen simulate Gilmore switchmen funny wingspread shovel choice lexicon involuntary spill involuntary icon torus embroil septillion McCall diligent numerology stanza administer trill woebegone
72
Andersen Andersen
Auberge Auberge
Curtis Curtis deduce
Darwin Darwin
December December
Durango Durango Hewlett Reilly bifurcate sinh
Fisk Fisk mediate
Gilmore Gilmore
Simon Goodrich Simon
Irvin Irvin
Isfahan Isfahan
McCall McCall
lexicon Modesto Vega
PDP PDP limitate
Rodney Rodney
Stephen Stephen
Sunday Sunday silage whatsoever
Tucson Tucson
creekside Wheller
Winchester Winchester
Zorn Zorn
administer administer
anvil anvil
archive archive postscript softball
felony babysat equipping felony tate
involuntary backplate involuntary slowdown
broil barnacle broil
bat bat
bunch bunch
car car
casserole casserole renaissance
catenate catenate
choice choice
torus coarse
connubial connubial
diligent diligent
directory directory
monotonous dreadnought monotonous
dull dull
embroil embroil
MN exothermic
cowhand explosion
extrovert extrovert
trill fulsome
funky funky
funny funny yearn
illusion griddle illusion
icon icon update
switchmen imperishable
inform inform secondary
mack mack
midstream midstream
millennium millennium
spill mitre spill
noon noon
numerology numerology viscous
oriole oriole
papal papal
relaxation relaxation
septillion septillion
shovel shovel
simulate simulate
sphalerite sphalerite
stanza stanza
swingy swingy
swordfish swordfish
thirteen thirteen
thoroughfare thoroughfare
trimester transfuse trimester
encumbrance transonic
wingspread wingspread
yogurt yogurt
