Loc35 Loc7 Loc96 Loc46 Loc31 Loc67 Loc23 Loc44 Loc1 Loc70 Loc68 Loc19 Loc33 Loc71 Loc52 Loc48 Loc65 Loc64 Loc41 Loc14 Loc66 Loc63 Loc20 Loc15 Loc47 Loc77 Loc84 Loc78 Loc89 Loc4 Loc92 Loc25 Loc10 Loc56 Loc93 Loc43 Loc79 Loc90 Loc91 Loc86 Loc74 Loc0 Loc73 Loc24 Loc22 Loc80 Loc62 Loc81 Loc34 Loc51 Loc58 Loc37 Loc95 Loc54 Loc35
47
Loc24 Loc24
Loc65 Loc39 Loc65
Loc89 Loc89
Loc77 Loc77
Loc84 Loc84
Loc79 Loc79
Loc86 Loc86
Loc93 Loc93
Loc74 Loc74
Loc67 Loc97 Loc67 Loc13
Loc23 Loc23
Loc78 Loc78
Loc48 Loc48
Loc71 Loc71
Loc58 Loc58
Loc46 Loc46
Loc31 Loc31
Loc41 Loc41
Loc7 Loc7
Loc70 Loc70
Loc10 Loc10
Loc33 Loc33
Loc62 Loc62
Loc73 Loc73
Loc54 Loc54
Loc95 Loc95
Loc25 Loc25
Loc51 Loc51
Loc19 Loc28
Loc22 Loc22
Loc37 Loc37
Loc14 Loc14
Loc15 Loc15
Loc0 Loc0
Loc81 Loc81
Loc4 Loc4
Loc92 Loc92
Loc66 Loc66
Loc1 Loc1
Loc52 Loc52
Loc34 Loc34
Loc63 Loc63
Loc80 Loc80
Loc47 Loc47
Loc44 Loc44
Loc64 Loc64
Loc90 Loc90
