Loc151 Loc83 Loc69 Loc170 Loc110 Loc12 Loc44 Loc150 Loc141 Loc89 Loc125 Loc49 Loc107 Loc153 Loc88 Loc193 Loc63 Loc19 Loc64 Loc83 Loc151
19
Loc83 Loc55 Loc28
Loc49 Loc49 Loc33
Loc151 Loc4 Loc177 Loc130 Loc151 Loc156 Loc48 Loc131 Loc57 Loc135 Loc171
Loc193 Loc16 Loc109 Loc6 Loc77 Loc127 Loc68 Loc120 Loc66 Loc43 Loc61 Loc13 Loc72 Loc134
Loc44 Loc184 Loc41 Loc172 Loc98 Loc154 Loc101 Loc165 Loc3
Loc125 Loc94 Loc122 Loc62 Loc185 Loc46 Loc194 Loc157 Loc181 Loc38 Loc50 Loc167 Loc17 Loc15 Loc190 Loc183 Loc123 Loc111 Loc125
Loc89 Loc47 Loc99 Loc187 Loc173 Loc89 Loc21 Loc58 Loc70
Loc88 Loc160 Loc92 Loc158
Loc170 Loc170 Loc36 Loc115 Loc104 Loc128
Loc63 Loc27 Loc195 Loc2
Loc19 Loc93 Loc34 Loc52 Loc117 Loc24 Loc126 Loc180
Loc141 Loc7 Loc147 Loc85 Loc96 Loc118 Loc141 Loc59 Loc32
Loc107 Loc124 Loc102 Loc161
Loc64 Loc54
Loc69 Loc20 Loc182 Loc166
Loc110 Loc163 Loc110
Loc12 Loc148
Loc153 Loc142
Loc150 Loc65 Loc138
