6Zg7j6t8kt ka4cgDWgq7 M9d0z6OccV gSP0irArmo YZKJeBb8Pe dojrtYXceT wXTrLT9dUx 1aPtXDhYtV ESDdDChkYw 1iUrZ2N0MA UgxUR9jKcJ dyS1o5lQHD OpwMnuSGmp uXkvSfF7Kv pm1Yq2dCLL bc4pLp9tiD cqCbnI2bkr NgxnYo41LY I1RTFIGWhc YrPP1U1r20 ckEVpwA8CD YrPP1U1r20 Iroa6leixY tvKOOMQ7Sv oQb2PqTM8x H0NdoJawvz 4JtfcKJvHu GSDEYlNcCM 97dvK2Az7S MImiDijd1o VWD9Yy5Xrg zH4Z0p0Ftj vD4d0BZ03p 8pgnfE3xKu oRs9wR3IGE OR78sPVsV9 4RZs4XFvF9 G05S6XZiBa 1koyFI8rlU Octagmmhko TH1GgoG5GU vCSWEyz4PC KpPj50fAfy fbxiHLAsv4 79JJ9GZF8c fhmE7A9rVl 0gqiqztWgj 4ViGHxfdlc MpRNDD0glq lrFRnKniRv 6Zg7j6t8kt
44
tvKOOMQ7Sv tvKOOMQ7Sv
UgxUR9jKcJ UgxUR9jKcJ
1koyFI8rlU 1koyFI8rlU
ckEVpwA8CD ckEVpwA8CD YQKcyMibnc
zH4Z0p0Ftj zH4Z0p0Ftj
97dvK2Az7S 97dvK2Az7S Dkc5CxJ6RV
M9d0z6OccV M9d0z6OccV
YrPP1U1r20 YrPP1U1r20 7cteJXIZM1
fbxiHLAsv4 fbxiHLAsv4
KpPj50fAfy KpPj50fAfy
NgxnYo41LY NgxnYo41LY 4lUeyqYb0U
wXTrLT9dUx wXTrLT9dUx
4ViGHxfdlc 4ViGHxfdlc
lrFRnKniRv lrFRnKniRv
I1RTFIGWhc I1RTFIGWhc
8pgnfE3xKu OGWcs2X8pk 8pgnfE3xKu
cqCbnI2bkr b3jUAAPOlA cqCbnI2bkr
4JtfcKJvHu 4JtfcKJvHu
79JJ9GZF8c 79JJ9GZF8c
G05S6XZiBa G05S6XZiBa
pm1Yq2dCLL iyQiEnpG35
uXkvSfF7Kv uXkvSfF7Kv
OR78sPVsV9 EZQ9HUGjRN
GSDEYlNcCM GSDEYlNcCM
gSP0irArmo N08DpqDewo
vCSWEyz4PC vCSWEyz4PC
YZKJeBb8Pe YZKJeBb8Pe
4RZs4XFvF9 4RZs4XFvF9
oRs9wR3IGE oRs9wR3IGE
OpwMnuSGmp OpwMnuSGmp
TH1GgoG5GU TH1GgoG5GU
Iroa6leixY Iroa6leixY
VWD9Yy5Xrg VWD9Yy5Xrg
0gqiqztWgj 0gqiqztWgj
MpRNDD0glq MpRNDD0glq
H0NdoJawvz H0NdoJawvz
Octagmmhko Octagmmhko
ESDdDChkYw ESDdDChkYw
1iUrZ2N0MA s8EkvbOYAX
dojrtYXceT dojrtYXceT
fhmE7A9rVl fhmE7A9rVl
1aPtXDhYtV 1aPtXDhYtV
vD4d0BZ03p vD4d0BZ03p
ka4cgDWgq7 ka4cgDWgq7
