g3ylJsdLuC idQHxtSnxr BUMLJo6sc3 AXNCIbkEJh xtp1B5q0W1 CSjLrGbUz3 QTNhZIciNJ h5Si5BAPN0 oIVQ2qkgnR s3eMpsYH00 Pijq8aHqIR lfdanPGo3c jBYJ7v19BQ qjDSEKmZMW 7wS9dKOnJR XlU2fx0ZPn BNkM7qaRNw yky49wE4YG YAqGe4tKAP FvzkpZRSj8 Oiowits7js nKHFs5cKTX 03xK87sjTf 7g0Idy1nzK KUJdxKVZFO 0wTk0mYkLH g2I4si69gU u4FAx2sHZm 1TfvXd6dPZ 1N2P3Sa7im u4LnQNaaiz 0mnwiU4XrT wRn7Oi1bcW xjSWG1YKh9 TBzLS0OAYU 723MhcLxt0 1QXjsHNYao 2S929yZddP YpRs8m6oyX oEdovEhrWM CUEWGmB7Gt dMOAUqH7Z3 qnkfLCmfDn yU6iUY8YgO XOxGPscMMG WcyuqGYOzU oWmQcQwHPo dC48GQHGzO RN0bCAV6rQ pk0Vh75DnH 2fevl06VRg t25XjDwQhD 8ZKCAWlImg tubjzjzUpV M2hatQPY96 CxfzSa2YOV 2q1lo9tSYb JD3uem81Lg IA0Uf143OT uvoepIQg9n fWIjO8yhE3 WAi18jd2vJ S8BtTu4yH9 bserQRNqfz 2O61j91J3T K05xB79KZo srT70dfQEr Pz3egMzKU8 0SQlBVJ1YY TyL7NE2puV GQ4F0g3Mdj XW1Wn7EqpN rCoEuOa7EU mwzQG3SxnO 97ZNlakBoq TSSOUimHPg Q1N77BLmyb bsEkAY2K41 vUu8ijgxxf yvMowGbkvn IGpxjveim7 vnZBjkVngj LeZK9UvMT9 emYRLTiyj9 2eMl9AO5o8 QrJxLpX875 dj8JMfo3hX 4znnlMjVra MXIvZpEPtW uIf3wnJUdn Tk8ERvdKxF oCk2Yieytb 33omYiVXOD 5SSy593K31 WvFZJEkTrw aEo62SfMqH j98kcW9qGB onlLq65Azx idQHxtSnxr g3ylJsdLuC
85
lfdanPGo3c lfdanPGo3c
S8BtTu4yH9 S8BtTu4yH9
0wTk0mYkLH 0wTk0mYkLH
Q1N77BLmyb Q1N77BLmyb
qjDSEKmZMW qjDSEKmZMW
Oiowits7js 12ECENJIev Oiowits7js
oCk2Yieytb oCk2Yieytb bWDewy6WbV
CUEWGmB7Gt CUEWGmB7Gt
s3eMpsYH00 s3eMpsYH00
YpRs8m6oyX YpRs8m6oyX
TBzLS0OAYU TBzLS0OAYU
XW1Wn7EqpN XW1Wn7EqpN
WcyuqGYOzU WcyuqGYOzU
oIVQ2qkgnR bhojeHeddF oIVQ2qkgnR 0hs3CNDF4L
uIf3wnJUdn uIf3wnJUdn
yky49wE4YG WRd4lScvm6 yky49wE4YG Pv5LMSkQii
Pz3egMzKU8 Pz3egMzKU8 gZXiityEnU
8ZKCAWlImg z9nRKYQ1ub
h5Si5BAPN0 h5Si5BAPN0
CxfzSa2YOV CxfzSa2YOV
1TfvXd6dPZ 1TfvXd6dPZ mbSdju1TJK
Pijq8aHqIR Pijq8aHqIR
WAi18jd2vJ WAi18jd2vJ
oEdovEhrWM oEdovEhrWM
LeZK9UvMT9 LeZK9UvMT9
uvoepIQg9n uvoepIQg9n
0mnwiU4XrT 0mnwiU4XrT
5SSy593K31 5SSy593K31
yvMowGbkvn yvMowGbkvn
u4LnQNaaiz u4LnQNaaiz
g2I4si69gU g2I4si69gU oVMPVsMWrZ
7wS9dKOnJR IT4pKw3giW
QrJxLpX875 QrJxLpX875
2O61j91J3T 2O61j91J3T
idQHxtSnxr idQHxtSnxr
KUJdxKVZFO KUJdxKVZFO fXy828RCG4
GQ4F0g3Mdj GQ4F0g3Mdj TP2TNyk7wl
RN0bCAV6rQ RN0bCAV6rQ
tubjzjzUpV tubjzjzUpV
03xK87sjTf 03xK87sjTf
M2hatQPY96 M2hatQPY96
97ZNlakBoq 97ZNlakBoq
bsEkAY2K41 bsEkAY2K41
WvFZJEkTrw WvFZJEkTrw
dj8JMfo3hX dj8JMfo3hX
aEo62SfMqH aEo62SfMqH
JD3uem81Lg r8njDwxc2t JD3uem81Lg
IA0Uf143OT IA0Uf143OT
BNkM7qaRNw BNkM7qaRNw
pk0Vh75DnH pk0Vh75DnH
xtp1B5q0W1 xtp1B5q0W1
BUMLJo6sc3 fecMfiAuGC jPXsbXPNMq BUMLJo6sc3
K05xB79KZo K05xB79KZo
FvzkpZRSj8 FvzkpZRSj8
fWIjO8yhE3 KHDeTTvJC1
oWmQcQwHPo oWmQcQwHPo
4znnlMjVra 4znnlMjVra
qnkfLCmfDn qnkfLCmfDn
CSjLrGbUz3 CSjLrGbUz3
t25XjDwQhD t25XjDwQhD
bserQRNqfz KpxiCfRqh3
7g0Idy1nzK 7g0Idy1nzK
723MhcLxt0 723MhcLxt0
mwzQG3SxnO mwzQG3SxnO
nKHFs5cKTX nKHFs5cKTX
Tk8ERvdKxF Tk8ERvdKxF
dMOAUqH7Z3 dMOAUqH7Z3
yU6iUY8YgO yU6iUY8YgO
wRn7Oi1bcW wRn7Oi1bcW
TyL7NE2puV TyL7NE2puV
XlU2fx0ZPn XlU2fx0ZPn
QTNhZIciNJ QTNhZIciNJ
onlLq65Azx onlLq65Azx
emYRLTiyj9 emYRLTiyj9
srT70dfQEr srT70dfQEr
vUu8ijgxxf vUu8ijgxxf
TSSOUimHPg LCKLTNE1vp
u4FAx2sHZm 2OsmeZV9xh u4FAx2sHZm
IGpxjveim7 x7iq98BiN3
MXIvZpEPtW biWuM2iRnz
YAqGe4tKAP YAqGe4tKAP
1QXjsHNYao 1QXjsHNYao
jBYJ7v19BQ jBYJ7v19BQ
2S929yZddP 2S929yZddP
rCoEuOa7EU 8KtuAXHUy3
