153 170 24 96 128 50 79 29 192 69 118 68 27 53 77 178 145 99 34 95 113 58 47 120 36 188 93 12 129 184 21 161 60 0 139 138 61 140 80 39 70 180 197 92 169 35 177 137 41 91 40 147 189 147 42 198 127 100 160 100 23 90 3 48 17 187 122 98 2 179 52 186 19 91 19 81 119 156 186 52 11 168 89 49 134 74 89 20 7 76 196 13 86 22 126 16 144 117 135 194 146 75 136 181 26 172 152 28 153
87
168 168 150
127 127
29 29
12 12
119 119
81 81
140 140
196 196
145 145
126 126
118 118
2 2
58 58
170 15 170
26 26
13 13
76 124
86 86 4
113 113
21 21
3 3
197 197
160 160 37
68 68
70 70
75 182
90 90
89 89
60 112 60
189 163 8
16 16
11 11
98 98 88
178 178
153 153
135 135
156 156
52 52
47 47
61 61
188 188
137 137
40 40
41 41 108
93 93
194 194
172 172
129 129
120 120
49 49 167
42 42
138 138 131
100 56
36 36
122 122
96 96
23 23
184 184
7 7
95 95
99 99
19 19
35 35
74 74
177 177
192 192 5
53 53
180 180
128 128
161 161
136 136
187 187
146 146
169 169
0 0 195
152 152
77 77
34 34
134 134
92 83 171
139 43
147 147
79 79
20 20
179 179
28 28
50 50
