M2S9flVUcYP2sJdh8LXf 48nWZMVqWDxfH9uMf2U3 Pqf0Sn4UvsBLaxz7WO4n EtrZREkmL456viQQJ9Rb S8uMGvUglWyhnfV5Wzdp dKH5OdpmJKCU83bbXVxZ 0uvEfLgT4s8ImTk9VWBt zD7ErBenXxsG4D9b5TEV lxlEsWbbqG2dcyvjsLTA v0QJIKD4q7sFXrzFSb6J 8KfYYXeMqM0D4nShLOzi 4bQwji0D4wyEDLd54MWv 9GrchmlNCDIapQ9OnEYh 9Jr76N4fnNot7SNYqBKG jgcWqrcniA4q9WNs9xkc oWxP87H6AXwFzF0dpB9d yHMPX8vHctuUweyLluyz 5gumrx48u1yPpF6ivPOI vxiwkV1b5fV2sGCBFsRQ zdtRVpQ9lVyEhNj9Evpp dOKaHsIcDX32wPXAX2Gt uy6RcQAYd3ATM1Icq3my ECCnzlgsMEvTYjNwAlfM Eu0wGcDBBrgvePzHfqrS k7k4sHxeh1pR4sOjcVuj Dc1wEVV3kuOZotG6pNlL Jjat3uJ5XboI9kZe0522 L8bxdxuDa5issn2PiN3u tVhIJJgs0kEFaQx1hdWm wpBgd82GxlO3hr1i0lHL Z8MZ2JfftjeVVnGFSOQe PbYOO88SokShsv7XrgBm NMTjl1jsvrb7y2ggdCSc XmlH4l2BXG35TF70bZqZ fmFrd4vggNac5TkiFJAd m1IYiQsUBuvvpTv7yWXO Dt5YfbjQq6VoKnyw6Zav pNXWB5geApaSjbsCCT4J MtQDjkLToWj4d53MMhKG vodEvdIApqt0N3TZsbxN cdaizmjQrCe5Vnwy3JQF sH3pvLOfMUrEGUrmsHCu tuE7UekaxGUib4idWtYa 93aDiM8K0XhtiVcCVKi2 X9TJsvmT50zYeG0q6XSG H59EihDjhfpS7ToXFM3L M2S9flVUcYP2sJdh8LXf
45
Dt5YfbjQq6VoKnyw6Zav Dt5YfbjQq6VoKnyw6Zav
Eu0wGcDBBrgvePzHfqrS Eu0wGcDBBrgvePzHfqrS
m1IYiQsUBuvvpTv7yWXO m1IYiQsUBuvvpTv7yWXO
H59EihDjhfpS7ToXFM3L H59EihDjhfpS7ToXFM3L
dKH5OdpmJKCU83bbXVxZ dKH5OdpmJKCU83bbXVxZ Kfu1pc3YPMGebW7Iu8ex
8KfYYXeMqM0D4nShLOzi tUowOUG1V7iCXBCMR0AT 8KfYYXeMqM0D4nShLOzi
5gumrx48u1yPpF6ivPOI 5gumrx48u1yPpF6ivPOI
vxiwkV1b5fV2sGCBFsRQ gZVNRDm5p6aX5QEEX8UG vxiwkV1b5fV2sGCBFsRQ
sH3pvLOfMUrEGUrmsHCu sH3pvLOfMUrEGUrmsHCu
Dc1wEVV3kuOZotG6pNlL LNMZej67uy0Whvqp5OR1
tuE7UekaxGUib4idWtYa PZrpdQAa8H8tkrajh08J
S8uMGvUglWyhnfV5Wzdp S8uMGvUglWyhnfV5Wzdp
ECCnzlgsMEvTYjNwAlfM ECCnzlgsMEvTYjNwAlfM
Pqf0Sn4UvsBLaxz7WO4n Pqf0Sn4UvsBLaxz7WO4n
v0QJIKD4q7sFXrzFSb6J v0QJIKD4q7sFXrzFSb6J
tVhIJJgs0kEFaQx1hdWm tVhIJJgs0kEFaQx1hdWm
NMTjl1jsvrb7y2ggdCSc NMTjl1jsvrb7y2ggdCSc
yHMPX8vHctuUweyLluyz yHMPX8vHctuUweyLluyz
9Jr76N4fnNot7SNYqBKG 9Jr76N4fnNot7SNYqBKG
L8bxdxuDa5issn2PiN3u L8bxdxuDa5issn2PiN3u yZPIHwySFuIdRJCMzjnz
Z8MZ2JfftjeVVnGFSOQe Z8MZ2JfftjeVVnGFSOQe
93aDiM8K0XhtiVcCVKi2 93aDiM8K0XhtiVcCVKi2
Jjat3uJ5XboI9kZe0522 Jjat3uJ5XboI9kZe0522
48nWZMVqWDxfH9uMf2U3 48nWZMVqWDxfH9uMf2U3
4bQwji0D4wyEDLd54MWv 4bQwji0D4wyEDLd54MWv
jgcWqrcniA4q9WNs9xkc jgcWqrcniA4q9WNs9xkc
uy6RcQAYd3ATM1Icq3my uy6RcQAYd3ATM1Icq3my LxEzX08MG9T8knIYbul0
zdtRVpQ9lVyEhNj9Evpp zdtRVpQ9lVyEhNj9Evpp
X9TJsvmT50zYeG0q6XSG Bc6dudheE3WGLxP0iDdK
fmFrd4vggNac5TkiFJAd fmFrd4vggNac5TkiFJAd
MtQDjkLToWj4d53MMhKG nbZglhhmYQAPQz4eETaj
PbYOO88SokShsv7XrgBm W4IxjYZtRN88GGSV9Uoc
wpBgd82GxlO3hr1i0lHL Z0DuoZMcx6oyDPWFznMK
pNXWB5geApaSjbsCCT4J pNXWB5geApaSjbsCCT4J
9GrchmlNCDIapQ9OnEYh 9GrchmlNCDIapQ9OnEYh
M2S9flVUcYP2sJdh8LXf M2S9flVUcYP2sJdh8LXf
EtrZREkmL456viQQJ9Rb EtrZREkmL456viQQJ9Rb
XmlH4l2BXG35TF70bZqZ XmlH4l2BXG35TF70bZqZ
oWxP87H6AXwFzF0dpB9d oWxP87H6AXwFzF0dpB9d
dOKaHsIcDX32wPXAX2Gt dOKaHsIcDX32wPXAX2Gt
cdaizmjQrCe5Vnwy3JQF cdaizmjQrCe5Vnwy3JQF
zD7ErBenXxsG4D9b5TEV zD7ErBenXxsG4D9b5TEV
k7k4sHxeh1pR4sOjcVuj k7k4sHxeh1pR4sOjcVuj
vodEvdIApqt0N3TZsbxN vodEvdIApqt0N3TZsbxN
0uvEfLgT4s8ImTk9VWBt 0uvEfLgT4s8ImTk9VWBt
