Jacksonville Minneapolis Tulsa Detroit Columbus Tucson Milwaukee Nashville VirginiaBeach ColoradoSprings Houston Philadelphia Oakland Phoenix OklahomaCity Boston SanJose Indianapolis LosAngeles Raleigh Austin Omaha LongBeach LasVegas Seattle Portland Arlington Louisville Atlanta Jacksonville
23
Philadelphia Philadelphia
LasVegas LasVegas
OklahomaCity FortWorth
Portland Portland
Raleigh Memphis
Tulsa Tulsa
Atlanta Fresno SanFrancisco Atlanta
Columbus Columbus
Seattle Seattle
SanJose SanJose
Phoenix Phoenix
Nashville ElPaso
Tucson Tucson
LongBeach LongBeach
VirginiaBeach VirginiaBeach
Oakland Albuquerque
Indianapolis Indianapolis
Austin Austin
Minneapolis Minneapolis
Jacksonville Jacksonville
Louisville Louisville
Boston Boston
LosAngeles LosAngeles
