Chattanooga Cleveland Chesapeake Midland Anchorage Surprise Carrollton Bakersfield BatonRouge Detroit Vancouver Austin Tacoma Oxnard McAllen ElkGrove Savannah FortLauderdale SanDiego Sunnyvale Boise SanBernardino Fremont Honolulu Miramar Tampa Thornton Augusta SantaClarita Hayward Jacksonville Hayward Akron RanchoCucamonga TianamenSquare Ontario Salem PembrokePines Gilbert KansasCity Frisco Orange Henderson Toledo Atlanta Chicago Naperville Orlando NewportNews Alexandria Spokane Springfield Berkeley Knoxville GardenGrove Salinas Murfreesboro Carrollton Wichita Macon LittleRock CapeCoral Oceanside Fontana Lincoln Madison Denton ElPaso Dayton Plano Fresno Plano Yonkers Durham MorenoValley Anaheim NewYork Syracuse Irvine Norfolk SaintPaul Norfolk Irvine OklahomaCity SantaAna Lubbock Corona Jackson Brownsville Boston Hollywood GrandPrairie LongBeach Cincinnati Albuquerque Pomona Buffalo Tallahassee MorenoValley Roseville Memphis SanAntonio Memphis Roseville VirginiaBeach FortWorth Fayetteville Aurora Tempe Scottsdale Riverside Indianapolis Irving Nashville Chattanooga
86
Yonkers Yonkers
Alexandria Alexandria
Madison Joliet Madison
Orlando Orlando
Lincoln Lincoln
Fresno Worcester GrandRapids
LittleRock LittleRock Shreveport
GardenGrove GardenGrove
Aurora Aurora Baltimore Lexington
NewportNews DesMoines NewportNews
Surprise Surprise
Indianapolis Phoenix Indianapolis
Knoxville Knoxville
Jacksonville Jacksonville
Oceanside Oceanside
Henderson Henderson
Fremont Fremont
Riverside Riverside
Memphis Memphis
SanBernardino SanBernardino
Tacoma Tacoma
Wichita Wichita
Cincinnati Paterson Cincinnati
SaintPaul Washington SaintPaul
Ontario Ontario
Bakersfield Bakersfield
SantaClarita SantaClarita
Cleveland Cleveland
Brownsville Brownsville
McAllen McAllen
Murfreesboro Charlotte Murfreesboro
Corona Corona
Honolulu Honolulu SanFrancisco
Springfield Springfield
Denton Denton
Tempe Tempe
Spokane Spokane
VirginiaBeach Glendale
GrandPrairie GrandPrairie
Irvine Irvine
PembrokePines Olathe
Scottsdale Scottsdale
Vancouver Vancouver
Anchorage Anchorage
FortWorth FortWorth
Austin Austin
Norfolk Raleigh
Anaheim Anaheim ChulaVista
Macon SanJose
Fayetteville Fayetteville Richmond
Oxnard Oxnard
Durham Durham
SantaAna SantaAna
FortLauderdale FortLauderdale
ElPaso ElPaso
Syracuse Syracuse
NewYork NewYork
Savannah Savannah
CapeCoral CapeCoral
Hollywood Louisville
Hayward Hayward
Buffalo Buffalo
BatonRouge BatonRouge
Boston Boston
Boise Boise
Albuquerque Waco LosAngeles
Chicago Chicago
SanAntonio SanAntonio
KansasCity KansasCity
Tallahassee Tallahassee
Salem Salem
Midland Midland
Fontana Fontana
Berkeley Berkeley
Miramar PortStLucie
Plano Plano
Orange Orange
RanchoCucamonga Newark
Toledo Toledo
Naperville Naperville
Jackson Jackson
Akron Akron
Pomona Pomona
Lubbock Lubbock
Frisco Frisco
SanDiego SanDiego
