Hernandezville Joelview Mitchellchester Lopezmouth Dixonton Francesmouth Dixonton Keithton Dixonton Lopezmouth Heathermouth Lopezview Heathermouth Lopezmouth Mitchellchester Joelview Downsville Richardhaven Tammychester Richardhaven Downsville Joelview Farmerside Gabriellabury Courtneyfurt Gabriellabury Farmerside Ralphtown Stricklandbury Tylermouth Stricklandbury Ralphtown Garciaport Charlesburgh Garciaport Ralphtown Farmerside Ryanton Williamsmouth Mcdonaldmouth Williamsmouth Ryanton Farmerside Joelview Hernandezville Beckyshire Derekton Wallaceville Morenoside Wallaceville Derekton Beckyshire Ponceville Garymouth Christophertown Crystaltown Christophertown Garymouth Camposstad Donaldstad Camposstad Garymouth Ponceville Bridgesville Dennisstad Wilsonburgh Dennisstad Bridgesville Riveramouth Bradshawside Riveramouth Martinton Riveramouth Bridgesville Esparzaberg Thomasburgh Esparzaberg Kristinbury Esparzaberg Bridgesville Ponceville Mcculloughchester Crystalchester Smithmouth Crystalchester Mcculloughchester Jonestown Barbarachester Jonestown Kellyfort Jonestown Mcculloughchester Ponceville Beckyshire Hernandezville
26
Downsville Haasville
Thomasburgh Johnsonmouth Thomasburgh Sanchezland
Williamsmouth Johnstonmouth
Kristinbury Allenberg Kristinbury
Barbarachester Barbarachester Jonesberg
Kellyfort Pittsland Tinatown Kellyfort
Smithmouth Smithmouth Robertborough
Tylermouth Tylermouth Deanstad
Francesmouth Francesmouth Richardville
Gabriellabury Hendersonchester
Keithton Keithton Andrewland Aprilstad
Courtneyfurt Contrerasland Morrisbury
Wilsonburgh Wilsonburgh Harristown Josephton
Charlesburgh Angelaview Charlesburgh
Martinton Deborahfort Martinton Brianland
Bradshawside Wandaside Bradshawside
Morenoside Johnport Amberfurt
Camposstad Williamsville
Mcdonaldmouth Mcdonaldmouth Adkinsfurt
Lopezview Robertsfort Lopezview
Mitchellchester Huynhton
Crystaltown Crystaltown Johnsontown
Heathermouth Emilymouth
Derekton Belindamouth
Donaldstad Donaldstad Thomastown
Tammychester Rebeccaton Tammychester
