Porterton Dianashire Ashleyborough Osborneville Christophermouth Shawnhaven Christophermouth Osborneville Payneview Barnesmouth Harrisport Barnesmouth Payneview Jacksonville Jennifertown Jacksonville Payneview Teresafort Smithtown Teresafort Payneview Osborneville Ashleyborough Clarkberg Reevestown Judithview Michaelview Judithview Reevestown Clarkberg Burtonview Murphyside Bakertown Murphyside Burtonview Clarkberg Ashleyborough Paulburgh Walltown Callahantown Maryport Callahantown Walltown Scotttown Jacksonview Scotttown Walltown Paulburgh Robertsstad Toddtown Swansonshire Toddtown Robertsstad Paulburgh Ashleyborough Dianashire Burgessview Williamfort Williamport Ashleystad Holthaven Ashleystad Codyton Ashleystad Williamport Williamfort Moodyburgh Heatherberg Thomasborough Heatherberg Moodyburgh Gregoryberg Smithfort Gregoryberg Moodyburgh Williamfort Thomasville Lopezburgh Byrdfurt Lopezburgh Thomasville Williamfort Burgessview Marcusburgh Fletcherland Kingview Williamschester Kingview Fletcherland Marcusburgh Matthewburgh Virginiastad Robinsonmouth Virginiastad Matthewburgh Bondfort Adamview Bondfort Shawnmouth Bondfort Matthewburgh Marcusburgh Tylerbury Marcusburgh Burgessview Billton Banksburgh Simmonsburgh Michaelville Simmonsburgh Banksburgh Yvonneborough Parkermouth Yvonneborough Banksburgh Billton Burgessview Dianashire Porterton Wallton Danielleport Melissaview Cheyennefurt Watsonville Cheyennefurt Melissaview Campbellhaven Annberg Campbellhaven Melissaview Danielleport Scottburgh Laurenbury Haleview Laurenbury Scottburgh Danielleport Cooperton Lopezborough Waltersmouth Lopezborough Cooperton Danielleport Wallton Davisstad Jacksonton Singletonton Clarkbury Singletonton Jacksonton Davisstad Leechester Pettyton Bondmouth Pettyton Leechester Davisstad Newmanburgh Gallowaymouth Rioshaven Gallowaymouth Newmanburgh Davisstad Wallton Derekmouth Geraldside Michellehaven Cranemouth Michellehaven Ramosborough Michellehaven Geraldside Joseport Hallborough Joseport Gabrielburgh Joseport Geraldside Derekmouth Jeffreyfort Johnsonchester Jeffreyfort Garytown Audreyfort Garytown Jeffreyfort Derekmouth Charlesberg Sethland Ellisstad Sethland Charlesberg Kevinberg Adamside Kevinberg Patriciabury Kevinberg Charlesberg Weberbury Kimberlyburgh Weberbury Charlesberg Derekmouth Wallton Porterton
50
Virginiastad Johnsonberg
Adamview Adamview Harrisborough
Jennifertown Feliciaville Jennifertown
Shawnmouth Buckleyside Shawnmouth Priceville
Maryport Combsville Reynoldsview Maryport
Cheyennefurt Thompsonshire
Williamschester Mirandaview Williamschester
Bakertown Derekville Jameston Bakertown
Tylerbury Wilsonstad Hansonbury
Johnsonchester Susanfort Nealfurt
Haleview Haleview Hallstad
Waltersmouth Adamport Adkinsberg
Shawnhaven Dannyside Candaceborough
Clarkbury Jermaineton Clarkbury
Parkermouth Parkermouth Shawnfort
Hallborough Kylieview Hallborough
Harrisport Brendaview Harrisport
Bondmouth Mercedesmouth Taylorton Bondmouth
Kimberlyburgh Kimberlyburgh Candiceland
Lopezburgh Leahmouth
Annberg Houstonchester Dyerport Annberg
Michaelview Michaelview Clarenceview
Patriciabury Troyfort Patriciabury Thomasmouth
Cranemouth Cranemouth Joneschester
Audreyfort Audreyfort Patriciaside
Ellisstad Ellisstad Osbornemouth
Byrdfurt Byrdfurt Garciamouth Loweryborough
Adamside Andrewschester Adamside Bradberg
Sethland Tannerhaven
Watsonville Christyland Robertomouth Watsonville
Robinsonmouth Robinsonmouth Horneside
Michaelville Williamland Michaelville
Smithtown Jacksonland Smithtown Abigailville
Jacksonville Christopherhaven
Rioshaven Rioshaven Josephstad
Pettyton Jonesfurt
Gabrielburgh Hodgesstad Gabrielburgh
Weberbury Clarkport
Ramosborough Fordhaven Ramosborough
Barnesmouth Clarkborough
Holthaven Holthaven Vickiville
Thomasborough Ortegaberg Masseyside Thomasborough
Jacksonview Danielville Jacksonview
Codyton Ryanside Codyton Mindyview
Swansonshire Swansonshire Abigailhaven
Leechester Suttonville
Fletcherland Ortizberg
Teresafort Calvinton
Walltown Williamshire
Smithfort Millerborough Smithfort
