0 58 1 56 67 56 24 6 9 83 40 192 82 177 147 177 82 128 176 19 128 173 44 12 140 145 140 31 97 59 32 41 5 182 70 155 70 5 41 32 59 97 31 2 83 176 85 84 90 55 34 76 165 51 142 47 98 77 36 78 34 4 57 34 50 93 21 80 183 80 154 80 21 93 50 123 126 94 71 10 71 94 88 18 87 17 79 107 26 62 12 53 20 53 60 54 60 185 28 157 42 45 162 8 30 194 15 64 139 64 88 23 0
77
0 0 73
1 1 69
2 2
154 3
4 4
5 5 74 75
6 6
50 7 50
8 8
9 9 52
10 10
107 11
12 12
51 13 51
78 14 78
15 15 33
155 16
17 17
18 18
19 19
20 20 81
21 21
142 22
23 23
24 24 46
70 25 70
26 26
67 27 67 96
28 28
177 29
30 30
31 31
32 32
34 34
176 35 37
36 36
185 38
123 39
40 40
41 41
42 42
183 43
44 44
45 45
47 47
139 48 63
54 49 54 92
53 53
55 55
56 56
57 57
58 58
59 59
60 60
194 61 72
62 62
64 64
98 65 91 98
145 66
140 68 86
71 71
76 76
77 77
79 79
80 80
82 82
83 83
84 84
85 85
87 87 95
88 88
147 89
90 90
93 93
94 94
97 97
128 99
