K B AD AM CF DI DK DI EL DG U DC EB AN DS DH AS R BF DV BJ EN FD BL M BL Q AW AH EU EV CY AE ED GC AF BB L CV CW CK FH CJ BR FT GK FR AU FG BI DB GJ P FJ BP EM DX FJ BO AP FV FE GI I AX AK BY V FI DD FZ CB BA G DF CB FO T EK FI GO AQ AC GF CT GF DL EQ CE FP O A BG FM DZ FM FU EH DN EZ CH FX DR BQ EG AG EV DE EO EY CC CM GR GL DP BX EJ CA B K
93
B B
G G
I I
L L
M M
P P EC
R R
T T
U U
V V
AE X
DL Y
AQ Z
DZ AB DZ
AF AF
AG AG GG
AH AH
DK AJ DK
AM AM
AN AN
AS AS
AW AW
AX AX
BA BA
BB BB
BY BE BY
BF BF
BG BG
BI BI
BJ BJ
BL BL
BO BO
BP BP
BQ BQ
BR BR
BX BX
CB CB
CE CE
CF CF
CJ CJ
CK CK
CM CM
AU CQ
CT CT
CW CW
CY CY
DB DB
DC DC
DG DG
DH DH
DI DI
DP DP
DR DR
DS DS
DV DV
DX DX
EM EA EM
ED ED
EG EG
EH EH
EJ EJ
EK EK GE
EL EL
EN EN
EO EO
EQ EQ
EU EU
EV EV
EZ EZ
FD FD
FE FE
FG FG
FH FH
FI FI
FJ FJ
FM FM
FO FO
FP FP
FR FR
K FS
FU FU
FV FV
FX FX
FZ FZ
GC GC
CA GD
GF GF
GI GI
GJ GJ
GK GK
GL GL
GO GO
GR GR
