89 105 103 189 107 120 136 0 125 107 199 184 27 111 186 70 184 128 47 174 49 81 94 82 89 184 194 142 137 156 37 49 183 185 79 85 88 65 141 63 69 147 120 79 151 117 0 199 137 31 104 93 97 192 36 133 124 65 122 61 134 76 156 183 192 25 127 151 168 138 137 154 149 99 196 59 97 13 25 142 49 134 120 115 169 88 76 89 161 0 138 53 89 99 142 166 120 91 162 63 31 142 84 0 166 74 0 196 25 45 9 156 97 54 69 37 61 89 37 106 24 176 151 82 38 36 89 93 18 128 73 122 0 104 111 31 179 27 169 69 194 16 106 61 162 0 73 27 170 43 54 0 179 186 85 121 170 124 148 149 1 126 1 133 31 108 89 21 0 186 31 16 9 69 151 18 88 89 120 149 126 89 24 18 49 121 20 0 124 126 128 0 120 17 0 148 176 13 47 15 0 16 43 13 0 121 89 126 0 183 0 170 0 168 0 149 0 103 0 99 0 81 0 60 0 56 0 47 0 31 0 89
69
61 100 61
53 96
179 179
122 178 122 102 114
169 101 169 78
149 132 149 39
94 86 94 173
142 197 188
104 172 130
127 127 4 80
79 79
136 3 136
88 88
47 190 98
121 33 121
18 18
151 151
43 51
97 97
99 99 44
124 124
36 36
183 183
199 199
125 125
128 128
20 109 160
45 135
115 29
81 81
59 59 75
37 37
85 146 85
107 107
148 148 58
16 16
69 69
194 194
21 21
106 195
54 11 83
170 5
27 27
25 25
189 189
89 12 187
13 13
38 41 38
174 191
111 111
31 64 6 31
74 193
73 73
156 156
24 23
65 65
133 133
56 155 56
192 192
108 112
49 140 144 49
162 32
9 48 9
161 118
1 1
147 147
141 141
82 82
70 70
