fmdhlepsteinstdnkill lkilltndepsteindsmfh tmsdnfdlkillhepstein nltdmsfepsteinkilldh fkillepsteindlhdnsmt stepsteinhkillfmnldd lnsmkilltfdepsteindh lhsepsteindtdnmkillf fhndskillepsteintldm tlsfdmdepsteinnhkill epsteinfsddmthkillnl hnsdkilllftdmepstein ddlmnftepsteinhskill fepsteinhsntddkilllm killmlepsteindthnfsd ntlepsteindmfdshkill nepsteinlmdkilldhfts epsteinkillnmsdhtdlf fkillepsteinmldnhstd depsteinnlsfmhtkilld dmepsteinfnhltkillsd fshtdepsteinmldnkill lndsdkilltmepsteinhf hsndepsteindlmtkillf tlmsdhdnkillfepstein fmsepsteindntldhkill epsteindfhlmdnskillt hnfdtmlepsteinkillds msfltdkillnepsteinhd fddsepsteinhnlkilltm ddtmkillepsteinflsnh hepsteinsddnfkillmlt lthfkilldnsmepsteind epsteinskilldlndhmtf fdshnmkillepsteinltd killnsfmhdepsteindtl nfdhkilllsmtepsteind dfkilllmtepsteinhdsn tdfepsteinnlhdkillsm ndkillftdsmepsteinlh killdmnsfhldepsteint flepsteindndhmtkills epsteinlshkilldnfdmt killepsteinlhtfdsmdn dnkillepsteinlshdtfm epsteindlsfdntmkillh fmdhlepsteinstdnkill
40
msfltdkillnepsteinhd msfltdkillnepsteinhd
nfdhkilllsmtepsteind nfdhkilllsmtepsteind
epsteindlsfdntmkillh epsteindlsfdntmkillh
fkillepsteindlhdnsmt epsteinkillmsftnddlh
dmepsteinfnhltkillsd dmepsteinfnhltkillsd
fdshnmkillepsteinltd fdshnmkillepsteinltd
fmsepsteindntldhkill fmsepsteindntldhkill
tlmsdhdnkillfepstein tmlepsteinsdnfkillhd lsdepsteinfmkillndth tlmsdhdnkillfepstein
killdmnsfhldepsteint killdmnsfhldepsteint epsteintdkilllnfdhms
lnsmkilltfdepsteindh lnsmkilltfdepsteindh
hnfdtmlepsteinkillds hdepsteinskillldtnfm hsdfepsteintlnkilldm hnfdtmlepsteinkillds
dnkillepsteinlshdtfm dnkillepsteinlshdtfm lmhdtfdepsteinnkills
killnsfmhdepsteindtl killnsfmhdepsteindtl
tlsfdmdepsteinnhkill tlsfdmdepsteinnhkill
killepsteinlhtfdsmdn killepsteinlhtfdsmdn dhkilllsepsteinmntdf
ntlepsteindmfdshkill ntlepsteindmfdshkill
epsteindfhlmdnskillt epsteindfhlmdnskillt dlnsthfmepsteinkilld
depsteinnlsfmhtkilld depsteinnlsfmhtkilld
fmdhlepsteinstdnkill nhmkilllsftepsteindd
fshtdepsteinmldnkill fshtdepsteinmldnkill
flepsteindndhmtkills flepsteindndhmtkills
ddtmkillepsteinflsnh ddtmkillepsteinflsnh
lndsdkilltmepsteinhf lndsdkilltmepsteinhf
nepsteinlmdkilldhfts nepsteinlmdkilldhfts
ndkillftdsmepsteinlh ndkillftdsmepsteinlh
hsndepsteindlmtkillf hsndepsteindlmtkillf
nltdmsfepsteinkilldh nltdmsfepsteinkilldh
tmsdnfdlkillhepstein mftkillepsteinndlhsd lhepsteinkilldtnmfsd
epsteinfsddmthkillnl dhepsteindsnlkillfmt
fepsteinhsntddkilllm fepsteinhsntddkilllm
stepsteinhkillfmnldd stepsteinhkillfmnldd
epsteinskilldlndhmtf epsteinskilldlndhmtf
hepsteinsddnfkillmlt nkilltdhlmdepsteinsf hepsteinsddnfkillmlt
fhndskillepsteintldm fhndskillepsteintldm
dfkilllmtepsteinhdsn dfkilllmtepsteinhdsn
epsteinlshkilldnfdmt epsteinlshkilldnfdmt
killmlepsteindthnfsd killmlepsteindthnfsd
ddlmnftepsteinhskill ddlmnftepsteinhskill
tdfepsteinnlhdkillsm epsteinmhndfkilltdls
hnsdkilllftdmepstein hnsdkilllftdmepstein
