dldkilltnmhfepsteins msddkilllthepsteinfn dlfdkilltepsteinhnms fhnmkillepsteinsdltd lepsteindnhstfdmkill tdkillepsteinsmhdfnl epsteintfhndkilllmsd epsteinsnmflhtdkilld dtsmdnlhfepsteinkill mkillthfdlnepsteinds skillthlfndepsteindm fsepsteindkillhmtdln killhdfnsepsteinmltd epsteinfsltkillnhddm dhkillldsepsteintnmf killtdmsdfhnepsteinl ltfnsdhepsteinkilldm killtepsteinddhlmnsf hnddkilltslmfepstein thdlskillnfdmepstein hnddkilltslmfepstein lkillfthdsepsteindnm ndkillthdepsteinlsmf dkillnmsfhtlepsteind tndskilldfepsteinmhl mdkillntepsteindfhsl dmldfhskillntepstein mfndlsdepsteinhkillt ldepsteindhkilltsmfn dfdepsteintlnskillhm epsteinshlkilldmnfdt dkillnmhldstfepstein hdntepsteinkilllsdfm dhtepsteinkillsdflmn hnsepsteinmkillfddtl dhsepsteintlkillmfnd lepsteindsmnhftdkill epsteinldtnfmshdkill fdmtdepsteinkilllsnh mdkilllfdnstepsteinh epsteinfthkilldnslmd ntmdhepsteinsdkillfl fddsmepsteintnkillhl lnepsteintdfmdshkill dnldkillhmfstepstein killdldepsteinmfsthn nepsteinfthdldmkills lhsntdepsteindkillmf lmkillepsteintsndfhd hepsteinntdkillsdmfl lmkillepsteintsndfhd ndshkilldmlepsteinft shfnmltepsteindkilld killtdslhfdepsteinnm fmtnkilldepsteindhsl fhdmnepsteindkillslt sldhnfmtdkillepstein tdfkillslepsteinhdmn tsdnhkilllmepsteindf killdepsteinmfltdshn dflstmkillepsteindhn lsmftnepsteinkillhdd hmdkilllnepsteinfsdt killhtdmdlnsfepstein sndldftmkillepsteinh nepsteindhkillltmsfd killthsepsteindmlfdn depsteinslkillhdftmn nftmskilldldepsteinh fthlkillnepsteindsdm depsteinftndhmkillsl tldkillhsfnmepsteind depsteinlfnmkilldsht tsmdepsteinkillhfdln lkilldtnmsepsteindfh dhmkillfdltnsepstein hdepsteinkillnfdlmts dkillldfepsteintsmnh hmndfkillslepsteintd epsteindmshtfldnkill hsepsteinfkillnmddtl nmdhepsteinkilltfsld epsteinhnkillsldfdmt mkilldlshdtfepsteinn epsteinhdkillltsmfdn dfkilllepsteinsnmhtd sdndhepsteinltkillfm killmdshdtnflepstein dlfdkilltepsteinhnms msddkilllthepsteinfn dldkilltnmhfepsteins
80
dlfdkilltepsteinhnms dlfdkilltepsteinhnms
sdndhepsteinltkillfm sdndhepsteinltkillfm
tldkillhsfnmepsteind tldkillhsfnmepsteind
mdkillntepsteindfhsl mdkillntepsteindfhsl
nftmskilldldepsteinh mdkillnlsdtepsteinhf nftmskilldldepsteinh
tsdnhkilllmepsteindf tsdnhkilllmepsteindf
tsmdepsteinkillhfdln tsmdepsteinkillhfdln killfthnmsdlepsteind
dhsepsteintlkillmfnd dhsepsteintlkillmfnd
fhdmnepsteindkillslt fhdmnepsteindkillslt
epsteintfhndkilllmsd epsteintfhndkilllmsd
killmdshdtnflepstein fdskillndtmepsteinlh
killhdfnsepsteinmltd killhdfnsepsteinmltd
killtdmsdfhnepsteinl killtdmsdfhnepsteinl
epsteinfsltkillnhddm fmltddhnepsteinskill
fddsmepsteintnkillhl fddsmepsteintnkillhl mndtkillepsteindlfhs
thdlskillnfdmepstein lepsteinkilldhfmstnd thdlskillnfdmepstein
lkilldtnmsepsteindfh lkilldtnmsepsteindfh
mfndlsdepsteinhkillt killmfndshdtepsteinl sdlhfnmdepsteintkill
mkillthfdlnepsteinds mkillthfdlnepsteinds
mdkilllfdnstepsteinh mdkilllfdnstepsteinh lkillepsteintdshmfnd
fhnmkillepsteinsdltd fhnmkillepsteinsdltd
sldhnfmtdkillepstein msepsteintlhnfkilldd tepsteinhsdkillmldfn sldhnfmtdkillepstein
fdmtdepsteinkilllsnh fdmtdepsteinkilllsnh
killtdslhfdepsteinnm slepsteinkillfmddhtn mhdskillldftnepstein killtdslhfdepsteinnm
hnddkilltslmfepstein dmtlsfhnkilldepstein
depsteinftndhmkillsl hepsteinnfdmlsdtkill depsteinftndhmkillsl epsteindkilltlmnhsfd
ndkillthdepsteinlsmf ndkillthdepsteinlsmf
dkillnmhldstfepstein dkillnmhldstfepstein
lmkillepsteintsndfhd lmkillepsteintsndfhd
shfnmltepsteindkilld shfnmltepsteindkilld
hdntepsteinkilllsdfm mhkillepsteinddlfsnt
msddkilllthepsteinfn msddkilllthepsteinfn
lhsntdepsteindkillmf lhsntdepsteindkillmf
epsteinsnmflhtdkilld epsteinsnmflhtdkilld
dtsmdnlhfepsteinkill dtsmdnlhfepsteinkill
ldepsteindhkilltsmfn ldepsteindhkilltsmfn
dfdepsteintlnskillhm dfdepsteintlnskillhm
depsteinlfnmkilldsht depsteinlfnmkilldsht lhepsteintndkilldsmf
tndskilldfepsteinmhl tndskilldfepsteinmhl
killhtdmdlnsfepstein killhtdmdlnsfepstein nfltdmkillsdepsteinh
dmldfhskillntepstein dmldfhskillntepstein
fsepsteindkillhmtdln fsepsteindkillhmtdln epsteinlmkillfshnddt
epsteinfthkilldnslmd epsteinfthkilldnslmd
lnepsteintdfmdshkill skillmfepsteinthddnl
epsteinhdkillltsmfdn epsteinhdkillltsmfdn
hepsteinntdkillsdmfl hepsteinntdkillsdmfl depsteintkilllnmsfdh
hmdkilllnepsteinfsdt hmdkilllnepsteinfsdt
dkillldfepsteintsmnh dlshdtepsteinnkillfm ldfsmnepsteinkilltdh
ltfnsdhepsteinkilldm ltfnsdhepsteinkilldm tepsteinmdfldhnskill
killdepsteinmfltdshn killdepsteinmfltdshn
fmtnkilldepsteindhsl mkillldnhepsteinstfd fmtnkilldepsteindhsl
tdfkillslepsteinhdmn tdfkillslepsteinhdmn
hnsepsteinmkillfddtl hnsepsteinmkillfddtl
hsepsteinfkillnmddtl hsepsteinfkillnmddtl
tdkillepsteinsmhdfnl tdkillepsteinsmhdfnl
sndldftmkillepsteinh sndldftmkillepsteinh
hmndfkillslepsteintd hmndfkillslepsteintd
killthsepsteindmlfdn killthsepsteindmlfdn
lkillfthdsepsteindnm dtnkillsepsteinmdfhl hnskillepsteintfdmld
killtepsteinddhlmnsf killtepsteinddhlmnsf
lepsteindnhstfdmkill lepsteindnhstfdmkill
dhmkillfdltnsepstein dhmkillfdltnsepstein
nmdhepsteinkilltfsld nmdhepsteinkilltfsld
epsteinldtnfmshdkill epsteinldtnfmshdkill
killdldepsteinmfsthn killdldepsteinmfsthn
mkilldlshdtfepsteinn mkilldlshdtfepsteinn
lsmftnepsteinkillhdd lsmftnepsteinkillhdd
depsteinslkillhdftmn depsteinslkillhdftmn
dkillnmsfhtlepsteind dkillnmsfhtlepsteind
ntmdhepsteinsdkillfl ntmdhepsteinsdkillfl
skillthlfndepsteindm skillthlfndepsteindm
dnldkillhmfstepstein dnldkillhmfstepstein
epsteinhnkillsldfdmt epsteinhnkillsldfdmt
nepsteindhkillltmsfd nepsteindhkillltmsfd
ndshkilldmlepsteinft ndshkilldmlepsteinft
dhtepsteinkillsdflmn dhtepsteinkillsdflmn
epsteindmshtfldnkill epsteindmshtfldnkill
dflstmkillepsteindhn dflstmkillepsteindhn
dfkilllepsteinsnmhtd dfkilllepsteinsnmhtd
fthlkillnepsteindsdm thnkillmddsepsteinfl
