BatonRouge Bellevue Bradenton Atlanta Baltimore Barnstable Augusta Bethlehem BonitaSprings Aberdeen Aurora Appleton Allentown Bremerton Albuquerque Beaumont Bridgeport Brownsville AnnArbor Birmingham Boulder AtlanticCity Buffalo Bellevue BatonRouge
19
Aberdeen Aberdeen BoiseCity
Bremerton Abilene
Augusta Albany
Albuquerque Albuquerque Boston
BonitaSprings Amarillo
Bellevue Anchorage Burbank
AnnArbor AnnArbor
Allentown Arvada
Atlanta Atlanta Berkeley
AtlanticCity AtlanticCity
Aurora Aurora
Barnstable Barnstable
BatonRouge BatonRouge
Beaumont Beaumont
Bethlehem Bethlehem
Birmingham Birmingham Bryan
Boulder Boulder
Bradenton Bradenton Cambridge
Buffalo Buffalo
