CorpusChristi ElPaso Akron DalyCity Canton Columbia Canton Bradenton Clearwater Bellevue BoiseCity Danbury DavidsonCounty AppleValley Amarillo Boise Chattanooga Escondido Chesapeake BatonRouge Asheville Austin Detroit Columbus Albuquerque Berkeley Arvada Carrollton Buffalo Davenport Anchorage Elkhart Champaign Anaheim CathedralCity Bremerton Denton Chicago Bridgeport Dallas BonitaSprings CedarRapids Burbank ElMonte CorpusChristi
40
Akron Akron
Albuquerque Albuquerque
CedarRapids Alexandria
Amarillo Amarillo Cincinnati
Anaheim Anaheim
AppleValley AppleValley Chandler
Chicago Appleton Chicago
Arvada Arvada
Asheville Asheville
BatonRouge Augusta
Austin Austin
Detroit Beaumont
Anchorage BelAir Deltona
Buffalo Bloomington Elizabeth
BoiseCity BoiseCity
BonitaSprings BonitaSprings
Clearwater Boulder Bryan Clearwater
Bremerton Bremerton
Bridgeport Bridgeport
Columbia Brownsville Columbia
Canton Canton
CorpusChristi CapeCoral CorpusChristi Downey
Carrollton Carrollton
CathedralCity CathedralCity
Champaign Champaign
Bradenton Charleston
Chattanooga Chattanooga
DavidsonCounty ColoradoSprings
Columbus Columbus
Dallas Dallas
DalyCity DalyCity
Danbury Danbury
Davenport Davenport
Denton Denton
Burbank Denver
Chesapeake Durham
ElMonte ElMonte
ElPaso ElPaso
Elkhart Elkhart
Escondido Escondido
