FortCollins Akron FortSmith FortWaltonBeach Kissimmee Amarillo Kissimmee AppleValley Corona Allentown Bremerton Allentown Detroit Beaumont Detroit Lacey Irving ChulaVista Howell Lubbock Louisville Columbia Barnstable Kenosha Gilbert Jacksonville AtlanticCity Bakersfield Cincinnati GulfportBiloxi Leominster Manchester HuntingtonBeach BoiseCity Eugene GrandRapids Garland Burlington Burbank BatonRouge Jefferson Dallas Abilene Greensboro LittleRock FortWaltonBeach FortSmith Arvada Hickory Arvada Fargo Charleston AnnArbor Berkeley FortWorth KansasCity Carrollton Frederick Hampton Lafayette Champaign Harrisburg ElkGrove Irvine LasVegas Kennewick LasVegas Layton Bloomington GreenBay Boston Bloomington Layton FortWayne Fairfield Joliet Fairfield Lancaster Erie Arvada DaytonaBeach Arvada Erie Buffalo Bradenton Bridgeport McAllen Chicago Clearwater Evansville Danbury Arlington Harlingen Knoxville Hemet ElPaso CollegeStation Lakeland Bellevue LasVegas Austin Lorain Albany Bryan Aberdeen Barnstable Brownsville Fayetteville Asheville DalyCity Houston Fresno Elkhart FortCollins
79
Aberdeen Aberdeen
Abilene Abilene
Akron Akron Elizabeth
DaytonaBeach Albuquerque
Amarillo Alexandria Amarillo
Allentown Allentown
Kennewick Anaheim Kennewick
Lancaster Anchorage Lancaster
AnnArbor AnnArbor
AppleValley AppleValley
Fayetteville Appleton Fayetteville
Arvada Arvada
Manchester Atlanta Manchester
BatonRouge Augusta
Austin Austin
Bakersfield Bakersfield
Charleston Baltimore BonitaSprings
Barnstable Barnstable
Beaumont Beaumont Bethlehem
Bellevue Bellevue Independence
Berkeley Berkeley ElMonte
CollegeStation Boise CollegeStation
BoiseCity BoiseCity
Bradenton Bradenton
Bremerton Bremerton Grayslake
Lacey Brighton Lacey
Brownsville Brownsville
Burbank Burbank
KansasCity CapeCoral DavidsonCounty
Carrollton Carrollton
Irving Cary Irving
Bryan CedarRapids
Champaign Champaign
Boston Chandler
Chicago Chicago
LasVegas Cleveland
Bloomington ColoradoSprings
Dallas Dallas
DalyCity DalyCity
Danbury Danbury
Layton Denver Layton
GreenBay DesMoines
Detroit Detroit
ElPaso ElPaso
Elkhart Elkhart
Erie Erie
Eugene Eugene
Evansville Evansville
Fairfield Fairfield
Fargo Fargo
Harrisburg Fontana Harrisburg
FortCollins FortCollins
FortWaltonBeach FortWaltonBeach
Frederick Frederick
GulfportBiloxi Fremont
Fresno Fresno Kalamazoo
Garland Garland
Gilbert Gilbert
GrandRapids GrandRapids
Hampton Hampton
Harlingen Harlingen
Hemet Hemet
HuntingtonBeach Henderson
Hickory Hickory Inglewood
Buffalo Hollywood
Houston Houston
Burlington Indianapolis
Irvine Irvine
Jacksonville Jacksonville
Jefferson Jefferson
Joliet Joliet LasCruces
Knoxville Knoxville
Lafayette Lafayette Lakewood
Lakeland Lakeland
Leominster Leominster
LittleRock LittleRock
Lorain Lorain
Louisville Louisville
Lubbock Lubbock
