152 75 50 184 101 139 134 95 0 95 35 166 81 9 69 126 37 49 46 39 136 108 89 60 89 187 14 85 61 45 160 157 121 104 12 186 80 1 58 112 31 111 185 183 51 154 78 123 54 115 59 53 82 102 181 125 5 113 4 161 56 147 116 165 73 41 133 41 149 150 149 24 143 24 173 94 130 94 105 140 169 142 36 169 140 76 13 38 6 144 65 110 171 68 97 27 79 19 152
62
31 31
142 142 28
97 97
116 116
89 89
105 105
79 79
169 169
157 157
123 170
45 45
112 112
56 56
134 134
51 172 51
37 37
9 9
160 175
150 163
41 41
35 35
95 95
171 171
111 111 168
139 139
78 78
165 165
143 143 151
73 73 92
81 81
12 12
58 58
50 50 153
36 87
166 166
85 85 96
149 149
5 5 182
130 130 180
121 121
60 60
27 27
183 183
133 90
65 65
0 145 0
126 126
113 113
13 13 42
94 94
136 136
184 184
144 144
53 53
181 181
154 2
101 101
54 54
108 8
38 38
75 75
68 66
