location12 location84 location19 location8 location57 location91 location13 location51 location67 location26 location1 location60 location74 location65 location16 location79 location17 location11 location77 location0 location72 location32 location86 location87 location43 location38 location75 location83 location98 location54 location42 location71 location47 location27 location55 location63 location89 location22 location84 location12
28
location12 location12
location13 location13
location26 location26
location72 location72 location36 location94
location1 location1
location51 location51
location57 location57
location11 location11
location79 location79
location63 location63 location5
location91 location49 location31
location86 location86
location19 location19
location8 location24
location71 location71
location60 location60
location0 location0
location87 location87
location27 location27
location47 location35
location89 location89
location98 location14
location65 location28
location74 location74
location54 location54
location16 location16
location67 location67
location77 location77
