WNYCV K1ZSD XTUSM UUOP5 18R1B H7R17 XRQ65 EQWAL OE5TB HR8IA GXYLV BO3AW 1XUNX 1NBGE XDKMD 2PD2W GAXPM QTZLJ 77EY5 KRLTG URMBF XBRKQ HZ80H CUG55 H8ZPW ULCTZ 7CXN0 YMTTJ KB443 X2AM4 TG5ZG 91RFG PQ40E EYREL KR27P B8UZ8 1ACIU 65TK9 HHCET WH9QK XPFOM 9HVLF BMC9X ZA57Z 1BUOS V11OW 5I6U4 2KYXC F07YB QSI1X 1UWW5 WNYCV
46
XRQ65 XRQ65
1ACIU 1ACIU XD7IR
H8ZPW H8ZPW
GXYLV GXYLV
TG5ZG TG5ZG
EQWAL EQWAL
91RFG 91RFG
OE5TB OE5TB
KB443 KB443
QSI1X QSI1X
PQ40E F5YBY
QTZLJ QTZLJ
HR8IA HR8IA
ULCTZ ULCTZ
V11OW V11OW
XPFOM XPFOM
77EY5 77EY5
K1ZSD K1ZSD
5I6U4 5I6U4
XTUSM XTUSM UGOIO
KRLTG KRLTG
XBRKQ XBRKQ H212X
UUOP5 UUOP5
ZA57Z ZA57Z
1BUOS 1BUOS
URMBF 2FT0Z URMBF
X2AM4 X2AM4
KR27P 42QVU
1UWW5 1UWW5
GAXPM GAXPM
EYREL EYREL
B8UZ8 B8UZ8
1NBGE 1NBGE
XDKMD XDKMD
CUG55 CUG55
HHCET HHCET
65TK9 65TK9
7CXN0 7CXN0
BMC9X BMC9X
BO3AW BO3AW
9HVLF 9HVLF
YMTTJ YMTTJ
HZ80H HZ80H
F07YB F07YB
2KYXC 2KYXC
18R1B 18R1B
