4HOMU ZRPB5 61QWU TI35I 6NY7T CM5WA 6NY7T BE5V8 4WDJE W2M5C Q7FCL ELH5L UW44H 52MNN 4YS4G ZN2EP IZESQ KC9RF 0U9HU H3R1V WZB33 JF7TT DTPF4 TORQI 1F0YL FCYPJ RAAD4 O9J47 PMFJ2 3AIXW Q5DAA ZZH8Z 0D2BR Q02X6 945CN 1RS2N DCHO3 PYPSO 8EXDQ V8GEC FMCVK PXCIN 2BUI5 A1QRL HZHRA RU85S 50J5H SHOOM AT3CI VHCFR AT3CI L2PQE LEBVZ SYV5N HV4Z2 XEEQB 2C63O LIRLU X180A DDXG0 CFGE5 6OA3K K50JQ 7U3JG 53Y1R 7U3JG C8O6I UDYJK DOLRQ 45JXE PTADN YJ67U 8CLEZ Z22CS KOYRV KN0CP 6ACGE IF7TL LLTLN LKP22 MC71K BVMDZ C45HH H1LTE HWKGJ EDSMH WI88U P419D 768ZF FRZVP FDYXL WXZHF Y61KP TBPBM M1HJR NPDI9 P419D OIPRN C7WKJ 4HOMU
88
L2PQE L2PQE TCC7B
945CN 945CN
TORQI L2GJ5 TORQI
2C63O 2C63O
SYV5N SYV5N
768ZF 768ZF
RU85S RU85S
KOYRV KOYRV
XEEQB XEEQB
KC9RF KC9RF
ZN2EP ZN2EP
45JXE 45JXE
UW44H UW44H
0D2BR 0D2BR
M1HJR M1HJR ZHSBU
LIRLU LIRLU
1F0YL 1F0YL
DOLRQ DOLRQ
HV4Z2 WP2MA
50J5H 50J5H
CFGE5 CFGE5
Q7FCL Q7FCL
KN0CP 0VPRW V22SY
SHOOM SHOOM
HWKGJ HWKGJ T9O11
6ACGE 6ACGE
DTPF4 DTPF4
2BUI5 7GA8O 2BUI5 6WOBI
7U3JG 7U3JG
BE5V8 BE5V8
61QWU TY0L7 61QWU
W2M5C W2M5C
4YS4G SA6G0
WI88U WI88U
DCHO3 DCHO3
RAAD4 RAAD4
FRZVP FRZVP
HZHRA HZHRA
53Y1R 53Y1R
TI35I TI35I
Y61KP Y61KP
FMCVK 9WSXC
C7WKJ C7WKJ
P419D P419D FC0PR
NPDI9 NPDI9
ZZH8Z ZZH8Z
IF7TL IF7TL
PXCIN PXCIN
K50JQ K50JQ
4HOMU JXLE1
H1LTE H1LTE OLLV9
DDXG0 DDXG0
PTADN PTADN
IZESQ IZESQ
3AIXW 3AIXW
1RS2N 1RS2N
0U9HU 0U9HU
WZB33 WZB33
Q5DAA Q5DAA SKPO7
4WDJE 4WDJE
8EXDQ 8EXDQ
FCYPJ FCYPJ
VHCFR W2H22 VHCFR
PYPSO PYPSO
CM5WA CM5WA
AT3CI AT3CI
ZRPB5 ZRPB5
LEBVZ LEBVZ
C45HH C45HH
ELH5L ELH5L
FDYXL 69BJO
X180A X180A
52MNN 52MNN
WXZHF WXZHF
OIPRN OIPRN
MC71K MC71K
BVMDZ BVMDZ
6OA3K 6OA3K
C8O6I C8O6I
LLTLN LLTLN
A1QRL A1QRL
YJ67U YJ67U
V8GEC V8GEC
PMFJ2 PMFJ2
8CLEZ 8CLEZ
LKP22 LKP22
TBPBM TBPBM
EDSMH EDSMH
