fab8g B3NSd ZlgGe F7m3U tQXF5 lJJK2 lcarA G944F 015ql l0HDP c17Qf nScgp qchZ3 4GEPG g1WJz Vjk2Z KB016 HKgVO RnwlC yM9nQ BJ1iC Lqz0g 7J90B RgC1Q 3XMfZ adW6k ciJ7c wKKkJ tEdSo 2Z0oU pesnn O1QPI 9ZatH fhc2k dAx9s BybTG RhMSo o4F0A 3FUsL cQMFl 1SvIs KWmhW AGorf 5Ix1v LBzlR CT8M8 1pNjr VIl39 kCdcu n9AEE rzyrR b4E7v aiycm cDkiZ TtUXd Bw1D7 cm8oa Nbb6U 8PY0r mgHYN gwQSf nRTkO lJfgZ PpZP8 1OpM2 guI5B uQK8T HaHFT P5ucv eDWES x8KLa H6HgM G91ym BWyM2 9u8oD Q0oXi fr0Bd 4b2sA DHhK9 bepE0 XDGuI sF84c TQZik 0YoJb VUKiE 1xx4U wiGnS iy8Ty f5Qx2 8xyrX L54Jg Flgse Gt2w1 GHmnJ 4ORRk 8tK4L FW6DI KzS0e bD2TR obqW1 fab8g
100
7J90B 7J90B
cDkiZ cDkiZ
iy8Ty iy8Ty
guI5B guI5B
bD2TR bD2TR
fab8g fab8g
gwQSf gwQSf
PpZP8 PpZP8
LBzlR LBzlR
Nbb6U Nbb6U
Flgse Flgse
Gt2w1 Gt2w1
1pNjr 1pNjr
015ql 015ql
cm8oa cm8oa
8tK4L 8tK4L
BWyM2 BWyM2
G944F G944F
8PY0r 8PY0r
KzS0e KzS0e
Bw1D7 Bw1D7
HaHFT HaHFT
GHmnJ GHmnJ
eDWES eDWES
Vjk2Z Vjk2Z
lJJK2 lJJK2
mgHYN mgHYN
n9AEE n9AEE
4GEPG 4GEPG
tEdSo tEdSo
b4E7v b4E7v
G91ym G91ym
wiGnS wiGnS
bepE0 bepE0
2Z0oU 2Z0oU
AGorf AGorf
TQZik TQZik
FW6DI FW6DI
3XMfZ 3XMfZ
RgC1Q RgC1Q
Q0oXi Q0oXi
aiycm aiycm
lJfgZ lJfgZ
g1WJz g1WJz
1SvIs 1SvIs
BJ1iC BJ1iC
0YoJb 0YoJb
VIl39 VIl39
pesnn pesnn
CT8M8 CT8M8
KWmhW KWmhW
obqW1 obqW1
HKgVO HKgVO
O1QPI O1QPI
cQMFl cQMFl
DHhK9 DHhK9
5Ix1v 5Ix1v
yM9nQ yM9nQ
l0HDP l0HDP
kCdcu kCdcu
nScgp nScgp
1OpM2 1OpM2
lcarA lcarA
H6HgM H6HgM
XDGuI XDGuI
adW6k adW6k
ciJ7c ciJ7c
o4F0A o4F0A
4ORRk 4ORRk
TtUXd TtUXd
nRTkO nRTkO
RhMSo RhMSo
qchZ3 qchZ3
tQXF5 tQXF5
BybTG BybTG
F7m3U F7m3U
RnwlC RnwlC
KB016 KB016
9u8oD 9u8oD
L54Jg L54Jg
dAx9s dAx9s
wKKkJ wKKkJ
ZlgGe ZlgGe
c17Qf c17Qf
4b2sA 4b2sA
rzyrR rzyrR
uQK8T uQK8T
sF84c sF84c
P5ucv P5ucv
f5Qx2 f5Qx2
3FUsL 3FUsL
9ZatH 9ZatH
fhc2k fhc2k
1xx4U 1xx4U
Lqz0g Lqz0g
8xyrX 8xyrX
x8KLa x8KLa
B3NSd B3NSd
VUKiE VUKiE
fr0Bd fr0Bd
