cy4fm w4BF1 5rdYI 7l0Vw lA2MC 8aYYW kbRYl NvAYI EWhpw tao9t uWr4y C565q 6ceXl yMPWG DCl5F Iks3D Xhpv3 Cfmbw nogr2 3iQ53 G6G4p jse5F 1H2uK 19YKC P8Fbf zQjQm hOy4D rUUVt LNh60 gk2cW P3lE7 uT5W0 vSPJ5 yFKGt X6hJp F2nEN GHZOS C0eRL OoKEI qt5AA IjjWK FnVf8 KYsbm di7h7 7XIxZ Vjg5l dU1Ub OFvld BoNoJ wdXpe 8RNd8 cy4fm
50
uT5W0 uT5W0
P3lE7 P3lE7
C565q C565q
lA2MC lA2MC
P8Fbf P8Fbf
yMPWG yMPWG
rUUVt rUUVt
5rdYI 5rdYI
vSPJ5 vSPJ5
Iks3D Iks3D
FnVf8 FnVf8
X6hJp X6hJp
qt5AA qt5AA
6ceXl 6ceXl
di7h7 di7h7
yFKGt yFKGt
Vjg5l Vjg5l
zQjQm zQjQm
DCl5F DCl5F
LNh60 LNh60
3iQ53 3iQ53
tao9t tao9t
BoNoJ BoNoJ
KYsbm KYsbm
wdXpe wdXpe
G6G4p G6G4p
IjjWK IjjWK
OFvld OFvld
GHZOS GHZOS
C0eRL C0eRL
hOy4D hOy4D
EWhpw EWhpw
1H2uK 1H2uK
w4BF1 w4BF1
Cfmbw Cfmbw
kbRYl kbRYl
Xhpv3 Xhpv3
19YKC 19YKC
8aYYW 8aYYW
7l0Vw 7l0Vw
gk2cW gk2cW
F2nEN F2nEN
7XIxZ 7XIxZ
NvAYI NvAYI
nogr2 nogr2
uWr4y uWr4y
jse5F jse5F
dU1Ub dU1Ub
OoKEI OoKEI
8RNd8 8RNd8
