0 92 159 2 123 94 121 94 122 178 12 43 100 163 164 2 176 119 50 118 23 196 149 148 88 150 36 169 170 110 109 21 154 93 14 116 25 115 30 104 59 103 165 166 30 136 187 188 137 85 64 35 113 112 35 64 60 143 192 191 142 60 96 139 96 140 29 125 180 179 124 97 126 38 183 130 95 131 184 41 181 127 77 33 185 133 91 78 31 106 167 168 107 31 108 7 51 151 197 198 152 51 7 146 194 193 145 80 147 18 161 160 0
83
100 100
43 101 102
103 103
104 104
59 105
106 106
107 107
108 108
109 109
110 110 111
112 112 171
113 113 172
35 114
115 115 173
116 116 174
25 117
118 118 175
119 119
50 120
121 121 177
122 122
123 123
124 124
125 125
126 126
127 127
77 128 129
130 130
131 131
95 132
133 133
91 134 135
136 136
137 137
85 138
139 139 189
140 140 190
96 141
142 142
143 143
60 144
145 145
146 146
147 147
148 148 195
149 149
150 150
151 151
152 152
51 153
154 154
93 155 156
92 157 158
159 159
160 160
161 161
0 162
163 163
164 164
165 165
166 166
167 167
168 168
169 169
170 170
176 176
178 178
179 179
180 180
181 181 182
183 183
184 184
185 185
33 186
187 187
188 188
191 191
192 192
193 193
194 194
196 196
197 197
198 198
