Soda InternationalHouse Jupiter Irvine DeltaDelta FantasticComics Chino Tuxcacuesco TripleRock Perris Rasputin Tijuana SouthGate Gregoire Pomona Upland SanMiguel Sacramento Cancun SanDiego ChiOmega BayStreet Saturn Myto Fontana CafeTibet AlphaChi Whittier Tuhuamixtel BAMPFA Platano Venus CREAM SanBernardino Tang SigmaKappa Jalisco Riverside Ashby Compton Kips DKingGallery Tako LosAngeles BerkeleyHigh Mars SantaBarbara ChezPanisse Talpa Emeryville BerkeleyHillel VictoryPoint ElGrullo AlphaCentauri Guadalajara MexicoCity Soda
55
ChiOmega ChiOmega
SigmaKappa SigmaKappa
AlphaChi AlphaChi
DeltaDelta DeltaDelta
InternationalHouse InternationalHouse
BerkeleyHillel BerkeleyHillel
BerkeleyHigh BerkeleyHigh
Jupiter Jupiter
Mars Mars
Venus Venus
Saturn Saturn
AlphaCentauri AlphaCentauri
Gregoire Gregoire
BayStreet BayStreet
Emeryville Emeryville
Pomona Pomona
Compton Compton
Ashby Ashby
Perris Perris
Fontana Fontana
SanBernardino SanBernardino
Upland Upland
Chino Chino
Whittier Whittier
SouthGate SouthGate
Tijuana Tijuana
SanDiego SanDiego
Jalisco Jalisco
Guadalajara Guadalajara
SanMiguel SanMiguel
Tuxcacuesco Tuxcacuesco
Talpa Talpa
ElGrullo ElGrullo
MexicoCity MexicoCity
Tuhuamixtel Tuhuamixtel
Myto Myto
Kips Kips
TripleRock TripleRock
Rasputin Rasputin
CREAM CREAM
Tako Tako
Tang Tang
Cancun Cancun
DKingGallery DKingGallery
BAMPFA BAMPFA
Platano Platano
CafeTibet CafeTibet
FantasticComics FantasticComics
SantaBarbara SantaBarbara
Sacramento Sacramento
LosAngeles LosAngeles
Irvine Irvine
Riverside Riverside
VictoryPoint VictoryPoint
ChezPanisse ChezPanisse
