Soda Foothill Unit1 Wheeler Haas GBC RSF LakeMerrit Hertz BC Sproul Morgan Unit2 MemorialStadium GoldenStatePark TheRoof Blackwell Unit3 MainStacks ClarkKerr Wellman MLK BWW Doe Mulford Stephans Barrows Soda
26
Doe Doe
Wheeler Wheeler
Stephans Stephans
Haas Haas
Hertz Hertz
Barrows Barrows
RSF RSF
Sproul Sproul
GBC GBC
MLK MLK
BWW BWW
MemorialStadium MemorialStadium
MainStacks MainStacks
Morgan Morgan
Mulford Mulford
Wellman Wellman
Unit1 Unit1
Unit2 Unit2
Unit3 Unit3
Blackwell Blackwell
BC BC
Foothill Foothill
ClarkKerr ClarkKerr
LakeMerrit LakeMerrit
GoldenStatePark GoldenStatePark
TheRoof TheRoof
