5 4 33 137 42 165 193 29 164 140 2 60 72 90 149 28 180 65 30 25 105 79 83 117 136 170 199 166 32 179 78 100 192 18 190 93 86 85 184 196 77 189 103 162 52 121 34 138 116 134 116 138 69 183 69 138 55 102 158 45 139 67 119 43 47 81 76 34 133 186 112 82 27 174 101 1 99 37 64 130 150 191 74 187 154 46 48 118 113 88 40 155 96 175 22 35 20 94 109 58 109 94 39 94 5
79
112 10 171
191 194
1 1
100 100
47 47
28 28
65 178
133 133 68
45 14
85 85
2 2
150 91
48 48
33 33
166 122
76 76 156
32 32
187 187
82 146
138 138
37 37 177
96 96
199 199
35 135 26 188 110
174 174
39 39 92
140 140
27 53
67 67 41
25 25
103 103
34 9 34
69 69 153
193 193
83 104 83
105 105 17
74 31
109 168 75
162 162
134 50
190 16
116 116
46 46
164 164
137 137
20 20 11
121 157
165 63 173
58 152 58
180 180
40 123
196 196
52 52
192 192
43 43
77 143 77
119 71
102 102
113 61
86 44
189 189
158 158 80
170 170
81 81 151
101 101
55 55
183 51 183
64 64
99 99
90 159
42 42
18 18
184 184
154 154
179 179
149 149
118 56
22 22
78 78
