A42 A100 A184 A23 A57 A176 A58 A35 A130 A159 A31 A146 A118 A91 A93 A183 A84 A43 A163 A124 A12 A139 A142 A83 A114 A72 A125 A182 A125 A168 A7 A4 A115 A77 A82 A194 A28 A169 A64 A191 A30 A189 A30 A196 A127 A32 A137 A16 A0 A98 A148 A98 A144 A106 A149 A39 A76 A187 A117 A50 A65 A170 A66 A45 A108 A9 A167 A13 A88 A56 A154 A2 A5 A136 A67 A133 A51 A11 A158 A17 A151 A95 A177 A112 A21 A44 A166 A185 A193 A40 A73 A172 A143 A186 A34 A186 A107 A78 A100 A42
81
A115 A179
A118 A118
A9 A105 A9
A13 A75 A70 A13
A193 A20 A193
A65 A65
A82 A82
A182 A102 A182
A148 A148 A192
A78 A78
A139 A139
A58 A58
A84 A84
A42 A42 A71
A196 A196
A51 A51
A72 A72 A37
A106 A106
A159 A159
A185 A185
A39 A39
A142 A142
A30 A90 A30
A127 A127
A32 A32
A176 A176
A44 A120
A21 A21
A130 A130
A40 A40
A34 A94 A34
A4 A4
A117 A117
A5 A5
A125 A181
A100 A100
A167 A167
A23 A23
A2 A2 A135
A124 A124 A145
A95 A95
A11 A122
A93 A93
A76 A76
A186 A111
A177 A177
A183 A183
A189 A3 A189
A98 A132 A98
A143 A143
A172 A172
A184 A184 A92
A144 A144
A73 A123
A45 A45
A194 A194
A57 A57 A38
A0 A0
A43 A43
A7 A7
A154 A154
A35 A35
A66 A126
A83 A103
A107 A107
A88 A113 A88
A168 A54
A137 A137
A17 A17
A191 A46 A191
A67 A67
A151 A96
A136 A136
A149 A33
A28 A28
A64 A64
A187 A187 A198
A16 A16
A77 A77
A146 A128
A114 A114
