COM COL IDN HTI GUM HKG MDA GLP REU SDN MEX POL ARE AND ALB QAT SGP RUS BLZ BEN BLM BHR BOL BIH AZE BRA MYT MUS DJI MUS SGS SHN CHN COD GNQ PAK HUN JPN LBN KOR LCA HRV HMD MMR NPL PRY PNG PLW NIU CZE DEU CXR MWI MYS IRN MYS EGY GHA GIB ESP GEO GBR FRA ESH ETH GAB FIN FSM NGA NFK NGA GMB GRC HND COK CPV LIE LTU KWT LKA BVT CAF NRU PSE MLT CRI KGZ LAO KGZ CRI PRT ATG AUS NIC ABW NER COM
75
CAF CIV CAF
HTI CAN HTI
HND HND MAR
PRY MOZ PRY
MWI ITA
KOR KOR
NER NER MTQ
MYT MYT
REU REU AFG
GRC GRC
LAO LUX LAO
CXR CXR
LIE LIE
EGY EGY
MMR MMR
GNQ GNQ
GMB PAN GMB
NPL NPL
SHN SHN
FRA FRA
ESP ESP
LKA LKA
BLM BLM
COD COG COD
GIB GIB
CPV MAC MLI CPV RWA
SGS LBR KHM NZL SGS
MEX MEX
ATG ATG
MDA MDA
IDN IDN
AND ARM
MYS DZA
SDN SDN
NRU NRU
GBR GBR
LBN LBN
BHR BDI BHR
DJI DMA DJI
BIH BHS
KGZ KNA
GUM GUM
RUS RUS
COL COL
NIC IRL NIC
BEN BEN
COK COK
HKG HKG KAZ
NFK NFK JEY ALA
ESH ESH ECU
ALB ALB
HRV HRV
AZE AZE
HMD HMD
PNG PNG
PAK PAK
FSM GIN FSM
GEO GEO
DEU CYP DEU
POL POL
CHN CHN
KWT KWT
FIN FIN
IRN IRN IOT
HUN HUN
AUS AUS
LTU LTU
ARE ARE
PSE PSE
ABW ABW
NIU NIU
GAB GAB
JPN JPN
BOL BMU
GHA GHA
