DZA GBR FRA FRO GEO HND DMA ATA ATF ASM DOM CUW DNK ARE CYM BGD BFA BLM BES BLR CCK CMR HKG GRL GLP BGR BDI BEL BRN COD CAN CIV BVT CAF COG GTM GUY GNQ GRD GUM ETH ERI FSM ECU FIN ESP AND ALB DZA
39
COD COD
FIN FLK FIN ABW
BRN BRN
DMA DJI
AND AND
FRO FRO
CAF CAF
GTM HMD
ALB ARG ALB
GRD GRD
DOM BHS DOM AUS
HND HND
BLM BLM
CCK CCK
GNQ GNQ
GLP GLP
CIV CHE
BGD BGD
GUY GRC CUB
ATA ATA
FSM FSM GHA
ARE ARE
BES BES
COG COG
GEO GEO
CYM CYM CXR CZE
DNK DNK
BDI BDI
GBR GBR
BVT BVT
ATF ATF
ECU ECU
CAN BRB CAN
CUW CUW
ERI ERI
FRA FRA
BFA BFA
BLR BEN BLR
HKG HKG
