9c2647cde6e44cc385c8 44c8674ccef1477b965f 2aadaae628fa4024b08e 9c2647cde6e44cc385c8 5215b0f0bd724c5cb095 df9fcc997b4f4a18b94a ef84408a20334d7d9940 8d368bb67c5c46c5867d df9fcc997b4f4a18b94a d8780223b4744b5b91e5 b42e69fcc93540ff9100 9c2647cde6e44cc385c8 df9fcc997b4f4a18b94a 8d368bb67c5c46c5867d d8316f23d67e43ccb5e7 8d368bb67c5c46c5867d 9d3cca8f993b4a05a976 44c8674ccef1477b965f 8fb88a81c320403c8940 8ae0afe573b34065b929 d8316f23d67e43ccb5e7 072f6cb2b13c4dba9ed8 9a6fd45cb4d44509bce9 44c8674ccef1477b965f df9fcc997b4f4a18b94a e6237b02869349c2bcc8 9d3cca8f993b4a05a976 0753fe21061c4e058dad d8780223b4744b5b91e5 a581f1b5cd374bd0ba96 9c2647cde6e44cc385c8
18
8ae0afe573b34065b929 a22afbff48914ac888a0 664988394a5f48d79e79 934f0cae8959401e9aa3 ce2f0e6b8eb94a748c7d 4c8b2bb0f24f4375a715 9b9da0cbe5514fabb1ae 0f214fa889a6406e8826 00dd89601f03490d8809 e0d1e21ff6cc4d64aff7
d8780223b4744b5b91e5 af0a537d56ff42a99a0a 5a3b69fa8cfb4982a27c dee15252c0e54b84beaf d8780223b4744b5b91e5 7e0770b0df094f329117
e6237b02869349c2bcc8 fa1e4bc6ddcc462f984f 7a1df78f40b245bfbb97 5b7e4d089e434c6a9293 26a1d084007f489fba55 53afa325a7d34c438292 bbd144150de64860b03c 06635824d9b841f7b41e e6237b02869349c2bcc8 205f1eddbda0478aada6 5fd6476364e640bea476
072f6cb2b13c4dba9ed8 5dc9f852f2454533879f babcd00b2c484c36bc48 1c62a698c79e460eb5ff 82654fedf62042cb92dc cd51464f29fe4984870b eff3a759e4134e70a252
a581f1b5cd374bd0ba96 a581f1b5cd374bd0ba96 3574209d67b74478ae2e fc38d8b64f88401c97fd f47cbc59a0584307a0f1 884523a7277b40f4972f c15cfb41ef824fd2a1c0
ef84408a20334d7d9940 e3726a85ffc34b1282cf f74897e94729433fa22f c69875060dcb453ead1a ef84408a20334d7d9940 c7ef0821b71641f390ee 2b0e5d986b0a4f1cb926
9d3cca8f993b4a05a976 74bfaa171ba342fc9e58 884e85a591684c7ebc61 42f0effdbad6403aad72 ec162ad32a614344923a
0753fe21061c4e058dad e74a97c92dba4d8ea2d5 b96177c96ab740b3965b 0753fe21061c4e058dad 404713e80e9740c9b7cd 5b3dce289f444b0aa162 bd01ba7047cb4d04a847 e05275dbed2540ddb1d0
2aadaae628fa4024b08e 19f204e30ad4442cb966 242983dadb1f4402a4a9 e5a9ca3b130945588284 2bcf7711ba8b49129f0c b927c43e198546078ea6 e87b98454fe24297b210 dbfc82377b8f4429bc5e c947a496d2b34bb89bb9
5215b0f0bd724c5cb095 d5bccd7804014eca8c6c b3931f6d1087486cb913 bb5eae787bbc407b98a6 2783e022fae94929bf16 a0f6a505c8184e86afc9 d4f8d48cee014966a5b7 5215b0f0bd724c5cb095
9a6fd45cb4d44509bce9 8a66a2d4fdf74f2e9b0e 9a6fd45cb4d44509bce9 85ec82d3a96e4436a5a2
d8316f23d67e43ccb5e7 ca0b4771edab4289a9de 1a4c9d2bea59474aa118 b3a599b5126842e1bf24 54de46f8d4f647d1baa7 e5d122afc38c45dea5ae d8316f23d67e43ccb5e7
8d368bb67c5c46c5867d cfa4f7b46ab548c1a67a 9b93a8a7d0b543339985 df9c93ed7a63447389dd 529d899e8f2545bfbc5a 87788962cd304b248baf 8e02573f1324425c9311
b42e69fcc93540ff9100 d484483c58914446843f b42e69fcc93540ff9100
df9fcc997b4f4a18b94a df9fcc997b4f4a18b94a 33edfebd58804049be59 76432c67ac2d44b384c1 09b94d1b44c348ceadb9
8fb88a81c320403c8940 849492e2a4f04946a2c6 a2e35f0c3c9143c68a9e 8fb88a81c320403c8940 fab56f22f8684dd18893 0a53d934f24848f9bda3 42e3ccb6ddd54a0aa3cb
9c2647cde6e44cc385c8 910d00572d9d42cebb4a 211ddbbf614a47428f13 b47b7b94e7d74f398b8f
44c8674ccef1477b965f 12a170c171ef44d4b662 44c8674ccef1477b965f
