Soda 157 197 195 182 118 162 123 150 123 117 120 103 175 103 159 149 166 136 196 190 122 147 162 118 109 113 148 173 169 177 165 177 164 183 154 146 102 132 130 114 173 115 189 125 153 125 181 121 106 143 106 167 108 167 99 163 185 168 179 178 172 134 156 128 112 119 158 193 197 129 155 172 176 104 176 139 111 165 174 116 144 170 188 180 188 170 131 135 100 186 157 131 152 138 152 126 112 198 105 140 171 194 142 198 142 110 141 110 170 144 187 127 191 101 191 162 184 145 184 124 161 160 192 160 137 151 137 133 107 161 124 Soda
100
99 99
100 100
101 101
102 102
103 103
104 104
105 105
106 106
107 107
108 108
109 109
110 110
111 111
112 112
113 113
114 114
115 115
116 116
117 117
118 118
119 119
120 120
121 121
122 122
123 123
124 124
125 125
126 126
127 127
128 128
129 129
130 130
131 131
132 132
133 133
134 134
135 135
136 136
137 137
138 138
139 139
140 140
141 141
142 142
143 143
144 144
145 145
146 146
147 147
148 148
149 149
150 150
151 151
152 152
153 153
154 154
155 155
156 156
157 157
158 158
159 159
160 160
161 161
162 162
163 163
164 164
165 165
166 166
167 167
168 168
169 169
170 170
171 171
172 172
173 173
174 174
175 175
176 176
177 177
178 178
179 179
180 180
181 181
182 182
183 183
184 184
185 185
186 186
187 187
188 188
189 189
190 190
191 191
192 192
193 193
194 194
195 195
196 196
197 197
198 198
