Soda 3 4 13 39 21 23 61 31 91 62 91 122 79 84 85 36 2 67 82 166 121 49 96 87 100 98 27 17 41 24 33 99 18 92 40 48 22 80 78 51 65 101 5 69 59 94 12 47 63 76 73 81 126 133 126 81 72 14 68 58 28 9 50 Soda
60
2 2
3 3 95
4 4 38
5 5 57 83 90
14 6 14 20 35 88
13 7 13 29 89
39 8 39
9 9 54
41 10 25 41 52
72 11 71 72
12 12
126 15
133 16
17 17
18 18
61 19 61
21 21
22 22 44
23 23 55
24 24
101 26 101
27 27
28 28
31 30 31
122 32 34 60
33 33
36 36
99 37 64 99
40 40 74 75
73 42 46 73
50 43 50
121 45
47 47
48 48
49 49 77 86
51 51 66
82 53 56 70 82
58 58
59 59
62 62
63 63
65 65
67 67
68 68
69 69
76 76
78 78
79 79
80 80 93
81 81
84 84
85 85
87 87
91 91
92 92
94 94
96 96
166 97
98 98
100 100
