Rhode Donner University Valley Life Hellman Martin Harrisburg Silver Simpson Moses Cory Hargrove Birge Chou Hawaii Cleary Warren Oregon Lansing Mulford Florida Columbus Madison Santa Berkeley Bowles Tang Columbia Utah Lower Simon Illinois Topeka Police Jones Durant Mississippi Insectary Observatory Wisconsin Mathematical Edwards Class Bancroft Montgomery West McLaughlin Trenton Hearst Little Concord Maxwell Etcheverry Maryland Chvez Brain Blackwell Nashville Barrows International Boalt Sproul Jefferson LeConte Pennsylvania Energy Springer Salt Providence Richmond Minnesota Jacobs Hertz Stadium Moffitt Morrison Haste Hartford Tennessee Montana Foothill Durham Heating Clark CNMAT BART Krutch Austin Annapolis Baton Grinnell Nevada Campanile Michigan Kentucky Cheyenne East Olympia McEnerney Rhode
100
Krutch Krutch
Energy Energy
Hearst Hearst
Campanile Campanile
Providence Providence
Utah Utah
Florida Florida
Jacobs Jacobs
Birge Birge
Clark Clark
Bancroft Bancroft
Harrisburg Harrisburg
Hawaii Hawaii
CNMAT CNMAT
Rhode Rhode
Blackwell Blackwell
Annapolis Annapolis
LeConte LeConte
Cory Cory
Edwards Edwards
Observatory Observatory
Wisconsin Wisconsin
McLaughlin McLaughlin
Haste Haste
Illinois Illinois
Moffitt Moffitt
Silver Silver
Insectary Insectary
Chou Chou
Little Little
Nashville Nashville
Baton Baton
Bowles Bowles
Montana Montana
Moses Moses
Jefferson Jefferson
East East
Hartford Hartford
Donner Donner
Lansing Lansing
Chvez Chvez
Hellman Hellman
BART BART
Columbia Columbia
Stadium Stadium
Michigan Michigan
Class Class
International International
Hertz Hertz
Pennsylvania Pennsylvania
McEnerney McEnerney
Kentucky Kentucky
Tang Tang
Life Life
Jones Jones
Durham Durham
Columbus Columbus
Salt Salt
Heating Heating
Berkeley Berkeley
Sproul Sproul
Maryland Maryland
West West
Olympia Olympia
Tennessee Tennessee
Martin Martin
Durant Durant
Concord Concord
Simpson Simpson
Madison Madison
Simon Simon
Morrison Morrison
Oregon Oregon
Police Police
Brain Brain
Topeka Topeka
Lower Lower
Boalt Boalt
Richmond Richmond
Nevada Nevada
University University
Austin Austin
Mathematical Mathematical
Minnesota Minnesota
Valley Valley
Barrows Barrows
Cheyenne Cheyenne
Montgomery Montgomery
Hargrove Hargrove
Foothill Foothill
Springer Springer
Santa Santa
Etcheverry Etcheverry
Trenton Trenton
Maxwell Maxwell
Mulford Mulford
Grinnell Grinnell
Warren Warren
Mississippi Mississippi
Cleary Cleary
