Donner Helena Optometry McCone North Topeka Illinois Ishi Minnesota Old Iowa Foothill Gayley Recreational Gilman Tallahassee Life Phoenix Haas Providence Wurster Haste Cyclotron Juneau Santa Donner
25
Old Old
North North
Topeka Topeka
Foothill Foothill
Haas Haas
Cyclotron Cyclotron
Helena Helena
Providence Providence
Optometry Optometry
Life Life
Santa Santa
Minnesota Minnesota
Iowa Iowa
Juneau Juneau
Ishi Ishi
Illinois Illinois
Phoenix Phoenix
Gilman Gilman
Gayley Gayley
Recreational Recreational
McCone McCone
Wurster Wurster
Donner Donner
Haste Haste
Tallahassee Tallahassee
