BukitBatokEast Simei SungeiRoad Sudong RobertsonQuay Redhill Gombak DowntownCore LowerSeletar Safti Tengeh Frankel SwissClub Springleaf CityHall TanjongPagar SimpangNorth GhimMoh Sembawang JooKoon Tyersall AirportRoad NeeSoon ChoaChuKang Bayshore Hillcrest RiverValley BukitBatokEast
22
Frankel Frankel
SungeiRoad SungeiRoad
Simei Simei
Redhill Redhill PearlsHill
Safti GaliBatuMandai Safti
Tengeh Tengeh
RiverValley RiverValley
SimpangNorth SimpangNorth
NeeSoon NeeSoon
JooKoon JooKoon
DowntownCore DowntownCore
SwissClub SwissClub
ChoaChuKang ChoaChuKang
GhimMoh GhimMoh
Hillcrest Hillcrest
LowerSeletar LowerSeletar
BukitBatokEast LeonieHill TiongBahruStation
Sudong Sudong
TanjongPagar TanjongPagar
Tyersall Tyersall
CityHall CityHall
Sembawang Sembawang
