LeonieHill ChangiPoint SungeiKadut MonksHill Outram MonksHill SungeiKadut KampongUbi BukitBatokCentral Mandai KampongUbi WoodlandsSouth Gombak WoodlandsSouth KampongUbi Shipyard NeeSoon OrangeGrove DefuIndustrialPark OrangeGrove NeeSoon JurongWestCentral Kranji TanglinHalt TuasBay LeonieHill Yishun Phillip SerangoonGarden Phillip BishanEast Ridout Seletar Trafalgar GreenwoodPark Guilin Sentosa PasirRisPark Victoria Townsville Novena TampinesWest PunggolTownCentre YishunCentral ClementiCentral ChangiWest AirportRoad ChangiWest ClementiCentral YishunCentral PunggolTownCentre Townsville ChoaChuKangCentral Semakau Frankel TuasBay MandaiEast KampongGlam ClarkeQuay KampongGlam MandaiEast AirportRoad GeylangBahru TanjongRhu GeylangBahru Springleaf NorthCoast AnchorvaleBuangkok MandaiWest YioChuKang AnchorvaleBuangkok KallangWay LeonieHill
44
Guilin Guilin
Trafalgar Trafalgar
Townsville Townsville
SerangoonGarden SerangoonGarden
Springleaf Springleaf
ClementiCentral ClementiCentral
Novena Novena SingaporePolytechnic
Frankel FarrerPark
SungeiKadut SungeiKadut
YioChuKang Boulevard YioChuKang
MonksHill MonksHill
AirportRoad AirportRoad
KallangWay KallangWay
Shipyard Shipyard
TampinesWest YuhuaWestBoonLay TampinesWest
ClarkeQuay SungeiRoad
TuasBay TuasBay
Phillip Phillip
Outram Sennett Outram
PasirRisPark SembawangSprings
Kranji Kranji
Victoria Victoria
Ridout Ridout
BishanEast BishanEast
Yishun Yishun
MandaiWest MandaiWest
TanjongRhu PasirPanjang2
NorthCoast NorthCoast
Semakau Semakau
PunggolTownCentre PunggolTownCentre
Sentosa Sentosa
OrangeGrove OrangeGrove
TanglinHalt TanglinHalt
NeeSoon NeeSoon
BukitBatokCentral BukitBatokCentral
ChoaChuKangCentral ChoaChuKangCentral LoyangEast
Gombak ConeyIsland
AnchorvaleBuangkok AnchorvaleBuangkok
JurongWestCentral JurongWestCentral
DefuIndustrialPark Tyersall DefuIndustrialPark
KampongGlam KampongGlam
GreenwoodPark GreenwoodPark
YishunCentral Woodgrove
ChangiWest ChangiWest
