YuhuaEast YioChuKangEast Trafalgar PasirRisDrive OrangeGrove Moulmein Museum MandaiWest PasirPanjang1 SimpangNorth JurongRiver WaterwayEast LowerSeletar MandaiEstate BayfrontSubzone MountPleasant Boulevard Aljunied EvertonPark Bayshore SimpangSouth TuasBay ChoaChuKang BukitTimah Hillcrest Rochor BenoiSector DhobyGhaut BoonLayPlace LoyangEast PasirRisPark JurongWestCentral Serangoon WestCoast RochorCanal TiongBahru SenokoNorth LorongChuan TamanJurong BoatQuay GulBasin PayaLebarNorth DairyFarm PangSua DhobyGhaut BenoiSector Rochor Hillcrest BukitTimah ChoaChuKang TuasBay SimpangSouth Bayshore EvertonPark Aljunied Boulevard MountPleasant BayfrontSubzone MandaiEstate LowerSeletar WaterwayEast JurongRiver SimpangNorth PasirPanjang1 MandaiWest Museum Moulmein OrangeGrove PasirRisDrive Trafalgar YioChuKangEast YuhuaEast
40
SenokoNorth Northland Mountbatten BukitBatokSouth SerangoonCentral Sentosa WoodlandsWest
SimpangSouth HongKah UpperThomson
BukitTimah AngMoKioTownCentre Port
Serangoon SerangoonNorth Punggol BedokNorth Serangoon TelokBlangahRise Brickworks
SimpangNorth Paterson SimpangNorth Khatib AlexandraNorth
Aljunied YioChuKang Aljunied
WaterwayEast KentRidge Commonwealth WaterwayEast SungeiRoad InstitutionHill Chatsworth
YioChuKangEast KeatHong SembawangHills PulauPunggolTimor UluPandan YioChuKangEast
WestCoast HongKahNorth TuasNorthPioneer TampinesNorth SouthernIslands
LorongChuan OneTreeHill SembawangStraits
OrangeGrove EastCoast Matilda PeoplesPark OrangeGrove
YuhuaEast Sennett CityHall SerangoonGarden SingaporeRiver ChinaSquare
BoatQuay SungeiKadut BoatQuay
PayaLebarNorth TuasPromenade Tanglin
Museum Museum PayaLebarEast TohGuan
LowerSeletar LowerSeletar PearlsHill
PasirRisPark BedokSouth Shipyard PasirRisPark
Bayshore IstanaNegara
JurongRiver HougangCentral Saujana DefuIndustrialPark
PasirRisDrive PasirRisDrive
PangSua PangSua
Trafalgar Trafalgar
PasirPanjang1 Tampines BukitBatokWest MandaiEast KebunBahru
BenoiSector BenoiSector
ChoaChuKang ChoaChuKang
Moulmein Moulmein
TiongBahru TiongBahru
BoonLayPlace PasirRis TagoreSindo BoonLayPlace Geylang Sembawang OneNorth Mandai
DairyFarm JurongPort PeiChun JooSengPayaLebar DairyFarm
EvertonPark ClementiNorth EvertonPark ReservoirView
MountPleasant GeylangEast
Rochor PunggolField
DhobyGhaut DhobyGhaut
TuasBay TuasBay
JurongWestCentral Cairnhill JurongWestCentral
GulBasin ChangiWest
BayfrontSubzone BayfrontSubzone
LoyangEast Kembangan
TamanJurong ChangiPoint
RochorCanal RochorCanal
