139 58 74 7 60 39 173 48 26 16 172 98 156 186 134 127 189 84 44 161 95 81 65 35 5 158 145 96 47 32 152 123 77 78 9 184 64 43 13 30 21 113 112 41 22 125 176 105 131 31 198 71 153 111 25 101 157 8 178 1 106 69 72 2 85 11 18 15 128 148 138 89 119 142 144 37 130 57 108 182 79 114 122 91 75 118 147 82 67 33 104 146 23 14 27 188 109 187 191 141 139
99
189 189
106 106
77 77
91 91
142 142
47 47
146 146
84 84
125 125
85 85
112 112
23 23
101 101
8 8
198 198
11 11
81 81
18 18
152 152
74 74
43 43
173 173
15 15
5 5
64 64
78 78
176 176
127 127
184 184
187 187
141 141
71 71
1 1
60 60
65 65
2 2
72 72
111 111
113 113
123 123
109 109
188 188
9 9
95 95
57 57
48 48
108 108
153 153
14 14
79 79
33 33
144 144
191 191
114 114
13 13
58 58
148 148 165
16 16
30 30
32 32
158 158
147 147
39 39
182 182
82 82
128 128
98 98
134 134
27 27
31 31
35 35
119 119
96 96
138 138
104 104
131 131
22 22
122 122
161 161
41 41
178 178
157 157
7 7
67 67
118 118
156 156
21 21
25 25
130 130
105 105
69 69
37 37
89 89
145 145
75 75
44 44
186 186
26 26
172 172
