Monroe Mesa Carrollton Denver Bradenton Kennewick Hialeah Davidson Hialeah Anaheim Jacksonville Anaheim Antioch Hagerstown Antioch Three Dallas Gainesville Dallas Miami Corpus Miami Elizabeth Lacey Elizabeth Greensboro Vista Greensboro Huntington Elkhart Lancaster Kailua Kissimmee Seven Kissimmee Cambridge Albany Muskegon Prairie Muskegon Lafayette Hickory Bethlehem Bridgeport Four Canton Four Hartford Montgomery Detroit Montgomery Burlington Dayton Burlington Kenosha Baltimore Arlington Rapids Arlington Layton Brownsville Layton Baton Irving Boise Merced Boise Boulder Johnson Charleston Abilene Havre Austin Havre Leominster Mobile Leominster Hampton Fairfield Irving Baton Gilbert Modesto Allentown Lewisville Allentown Vista Asheville Chesapeake Asheville Anchorage Daytona Anchorage Bethlehem Naples Bedford Naples Amarillo Glendale Huntsville Glendale Mesquite Amarillo Mesquite Cary Manchester Cary Killeen Aberdeen Lowell Aberdeen Apple Fayetteville Apple Albany Cambridge Three Hesperia Viejo Hesperia Denton Hayward Lakeland Ten Lacey Laredo Akron Melbourne Birmingham Melbourne Julian Cleveland Erie Athens Erie Elizabeth Clarke Killeen Clarke Fairfield Hampton Monterey Denver Monterey Four Naples Seven Monroe Clarksville Monroe
100
Bradenton Bradenton
Three Three
Mesquite Mesquite
Hampton Hampton
Albany Albany
Ten Ten
Burlington Burlington
Miami Miami
Kenosha Kenosha
Melbourne Melbourne
Kissimmee Kissimmee
Baton Baton
Allentown Allentown
Fairfield Fairfield
Arlington Arlington
Four Four
Elizabeth Elizabeth
Chesapeake Chesapeake
Gainesville Gainesville
Clarke Clarke
Montgomery Montgomery
Baltimore Baltimore
Mesa Mesa
Kailua Kailua
Elkhart Elkhart
Aberdeen Aberdeen
Greensboro Greensboro
Gilbert Gilbert
Athens Athens
Akron Akron
Killeen Killeen
Amarillo Amarillo
Lewisville Lewisville
Seven Seven
Monroe Monroe
Johnson Johnson
Naples Naples
Hagerstown Hagerstown
Havre Havre
Vista Vista
Brownsville Brownsville
Rapids Rapids
Bridgeport Bridgeport
Erie Erie
Modesto Modesto
Manchester Manchester
Hesperia Hesperia
Lowell Lowell
Lancaster Lancaster
Prairie Prairie
Daytona Daytona
Lacey Lacey
Boulder Boulder
Davidson Davidson
Dayton Dayton
Birmingham Birmingham
Hartford Hartford
Kennewick Kennewick
Huntington Huntington
Cleveland Cleveland
Irving Irving
Dallas Dallas
Julian Julian
Cary Cary
Lakeland Lakeland
Laredo Laredo
Mobile Mobile
Bethlehem Bethlehem
Apple Apple
Cambridge Cambridge
Hayward Hayward
Austin Austin
Lafayette Lafayette
Monterey Monterey
Merced Merced
Asheville Asheville
Glendale Glendale
Viejo Viejo
Denton Denton
Canton Canton
Muskegon Muskegon
Anaheim Anaheim
Boise Boise
Anchorage Anchorage
Huntsville Huntsville
Leominster Leominster
Detroit Detroit
Hialeah Hialeah
Bedford Bedford
Antioch Antioch
Charleston Charleston
Hickory Hickory
Carrollton Carrollton
Jacksonville Jacksonville
Abilene Abilene
Clarksville Clarksville
Corpus Corpus
Fayetteville Fayetteville
Layton Layton
Denver Denver
