Soda VLSB CareerCenter AlumniHouse HavilandHall BarkerHall BanwayBldg EdwardsStadium CaliforniaHall HertzHall EtcheverryHall ChanShunAuditorium DonnerLab ChouHall ClarkKerrCampus CalvinLaboratory BerkeleyArtMuseum AnthonyHall EastGate BancroftLibrary CampbellHall EastAsianLibrary Dwinelle BARTStation BarrowsHall BarrowLane GoldmanField BarrowLane EvansDiamond CheitHall BotanicalGarden EyeCenter BirgeHall BlumHall BlackwellHall EshlemanHall BrainImagingCenter BerkeleyWayWest Campanile DurantHall Soda
38
AlumniHouse AlumniHouse
AnthonyHall AnthonyHall
BancroftLibrary BancroftLibrary BoaltHall
BanwayBldg BanwayBldg
BarkerHall BarkerHall
BarrowLane BarrowLane
BarrowsHall BarrowsHall
BARTStation BARTStation
BerkeleyArtMuseum BerkeleyArtMuseum DavisHall
BerkeleyWayWest BerkeleyWayWest
BirgeHall BirgeHall
BlackwellHall BlackwellHall
BlumHall BlumHall
BotanicalGarden BotanicalGarden
BrainImagingCenter BrainImagingCenter
EastAsianLibrary EastAsianLibrary
CaliforniaHall CaliforniaHall
CalvinLaboratory CalvinLaboratory
Campanile Campanile
CampbellHall CampbellHall
CareerCenter CareerCenter
ChanShunAuditorium ChanShunAuditorium
VLSB VLSB
CheitHall CheitHall
ChouHall ChouHall
ClarkKerrCampus ClarkKerrCampus
HertzHall CNMAT
GoldmanField Cory
EyeCenter CyclotronRd
HavilandHall DoeMemorialLibrary
DonnerLab DonnerLab
DurantHall DurantHall
Dwinelle Dwinelle
EastGate EastGate
EdwardsStadium EdwardsStadium
EshlemanHall EshlemanHall
EtcheverryHall EtcheverryHall
EvansDiamond EvansDiamond
