Soda EtcheverryHall WicksonNaturalArea Emeryville SproulPlaza AnthonyHall FrankSchlessingerWay VLSB AnthonyHall Alameda Pittsburg Novato KroeberHall WheelerHall GoldmanField GilmanHall HearstGreekTheatre CalvinLaboratory PimentelHall BarkerHall Piedmont NorthGateHall DonnerLab Hillsborough SanRamon EvansHall FoundersRock MinorHallAddition StHelena KleebergerFieldHouse SatherTower Albany SanRafael ClarkKerrCampus LowerSproulPlaza Pacifica IshiCourt Benicia ZellerbachPlayhouse WursterHall Fairfield MulfordHall ZellerbachHall WellmanHall SternHall MLK Healdsburg MinorHallAddition Unit3 Hayward Saratoga BlumHall Cory HertzHall Unit1 BancroftLibrary EastGate ChouHall Belmont WestGate BarrowsHall LewisHall Oakley Orinda GiauqueHall Campanile Insectary ClearyHall SimonHall MartinezCommons Soda
64
Campanile Campanile
GiauqueHall GiauqueHall
ClearyHall ClearyHall
IshiCourt IshiCourt SanPablo
Fairfield Fairfield
ChouHall StadiumRimWay ChouHall
LowerSproulPlaza LowerSproulPlaza
ZellerbachPlayhouse ZellerbachPlayhouse
SatherTower SatherTower
ZellerbachHall ZellerbachHall
AnthonyHall AnthonyHall
ClarkKerrCampus ClarkKerrCampus
Healdsburg Healdsburg
SimonHall Pinole
DonnerLab DonnerLab
Saratoga Saratoga
EtcheverryHall EtcheverryHall
NorthGateHall NorthGateHall HargroveMusicLibrary
MLK Brisbane WomenFacultyClub
Belmont Belmont
Unit3 HearstMiningCircle Unit3
PimentelHall PimentelHall
BancroftLibrary BancroftLibrary
KroeberHall KroeberHall WestCircle
KleebergerFieldHouse KleebergerFieldHouse
Oakley Oakley
GilmanHall GilmanHall
SternHall SternHall
WheelerHall WheelerHall
HertzHall HertzHall
LewisHall LewisHall
GoldmanField GoldmanField
EvansHall EvansHall
MartinezCommons MartinezCommons
Insectary Insectary
Unit1 Unit1
HearstGreekTheatre HearstGreekTheatre
Pittsburg Pittsburg
FoundersRock FoundersRock
EastGate EastGate
Pacifica Pacifica
Benicia Benicia
Piedmont Piedmont
Cory Cory
MinorHallAddition MinorHallAddition
Orinda Orinda
Alameda Alameda
Hayward Hayward
Albany Albany
SanRamon SanRamon
WursterHall WursterHall
BlumHall BlumHall
Emeryville Emeryville
WellmanHall WellmanHall
BarkerHall BarkerHall
WicksonNaturalArea WicksonNaturalArea
StHelena StHelena
SanRafael SanRafael
Hillsborough Hillsborough
SproulPlaza SproulPlaza
FrankSchlessingerWay FrankSchlessingerWay
WestGate WestGate
CalvinLaboratory CalvinLaboratory
MulfordHall MulfordHall
