LegendsAquaticCenter ValleyLifeSciencesBu MemorialGlade CITRIS NorthGateHall LeConteHall LevineFrickeSoftball GoldmanField SoutheastAsianStudie LawSchool SatherTower InvestigativeReporti NorthField StarrEastAsianLibrar EllsworthParkingStru SodaHall LewisHall EucalyptusGrove GolbousPlace DurantHall LegendsAquaticCenter
20
EllsworthParkingStru EllsworthParkingStru
DurantHall DurantHall
LawSchool LawSchool
CITRIS CITRIS
NorthField NorthField
InvestigativeReporti InvestigativeReporti
LevineFrickeSoftball LevineFrickeSoftball
LegendsAquaticCenter LegendsAquaticCenter
GolbousPlace GolbousPlace
LeConteHall LeConteHall
SodaHall SodaHall
ValleyLifeSciencesBu ValleyLifeSciencesBu
NorthGateHall NorthGateHall
LewisHall LewisHall
MemorialGlade MemorialGlade
SatherTower SatherTower
EucalyptusGrove EucalyptusGrove
StarrEastAsianLibrar StarrEastAsianLibrar
GoldmanField GoldmanField
SoutheastAsianStudie SoutheastAsianStudie
