a eu gh eq aw c ex gb fz gm fu dx ev fv fd bv br ae cs o ee cb bf bb aj ar ed ff fh do w df ak ct t du ab aa by l de y dn en k dv p eg m dt h ep bm ck bi bd ga fg ew fa fs fb az cp ap ag cd bc an dm ey bl dj fl cu u cl gl fn dg ec e cv ci gn gp al cq ah ch b bz em j ea et fr er dq fy a
100
aj aj
fl fl
et et
aw aw
ci ci
fy fy
fn fn
w w
ec ec
eu eu
ae ae
ey ey
cv cv
ep ep
aa aa
de de
em em
m m
bl bl
gn gn
dq dq
az az
ex ex
u u
en en
df df
ee ee
dm dm
y y
du du
dt dt
ff ff
cl cl
e e
bi bi
fb fb
dx dx
bd bd
ct ct
bc bc
ga ga
eq eq
eg eg
dg dg
p p
ag ag
bm bm
gl gl
b b
ck ck
fh fh
ap ap
fa fa
cs cs
fz fz
l l
do do
cu cu
fv fv
ev ev
ar ar
er er
ea ea
a a
fd fd
t t
h h
fr fr
ew ew
c c
cq cq
ak ak
al al
fg fg
j j
fu fu
gp gp
bv bv
gh gh
dn dn
o o
ah ah
dj dj
gb gb
br br
cd cd
k k
gm gm
ch ch
fs fs
by by
bf bf
ed ed
an an
cp cp
cb cb
bz bz
ab ab
bb bb
dv dv
