6 199 198 197 194 190 191 196 199 189 180 186 184 182 189 172 176 170 176 172 168 163 167 166 168 158 150 158 143 148 145 149 147 146 143 133 132 138 137 130 134 139 133 124 125 121 128 129 123 126 124 111 114 112 115 118 113 111 103 105 106 109 100 107 102 101 103 96 90 95 97 98 92 96 80 81 80 73 74 78 72 79 75 77 74 73 67 60 64 66 63 62 67 55 51 55 42 40 48 40 42 30 33 38 30 24 28 26 23 20 24 11 18 10 12 19 16 14 13 15 11 6 1 4 0 2 6
77
0 8 0
4 4
1 1
2 7
10 10
15 15
18 18
19 19
14 14
23 23
20 20 21
26 26
38 39 36 38
30 31
48 46 48
40 41 40
51 50 51 59
55 57
62 62
63 63
64 65
67 69
60 60
77 77
78 78
75 75
79 79
74 74
81 87 81
80 88 85
97 97
90 90
98 98
95 95
106 106
109 109
105 105
101 101
107 107
112 112
118 118
113 113
115 115
114 114
121 120
126 126
125 125
129 129
128 128
137 137
139 139
132 132
130 130
134 134
148 148
146 146
145 145
149 149
147 144
150 153 150 157
158 152
167 167
168 164
163 163
166 166
176 176
170 170 178 179
172 177
182 182
184 181 187
186 186
180 185
191 191
194 194
198 198
190 190
196 196
