L16 L135 L73 L99 L120 L128 L120 L129 L9 L104 L126 L118 L107 L118 L11 L125 L134 L38 L76 L13 L89 L13 L139 L67 L145 L46 L77 L70 L45 L47 L146 L20 L32 L92 L110 L53 L1 L130 L5 L18 L79 L114 L79 L52 L100 L74 L33 L109 L21 L147 L143 L4 L149 L28 L24 L7 L22 L94 L153 L131 L141 L82 L62 L124 L90 L119 L75 L142 L28 L12 L87 L150 L101 L93 L6 L29 L45 L133 L103 L63 L27 L3 L56 L84 L8 L116 L35 L106 L152 L95 L16
74
L4 L4
L106 L106
L7 L7
L62 L62
L125 L125
L94 L78 L85 L94
L95 L95
L131 L131
L32 L83
L119 L119 L80 L72
L29 L29
L146 L146
L114 L114 L140
L89 L89
L104 L104
L128 L91 L128
L18 L18
L133 L144 L133 L68
L20 L20
L130 L130
L150 L150
L126 L126 L151
L16 L16
L24 L24
L92 L92
L100 L100
L75 L75
L52 L43 L52
L35 L35
L79 L79
L139 L139
L56 L56
L93 L93
L87 L87
L153 L153
L76 L76
L74 L74
L116 L2
L103 L103
L27 L138 L27
L109 L109
L143 L40 L143 L65
L28 L28
L77 L77
L101 L101
L149 L149
L53 L53
L142 L142
L134 L134
L12 L12
L38 L38
L107 L107
L90 L90
L11 L11
L70 L70
L145 L145
L1 L1
L67 L67
L110 L110
L47 L47
L129 L129
L63 L61 L63
L8 L8
L99 L99
L22 L22
L124 L124
L21 L21
L5 L5
L84 L84
L141 L141
L147 L147
L82 L82
L9 L9
L152 L152
