187 86 156 47 67 18 142 175 117 73 183 15 122 71 22 109 131 133 124 128 181 71 148 71 122 15 82 127 101 92 184 126 58 95 58 140 65 140 117 180 154 134 44 135 108 21 135 97 54 89 189 16 35 53 19 157 83 33 165 160 39 69 146 41 93 132 149 169 164 87 36 179 36 8 66 172 144 52 49 77 136 30 2 188 191 161 52 78 166 173 190 169 149 6 12 152 106 90 79 114 175 102 9 99 7 68 162 185 32 45 70 199 195 63 48 151 88 13 59 37 42 88 153 187
92
63 63
106 111 163
82 82
152 152
133 133
33 33
144 119
191 191
173 173 72
175 175
13 13
181 181
90 90
142 142
6 6
179 110
148 148 150
109 109
132 132
30 30
117 117
165 165
41 41
69 69 171
128 128
157 157 176
54 54 55
9 9
124 23 124
169 169
12 12
162 162
2 2
189 80
77 107
190 190
146 146
78 78
153 153 29
134 134
161 161
67 67
37 120
183 183
184 184
93 93
164 164
136 136
48 48
140 140
8 8
95 95
151 94
92 92
36 36
18 18
89 89
87 87
160 160
180 180
53 53
97 97
52 52
114 114
172 172
15 15
68 68
47 47
127 127
71 71
65 65
73 73
126 126
58 58
83 83
39 39
70 70
32 32
108 108
79 79
199 199
99 196
154 154
59 59
45 45
86 86
156 156
131 131
7 7
44 44
42 42
166 166
