location1 location20 location133 location31 location169 location143 location169 location20 location2 location11 location66 location103 location168 location106 location151 location182 location151 location120 location151 location37 location151 location106 location168 location100 location84 location138 location157 location138 location84 location136 location141 location136 location30 location26 location20 location96 location20 location68 location91 location68 location20 location75 location139 location187 location146 location161 location186 location1 location90 location140 location49 location14 location49 location90 location19 location93 location158 location179 location93 location188 location118 location188 location93 location110 location67 location93 location19 location190 location69 location10 location116 location165 location154 location79 location127 location154 location165 location197 location102 location29 location102 location197 location165 location116 location196 location94 location196 location86 location195 location95 location86 location196 location116 location10 location108 location27 location178 location175 location98 location175 location32 location163 location198 location163 location32 location175 location178 location27 location5 location162 location5 location53 location44 location12 location128 location25 location15 location111 location152 location17 location152 location111 location191 location23 location62 location46 location40 location60 location172 location74 location172 location60 location13 location135 location16 location135 location13 location60 location126 location184 location181 location117 location181 location184 location129 location1
80
location69 location69 location107
location29 location35
location106 location106
location16 location16
location20 location20 location56
location98 location180
location126 location97 location199
location158 location158 location28
location11 location11
location120 location177
location25 location25
location118 location43 location118 location148
location157 location157
location182 location182 location164
location169 location169
location46 location123 location46
location91 location82 location91
location110 location110 location142
location12 location12
location151 location59
location141 location105
location179 location179
location19 location92 location193
location17 location57 location17
location37 location65 location37
location138 location6
location74 location74
location116 location116
location195 location195
location68 location68
location108 location108
location143 location143 location171
location140 location140
location2 location2
location49 location49
location188 location188
location133 location133
location196 location196
location95 location150 location95
location165 location165
location184 location159 location184
location96 location85 location96
location197 location197
location139 location139
location128 location128
location23 location149
location90 location90
location94 location130 location22 location94
location152 location152
location27 location27
location5 location5
location146 location146
location100 location100 location33
location13 location13
location136 location136
location129 location129
location198 location87
location93 location93
location162 location114
location175 location175
location186 location186
location117 location58
location181 location181
location14 location3
location44 location44
location127 location127
location172 location172
location111 location111
location154 location154
location32 location32
location26 location26
location30 location30
location10 location10
location178 location178
location84 location109
location75 location75
location103 location185
location190 location190
location161 location161
location40 location40
