location1 location31 location53 location31 location38 location17 location10 location6 location89 location75 location21 location75 location42 location59 location39 location44 location23 location47 location25 location48 location66 location68 location76 location52 location40 location60 location85 location35 location43 location7 location57 location35 location14 location15 location94 location56 location46 location45 location99 location2 location19 location36 location73 location29 location8 location61 location58 location11 location30 location91 location32 location90 location1
40
location94 location94
location19 location19 location71
location56 location56
location10 location49 location10
location99 location99
location35 location35
location23 location23
location21 location21 location51
location59 location59
location6 location6
location42 location42
location52 location52
location2 location2
location38 location38
location8 location8
location14 location80 location79
location91 location91
location43 location43 location83
location17 location17
location11 location74
location57 location95 location57
location85 location78
location58 location58
location48 location48
location89 location89
location75 location75 location9
location46 location46
location30 location30
location47 location47
location45 location45
location53 location54 location53
location90 location90
location36 location36
location60 location72 location77 location3
location44 location44
location31 location31
location40 location40
location66 location66
location32 location32
location29 location29
