0 21 25 78 29 199 69 92 70 91 58 73 24 54 53 54 7 24 73 84 68 14 72 6 63 135 43 100 85 52 69 51 57 94 26 3 83 31 16 48 90 60 28 10 67 32 15 2 99 34 79 56 46 5 95 62 17 33 36 171 17 13 188 40 82 8 97 75 65 198 93 64 45 27 74 1 66 44 139 2 41 30 87 71 41 119 9 76 11 86 81 151 59 29 59 151 103 37 19 22 49 98 12 88 89 47 115 4 42 35 38 35 0
92
1 1
2 2
3 3
4 4
5 5
6 6
7 7
8 8 96
9 9
10 10
11 11
12 12 80
13 13
14 14
15 15
16 16
17 17
85 18 85
19 19
49 20 49
21 21
22 22
135 23
24 24
25 25
26 26
27 27
28 28
29 29
30 30
31 31
32 32
33 33
34 34
35 35
36 36
37 37
38 38 39
40 40
41 41
42 42
43 43
44 44
45 45
46 46
47 47
48 48
198 50
51 51
52 52
53 53 61
54 54
75 55 75
56 56
57 57
58 58
59 59
60 60
62 62
63 63
64 64
65 65
66 66
67 67
68 68
69 69
70 70
71 71
72 72
73 73
74 74
76 76
95 77 95
78 78
79 79
81 81
82 82
83 83
84 84
86 86
87 87
88 88
89 89
90 90
91 91
92 92
93 93
94 94
97 97
98 98
99 99
100 100
