c5 e1 g3 o4 p5 h0 o0 a0 d5 f1 s9 g8 s9 r4 g4 s9 g7 d5 h6 s1 j5 d9 l3 t6 p0 h5 a3 f2 a3 a5 m9 g6 p7 n8 o5 r7 b4 j7 h2 j4 k2 h2 n3 o7 r1 o7 m7 o7 k1 b9 k1 t2 j2 t2 b0 g0 e0 g5 o2 q5 g0 b0 j7 g6 t4 p5 o9 a4 l6 f8 s3 h1 n6 s2 l0 g9 c8 c3 j2 c5 t1 t0 q1 i4 n4 i4 r9 d6 s8 i5 n0 i5 t8 c6 t8 b2 h8 h0 j1 c9 i6 f5 a9 c5
69
e1 e4 e1
s1 s1 o6
h1 h1
g7 g7
q1 q1
p0 d4 i1 b1 p0 m0
n3 n3
a9 s4
r9 r9
g8 s7 g8
o0 o0
f5 f5 j3 f3
r7 h3 h4 r7
g9 g9 c4
h6 h6
r1 r1 q0
t6 t6
n6 n6
d5 d5
p7 b7 p7
g3 g3
r4 r4
d6 d6
f2 t7 f2
i4 i4
l6 l6
t4 b3 a8 a1 l1
a0 a0
m7 g1 m7
n0 n0
l3 l3
j5 j5
o4 o4
g4 g4 t5 e5
h0 h0
h2 h2
j4 q8
g5 g5
j7 j7 m4
q5 q5
o7 o7
o5 o5 l4 b5
l0 l0 p9 o8
e0 e0
s2 s2 q3
g0 g0
g6 g6
c8 c8 k9
b0 a7
c6 l8
c3 c3
t0 t0
j2 j2
o2 k6 o2
s9 s9
i6 r2 j6
t2 i0 t2
t1 t1
n8 a6
n4 n4
s3 s3
f1 e2
h5 h5
k1 k1
i5 i5
t8 t8
b9 f6
a4 a4
c5 t9
