0 79 191 101 161 199 23 67 42 120 173 198 71 170 131 49 169 108 149 118 123 198 173 120 42 67 23 199 161 101 191 79 0
21
42 1 5 83 117 189
199 3 9 69 127 151 199
161 7 57 119 137 147 161 163
79 11 19 37 79 81 143 181
49 13 31 49 59 91
123 15 25 123
198 17 39 109
173 21 53 65 75 173
23 23 45 113 139
169 27 35 73 125 169 193
170 29 61 99 103 135
191 33 63 77 111 191
0 41 51 107 155
120 43 47 85 141
108 55 175 185 187
67 67 145
71 71 153 167 197
149 87 115 121 149 165 171 183
131 89 105 129 131 159 179
101 93 95 97 101 157 195
118 133 177
