190 75 155 1 142 43 177 68 25 22 30 22 25 68 56 45 153 5 172 122 192 84 186 57 169 176 7 85 112 185 173 185 49 76 107 62 107 60 76 60 74 56 0 95 162 108 133 147 67 165 33 129 83 65 38 145 38 65 64 55 64 179 66 71 171 146 193 146 39 47 138 52 82 44 103 168 23 186 169 94 113 182 2 99 134 99 132 152 132 92 114 33 58 40 58 33 114 126 9 118 181 120 102 151 120 181 118 54 163 93 164 51 190
74
165 165 136
60 60
146 146
185 185
103 141 103
138 138
25 104
55 55 36 34
192 192
176 176 21
134 188
151 29
1 1
179 11 179 100
56 166 56
113 123 113
126 3
54 50 54 32
62 62 46
118 118
168 168
182 182
22 117 22
172 172
142 142
108 69 108
102 109 198 102
82 61
112 112
94 94
193 139 193
33 33
177 177 101
2 2
190 135
145 137 121
147 27
129 129
133 133 156
68 10 68
47 47
162 162
5 5
99 99
76 76
40 40
38 38
85 149
57 57
95 95
153 153
92 92 106
23 23
52 52
163 163
66 66
169 169
71 71
132 132
186 186
171 195
30 30
45 45
84 84
44 44
181 181
93 93 116 189
67 67 8 111
173 173
114 114
152 152
83 83
164 164
65 65
