Loc1 Loc32 Loc17 Loc21 Loc9 Loc3 Loc29 Loc92 Loc13 Loc11 Loc2 Loc34 Loc10 Loc75 Loc52 Loc70 Loc50 Loc51 Loc18 Loc98 Loc38 Loc79 Loc46 Loc16 Loc87 Loc4 Loc7 Loc68 Loc47 Loc57 Loc72 Loc15 Loc64 Loc55 Loc42 Loc62 Loc44 Loc25 Loc53 Loc65 Loc88 Loc45 Loc76 Loc83 Loc0 Loc19 Loc37 Loc1
42
Loc29 Loc29
Loc25 Loc25 Loc56
Loc18 Loc90 Loc63 Loc18
Loc44 Loc41
Loc75 Loc6
Loc70 Loc70
Loc17 Loc17
Loc13 Loc13
Loc72 Loc72
Loc3 Loc3
Loc4 Loc4
Loc55 Loc80 Loc55
Loc46 Loc46
Loc79 Loc79
Loc34 Loc91 Loc34
Loc87 Loc87 Loc74
Loc11 Loc11
Loc52 Loc52
Loc45 Loc45
Loc50 Loc50
Loc0 Loc0
Loc64 Loc43
Loc9 Loc9
Loc53 Loc53
Loc32 Loc32
Loc37 Loc49
Loc42 Loc42
Loc7 Loc22 Loc7
Loc19 Loc19
Loc47 Loc47
Loc76 Loc76
Loc98 Loc98
Loc21 Loc21
Loc68 Loc68
Loc10 Loc10
Loc65 Loc65 Loc81
Loc15 Loc15
Loc38 Loc38
Loc57 Loc69
Loc92 Loc92
Loc62 Loc62
Loc2 Loc2
