114 49 97 174 150 166 186 49 170 78 161 119 171 93 135 187 85 28 91 67 98 100 81 100 199 53 95 51 108 62 154 164 45 149 35 1 117 57 75 109 143 105 112 48 15 120 42 148 181 66 107 131 59 89 70 14 31 124 43 197 39 132 176 130 16 4 84 38 87 169 146 4 3 7 96 167 147 17 147 32 24 71 196 134 177 140 60 195 5 37 115 60 111 127 155 8 69 119 74 173 0 10 133 92 47 26 18 63 133 191 76 190 29 74 175 114
92
16 16
174 174 94
176 183 176
78 78
81 188 182 81
199 199
170 102 170
181 21 181
167 167
75 75
191 191
51 51
175 175
3 103 3
7 7
166 166
42 42
49 49
111 111
196 196
132 12
48 33
148 148
24 24
26 26
146 146
197 197
4 4
63 63
70 70
10 10
154 154
66 66
127 127
0 0
37 37
15 15
195 195
173 173
112 112
169 169
155 155
105 105
133 133
131 131
171 171
1 1
28 28
149 149
187 187
98 98
117 117
18 18
67 67
92 92
147 147
35 35
69 69
135 135
74 74
100 100
84 84
96 96
95 95
108 108
115 115
76 76
91 91
43 43
161 161
31 31
14 14
62 62
109 109
114 114
5 41 5
93 93
89 89
17 36
177 177
124 124
53 53
119 119
32 32
87 87
134 134
150 150
59 59
164 164
38 38
29 29
47 47
