gc gk em co dw fr gm dg u dg gm fr q co bw gc as ac ab dy em n eq cy ge bm cn az db fy db fa bg db br er go ck cd am er br g br db az gl cq ap bb fn ey cv ao cl ee cj bi ey fn bb bt bb ap bx ad gk ad gj di gi d dh en ae dq bp cf fi cu fi do dp gg dj h dx ga ff ga gh ft fo ft bl ft gh gn bz cz et df bv j cp cr j bv et bn b v ai v gq a at a bq fe e ff fk fq dx gn by bc ah ft an ad an bl gc
88
d d
ab cm ab
ah ah
cl cs cl
gn gn
dy dy fw
fo fd fo
er er
u ds u
cu bj
eq eq
q q
fi fi
cd ep
an an
br br
j j
at at
bt bt
fy fy cg
dg dg
ad ad
fn fn
bq bq
ap ap
cz cz
gg gg
az az
dq dq
gi gi
et et
ai dn ai
as as
do do
di di
am am
bp bp
bi bi
ac ac
cn cn
h aw
dp dp
bc bc
en en
by by p
cq cq
fr fr
ey ey
ao ao
g g
ee ee
ae ae
co co
ck ck
gj gj
dx dx
ga ga
ff ff
fe fe
bx bx
gh gh
go go
bv bv
em em
ft ft
e e
gq y es gq bu
cj el cj
db db
dh dh
bl bl
fk fk
fq fq
cr cr
dj dj
cv cv
gk gk
df fh
v v
a a
fa fa
cp cp
b b
bn bn
ge ge
dw dw
gm gm
bb bb
