n0 n83 n78 n39 n99 n54 n57 n86 n75 n29 n47 n70 n37 n146 n41 n73 n58 n73 n41 n37 n175 n26 n70 n47 n29 n75 n86 n193 n6 n88 n33 n12 n56 n77 n34 n77 n12 n28 n60 n45 n92 n88 n48 n20 n48 n21 n11 n183 n98 n90 n111 n19 n89 n30 n64 n71 n42 n95 n116 n95 n42 n71 n64 n18 n64 n124 n38 n110 n19 n111 n90 n98 n183 n27 n14 n161 n82 n24 n9 n52 n79 n3 n9 n24 n80 n91 n72 n140 n54 n96 n17 n97 n35 n76 n43 n5 n53 n4 n53 n5 n43 n13 n94 n51 n16 n51 n94 n25 n36 n87 n81 n2 n74 n65 n93 n46 n59 n49 n40 n55 n40 n142 n23 n67 n23 n40 n49 n66 n31 n68 n61 n68 n85 n83 n8 n32 n192 n83 n85 n0
90
n0 n0 n22
n27 n1 n27 n63 n84
n2 n2
n3 n3
n4 n4
n5 n5
n6 n6
n58 n7 n15 n58
n8 n8
n9 n9
n20 n10 n20 n44
n11 n11
n12 n12
n13 n13
n14 n14
n16 n16 n69
n17 n17
n18 n18
n19 n19
n21 n21
n23 n23
n24 n24
n25 n25
n26 n26
n28 n28
n29 n29
n30 n30
n31 n31
n32 n32
n33 n33
n34 n34
n35 n35
n36 n36
n37 n37
n38 n38
n39 n39
n40 n40
n41 n41
n42 n42
n43 n43
n45 n45
n46 n46
n47 n47
n48 n48
n49 n49
n67 n50 n67
n51 n51
n52 n52
n53 n53
n54 n54
n55 n55
n56 n56
n57 n57
n59 n59
n60 n60
n61 n61
n116 n62
n64 n64
n65 n65
n66 n66
n68 n68
n70 n70
n71 n71
n72 n72
n73 n73
n74 n74
n75 n75
n76 n76
n77 n77
n78 n78
n79 n79
n80 n80
n81 n81
n82 n82
n83 n83
n85 n85
n86 n86
n87 n87
n88 n88
n89 n89
n90 n90
n91 n91
n92 n92
n93 n93
n94 n94
n95 n95
n96 n96
n97 n97
n98 n98
n99 n99
