Liam Isaiah Leo Aaron Thomas Dylan Owen Noah Luke Asher Jordan Roman Jordan Nicholas Theodore David Sebastian Josiah Eli Dominic Carter Benjamin Sawyer Jayden Adam Brayden Jaxson Logan William Aiden Elijah Mason Alexander Mateo Joseph Isaiah Liam
26
Liam Liam
Noah Noah
William William
Thomas James
Logan Logan
Benjamin Benjamin
Mason Mason
Elijah Elijah
Dominic Oliver
Roman Jacob Matthew
Eli Lucas Jackson Wyatt
Jaxson Michael
Alexander Alexander
Brayden Ethan Samuel
Isaiah Daniel
Aiden Aiden
Adam Henry
Joseph Joseph
Sebastian Sebastian
David David
Carter Carter
Jayden Jayden
Sawyer John
Owen Owen
Dylan Dylan
Luke Luke
