Liam Jordan Jack Joshua Lucas Noah Maverick Anthony Angel Jaxson Weston Kevin Finn Kevin Nathan Connor Jasper Elliot Grayson Elliot Brody David Aaron Chase Greyson Eric Beau William Landon Bennett Hayden Zion Messiah John Matthew Jayce Gabriel Cameron Caleb Elliott Carter Santiago Kaleb Antonio Grant Max Lincoln Dylan Andrew Logan Nolan Elijah Nolan Ryan Xavier Steven James Steven Hunter Zachary Jude Joseph Robert Giovanni Ayden Brayden Jonathan Preston Richard Aiden Tucker Charles Tucker Colton Adam Malachi Bryson Malachi Edward Wyatt Gael Dawson Gavin Waylon Nicholas Daniel Jameson Benjamin Jameson Matteo Julian Josiah Justin Kai Brantley Braxton Jackson Ezra Ezekiel Maddox Xander Leonardo Jordan Liam
71
Liam Liam Evan
Noah Noah
William William
James James Isaac
Logan Logan
Benjamin Benjamin Jaxon
Charles Mason Charles
Elijah Elijah Adrian
Andrew Oliver Andrew
Finn Jacob Luke
Lucas Lucas
Aaron Michael Aaron
Grayson Alexander Grayson
Brantley Ethan
Daniel Daniel
Matthew Matthew
Aiden Aiden Mateo
Malachi Henry
Joseph Joseph
Jackson Jackson
Eric Samuel
Edward Sebastian
David David
Carter Carter
Wyatt Wyatt
Max Jayden
John John
Antonio Owen
Dylan Dylan
Gabriel Gabriel Dominic
Anthony Anthony
Jack Jack
Julian Julian
Xander Levi
Kai Christopher Carson
Joshua Joshua
Lincoln Lincoln
Ryan Ryan
Nathan Nathan
Hunter Isaiah Thomas Hunter
Caleb Caleb
Josiah Josiah
Zion Christian
Steven Eli
Jonathan Jonathan
Connor Connor
Landon Landon
Brayden Asher Brayden
Cameron Cameron
Bryson Leo Bryson
Jude Theodore Jace
Ezekiel Jeremiah Ezekiel
Jameson Hudson
Robert Robert
Richard Easton
Nolan Nolan
Nicholas Nicholas
Ezra Ezra Jose
Colton Colton
Angel Angel
Jordan Jordan
Hayden Austin
Dawson Ian
Adam Adam
Kaleb Elias
Jaxson Jaxson
Greyson Greyson
Maverick Maverick
Grant Cooper
Xavier Xavier
Waylon Parker
