zero three two nine sixteen fifteen twentyone twenty twentyseven thirtyfour thirtyfive fortytwo fortyone forty thirtynine fortysix fortyfive thirtyeight thirtyone thirtytwo twentyfive eighteen eleven twelve thirteen fourteen seven six five zero
23
three three
five five
six six
seven seven
nine nine
eleven eleven
twelve twelve
thirteen thirteen
fourteen fourteen
fifteen fifteen
sixteen sixteen
eighteen eighteen
twenty nineteen twenty
twentyfive twentyfive
thirtyone thirtyone
thirtytwo thirtytwo
thirtyfour thirtyfour
thirtyfive thirtyfive
thirtyeight thirtyseven thirtyeight
forty forty
fortytwo fortytwo
fortyfive fortyfive
fortysix fortysix
