zero six five twelve thirteen twenty twentyone twentyeight thirtyfive thirtyfour thirtythree thirtytwo thirtynine forty fortyseven fortyeight fiftyfive fiftyfour fiftythree sixty sixtyseven sixtysix sixtyfive sixtyfour seventy seventyseven seventyone seventyeight eightyfour eightythree eightytwo eightynine eightyeight eightyone eightytwo seventyfive sixtyeight sixtyone sixtytwo sixtythree fiftyseven fifty fiftyone fortyfour thirtyseven thirty twentynine twentytwo twentythree twentyfour seventeen ten three two zero
44
two two
three three
zero four
five five
six six
ten ten
twelve twelve
thirteen fourteen
twentyone fifteen
twenty twenty
twentytwo twentytwo
twentyfour twentyfour twentyfive
twentynine twentynine
thirty thirty
thirtythree thirtythree
thirtyfour thirtyfour
thirtyfive thirtyfive
thirtyseven thirtysix thirtyseven
thirtynine thirtynine
fortyfour fortyfour fortyfive
fortyseven fortyseven
fortyeight fortyeight
fifty fifty
fiftyone fiftyone
fiftythree fiftythree
fiftyfive fiftyfive
fiftyseven fiftyseven
sixty sixty
sixtyone sixtyone
sixtytwo sixtytwo
sixtyfive sixtyfive
sixtysix sixtysix
sixtyseven sixtyseven
sixtyeight sixtyeight
seventy seventy
seventyone seventyone
seventyfive seventyfive
seventyseven seventyseven
seventyeight seventyeight seventynine
eightyone eightyone
eightytwo eightytwo
eightyfour eightyfour
eightyeight eightyseven eightyeight ninetyfive
eightynine eightynine
