zero three two one seven fourteen twentyone twenty twentyseven twentysix thirtythree thirtyfour thirtyfive twentynine thirtysix fortythree fortyfour fiftyone fiftyeight fiftyseven sixtyfour seventy seventyseven seventyone seventytwo seventynine eighty eightyseven ninetyfour ninetythree ninetytwo ninetynine onehunsix onehunthirteen onehunnineteen onehuntwentysix onehuntwenty onehuntwentyseven onehuntwentyeight onehunthirtyfive onehunthirtyfour onehunforty onehunfortyseven onehunfiftyfour onehunsixtyone onehunsixty onehunfiftynine onehunsixtysix onehunsixtyfive onehunsixtyfour onehunsixtythree onehunseventy onehunsixtynine onehunseventyfive onehunseventyfour onehuneightyone onehuneightytwo onehunseventysix onehunseventyseven onehuneightyfour onehunninetyone onehunninetytwo onehunninetythree onehunninetyfour onehuneightyseven onehuneighty onehunseventythree onehunseventytwo onehunseventyone onehunsixtyfour onehunfiftyseven onehunfifty onehunfortythree onehunfortyfour onehunthirtyseven onehunthirty onehuntwentythree onehunsixteen onehunseventeen onehuneighteen onehuneleven onehunten onehunnine onehuneight onehunone ninetyfour eightyseven eighty seventynine seventyeight eightyfour eightythree eightytwo seventyfive sixtyeight sixtyseven sixty fiftythree fiftytwo fortyfive thirtyeight thirtyseven thirty twentythree sixteen seventeen ten eleven twelve thirteen six zero
91
one one
two two
three three
six six
seven seven
ten ten
eleven eleven
twelve twelve
fourteen fourteen
twentyone fifteen
sixteen sixteen
seventeen seventeen
twenty twenty
twentythree twentythree
twentysix twentyfive twentysix
twentyseven twentyseven
twentynine twentynine
thirtythree thirtythree
thirtyfour thirtyfour
thirtyseven thirtyseven
thirtyeight thirtyeight
fortythree fortythree fortynine
fortyfour fortyfour
fortyfive fortyfive
fiftytwo fiftytwo
fiftythree fiftythree fiftyfive
fiftyseven fiftyseven
fiftyeight fiftyeight
sixty sixty
sixtyfour sixtyfour
sixtyseven sixtysix sixtyseven
seventy sixtynine seventy
seventyone seventyone
seventytwo seventytwo
seventyfive seventyfive
seventyseven seventyseven
seventyeight seventyeight
seventynine seventynine
eightytwo eightytwo
eightythree eightythree
eightyfour eightyfour
eightyseven eightyseven
ninetytwo ninetyeight
ninetynine ninetynine
onehunone onehunone
onehuneight onehuneight
onehunten onehunten
onehuneleven onehuneleven
onehunthirteen onehunthirteen
onehunsixteen onehunsixteen
onehunseventeen onehunseventeen
onehuneighteen onehuneighteen
onehunnineteen onehunnineteen
onehuntwenty onehuntwentyone
onehuntwentythree onehuntwentythree onehuntwentyfour
onehuntwentysix onehuntwentysix
onehuntwentyseven onehuntwentyseven
onehuntwentyeight onehuntwentyeight
onehunthirty onehunthirty
onehunthirtyfive onehunthirtyfive
onehunforty onehunforty
onehunfortythree onehunfortythree
onehunfortyfour onehunfortyfour onehunfortyfive
onehunfortyseven onehunfortysix
onehunfifty onehunfortynine onehunfifty
onehunfiftyfour onehunfiftyfour
onehunfiftyseven onehunfiftyseven
onehunfiftynine onehunfiftynine
onehunsixty onehunsixty
onehunsixtyone onehunsixtyone
onehunsixtythree onehunsixtythree
onehunsixtyfour onehunsixtyfour
onehunsixtyfive onehunsixtyfive
onehunsixtysix onehunsixtysix
onehunsixtynine onehunsixtynine
onehunseventy onehunseventy
onehunseventyone onehunseventyone
onehunseventythree onehunseventythree
onehunseventyfour onehunseventyfour
onehunseventyfive onehunseventyfive
onehunseventysix onehunseventysix
onehunseventyseven onehunseventyeight
onehuneighty onehuneighty
onehuneightyone onehuneightyone
onehuneightytwo onehuneightytwo
onehuneightyfour onehuneightyfour
onehuneightyseven onehuneightyseven
onehunninetyone onehunninety onehunninetyone
onehunninetytwo onehunninetytwo
onehunninetythree onehunninetythree
onehunninetyfour onehunninetyfour
