0 109 110 109 0 20 79 12 10 8 10 40 57 40 91 1 49 77 188 14 54 16 54 159 80 193 55 105 95 3 88 116 60 119 30 41 26 74 52 71 58 81 123 21 96 100 24 56 65 76 7 76 18 39 71 22 72 9 194 128 194 9 72 68 37 26 41 30 119 157 38 25 197 116 130 64 73 32 99 42 99 47 67 97 27 105 67 116 80 19 153 19 23 43 29 176 62 34 179 48 46 48 45 152 66 2 5 173 13 178 13 139 48 179 82 113 11 75 29 43 144 85 144 28 90 189 83 104 31 4 104 83 98 120 183 44 151 44 183 120 36 33 17 78 6 150 6 51 135 86 15 89 59 182 15 114 110 150 92 182 70 53 20 0
95
66 66
31 31
26 93 26
36 36
74 74
59 59
22 22
99 99
62 62
43 43
41 41 69
77 77
153 50
58 58
60 60
15 15
49 49
45 45
95 95
4 4
1 1 61
44 44
75 75
18 18
96 96
37 37
67 67
76 76
79 79
38 38
92 92
29 29
19 19
71 71
27 27
73 73
28 28 84
34 34
7 7
17 17
173 63
0 0
47 47
97 97
40 40
20 20
85 85
80 80
98 98
53 53
72 72
52 52
46 46
64 64
78 78
30 30
89 89
57 57
42 35 42
23 23
82 82
32 32
68 68
25 25
91 91
54 54
48 48
10 10
56 56
83 83
55 55
33 33
81 81
86 86
2 2
51 51
144 94
90 90
6 6
5 5
8 8
24 24
70 70
151 87
9 9
12 12
14 14
39 39
16 16
65 65
11 11
3 3
21 21
13 13
88 88
