paint wooden stink nutty measure diligent imported thumb floor same ice blade rake inherit desire ray glamorous determine complain learning ambiguous indicate finish route slam paint
25
ambiguous ambiguous
rake rake
blade blade
inherit inherit
paint paint
desire desire
nutty nutty
ice ice
floor floor
thumb thumb
finish finish
measure measure
indicate indicate
ray ray
diligent diligent
same same
determine determine
glamorous glamorous
slam slam
route route
imported imported
complain complain
learning learning
stink stink
wooden wooden
