188645 0FB66D FA567E 2EA2EE 2F1AB5 9B9BDD D04F40 628AB2 B3243F 1276AF 0801CC 19FFAB 4B39CA 825884 D7CAF9 D443EB 8D0852 37F745 7BF2B5 D01E6B 70146D 29B2A4 EC05F7 D27DC1 6D778A 36D08C 567883 C98FE7 E09D29 61EDA9 3ADA02 94D700 DBDC9A A5CCB5 35FF16 500783 298FDD 31D332 B86446 35F60D 2C101C CB09C0 E954F7 0D7DE7 A7E9D9 B7B073 EF4D57 3AA8C5 3B1041 7E5598 0FBCDC 7E5598 C0766C 188645
45
2EA2EE 84EBFF
EC05F7 FD1783 539A92
19FFAB 19FFAB
29B2A4 29B2A4 724A76
DBDC9A DBDC9A 994F93
500783 500783
94D700 94D700
0D7DE7 467AB7
188645 188645
CB09C0 CB09C0
35F60D AA8E14
B86446 4FBDE1
D7CAF9 D7CAF9
825884 48C2D5
A7E9D9 A7E9D9
E954F7 E954F7
31D332 DD2694
D01E6B D01E6B
35FF16 800641
C98FE7 C98FE7
7BF2B5 784F83
0FBCDC 0A5C0E 0FBCDC
9B9BDD 9B9BDD
0801CC 9B0EC2
C0766C 07D80A
6D778A 6D778A
FA567E B833F0
B7B073 B7B073
D04F40 D04F40
3B1041 3B1041
8D0852 8D0852
E09D29 E09D29
0FB66D 0FB66D
2C101C 2C101C
3ADA02 D5356A 3ADA02
D443EB D443EB
7E5598 AFF8D1
628AB2 628AB2
1276AF 1276AF
298FDD FF8D45
A5CCB5 A5CCB5
EF4D57 EF4D57
70146D 7E18E9
567883 44716B
37F745 37F745
