F1E81B 62C365 9DA2E3 53C6C8 36590B 66048A D2BE39 94A561 77A0B5 94A561 EAD0E3 BB4908 B47658 D6CC7A 846159 783751 ABD8FE 783751 846159 5BB557 1EC224 CEAC59 90451D CEAC59 C953A6 14B430 E80628 13A782 8F495E 0CBC31 E3C2C9 8015E0 29D5D7 98C2CE 813B05 F1E81B 47FACD 82A1F6 91A0DC 2FEDFB 205E5C BB40E6 614224 FFEEBD 614224 CF668A 7829D7 36C862 D1967A 3B4B53 2595F1 5EFED0 5D0E2E 6E313C 9096DB C9AF85 7BE8A9 B27903 AEFF96 685D1A 086D53 10520F 191510 305D33 191510 6B4619 CC9C14 A1F104 0F5860 002274 462226 EE2A22 79BC3D B69F55 1F842B 2924CB 3C5D7A 230A7C 85D6DB 4B97F1 EE2A22 0C73D8 86493E BDE94D 239994 6825D4 1D21D3 6825D4 EB8E2E 1B337D C45E71 6B622D 5F4E43 A014A0 06C557 A014A0 D8AAF4 8F17C0 D8AAF4 6B622D 14994D EB8E2E A9F1B8 24743A 5C7062 4CAD30 EB719D 8BFCAC 612FAA 124C90 D4A75D 1111F7 D4A75D 124C90 612FAA 103724 5A3862 82A1F6 E0BEFC 6CAF46 FFFD4B 17779E 770D1A CDC6D4 770D1A 5FD658 6C010A 1E1095 DD07FF F1E81B
82
FFFD4B 573788 FFFD4B
29D5D7 29D5D7
8015E0 8015E0
17779E 17779E
002274 D337F2 C3B3E7
CEAC59 CEAC59
6825D4 AE4A01
D1967A D1967A 851F90
B47658 B47658
230A7C 230A7C
1F842B 1F842B 7E78F3
47FACD 47FACD
10520F C3EF62
0C73D8 E81014
A1F104 A1F104
A9F1B8 52C88C
BB4908 E5E6C0 C18C9B BB4908
1111F7 6B340B 6966D7
B69F55 2CCB19 B69F55
AEFF96 AEFF96
8BFCAC 8BFCAC
85D6DB E51A66 85D6DB 63361A
462226 396D53
9096DB 9096DB
EB8E2E 596CF6
8F495E 8F495E
1EC224 4099A6 C4303B 293D59
086D53 F33196 61199E 4A5708
FFEEBD FFEEBD
614224 614224
94A561 94A561
305D33 305D33
8F17C0 151BC9 8F17C0
36C862 36C862
06C557 93EBE3
C9AF85 C9AF85
6B622D 6B622D
783751 783751
CC9C14 CC9C14
66048A 66048A
770D1A 770D1A
ABD8FE 20EAE7 ABD8FE
6E313C 6E313C
E80628 E80628
4B97F1 4B97F1
0CBC31 0CBC31
2595F1 8B6C2F 8B519F
0F5860 0F5860
685D1A 685D1A
1E1095 1E1095
5D0E2E 2BF7B5
EE2A22 59843B
C45E71 4A28BA
5BB557 5BB557
90451D 90451D
5F4E43 5F4E43
5C7062 5C7062
7829D7 7829D7
E0BEFC B7F75A 28F6D1
14994D 14994D
846159 6D51F4
239994 239994
2FEDFB 2FEDFB
813B05 813B05
CDC6D4 8417C8
205E5C DCE144
D4A75D D4A75D
4CAD30 4CAD30
1B337D 7E1C6C
1D21D3 8EBF8A
F1E81B F1E81B
3B4B53 3B4B53
D6CC7A D6CC7A
86493E 86493E
D2BE39 490F1E
BB40E6 BB40E6
BDE94D DE6899
14B430 14B430
E3C2C9 E3C2C9
77A0B5 77A0B5
124C90 124C90
36590B 36590B
