maintenance example focus reputation style context day bread price object selection chest volume role church salad resolution economy action property marketing account difficulty depression career war complaint woman rock income obligation wife average beer philosophy cause sign contract feature photo driver competition rate inspection population description movie future sister version maintenance
50
philosophy philosophy
object object
competition competition
war war
style style
church church
wife wife
sign sign
complaint complaint
sister sister
cause cause
economy economy
contract contract
price price
rate rate
income income
role role
driver driver
career career
inspection inspection
average average
focus focus
action action
reputation reputation
account account
movie movie
description description
day day
depression depression
chest chest
beer beer
salad salad
photo photo
difficulty difficulty
context context
maintenance maintenance
population population
version version
example example
resolution resolution
rock rock
marketing marketing
future future
feature feature
obligation obligation
bread bread
volume volume
property property
selection selection
woman woman
