context soil ability state thanks bedroom bit wood reality while departure aspect fat attempt care teaching bread farmer store anxiety currency satisfaction construction interaction road context
25
care care
context context
while while
currency currency
reality reality
bedroom bedroom
wood wood
bit bit
ability ability
interaction interaction
farmer farmer
construction construction
teaching teaching
soil soil
state state
satisfaction satisfaction
store store
attempt attempt
departure departure
fat fat
thanks thanks
bread bread
anxiety anxiety
aspect aspect
road road
