S V AD AW CM F CD N BE AN AG Q AQ L CV D AF P AT O BP E U BK T AI X R CS G BL A AP M CN CB CC AC CK H CP AB CL K AX C BG I AZ J Z AY W B AR CT AE BR S
58
A A
B B
C C
D D
E E
F F
G G
H H
I I
J J
K K
L L
M M
N N
O O
P P
Q Q
R R
S S
T T
U U
V V
W W
X X
AW Y AA AH AJ AK AL AM AO AS AU AV AW BA BB BC BD BF BH BI BJ BM BN BO BQ BS BT BU BV BW BX BY BZ CA CE CF CH CI CJ CO CQ CR CU CW
Z Z
AB AB
AC AC
AD AD
AE AE
AF AF
AG AG
AI AI
AN AN
AP AP
AQ AQ
AR AR
AT AT
AX AX
AY AY
AZ AZ
BE BE
BG BG
BK BK
BL BL
BP BP
BR BR
CB CB
CC CC
CD CD
CK CK
CL CL
CM CM
CN CN
CP CP
CS CS
CT CT
CV CV
