Bowles Calvin Bowles Mulford Latimer Edwards Latimer MLK Hearst Jacob TopDog Starbucks Chipotle Starbucks TopDog Jacob Hertz CVStarr Unit3 CKerr Unit3 CVStarr Hertz Jacob Foothill Davis Hildebrand Davis Foothill Dwinelle Haas Crossroads Lawrence UCTheatre Lawrence Crossroads Haas Dwinelle HearstAnnex Dwinelle Foothill Haviland Morgan Haviland Foothill Jacob Evan Blackwell Evan SigmaPhiOmega BearFoodCourt Hargrove MemorialStadium Campbell Stanley LeConte Campanile Bongo Campanile Wurster McCone Spats Stonefire PiLambda Stonefire Spats McCone Wurster Campanile LeConte VLSB Boalt Kresge Gregoire Kah Sutardja Wellman Moses Pimentel Stacks Pimentel Moses Greek Unit2 Wolf StrawberryCreek Wilde Bechtel Baker Strada Baker Bechtel Minor Memorial Maxwell Memorial Minor Bechtel Birge Bowles
45
Evan Evan Cloyne
Foothill Foothill Unit1
Campbell Campbell Doe Koshland
Birge Birge
Campanile Campanile
Moses Moses Gypsys
VLSB VLSB NorthGate
Wellman Wellman
Mulford Mulford Crescent
HearstAnnex HearstAnnex Lothlorien
LeConte RSF ALS
Haas Haas Pavilion
Boalt Boalt
Wurster Wurster Zellerbach
Blackwell Blackwell GenPlantBio
Greek Greek Safeway
Maxwell Maxwell Barrows
Calvin Calvin Etcheverry Graduate
Sutardja Sutardja
Kresge Kresge PeoplesPark Castro
Hildebrand Hildebrand YogurtPark
Morgan Morgan Martinez
Baker Baker Simons Daiso
Unit2 Unit2 IndianRock
Unit3 Unit3
CKerr CKerr WayWest Ridge
Stacks Stacks Sherman
Bowles LaVals
Bongo Bongo ShengKee Cheeseboard
Memorial TacoBell AlphaSigmaPhi
Strada Strada RoseGarden
Edwards Edwards Easterly
Crossroads Crossroads
Davis Browns
MLK Rochdale
Wilde Wilde
Wolf Wolf
Spats Spats
Chipotle Chipotle MFoundry
Bechtel Extension
UCTheatre UCTheatre NCEM
StrawberryCreek StrawberryCreek
TopDog Barker GammaPhiBeta
BearFoodCourt BearFoodCourt
PiLambda PiLambda PiAlphaPhi
