Wheeler Evans Morrison Hertz Kroeber Lewis Greek Bechtel Greek Morrison Evans Latimer Etcheverry VLSB Moffitt Soda Sather Soda Cheit Normandy Kresge Davis Hearst Cafe3 Cloyne WayWest GBC Anthony HearstAnnex Stephens South McLaughlin Memorial Minor Haas Faculty FSM Baker McCone BigC Pavilion Simons Koja Simons Pavilion BigC McCone Baker FSM Faculty Haas Stonefire Koshland Haviland Campbell Birge LeConte Campanile Doe Wheeler
27
Sather Martinez Barker Unit3 OCF
Hearst Hearst
Stonefire Stonefire
Simons Unit2
Koja Legends TriDelta
WayWest Metropolitan Warren
Anthony Anthony
Moffitt Moffitt
Minor Hargrove
Wheeler Sproul Dwinelle
Birge Birge
Bechtel Bechtel Jacobs
Kroeber Boalt Kroeber
Morrison Morrison
Haas Haas
Baker Baker Fiji
McCone CKerr
Pavilion PeoplePark
Koshland RSF
Cheit Cheit
Davis Davis
Cloyne Cloyne
Etcheverry Etcheverry
Latimer Foothill
Memorial IHouse
McLaughlin McLaughlin
Stephens Moses
