86 150 25 183 4 142 10 9 26 58 97 165 75 63 145 167 71 61 30 79 8 12 48 143 181 32 159 68 100 182 113 111 54 114 94 108 184 151 192 62 84 88 199 15 36 20 47 139 186 196 99 107 104 98 148 78 116 133 101 7 45 180 66 23 169 86
65
114 1 52 105
63 2 74
98 5 91 173
143 6 117
8 8
10 10
99 11 87
9 13 110
78 14
151 17 160 194
180 19 53 106
79 21 137
142 22 156
26 26
88 27 56
58 28 73 93
30 30
68 35 90
36 36
20 38 82
47 41
108 44 198
45 45
48 48
61 51 69
54 54
7 57 163
25 64 140 153 154 158
66 66
71 71
186 72
75 75
111 76 121 129
84 84
62 89
182 92 174
94 94
97 97
100 100
101 101
107 107
113 113
116 116
86 120 125
15 122
12 123 138 149
32 126 157 175
167 132 146
139 139
145 145
148 148
150 150
133 152
159 159
169 169
165 177
4 179
181 181
183 183
184 184
23 185
104 189
192 192
196 196
199 199
