110 168 124 81 159 38 55 138 3 127 122 190 138 55 39 171 11 176 151 13 160 98 189 178 148 74 172 92 54 45 47 73 54 169 197 20 25 41 20 94 30 40 170 10 85 87 66 60 100 72 44 64 175 1 36 79 149 126 147 107 8 29 28 154 0 23 147 175 53 22 52 19 165 18 83 101 43 123 105 121 140 6 140 111 141 83 5 161 56 50 96 64 152 199 103 26 90 132 163 15 91 145 67 33 99 195 77 110
93
178 178
94 76 94
152 152
190 190
90 90
64 64
54 54
36 36
163 163
60 60
160 160
175 175
99 99 181
141 141
44 44
197 197
50 50
111 51
28 28
101 101
195 195
47 47
107 107
30 30
172 172
159 159
148 148
29 29
43 43
15 15
81 81
41 41 192
87 87
169 169
18 18
53 53
123 193 123
11 11
56 56
20 20
126 126
6 6 131
25 25
96 96
13 13
147 147
45 45
171 171
165 165
38 38
1 1
72 72
140 140
121 121
110 110
85 182 85
73 73
124 124
0 0
5 5
170 14 170
55 55
127 127
161 161
98 98
151 142
79 79
103 103
39 39
149 149
92 92
22 22
122 122
66 66
74 74
3 3
52 52
83 83
100 100
67 67
19 19
199 199
154 154
189 189
138 138
77 77
91 91
176 176
168 168
145 145
26 26
132 132
40 40
