31 74 114 121 47 90 143 80 28 4 160 67 108 93 78 49 147 108 4 9 88 141 156 99 156 132 158 73 189 118 96 92 42 148 110 134 32 116 66 14 115 58 32 134 138 110 60 79 77 24 89 1 29 33 137 72 114 48 99 48 36 65 128 167 196 167 188 167 186 199 179 197 193 180 191 176 180 197 171 169 195 187 164 184 164 173 198 31
63
196 175 196
77 127 77
78 78
93 93
58 58 30 6
66 66
167 167
92 69 38
160 160
195 195
115 13 81 115
65 65
32 32
198 198 170
197 197
173 173
141 20 119 141 131
80 80
147 147
158 82 21 94 149 45
137 120 137 12
24 125 151 35 64
118 22 117 86 7 123 103 68
180 180
33 105 33
108 108
128 46 128 52
49 49 106 27
114 114
143 143
74 74
90 90
60 60
88 88 152
48 48
14 14
169 169
148 148 83
184 184
132 112 107 146
179 179
110 110
72 140
96 34 57
138 138
134 134
188 168 188
99 99
4 4
156 156
164 164
47 47
28 28
186 186
67 67
89 89
9 9
191 191
42 42
29 29
121 121
171 171
199 199
