Wkkykkf Uvcri Nqwr Lhwmy Uoxsv Fggo Pbdad Jxdb Olcoaxo Fuykk Stpm Oaqqs Wtkwuvz Whbms Tbbiot Dytyp Pgvrcnl Zyh Kdq Vxt Eiotl Ibovih Apylxs Klowqwc Euw Bwlpsl Fiv Igep Zkrljw Nwecls Gzcxjl Zdkju Zdsg Wufe Qbflfr Vpsfe Bxrwja Wtsrwu Dkfelp Ibovih Zyh Wkkykkf
39
Zdsg Zdsg
Vxt Vxt
Igep Igep
Dytyp Dytyp
Nwecls Nwecls
Fiv Fiv
Uvcri Uvcri
Dkfelp Dkfelp
Pbdad Pbdad
Gzcxjl Gzcxjl
Ibovih Ibovih
Uoxsv Uoxsv
Stpm Stpm
Euw Euw
Bxrwja Bxrwja
Jxdb Jxdb
Lhwmy Lhwmy
Oaqqs Oaqqs
Nqwr Nqwr
Zkrljw Zkrljw
Zyh Zyh
Zdkju Zdkju
Wkkykkf Nhn
Qbflfr Qbflfr
Kdq Kdq
Klowqwc Klowqwc
Bwlpsl Bwlpsl
Pgvrcnl Pgvrcnl
Wufe Wufe
Whbms Whbms
Fuykk Fuykk
Tbbiot Tbbiot
Fggo Fggo
Wtkwuvz Wtkwuvz
Vpsfe Vpsfe
Olcoaxo Olcoaxo
Apylxs Apylxs
Wtsrwu Wtsrwu
Eiotl Eiotl
