A0 X4 K2 E4 Y4 G3 Q5 M6 A6 T5 F3 V6 I3 R5 E3 C4 E3 R5 S1 I5 A1 D0 Y0 I0 Q4 I0 P5 S6 C6 B2 N1 X2 O3 X2 N1 Y6 A7 V2 Z3 W2 Q1 T4 B2 U6 K1 S2 K1 W5 T2 G6 P6 X1 Z6 G1 R4 C0 N2 E1 X3 A4 Q6 B5 R3 Z1 A2 L5 Q0 O5 M3 B4 X6 J3 W6 T3 H6 E5 W4 K4 D2 G4 Z4 J6 G0 F4 G0 J1 A5 J1 G0 T1 T6 J5 X0 P0 M4 L0 I1 C7 M5 D7 A0
88
A0 A0
C0 C0
D0 D0
Q6 F0 Q6
G0 G0
Q1 H0
I0 I0
X3 J0 X3
L0 L0
T2 M0 T2
P0 P0
Q0 Q0
X0 X0
Y0 Y0
A1 A1
E1 E1
G1 G1
I1 I1
J1 J1
K1 K1
X2 M1 X2
N1 N1
S1 S1
X1 X1
Z1 Z1
A2 A2
B2 B2
D2 D2
K2 K2
N2 N2
I3 P2 I3
S2 S2
U6 U2 U6
V2 V2
W2 W2
E5 C3 O4 E5
S6 D3 S6
E3 E3
F3 F3
G3 G3
M3 M3
O3 O3
R3 R3
T3 T3
T1 Y3 F6
Z3 Z3
A4 A4
B4 B4
C4 C4
E4 E4
F4 F4
G4 G4
K4 K4 R6
M4 M4
Q4 Q4
R4 R4
W4 W4
X4 X4
Y4 Y4
Z4 Z4
A5 A5
B5 B5
I5 I5
J5 J5
L5 L5
M5 M5
O5 O5
P5 P5
Q5 Q5
R5 R5
T5 T5
W5 W5
A7 Z5 A7
A6 A6
C6 C6
G6 G6
H6 H6
J6 J6
M6 M6
P6 P6
T6 T6
V6 V6
W6 W6
X6 X6
Y6 Y6
Z6 Z6
C7 C7
D7 D7
