142 121 137 66 106 111 90 143 77 160 108 148 46 4 174 3 91 78 186 78 60 26 0 183 190 118 38 118 93 151 159 45 8 163 100 34 175 130 193 16 177 126 164 59 21 150 99 54 14 134 52 178 195 158 69 64 122 128 68 152 41 133 33 9 28 103 18 181 153 139 153 181 18 103 85 187 132 39 115 5 185 22 149 63 171 140 171 135 137 48 137 121 142
48
150 150
151 144 151 167
8 31
140 129 140
158 158
90 90
133 133
178 178
14 14
181 181
99 141
139 30 145
174 174
9 70 7
183 183
46 46
106 106 127
21 21 157
186 186 55
159 159
60 124 60
34 34
41 41
108 108
121 121
177 177
85 89
22 22
153 23
63 63 35
48 76 48
195 195
3 3
38 197 38
115 115
16 16
77 77
69 69
91 91
137 137
93 93
130 58
135 97
39 39
4 4
33 33
64 64
66 44
