149 68 48 36 42 36 2 45 144 192 76 100 96 16 59 4 59 75 68 14 24 199 97 57 72 101 35 8 17 78 81 70 92 32 73 58 12 65 40 3 26 49 52 21 85 34 152 92 54 103 87 88 71 61 71 88 54 87 27 15 104 131 98 77 82 177 126 95 91 82 77 98 15 86 27 31 106 31 39 31 94 93 30 62 50 67 41 19 60 63 105 136 64 66 33 105 28 43 29 79 23 99 180 74 55 47 84 78 70 83 1 169 89 56 13 56 90 10 5 11 164 6 25 5 25 22 38 55 80 20 44 37 18 156 14 149
97
1 1
2 2
3 3
4 4
5 5
6 6
136 7
8 8
61 9 46 61
10 10
11 11
12 12
13 13
14 14
15 15
16 16
17 17
18 18
19 19
20 20
21 21
22 22
23 23
24 24
25 25
26 26
27 27
28 28
29 29
30 30
31 31
32 32
33 33
34 34
35 35
36 36
37 37
38 38
39 39
40 40
41 41
42 42 69
43 43
44 44
45 45
47 47
48 48
49 49
50 50
180 51
52 52
106 53
54 54
55 55
56 56
57 57
58 58
59 59
60 60
62 62
63 63
64 64
65 65
66 66
67 67
68 68
70 70
71 71
72 72
73 73
74 74
75 75
76 76
77 77
78 78
79 79
80 80
81 81
82 82
83 83
84 84
85 85
86 86
87 87
88 88
89 89
90 90
91 91
92 92
93 93
94 94
95 95
96 96
97 97
98 98
99 99
100 100
