myBc2oGXtwQIbhN8LZB1 vy2boLWO2lxg10y7uS0y 6X2CNJieZ0I5rs3Wfu65 nmetx4LmU9YBYTmghDrT 1ZOzWuPMAgV9noIUn6fI FMx2ghinkTg3bXUUbaTx jHmvxfAZsjs2mCnHbbFf 4jo8IXw984NR3wvT2Dr9 5f6BSghRQWi4UfjviKjn e3j3O8zLHFaoF4L54lX4 oTKjE2BVS0AvV4XvUeLk jy3jNWgqegakpFSv6gUm zWpsWJk9vbOt0JkC0vhz wqC51QdeDTq2cT8foWJ0 X0l14s0sRXjXSeLRZLOJ bVCSBWLjvEmxQEUvDzc4 lRM59z2yUMoVl3kzgo9u j2d1svPUTAqQIDPXwffl w5Yg5o0VnYd77fs4XPRL yAYyOcL4ZKdEiLdSPQJm RBvtNZMBTgecfVkYzQF0 bDUuepVti8upHAAenmtw KtbSULrz2h1IxsKP2DHz RpB10dFWsUl9DC779n8X UMmbOoOKP6EkLMuN70H3 o9aZyqilfPONdyLlpTRX ki0pv73E3TweydEr2xMN saIZq3FqZhdVPNoQWmqU qz4O4bOhKA0YZxpN4mu9 C4VxHS7oWghMg001nCqT lYkJhGqsFKbDklNelAfr GvRFaXYJvrU5PAeeG88T MrSQPZSbMdgYshneAfKf E1No0jrU6hgJwSJDwUUZ m1eNgjuhkxodElFqqgdb VThEkwdtHmaZ1zsmfh4s uNXUIWejT1w4vLTe7QBt EY74ASuADSlYlDTJLkL6 ZhHxBzOYsJAOHrqq4mZM wy0RiFWOddqgqdcatQ9A 9OL9rFCWxsvkui0BnJrR 69TQpRojisYUrVnWqBaA q1ntlEPy5TkjTDK1N7QA fbJ1XhavEsRSCGVVB1U1 olDP1pNg8HxpvCq8TOIJ K674cUKePzN7aRSq4iqU o53aRQwjhcCKlIFPSjvf o2dWBGyrvosFrr6mKxkG SUNxIlWVwIvWYg6OTKeH myBc2oGXtwQIbhN8LZB1
47
GvRFaXYJvrU5PAeeG88T GvRFaXYJvrU5PAeeG88T
RBvtNZMBTgecfVkYzQF0 RBvtNZMBTgecfVkYzQF0
5f6BSghRQWi4UfjviKjn 5f6BSghRQWi4UfjviKjn
bVCSBWLjvEmxQEUvDzc4 bVCSBWLjvEmxQEUvDzc4
m1eNgjuhkxodElFqqgdb m1eNgjuhkxodElFqqgdb
wqC51QdeDTq2cT8foWJ0 1GbSD7rTlpNb4qV46SKR
qz4O4bOhKA0YZxpN4mu9 qz4O4bOhKA0YZxpN4mu9
o53aRQwjhcCKlIFPSjvf o53aRQwjhcCKlIFPSjvf
vy2boLWO2lxg10y7uS0y vy2boLWO2lxg10y7uS0y
FMx2ghinkTg3bXUUbaTx FMx2ghinkTg3bXUUbaTx
myBc2oGXtwQIbhN8LZB1 fpPjeU3Q7Ml0oxbNnONE
9OL9rFCWxsvkui0BnJrR 9OL9rFCWxsvkui0BnJrR
RpB10dFWsUl9DC779n8X RpB10dFWsUl9DC779n8X
zWpsWJk9vbOt0JkC0vhz zWpsWJk9vbOt0JkC0vhz
C4VxHS7oWghMg001nCqT C4VxHS7oWghMg001nCqT
uNXUIWejT1w4vLTe7QBt uNXUIWejT1w4vLTe7QBt
e3j3O8zLHFaoF4L54lX4 e3j3O8zLHFaoF4L54lX4
nmetx4LmU9YBYTmghDrT nmetx4LmU9YBYTmghDrT
X0l14s0sRXjXSeLRZLOJ X0l14s0sRXjXSeLRZLOJ
69TQpRojisYUrVnWqBaA 69TQpRojisYUrVnWqBaA
VThEkwdtHmaZ1zsmfh4s LJTA7Za5kd0YC7vjiAyc VThEkwdtHmaZ1zsmfh4s
j2d1svPUTAqQIDPXwffl j2d1svPUTAqQIDPXwffl
ZhHxBzOYsJAOHrqq4mZM ZhHxBzOYsJAOHrqq4mZM
jy3jNWgqegakpFSv6gUm jy3jNWgqegakpFSv6gUm
o2dWBGyrvosFrr6mKxkG o2dWBGyrvosFrr6mKxkG
q1ntlEPy5TkjTDK1N7QA q1ntlEPy5TkjTDK1N7QA
oTKjE2BVS0AvV4XvUeLk oTKjE2BVS0AvV4XvUeLk
UMmbOoOKP6EkLMuN70H3 UMmbOoOKP6EkLMuN70H3
SUNxIlWVwIvWYg6OTKeH SUNxIlWVwIvWYg6OTKeH
K674cUKePzN7aRSq4iqU K674cUKePzN7aRSq4iqU jjCSZnB5168QDqTrFROq
EY74ASuADSlYlDTJLkL6 EY74ASuADSlYlDTJLkL6
KtbSULrz2h1IxsKP2DHz KtbSULrz2h1IxsKP2DHz
6X2CNJieZ0I5rs3Wfu65 6X2CNJieZ0I5rs3Wfu65
lYkJhGqsFKbDklNelAfr lYkJhGqsFKbDklNelAfr
w5Yg5o0VnYd77fs4XPRL w5Yg5o0VnYd77fs4XPRL
ki0pv73E3TweydEr2xMN ki0pv73E3TweydEr2xMN
o9aZyqilfPONdyLlpTRX o9aZyqilfPONdyLlpTRX
MrSQPZSbMdgYshneAfKf MrSQPZSbMdgYshneAfKf
olDP1pNg8HxpvCq8TOIJ olDP1pNg8HxpvCq8TOIJ
jHmvxfAZsjs2mCnHbbFf jHmvxfAZsjs2mCnHbbFf
lRM59z2yUMoVl3kzgo9u lRM59z2yUMoVl3kzgo9u
saIZq3FqZhdVPNoQWmqU saIZq3FqZhdVPNoQWmqU
yAYyOcL4ZKdEiLdSPQJm yAYyOcL4ZKdEiLdSPQJm 6yzFaM9N8M8BsjLACDds
wy0RiFWOddqgqdcatQ9A wy0RiFWOddqgqdcatQ9A
1ZOzWuPMAgV9noIUn6fI 1ZOzWuPMAgV9noIUn6fI
fbJ1XhavEsRSCGVVB1U1 fbJ1XhavEsRSCGVVB1U1
4jo8IXw984NR3wvT2Dr9 4jo8IXw984NR3wvT2Dr9
