xse rsg dkp nsw ymw jfh miy mti vvn mti svk bda ttw ptu krr nvz qkp qdw zkt tdu tso cma ljd zkt qxs byu ruo xeh aeg vtd hmi rjv idv ukv nii gex pjf wyg lvm fia nmf ksn pvs ikb xme vwg aii igs qwk hpx rtc txq lrj nfr lwk fzi xme khu xnr ckx ask zdb loj hbd zud phg jam ybr cek kfu aeu cen ego fin dgl adx vlb adx kxn uuw vmt hir tlh ceo xjt ksg rir qbf wiy emz hks fyc nbi vzr nhi nko fbk vmv fjy kpp cun nry agh svk uau krr qjf uwo bod ogh jfh ils hcr xse
94
cma cma
adx adx
nmf ocp nmf
pvs pvs
fbk fbk
vtd vtd
cen cen
bda bda
aii aii
lrj lrj bdh
uwo uwo
nii nii
mti mti
ybr ybr
ikb ikb
wyg wyg
xeh xeh
khu khu
vvn vvn
vlb mok fgp
fin fin
vmv vmv
lvm lvm
xnr nwc
loj loj
fzi fzi
uau uau
miy miy
tdu tdu
fia fia
byu byu
hmi hmi
ksn fhv
cek uok
nfr nfr
qbf qbf
hcr hcr
phg phg
zud zud
hpx hpx
pjf pjf
wiy wiy
ttw ttw
cun cun
rtc rtc
nry nry
qkp yug
ptu ptu
vzr jgt vzr
lwk lwk
aeg aeg
ckx ckx
zkt zkt
uuw uuw
nhi nhi
ogh ogh
krr krr
nko nko
qdw qdw
tso tso
kxn kxn
bod bod
xjt xjt
qjf tko qjf
vwg vwg
dgl dgl
zdb zdb
ruo ruo
nsw nsw
rsg rsg
rjv rjv
xme xme
ego ego
agh bnl
gex gex
ukv ukv
emz emz
txq txq
kpp kpp
jam jam
fyc fyc
qwk wbg
vmt vmt
jfh jfh
ksg ksg
kfu kfu
svk svk
ljd ljd
tlh tlh
qxs qxs
nvz nvz
idv idv
fjy fjy
ils ils
