azv xie hyb yiy wpu yvc brw cwq cim gei cim eqa mis kxx vfq ncc hln yfq mtd gcw ipq yvc jwx dqy ijd ovx wyg hsi hob pzr faq boc mpw cib ufa txp sau aur scm hwc hlc qzx uua rcw cvb vxn rfl uyd rov zuz lmh ivp ryg hcc rti oqv azv
48
gcw gcw
azv azv
yiy yiy
ipq ipq
lmh lmh
oqv oqv
pzr pzr
ovx ovx
rcw rcw
rfl rfl
jwx jwx
yvc yvc
zuz zuz
ijd ijd
ufa ufa
hwc hwc
hyb hyb
sau sau
scm scm
uyd gfr uyd
rti rti
gei gei ctf
xie xie
hsi hsi
ncc ncc
dqy dqy
ryg jvc
cim cim
yfq yfq
vxn vxn
aur aur
cib cib
vfq vfq
rov rov
uua uua
boc boc
mis mis
qzx qzx
brw brw
mtd mtd
hlc hlc
mpw mpw
wpu hip
hob wcd
cwq cwq
hcc hcc
eqa eqa
ivp ivp
