Encanto Sherman Beach Ramona Vista Ames Alpaugh Two Clayton City Moccasin Delta Santa Quail Homestead Garden Vernon Woodbridge Willow Foothills Riverside Los Jane Woffard Laguna Pumpkin Kentfield Cherokee Bonita Richvale Kern Banning Welden Yurok Granite Elmira Cypress Forest Presidio Shafter Green Cabbage Warner Mount Smoke Costa Glencoe McAuley Chinese All Encanto
50
Cherokee Cherokee
Kentfield Kentfield
Banning Banning
Vernon Vernon
Bonita Bonita
Forest Forest
Vista Vista
Laguna Laguna
Homestead Homestead
Willow Willow
Foothills Foothills
Moccasin Moccasin
Two Two
Beach Beach
Presidio Presidio
Sherman Sherman
All All
Richvale Richvale
Kern Kern
Woodbridge Woodbridge
Yurok Yurok
Cabbage Cabbage
Glencoe Glencoe
Jane Jane
Welden Welden
Mount Mount
Elmira Elmira
Warner Warner
Shafter Shafter
Los Los
Ames Ames
City City
Quail Quail
Santa Santa
Granite Granite
Clayton Clayton
Garden Garden
Chinese Chinese
Woffard Woffard
Alpaugh Alpaugh
Pumpkin Pumpkin
Delta Delta
Costa Costa
Encanto Encanto
Ramona Ramona
Riverside Riverside
Smoke Smoke
Cypress Cypress
McAuley McAuley
Green Green
