Evans WursterHall Campbell DurantHall Unit2 Pappys SproulHall LewisHall DavisHall ClarkKerr BotanicalGardens Gilman Marugame ThaiNoodle Dwinelle MLK LatimerHall Plentea Doe SatherGate GreekTheatre SatherGate InternationalHouse CaliforniaHall Firewings RSF Underhill Blackwell ImmThai AlumniHouse BerkeleyWayWest Yifang UniversityVillage HortonHall Barrows KroeberHall Bowles Unit3 Milkbomb SouthHall Moffit HappyLemon LawrenceHall BancroftLibrary HavilandHall VLSB HearstMining StrawberryCreek Unit1 HAAS Foothill Artichokes Evans
39
ThaiNoodle ThaiNoodle
Doe Doe
HearstMining HearstMining
Yifang Wheeler
Marugame Campanile
Moffit LeConte Moffit
Dwinelle Dwinelle
SouthHall SouthHall HesseHall
Gilman Gilman
CaliforniaHall CaliforniaHall
Bowles Bowles ZellerbachHall HilgardHall
BancroftLibrary BancroftLibrary
DurantHall DurantHall
Unit2 Stern Unit2
Campbell Campbell Eshelman
GreekTheatre GreekTheatre CanyonPool
HAAS BAMPFA HAAS
BerkeleyWayWest BerkeleyWayWest
LawrenceHall LawrenceHall
InternationalHouse InternationalHouse
Unit1 Unit1
Unit3 Unit3 Boalt
Foothill Foothill
VLSB VLSB
RSF RSF
Blackwell Blackwell
MLK MLK HildebrandHall
Plentea Soda SutardjaDai
Evans Cory
Barrows Barrows
AlumniHouse AlumniHouse
BotanicalGardens BotanicalGardens
HortonHall MemorialStadium
DavisHall DavisHall
StrawberryCreek Kresge
KroeberHall Etcheverry
SatherGate GiauqueHall
UniversityVillage UniversityVillage
HavilandHall HavilandHall
