Soda Doe GreekTheatre LawrenceHall MemorialStadium InternationalHouse AlumniHouse GiauqueHall Campbell Unit3 Barrows CaliforniaHall HilgardHall Gilman Cory DavisHall SouthHall Unit1 Blackwell BancroftLibrary Unit2 Etcheverry LeConte Foothill HavilandHall Dwinelle HearstMining BotanicalGardens Evans Campanile BerkeleyWayWest Soda
21
Evans Evans BAMPFA
Doe Doe Bowles
HearstMining HearstMining
BerkeleyWayWest Wheeler BerkeleyWayWest
Campanile Campanile
LeConte LeConte
DavisHall Moffit Stern
Dwinelle Dwinelle
SouthHall SouthHall
Gilman Gilman
CaliforniaHall CaliforniaHall
BancroftLibrary BancroftLibrary
Blackwell DurantHall
Campbell Campbell
GreekTheatre GreekTheatre
LawrenceHall LawrenceHall
InternationalHouse InternationalHouse
Unit1 Unit1
Unit2 Unit2
Unit3 Unit3
Foothill Foothill
