Ippudo Platano Soda HildebrandHall NatApartment BetaLounge Ikes SweetheartCafe PeoplesCafe PurpleKow Flavia SmokesPoutinerie LewisHall Cafe3 ExtremePizza LaNote Homeroom PokeBar Plentea ClarkKerr DollarTree TripleRock Cinnaholic DavisHall TukTukThai DavisHall NorthHall MSRI NoodleGirl Wikiwiki Underhill SteamTrains Underhill HortonHall Shengkee LowerSproul Artichokes SnackShack AmoebaMusic GrizzlyPeak UdupiPalace HavilandHall Fengcha UniversityVillage TToust BobaNinja TennisCourts TPTea Campanile Cornerstone UrbanOutfitters AndrewsApartment Wheeler GSPP EastBaySpiceCompany HesseHall Kips HesseHall ThaiBasil Milkbomb Blackwell SuperDuperBurgers Pappys HearstAnnex McDonalds HearstAnnex Bowles AshaTeaHouse Barrows BerkeleyBart BigC BerkeleyBart LaBurrita OptometryBuilding YogurtPark GreatChina YogurtPark Ucha SouthHall Crossroads LiKaShing BanshoRamen Raretea InternationalHouse BobbyGPizza Marugame Gadani CaliforniaHall HearstGym WursterHall Spats Gather Tilden LatimerHall Jupiter TopDog Firewings Quicklys BerkeleyArtStudio Mezzo HAAS Chipotle HearstMining Campbell EastAsianLibrary Gypsys Platano Ippudo
78
HortonHall HortonHall
SteamTrains KroeberHall JambaJuice
LatimerHall LatimerHall
LewisHall LewisHall
Jupiter Morganhall Jupiter
McDonalds Morrisonhall McDonalds
ThaiBasil MulfordHall ThaiBasil
NorthHall NorthHall Yifang
OptometryBuilding OptometryBuilding
AshaTeaHouse AshaTeaHouse
HavilandHall Bonchon
Firewings Firewings
BerkeleyBart HappyLemon SproulHall
Ucha Ucha
Artichokes Artichokes
LaNote TacoBell LaNote
Ikes Gongcha Ikes Eureka
Fengcha Fengcha
Flavia UCafe
TPTea TPTea
GreatChina SatherGate GreatChina
TennisCourts StrawberryCreek Cheeseboard
BigC BigC TenderGreens
ClarkKerr ClarkKerr
Crossroads Crossroads
Cafe3 Cafe3 ThaiNoodle
Raretea Raretea
Underhill Underhill
YogurtPark TraderJoes Target
Barrows Safeway
Marugame Marugame
Kips Kips Muraccis
Pappys Pappys
BetaLounge BetaLounge
Spats Spats
Cornerstone Cornerstone
TripleRock TripleRock
LowerSproul LowerSproul
WursterHall WursterHall
Shengkee Shengkee
Plentea Plentea
Chipotle Chipotle
BobbyGPizza ImmThai
Milkbomb Milkbomb
Campbell MemorialGlade
EastAsianLibrary EastAsianLibrary LittleCampanile
Mezzo Mezzo
Cinnaholic Slivers
NoodleGirl Teazone
PokeBar PokeBar
Quicklys Quicklys
TopDog TopDog
Gypsys Gypsys
SnackShack SnackShack
SmokesPoutinerie SmokesPoutinerie TheDwight
TukTukThai BSC TukTukThai Venus
Platano Platano
EastBaySpiceCompany EastBaySpiceCompany
PeoplesCafe PeoplesCafe
SuperDuperBurgers SuperDuperBurgers
Gadani HalalGuys Gadani
ExtremePizza ExtremePizza
Wikiwiki Wikiwiki
Homeroom TheHabit Homeroom
Campanile ChezPanisse
NatApartment Rachas
BobaNinja BobaNinja
SweetheartCafe SweetheartCafe
Wheeler Wheeler
Gather Gather
BerkeleyArtStudio SaturnCafe BerkeleyArtStudio
AmoebaMusic AmoebaMusic
GrizzlyPeak GrizzlyPeak
LaBurrita LaBurrita
AndrewsApartment AndrewsApartment
BanshoRamen BanshoRamen
Bowles Namaste
UrbanOutfitters UrbanOutfitters
