S A E J O W G 7 12 17 Q Q3 127 E3 J3 O3 77 G3 91 76 70 K3 F3 P3 58 M3 N3 V3 79 80 W3 C3 107 105 R3 T3 104 I3 D3 X3 Y3 82 68 62 57 B3 53 49 V2 P2 K2 F2 E2 J2 O2 U2 T2 N2 I2 D2 C2 H2 M2 R2 Z2 Y2 X2 R Q2 L2 G2 B2 I 1 V N U D C B P 8 T 6 Z 5 H 3 X 2 K F S
70
A A
B B
C C
D D
E E
F F
G G
H H
I I
J J
K K
3 L
6 M
N N
O O
P P
Q Q
R R
T T
U U
V V
W W
X X
5 Y
Z Z
53 A2
B2 B2
C2 C2
D2 D2
E2 E2
F2 F2
G2 G2
H2 H2
I2 I2
J2 J2
K2 K2
L2 L2
M2 M2
N2 N2
O2 O2
P2 P2
Q2 Q2
R2 R2
T2 T2
U2 U2
V2 V2
X2 W2 X2
Y2 Y2
Z2 Z2 Z3
B3 A3 B3
C3 C3
D3 D3
E3 E3
F3 F3
G3 G3
91 H3 L3
I3 I3
J3 J3
K3 K3
M3 M3
N3 N3 U3
O3 O3
P3 P3
Q3 Q3
R3 R3
T3 T3
V3 V3
W3 W3
X3 X3
Y3 Y3
