hdpxs dwyai rchbw lmwpk rchbw frhgc htkwy vcwfj qsmkj myxlw vobqh qhvsb drojn xlrzc tndwl rjdai qhibx mtcsd oaeyh tndwl zntkr wcjeg gdovn qtdze utdhx qsmkj xlrzc kscoz jcwpu joztf evtgj cxajk aedvq yxjgq xcvow pihld mujil kzwah qpbmc wkbuf kjihy gufvs mhekz syoxv maqho wajol qbdwz maqho pgqva yvbse evsbm lpudv pgqva stflc syoxf stflc pgqva olqfv osvgp oewcd mhuad ayrgb oxuqn rzvtg ayrgb tjake cxdes oewcd armnk btwzv laqzs nzack lnjxt yazqf dbjxw glrpy dbjxw ymcfp jhlus zqjxb uklga ebwcp bdevm qckjp rjuxc wdquv uiogl iyuas ohzfn iyuas egclu bwknx wotiq vgwoi crlfe hwmzn nqtru rlumh tmwdy pytwh ehqyk yqfdk zcjqx fjdqi ypdnb bdevm ebwcp uklga qckjp wdquv tfcam xnpwq ahnds cqsby lmwpk frhgc bsvth wnelr cihba osxbc hdpxs
93
rlumh mlibf rlumh
crlfe sxdiu
qpbmc qpbmc
uiogl uiogl ktzce
uklga uklga
maqho maqho
glrpy yqtob
mujil mujil
tmwdy tmwdy
fjdqi fjdqi
xlrzc xlrzc
cihba oxitr cihba
nqtru nqtru
bdevm bdevm
ayrgb ayrgb
lnjxt lnjxt
armnk armnk tkwle
lpudv gdnim lpudv
zqjxb zqjxb
yqfdk yqfdk
drojn drojn
ohzfn ohzfn dkjro
jcwpu jcwpu
wotiq wotiq
joztf joztf
pytwh pytwh gstwp
cxdes cxdes
tndwl tndwl
qhibx qhibx
aedvq aedvq
ymcfp ymcfp
stflc stflc
wajol wajol
kscoz kscoz
mtcsd mtcsd
pgqva pgqva
btwzv btwzv
ahnds ahnds
utdhx utdhx
rjuxc rjuxc
xnpwq xnpwq
frhgc frhgc
osvgp osvgp
bsvth bsvth
rjdai rjdai
qckjp qckjp
lmwpk lmwpk
wnelr wnelr
syoxf syoxf
qbdwz qbdwz
zcjqx zcjqx
yazqf yazqf
vgwoi vgwoi
olqfv bkfuc
dbjxw dbjxw
gufvs gufvs
kjihy kjihy
iyuas iyuas
syoxv syoxv
zntkr zntkr
jhlus jhlus
ebwcp ebwcp
bwknx bwknx
dwyai amfiz
cqsby cqsby
wkbuf wkbuf
kzwah kzwah
yvbse yvbse
htkwy htkwy
oewcd oewcd
rchbw rchbw
oaeyh oaeyh
evtgj evtgj
cxajk cxajk
pihld pihld
qsmkj qsmkj
mhekz mhekz
vcwfj vcwfj
ehqyk ehqyk
gdovn gdovn
hwmzn hwmzn
mhuad mhuad
oxuqn oxuqn
tjake tjake
wdquv wdquv
xcvow xcvow
evsbm evsbm
wcjeg wcjeg
rzvtg rzvtg
vobqh vobqh
osxbc osxbc
ypdnb ypdnb
qhvsb qhvsb
