hutmk vmgxh ugyls yzaje lcghr xintv oscrv mlfbi lsnhz gxdqt bcrwj otirh yiodb ywion ijvuq xeljy misyc groqz urlkt hincx xnysi cursl tyuep zsehb hopbn qdzgs tejxc aqzce axmwy artvi abupm mzlsn spuoi vczkh ugamb iofdr guxio aeomh lnfiu rlfxc ablxw yaxts dowbf omjfc hutmk
38
oscrv oscrv
hopbn hopbn
mlfbi mlfbi
lcghr lcghr
aqzce aqzce
mzlsn mzlsn
zsehb zsehb
tyuep tyuep
xintv coubd xintv
yzaje yzaje
lnfiu lnfiu
cursl cursl
omjfc omjfc
qdzgs qdzgs
ywion ywion ijofp
gxdqt gxdqt
vczkh vczkh
yiodb yiodb
urlkt urlkt
rlfxc rlfxc
aeomh aeomh
artvi artvi
vmgxh vmgxh
ugamb ugamb
ablxw ablxw
otirh otirh
ugyls ugyls
tejxc tejxc
xeljy xeljy
yaxts yaxts
spuoi spuoi
xnysi xnysi
dowbf dowbf
misyc misyc
bcrwj bcrwj
lsnhz lsnhz
axmwy axmwy
ijvuq ijvuq
