Hayward Brighton Oxnard SanBuenaventura Norwich Utica Anchorage OverlandPark Greenville Plano Hagerstown PalmBay VeroBeach SantaClara Aberdeen SimiValley Topeka Downey Burlington Worcester Modesto Elkhart McAllen ElMonte Merced Detroit Duluth Fullerton Youngstown Pueblo SanBernardino Mobile Hemet PuntaGorda HavredeGrace JohnsonCity SanAntonio ElPaso SaintPaul GrandRapids Vancouver Henderson NewYorkCity Omaha Scottsdale Lorain RoundLakeBeach Independence Escondido Mesquite CapeCoral Gastonia Laredo GreenBay Lafayette Waterbury Newburgh Carrollton Visalia Columbus Anaheim Eugene Boise Marysville Stamford LasVegas Nashua Tyler Arvada Scranton Sarasota HuntingtonBeach LakeCharles Spartanburg Springfield SterlingHeights Champaign York Reno Huntsville ThousandOaks Cambridge PalmBay CorpusChristi StPaul Savannah Lacey PortArthur Marina Hialeah Albuquerque Torrance Melbourne Lubbock Bryan Hampton Salem Deltona Tucson NewYork Orem Shreveport Hartford Shreveport Hayward
87
PuntaGorda PuntaGorda
Tyler Tyler
Independence Cincinnati
ThousandOaks ThousandOaks Olympia
Norwich Norwich
PalmBay PalmBay
Tucson Tucson
Utica Utica
Pueblo Pueblo
Albuquerque Albuquerque
Laredo Laredo
SimiValley NewportNews
Youngstown Barnstable Bakersfield
JohnsonCity JohnsonCity
Greenville Greenville
Eugene Eugene
VeroBeach Racine
Nashua Nashua
RoundLakeBeach RoundLakeBeach
Springfield Harlingen
Newburgh Newburgh
HavredeGrace HavredeGrace
Champaign Charlotte Champaign
OverlandPark OverlandPark Louisville
Omaha Omaha
Topeka Topeka
CapeCoral CapeCoral Bloomington
Deltona Deltona
Anchorage Anchorage Fresno
Marina Marina Frederick Kissimmee
Salem Salem
LasVegas LasVegas
Downey Downey
Hagerstown Hagerstown
Bryan Birmingham
SanBuenaventura SanBuenaventura
Mesquite Mesquite
Fullerton Flint Fullerton
McAllen McAllen
Lubbock Lubbock
CorpusChristi CorpusChristi
Marysville Layton Marysville
Orem Bethlehem NewBedford
Hartford NorthLasVegas Hartford
Escondido StLouis Monroe
GrandRapids GrandRapids
Boise Boise
Arvada Arvada
Oxnard Oxnard
Hemet Hemet
Scranton Scranton
Waterbury Waterbury
LakeCharles LakeCharles
Stamford Stamford
PortArthur RichmondCounty
Duluth Duluth
Modesto Modesto
Henderson Henderson
HuntingtonBeach HuntingtonBeach
Huntsville Huntsville
Lacey Lacey
Burlington Burlington
Columbus Columbus
Savannah Savannah
Vancouver Vancouver
Detroit Detroit
Hialeah Hialeah
StPaul CathedralCity
NewYorkCity NewYorkCity
GreenBay GreenBay
ElPaso ElPaso
SantaClara SantaClara
Hampton Newark
Torrance Torrance
Plano Plano
NewYork Kalamazoo
Carrollton SiouxFalls
Elkhart Elkhart
Anaheim Anaheim
SaintPaul SaintPaul
York York
Spartanburg Spartanburg
Scottsdale Scottsdale
Aberdeen Aberdeen
Mobile Mobile
Melbourne Melbourne
Reno Ogden
