Hayward Asheville Durham Deltona Corona Modesto Hampton RichmondCounty Charlotte Hickory Winston Carrollton Downey Abilene Atlanta Danbury Burbank NewOrleans SaintLouis BelAir York NewBedford Aurora Tucson Bradenton Huntsville Yonkers Waterloo Springdale McHenry Newark NewYorkCity Kennewick PuntaGorda Omaha Topeka Montgomery ThousandOaks Asheville Hayward
36
PuntaGorda PuntaGorda
Hickory Tyler HuntingtonBeach Hickory
ThousandOaks ThousandOaks
Tucson PalmBay Tucson LakeCharles
Kennewick Barnstable Kennewick
Yonkers Yonkers
Burbank Burbank Chicago
McHenry McHenry Torrance
SaintLouis Harlingen
Charlotte Charlotte
Omaha Omaha
Topeka Topeka
Deltona Deltona
Danbury Danbury
Downey Downey
Asheville Asheville CedarRapids
Huntsville McAllen Huntsville
Abilene GrandRapids
BelAir BelAir Monroe
Aurora Aurora Bakersfield
Bradenton Bradenton SaintPaul
RichmondCounty RichmondCounty
Montgomery SantaCruz
Modesto Modesto
NewYorkCity NewYorkCity
Winston Tampa Memphis
Springdale Springdale
Hayward SantaClara
Atlanta Atlanta
Durham Durham Bloomington
Newark Newark
NewBedford NewBedford
York York
NewOrleans Waco
Waterloo Waterloo
Hampton Hampton
