AndyandZeyu j8 f8 g8 AndyandZeyu AndyandZeyu7 j6 i7 g7 h7 b7 f7 AndyandZeyu f6 g6 h6 AndyandZeyu6 i6 AndyandZeyu i5 f5 j4 h5 e5 AndyandZeyu g4 h4 i4 f4 AndyandZeyu f3 j3 g3 h3 AndyandZeyu g2 c2 i2 h2 f2 j2 AndyandZeyu g1 h1 i1 b1 j1 AndyandZeyu f0 i0 AndyandZeyu0 g0 j0 AndyandZeyu h g j i f AndyandZeyu
46
f f
g g
h h
i i
j j
f0 f0 h0
g0 g0
i0 i0
j0 j0
b1 f1
g1 g1
h1 h1
i1 i1
j1 j1
f2 f2
g2 g2
h2 h2
i2 i2
j2 j2
f3 f3
g3 g3 i3
h3 h3
j3 j3
f4 f4
g4 g4
h4 h4
i4 i4
j4 j4
f5 f5
e5 g5
h5 h5
i5 i5
AndyandZeyu6 j5
f6 f6
g6 g6
h6 h6
i6 i6
j6 j6
f7 f7
g7 g7
h7 h7
i7 i7
j8 j7 j8
f8 f8 h8
g8 g8
AndyandZeyu i8
