MfdzFvsdGbvl BbyhqvohDUZK rrRAqFcoDYfk pQCFwcmaYfTN EoEdLMroSPNp QHpWWcCYavdw PUcvIgREsriS hCxjbMrSlUJQ DFscNnuMhxUC MLnLJmQHwuOS dFUHctNjrywb plKUVNXwKfVb noaMakAlHdwq PvZWLvSzyZfH UVLyMXgqTFaJ pkzKsTORVYro FCrKCfVsEsBk SgyAcloZDNJV arcJTkwUqbUy axLiuEEXvnsQ DvRTDyBMOCbT VARFNCcqfgIc AMizjBPjmCZd ymJllvoAiAsf SojgLCNtJNvq buqjmAINqGzN PnbamVANEguC hLGIbMiwjPgd IHnRSACwPeSd PQTqeEtJjrHq dDFWxTbuPymh NlmuUUVQUbgI BkcPMTugAswL mtRsLIzrlNLu MOpktZzuQRCH jBrNTBMPxyQD tywOQDwDhjwZ QifLRRQkbeZy mFYKjQfCsRtT MkUBuIisCVpZ AGbRQRBgaOdX VyXrTLUcizAa GKWfMfVZxbJi deJmWrylVSGK rVqgoVgUmLRB GuSSYBNHDbKE uFHfCerNFIme GemeldahvdVv ZjfLZjjegWJT TbekQRoKcInv RICmsRCgzRsB MfdzFvsdGbvl
50
BbyhqvohDUZK BbyhqvohDUZK
ymJllvoAiAsf ymJllvoAiAsf
ZjfLZjjegWJT ZjfLZjjegWJT
VARFNCcqfgIc VARFNCcqfgIc
QifLRRQkbeZy QifLRRQkbeZy
rVqgoVgUmLRB rVqgoVgUmLRB
noaMakAlHdwq noaMakAlHdwq
DFscNnuMhxUC DFscNnuMhxUC
dDFWxTbuPymh dDFWxTbuPymh
VyXrTLUcizAa VyXrTLUcizAa
rrRAqFcoDYfk rrRAqFcoDYfk
PvZWLvSzyZfH PvZWLvSzyZfH
MLnLJmQHwuOS MLnLJmQHwuOS
DvRTDyBMOCbT DvRTDyBMOCbT
PUcvIgREsriS PUcvIgREsriS
TbekQRoKcInv TbekQRoKcInv
arcJTkwUqbUy arcJTkwUqbUy
tywOQDwDhjwZ tywOQDwDhjwZ
hLGIbMiwjPgd hLGIbMiwjPgd
MkUBuIisCVpZ MkUBuIisCVpZ
uFHfCerNFIme uFHfCerNFIme
hCxjbMrSlUJQ hCxjbMrSlUJQ
AMizjBPjmCZd AMizjBPjmCZd
FCrKCfVsEsBk FCrKCfVsEsBk
mFYKjQfCsRtT mFYKjQfCsRtT
buqjmAINqGzN buqjmAINqGzN
dFUHctNjrywb dFUHctNjrywb
PnbamVANEguC PnbamVANEguC
GuSSYBNHDbKE GuSSYBNHDbKE
QHpWWcCYavdw QHpWWcCYavdw
RICmsRCgzRsB RICmsRCgzRsB
plKUVNXwKfVb plKUVNXwKfVb
jBrNTBMPxyQD jBrNTBMPxyQD
GemeldahvdVv GemeldahvdVv
pQCFwcmaYfTN pQCFwcmaYfTN
PQTqeEtJjrHq PQTqeEtJjrHq
axLiuEEXvnsQ axLiuEEXvnsQ
deJmWrylVSGK deJmWrylVSGK
GKWfMfVZxbJi GKWfMfVZxbJi
NlmuUUVQUbgI NlmuUUVQUbgI
mtRsLIzrlNLu mtRsLIzrlNLu
pkzKsTORVYro pkzKsTORVYro
MOpktZzuQRCH MOpktZzuQRCH
SgyAcloZDNJV SgyAcloZDNJV
AGbRQRBgaOdX AGbRQRBgaOdX
SojgLCNtJNvq SojgLCNtJNvq
UVLyMXgqTFaJ UVLyMXgqTFaJ
BkcPMTugAswL BkcPMTugAswL
IHnRSACwPeSd IHnRSACwPeSd
EoEdLMroSPNp EoEdLMroSPNp
