5 190 124 164 149 38 78 50 8 157 117 91 115 92 182 82 27 69 168 35 112 55 159 16 58 79 170 20 185 197 100 46 147 198 97 93 106 89 42 66 177 122 102 137 130 196 108 103 83 188 1 5
50
130 130
147 147
16 16
177 177
27 27
1 1
100 100
35 35
122 122
79 79
115 115
157 157
20 20
8 8
149 149
185 185
188 188
97 97
55 55
46 46
108 108
190 190
58 58
42 42
196 196
137 137
112 112
93 93
50 50
117 117
197 197
159 159
170 170
102 102
83 83
82 82
66 66
91 91
182 182
164 164
78 78
124 124
69 69
103 103
92 92
89 89
198 198
106 106
38 38
168 168
