0 59 73 198 3 152 9 40 142 55 66 160 59 65 147 191 194 111 75 64 39 27 184 138 29 123 61 113 26 25 18 5 30 95 89 106 193 170 42 35 2 144 197 155 22 168 38 150 189 162 109 45 91 116 12 62 68 101 15 105 186 136 159 129 81 118 16 52 122 136 11 157 87 17 181 158 104 110 60 135 164 141 50 83 140 92 108 187 140 7 188 1 163 74 79 51 179 188 7 173 96 151 10 130 10 151 36 34 31 182 67 178 191 147 21 71 93 24 156 37 49 124 0
93
173 173
124 124
164 164
79 79 196 102
2 6
60 80 60
1 1
135 135
179 179
110 110
18 18 171
35 35
160 160
193 193
50 50
129 129
147 147
140 140
42 42
26 26
150 150
10 119 10
91 91
108 108
123 123
138 138
21 21
96 96
152 152
101 101
73 73
87 87
158 158
111 111
104 104
22 22
178 178
142 142
31 31
38 38
156 156
170 161
130 145 130
168 168
184 184
83 83
95 95
162 162
9 9
106 56
16 16
30 30
5 5
17 17 172
40 40
59 59
187 187
27 27
163 163
36 36
194 194
25 25
189 189
71 71
109 109
12 12
67 67
68 68
61 61
89 89
157 157
122 122
34 34
136 136
55 55
24 24
118 118
105 105
151 151
49 49
155 155
197 23
11 11
141 141
7 7
198 198
93 93
144 144
15 15
66 66
39 39
62 62
75 75
