a0 a8 a149 a185 a0 a141 a80 a0 a87 a68 a0 a142 a57 a0 a161 a44 a0 a40 a140 a0 a75 a124 a33 a166 a0 a33 a74 a0 a124 a132 a29 a28 a165 a0 a149 a14 a0 a188 a13 a0 a85 a28 a12 a0 a173 a7 a0 a6 a53 a0 a199 a0 a150 a0 a144 a0 a120 a0 a98 a0 a78 a0 a28 a0 a24 a0 a21 a0
38
a124 a131 a124 a56 a168 a153 a77
a0 a178 a10 a195 a101
a53 a82 a53 a104
a40 a172 a17
a44 a157 a60 a44 a192 a186 a11 a155 a126
a166 a22 a121
a7 a154 a7
a132 a27 a63
a199 a107 a46 a43
a165 a165
a98 a160 a98
a87 a87 a175
a57 a57
a120 a45 a120 a32
a142 a158 a145 a31 a142
a29 a29 a177 a96
a78 a78 a58 a38
a144 a59 a93 a180 a134 a159 a144 a102
a173 a83 a173 a133 a55
a21 a3 a21 a156 a135 a41
a6 a79 a6
a33 a42 a196 a33 a183
a161 a161 a198
a8 a99 a130 a49 a8
a75 a75
a74 a25
a14 a14 a108
a28 a151 a28
a149 a16 a149 a50
a188 a88
a24 a94
a12 a163
a80 a80
a150 a138
a185 a103 a185 a37
a68 a129 a68
a140 a140
a85 a85
