Austin Jamie Joshua Steven Paige Maxwell Gina Michael Edward Melissa Kyle Elaine Eugene Ralph Kari Amy Alex Rhonda Rachel Danielle Patrick Ashley Natasha Sean Hannah Elizabeth Mariah Garrett Dennis Walter Jennifer Jeanette Monique Robin Daniel Jonathan Juan Donald Debra John Paul Scott Cassandra Robert Jordan Glenda Janet Sara April Melinda Victoria Austin
50
Victoria Victoria
John John
Debra Debra
Hannah Hannah
Elaine Elaine
Mariah Mariah
Eugene Eugene
Patrick Patrick
Joshua Joshua
Natasha Natasha
Walter Walter
Sara Sara
Gina Gina
Paul Paul
Daniel Daniel
Melissa Melissa
Kari Kari
Edward Edward
Jamie Jamie
Paige Paige
Robert Robert
Donald Donald
Janet Janet
Glenda Glenda
Amy Amy
Steven Steven
Maxwell Maxwell
Dennis Dennis
Danielle Danielle
Scott Scott
Michael Michael
Elizabeth Elizabeth
Sean Sean
Juan Juan
Rhonda Rhonda
Ralph Ralph
Garrett Garrett
Monique Monique
Alex Alex
Jonathan Jonathan
April April
Jennifer Jennifer
Cassandra Cassandra
Kyle Kyle
Ashley Ashley
Jordan Jordan
Melinda Melinda
Rachel Rachel
Robin Robin
Jeanette Jeanette
