Jason Jeremy Timothy Logan Susan Kristen Rebecca Kari Grace Mercedes Adrian Megan Bryan Evan Brittany Linda Jacob Aaron Joshua Christina Regina Kayla John Carrie Christina Joshua Cheryl Jordan Stephen Elizabeth Wayne Derek Ricky Jeffery Charles Carol Amanda Jennifer Katelyn Samantha Robert Karen Lauren Charles Jeffery Stephanie Jonathan Tammy Tracy Alexandra Barbara Casey Hannah Michelle Beverly William Jose Sabrina Joseph Adam Wendy Kelsey Jason
53
Derek Derek
Beverly Nathaniel Rebekah
Tracy Heather Laura Brian Tommy James
Stephen Gabriel Brad Stephen Rachel
Adam Adam Misty
Samantha Shannon Samantha Mary
Katelyn Katelyn
Adrian Adrian
John John
Jose Nicole Jose Gregory
Jason Claire
Joshua David Joshua
Lauren Lauren Crystal
Aaron Mario Dana Scott
Christina Roy Christina Edwin
Tammy Kara Tammy
Megan Johnathan Megan Jane
William Cristian William
Ricky Ricky
Linda Tristan
Michelle Paul Dustin Michelle
Carrie Stacie Carrie Andrew Juan
Jordan Melissa Jordan
Kari Kari
Evan Evan
Carol Carol
Jeffery Jeffery Ronnie April
Robert Robert Jeffrey
Regina Mark Regina
Kelsey Kelsey Shane
Wayne Wayne
Timothy Timothy
Joseph Joseph
Charles Charles
Cheryl Cheryl
Sabrina Shawn Sabrina
Bryan Jacqueline Bryan
Logan Logan Jill
Alexandra Kimberly Monica Alexandra Nicholas
Amanda Amanda
Rebecca Rebecca Dylan Brett
Mercedes Mercedes
Wendy Wendy Ashley
Kayla Kayla Robin
Kristen Kristen
Karen Karen
Elizabeth Elizabeth
Brittany Brittany Kyle
Jennifer Kathy Jennifer
Susan Susan
Grace Grace Randy
Jeremy Jeremy
Hannah Melinda
