Florges Vespiquen Persian Furfrou Bayleef Bisharp Pidgey Sentret Purrloin Delibird Cascoon Timburr Machoke Hippopotas Cherrim Toxapex Celebi Moltres Gastrodon Shaymin Snorlax Celesteela Dusknoir Kricketot Yanmega Hitmonlee Doublade Carracosta Aurorus Dialga Buzzwole Volbeat Flaaffy Palkia Hakamoo Lillipup Infernape Bouffalant Palossand Bidoof Manectric Zubat Regice Chansey Tentacruel Caterpie Zapdos Poliwrath Wailmer Wormadam Bergmite Florges
45
Cherrim Cherrim
Zapdos Zapdos
Zubat Zubat
Delibird Delibird
Toxapex Ralts Tsareena
Snorlax Togetic
Manectric Manectric
Lillipup Lillipup
Dialga Dialga Pichu
Dusknoir Dusknoir
Persian Persian
Vespiquen Weepinbell
Volbeat Volbeat
Carracosta Carracosta
Shaymin Shaymin
Tentacruel Tentacruel
Moltres Moltres
Yanmega Yanmega
Wailmer Wailmer Primarina
Bidoof Piloswine Bidoof
Aurorus Aurorus
Purrloin Purrloin Poliwag
Gastrodon Gastrodon
Timburr Timburr
Machoke Machoke
Poliwrath Poliwrath
Sentret Sentret
Cascoon Cascoon
Bayleef Bayleef
Pidgey Scolipede
Regice Regice
Buzzwole Buzzwole
Celesteela Celesteela
Infernape Infernape
Kricketot Kricketot
Hitmonlee Hitmonlee
Bouffalant Bouffalant
Wormadam Wormadam
Hakamoo Hakamoo
Flaaffy Omastar
Palkia Girafarig
Bergmite Bergmite
Bisharp Bisharp
Celebi Celebi
Florges Stufful
