Granbull PorygonZ Electrode Flygon Crabominable Kyurem Ampharos Altaria Sylveon Bonsly Chinchou Typhlosion Chespin Metapod Diggersby Darkrai Mightyena Bronzor Roserade Carnivine Mantine Luvdisc Lycanroc Raichu Arbok Rufflet Quilava Skitty Kangaskhan Jirachi Magikarp Cascoon Krookodile Azurill Crawdaunt Cosmog Masquerain Tsareena Gliscor TypeNull Cubone Butterfree Beedrill Mimikyu Glalie Charizard Volcanion Infernape Carbink Metagross Deoxys Staryu Nuzleaf Aipom Dustox Lucario Zigzagoon Buizel Jolteon Bergmite Serperior Heatmor Cinccino Golbat Heatran Charmander Bagon Magmar Blissey Spinda Mawile Trumbeak Whiscash Greninja Mudsdale Pidgeot Rockruff Ninjask Slakoth Chatot Electrike Unown Swanna Absol Lileep Remoraid Machamp Happiny Magmortar Goomy Lapras Torracat Exeggcute Binacle Whimsicott Budew Grumpig Bulbasaur Granbull
88
Tsareena Tsareena Feraligatr
Absol Absol Hitmontop
Unown Unown Relicanth
Roserade Roserade
Dustox Dustox
Heatran Heatran
Butterfree Butterfree
Ampharos Ampharos
Spinda Spiritomb Spinda
Binacle Torchic Binacle
Cosmog Cosmog
Arbok Arbok
Cascoon Cascoon
Torracat Torracat
Chinchou Chinchou
Crawdaunt Crawdaunt
Slakoth Slakoth
Mimikyu Mimikyu
Happiny Happiny
Quilava Quilava
Kangaskhan Kangaskhan
Rockruff Rockruff
Bonsly Bonsly
Grumpig Grumpig
Cinccino Cinccino
Budew Budew
Sylveon Sylveon
Mawile Mawile
Beedrill Beedrill Floette
Rufflet Lampent Rufflet
Greninja Greninja Torkoal
Altaria Malamar
Buizel Buizel
Jolteon Jolteon
Mantine Mantine
Charizard Charizard
Gliscor Gliscor
Raichu Raichu
Cubone Cubone Probopass
Krookodile Krookodile Corphish
Heatmor Heatmor
Swanna Swanna
Diggersby Diggersby
Whiscash Whiscash
Metagross Metagross
TypeNull TypeNull
Whimsicott Whimsicott
Lycanroc Lycanroc
Mightyena Mightyena
Jirachi Jirachi
Mudsdale Mudsdale Vivillon
Darkrai Darkrai
Bulbasaur Reuniclus
Remoraid Remoraid
Magmar Magmar
Carbink Reshiram Carbink
Crabominable Crabominable
Machamp Machamp
Charmander Charmander
Electrode Electrode
Serperior Serperior
Golbat Golbat
Infernape Infernape
Trumbeak Trumbeak
Flygon Flygon
Bronzor Bronzor
Bergmite Bergmite
Goomy Goomy
Metapod Metapod
Carnivine Carnivine
Lapras Lapras
Pidgeot Pidgeot
Exeggcute Exeggcute
Magmortar Magmortar
Electrike Electrike
Lileep Lileep
Ninjask Ninjask
PorygonZ PorygonZ
Lucario Floatzel
Glalie Glalie
Deoxys Deoxys
Chespin Chespin
Luvdisc Luvdisc
Blissey Blissey
Chatot Chatot
Nuzleaf Nuzleaf
Typhlosion Typhlosion
Skitty Skitty
