Glameow Loudred Archeops Electivire Yanma Sigilyph Togepi Feebas Bergmite Spiritomb Ivysaur Zygarde Ledian Beheeyem Leavanny Cacturne Weedle Poochyena Fomantis Throh Glalie Buneary Gigalith Spheal Inkay Glameow
20
Electivire Electivire Furret
Spiritomb Spiritomb
Cacturne Wailord
Bergmite Gumshoos Bergmite
Ivysaur Spinarak Meganium
Ledian Ledian
Buneary Buneary
Glalie Glalie
Zygarde Zygarde
Togepi Togepi
Poochyena Piplup
Fomantis Mudbray
Yanma Yanma
Archeops Archeops
Spheal Spheal Gothorita
Loudred Loudred
Gigalith Gigalith
Beheeyem Golett Beheeyem
Inkay Inkay
Leavanny Leavanny
