0 143 122 7 67 13 67 179 103 114 85 167 15 46 106 135 98 16 17 16 131 73 131 145 83 75 130 174 66 176 195 6 160 55 153 181 152 69 87 180 69 39 72 97 59 147 82 36 125 116 125 74 144 171 11 134 168 117 176 109 174 130 75 126 68 126 20 108 185 113 136 193 18 76 92 187 108 187 139 2 196 31 138 50 68 128 5 26 9 12 34 30 141 155 140 70 45 137 140 155 42 62 23 121 102 184 103 27 199 197 157 63 149 48 84 68 80 0
86
140 140
131 131
62 62
176 176
80 80
2 111
180 180
9 9 88
67 67
144 144
31 31
11 11
109 109
122 162 166 122 35
13 13
50 50
126 126
83 83 91
117 117
97 97
0 52
23 23
92 10
27 27
128 128
59 59
82 82
16 16
141 4
195 195
199 199
30 30
137 137
136 136
147 147
45 45 19
171 171
66 66
116 116
143 143
145 145
98 98
69 69
160 160
114 114
73 177 189
42 42 40
139 139 53
46 46
87 87 183
168 168
70 70
179 179 156
181 181
153 105
157 157
84 84
102 102
138 138
152 152
72 72
196 196
106 106
134 134
63 81 63
34 34
108 108
48 48
185 185
184 184
36 36
121 121
130 130
55 55
103 103
20 20
125 125
76 76 198
75 75
149 149
174 174
26 26
74 74
85 85
17 151 17
197 197
