1 16 160 32 163 100 12 8 30 170 84 124 195 178 100 180 171 54 159 199 158 21 141 146 137 155 183 100 44 175 80 76 131 43 117 119 57 35 22 0 156 105 164 29 27 125 182 100 18 115 101 100 25 93 49 193 99 97 100 157 121 129 89 189 100 174 191 60 134 100 77 177 151 50 88 19 100 86 127 55 68 1
71
174 174
189 189
1 1
177 177
119 119
86 86
100 192 45 136 74 31 3 82 38 113 83 188 153 186 24 59 28 138 15 56 148 26 10 36 142 194 172 111 63 150 196
76 76
54 54
127 127
157 157
89 89
80 80
141 141
183 183
117 117
131 131
105 105
155 155
21 21
125 125
49 49
164 164
68 68
195 195
159 159
29 29
163 163
160 160
12 12
115 115
0 0
93 93
124 124
57 57
84 84
27 27
134 134
77 77
43 43
178 178
19 19
50 50
16 16
121 121
175 175
88 88
30 30
60 60
44 44
129 129
97 97
55 55
182 182
99 99
8 8
199 199
158 158
25 25
22 22
18 18
137 137
101 101
191 191
32 32
35 35
171 171
151 151
193 193
180 180
170 170
