21 156 93 89 177 82 83 63 178 179 25 165 155 33 186 185 143 157 17 160 74 75 137 125 124 189 37 38 87 73 43 27 101 194 193 107 85 150 151 175 65 48 47 116 115 119 39 136 69 66 69 171 15 5 127 126 180 181 134 188 113 81 11 41 131 130 122 117 170 108 12 61 60 59 50 197 95 97 36 35 154 20 121 120 9 8 96 1 139 168 169 168 139 142 149 176 109 106 105 114 183 172 153 152 21
80
1 1 3
5 5
8 7
9 9
11 11
12 13
15 15
17 17 77
48 19 79
21 21
160 23
25 25
27 27
154 29
113 31 113
33 33
35 35
37 37
39 39
41 41
43 43
156 45
47 47
50 49
120 51
150 53
185 55 185
169 57 169
59 59
61 61
63 63 71
65 65
66 67 145
69 69
73 73
75 75
81 81
83 83
85 85
87 87
89 89
101 91 101
93 93
95 95 195
97 97
142 99
105 103 105 129
107 107
109 109
188 111 135
115 115
117 117
119 119 159
121 121
122 123
125 125
127 127
131 131
116 133
137 137
139 139
151 141 151 191
143 143 147
149 149
153 153
155 155
157 157
179 161 179
197 163 197
165 165
108 167
171 171
172 173
175 175
177 177
181 181
183 183
20 187
189 189
193 193
