74 72 77 75 63 70 68 61 66 62 69 63 38 31 39 37 35 36 38 151 157 156 153 151 2 6 8 2 46 50 41 46 87 89 82 81 85 83 88 86 87 132 136 135 140 131 137 139 132 21 26 29 28 24 25 23 21 192 191 199 198 197 192 58 55 53 54 57 59 58 169 164 161 163 168 166 167 165 169 102 141 145 144 146 148 141 172 174 180 179 175 178 171 172 121 122 121 182 98 99 98 118 111 116 120 118 18 11 12 19 16 13 18 75 73 76 80 72 74
91
148 148
86 86
50 50
77 77
146 146
135 135
41 47 41
167 167
55 52 55
81 81
54 54
25 25
99 96 99
31 31
199 199
191 191
156 156 160
28 28
197 197
116 116
179 179
89 89
6 6
11 11
122 126 122
137 137
161 161
26 26
39 39
69 69
12 14
192 192
131 131
57 57
24 30
121 128
37 37 32
151 151
76 76
139 139
165 165
120 113 119
166 166
80 80
111 111 114
182 185 189
13 13
8 8
178 178
2 2
136 136
118 118
175 175
102 104
172 172
62 62
164 164
73 73
70 70
19 19
58 58
85 85
36 36
68 68
23 23
168 168
174 174
83 83
163 163
180 180
145 145
88 88
141 141
61 61
59 59
153 153
38 38
35 35
46 46
157 157
144 142
16 16
53 53
29 29
74 74
169 169
198 198
82 82
66 66
140 140
75 75
