l7 l40 l72 l63 l72 l44 l189 l143 l92 l114 l92 l6 l161 l200 l90 l23 l177 l130 l94 l128 l2 l33 l122 l59 l186 l169 l175 l147 l110 l81 l51 l85 l142 l136 l162 l113 l162 l136 l199 l197 l20 l76 l102 l139 l38 l160 l12 l61 l13 l61 l115 l163 l115 l31 l127 l43 l49 l184 l192 l48 l9 l155 l37 l150 l138 l126 l171 l86 l24 l148 l96 l172 l54 l125 l67 l39 l40 l7
56
l147 l101 l46
l102 l102
l197 l109
l110 l110
l113 l113
l114 l114 l14
l115 l115
l177 l116 l177
l12 l12
l122 l122
l96 l124
l127 l127
l128 l128
l130 l130
l163 l132 l163
l136 l136
l138 l138
l169 l141 l169
l142 l142
l148 l148
l172 l15 l172
l155 l155
l160 l160
l161 l161
l162 l162
l38 l168
l171 l171
l186 l180 l186
l126 l181
l184 l184 l25 l77
l189 l189
l192 l192
l199 l199
l2 l2 l58
l20 l20
l200 l200
l63 l21 l63
l24 l24
l143 l26 l53
l67 l27 l67
l33 l33
l7 l35 l7
l37 l37
l39 l39
l40 l40
l85 l41
l44 l44
l49 l49
l54 l54
l59 l59
l6 l6
l72 l72
l48 l74
l13 l83
l90 l90
l94 l94
