0 67 14 67 56 60 56 91 85 91 71 66 70 53 31 50 31 81 60 15 74 89 18 89 99 86 24 86 0 92 57 92 95 51 95 154 62 168 36 2 36 60 7 79 7 13 30 13 10 19 10 26 102 29 20 29 97 52 97 27 78 80 22 80 59 63 59 21 72 58 72 32 54 32 4 39 4 90 24 93 48 93 35 82 98 61 98 73 87 88 87 6 99 6 84 77 84 96 38 96 16 9 16 81 17 168 19 0 29 49 23 73 23 69 41 69 78 27 55 11 34 33 37 94 37 34 11 45 43 45 35 42 28 42 94 12 65 12 44 100 5 100 22 3 8 3 154 0 168 0
92
24 1 24 68
2 2 75
3 3
4 4
5 5
6 6
7 7
8 8
9 9
10 10
11 11
12 12
13 13
14 14
15 15
16 16
17 17
18 18
19 19
20 20
21 21
22 22
23 23
154 25 64
26 26
27 27
28 28
29 29 76
30 30 46
31 31
32 32
33 33
34 34
35 35
36 36
37 37
38 38
39 39
168 40 83
41 41
42 42
43 43
44 44
45 45
97 47 97
48 48
49 49
50 50
51 51
52 52
53 53
54 54
55 55
56 56
57 57
58 58
59 59
60 60
61 61
62 62
63 63
65 65
66 66
67 67
69 69
70 70
71 71
72 72
73 73
74 74
77 77
78 78
79 79
80 80
81 81
82 82
84 84
85 85
86 86
87 87
88 88
89 89
90 90
91 91
92 92
93 93
94 94
95 95
96 96
98 98
99 99
100 100
