Soda Canada Comoros Egypt Finland Cayman Cocos Cambodia Czech Belize Guam Botswana Bouvet Colombia American Angola Central Aruba Australia China Bermuda Fiji Argentina Algeria Antigua Guyana Guadeloupe Soda
24
Algeria Denmark
Angola Angola
Comoros Comoros
Botswana Botswana
Belize Belize
Antigua Antigua
Cocos Cocos
Cayman Cayman
Guadeloupe Guadeloupe
Guam Guam
Czech United Czech
Bouvet Bouvet
Colombia Colombia
Egypt Egypt
Australia Australia
Canada Austria
Argentina Argentina
Aruba Aruba
Bermuda Bermuda
Cambodia Cambodia
Fiji Fiji
China China
Guyana Guyana
Central Central
