Soda Burkina Malawi Mayotte Ireland Macedonia Burundi Congo Luxembourg Argentina Pakistan Saint Belize Croatia Sint Egypt Korea British Aruba Liberia Republic Algeria Niger United Albania New Moldova Latvia Hong Palau Pitcairn Japan Germany Fiji Netherlands Kyrgyzstan Sao Jamaica Cambodia Finland Lebanon Singapore Rwanda Nigeria Indonesia Bahamas Mexico Kiribati Northern Soda
48
United United
Burundi Burundi
Japan Japan
Pakistan Pakistan
Fiji Fiji
Macedonia Lao Macao
Singapore Singapore
Nigeria Nigeria
Luxembourg Luxembourg
Burkina Burkina
Croatia Croatia
Lebanon Lebanon
Northern Northern
Korea Korea
Sao Sao
Niger Niger
Hong Hong
Mayotte Mayotte
Malawi Malawi
Sint Sint
Jamaica Jamaica
Netherlands Netherlands
Indonesia Indonesia
Rwanda Rwanda
Liberia Liberia
Latvia Latvia
Bahamas Bahamas
Kyrgyzstan Kyrgyzstan
Moldova Moldova
Republic Republic Antigua
Congo Congo
Pitcairn Pitcairn
Belize Belize
British British
Cambodia Cambodia
Algeria Algeria
Germany Iraq
Finland Finland
Palau Palau
Ireland Ireland
Saint Saint
Kiribati Kiribati
Mexico Mexico
Aruba Aruba
New New
Albania Albania
Egypt Egypt
Argentina Argentina
