1 30 18 50 53 60 40 14 56 110 72 73 66 75 39 29 86 70 42 48 42 59 57 44 51 37 115 31 13 81 19 35 79 41 65 61 15 17 61 45 63 28 77 22 34 26 38 26 99 27 32 36 47 11 74 25 71 25 78 83 5 52 24 10 21 16 58 23 1 49 108 49 1
59
10 10
11 11
15 12 15
13 13
14 14
16 16
17 17 54
18 18
19 19
56 20 56
21 21
22 22
23 23
24 24
25 25
26 26
27 27
28 28 55
29 29
30 30 43
31 31
32 32
71 33 71
34 34
35 35
36 36
37 37
38 38
39 39
40 40
41 41
42 42
44 44
45 45
65 46 65
47 47
48 48 69
49 49
50 50
51 51
52 52
53 53
57 57
58 58
59 59
60 60
61 61
108 62 64
63 63
66 66
1 67
74 68 74
70 70 76
72 72
73 73
75 75
77 77
78 78
79 79
