Meckgue TheKrustyKrab Yunkai Urubaen Sanlow TheGodswood MysticRuins RepublicCity TreeofTime Dagobah Braavos Kinecardine VaultofSouls Steeltown Gizton Larcbost KoralReef Grayburn Tartarus TheWaystoneInn TheArcanum LeakyCauldron TheUniversity ZhaoFu ThePrancingPony Carvahall EasternAirTemple TheVale TheBoilingRock BeyondtheWall Vexhollow Ellesmera GooLagoon Keld Murkcairn Netherfort TheHogsHead Lorien Winterfell Meereen ShatteredPlains TheSpine EarthKingdom UtgardMountain LakeLaogai Beldenn Meckgue
46
Murkcairn Murkcairn
TheWaystoneInn TheWaystoneInn
Grayburn Grayburn
TheSpine TheSpine
Sanlow Gotham Sanlow
EarthKingdom EarthKingdom
TheUniversity TheUniversity
EasternAirTemple EasternAirTemple
Meereen Meereen
BeyondtheWall BeyondtheWall
Gizton Gizton
Braavos Braavos
VaultofSouls VaultofSouls
Lorien Lorien
Vexhollow Ademre Vexhollow
Meckgue Meckgue
Netherfort Netherfort
Kinecardine Kinecardine
Keld Keld
Tartarus Tartarus
KoralReef KoralReef
GooLagoon GooLagoon
Dagobah Dagobah
ZhaoFu ZhaoFu
MysticRuins MysticRuins
Winterfell Winterfell
Steeltown Steeltown
Carvahall Carvahall
TheVale TheVale Castamere
Urubaen FlourishBlotts Urubaen
Larcbost Larcbost
UtgardMountain UtgardMountain
ShatteredPlains ShatteredPlains
Beldenn Beldenn
LeakyCauldron LeakyCauldron
Yunkai Yunkai
LakeLaogai LakeLaogai
TheKrustyKrab TheKrustyKrab
Ellesmera Ellesmera
RepublicCity RepublicCity
TheGodswood TheGodswood
TheHogsHead TheHogsHead
ThePrancingPony ThePrancingPony
TreeofTime TreeofTime
TheBoilingRock TheBoilingRock
TheArcanum TheArcanum
