Essos JarrensOutpost Keld ShatteredPlains Alethkar Arkham TheSpine RepublicCity Dubwall Gizton Carvahall Karth BeyondtheWall Hogsmead Tarbean TheGodswood HighGarden TheWhompingWillow Omashu Meereen Lorien Toffingburg Jakku CaveofTwoLovers TheSpiritWorld Dragonstone Newarre TheGreatDivide KnifesEdge ProBendingArena FireNation Sanlow Hogwarts GooLagoon ShriekingShack FlourishBlotts Accrington Alderaan Ellesmera MountOlympus Arcwallow TheFae Atlantas Soda WitheredHeath Endor SatishVille Helgrind Shinovar DiagonAlley Severen Winterfell WesternAirTemple FleaBottom TheReshiIsles Trebon TheChumBucket Vintas Neddington BaSingSe Urubaen TheEyrie Peridrift Chrofall Batcave TheCommonwealth Ademre Barkamsted Braavos Valyria Arrowcave JahKeved Ivormere TheBoilingRock Castamere DuWeldenvarden Toperhagen TheVale Lockinge Westeros Astapor Netherfort Aerodenn Boatwright Duskhollow Neddingtown Grimbarrow Steeltown Riverrun Tartarus TheUnderworld CastleBlack Yll Penketh Bobbingbourne Azir TheKrustyKrab BikiniBottom Blackwater TheRiverStyx Essos
100
RepublicCity RepublicCity
Arcwallow Arcwallow
WitheredHeath WitheredHeath
Trebon Trebon
Yll Yll
TheSpiritWorld TheSpiritWorld
Newarre Newarre
Essos Essos
Severen Severen
ShatteredPlains ShatteredPlains
Penketh Penketh
Dubwall Dubwall
Ellesmera Ellesmera
Netherfort Netherfort
Boatwright Boatwright
Tartarus Tartarus
Tarbean Tarbean
TheFae TheFae
Hogsmead Hogsmead
TheCommonwealth TheCommonwealth
TheVale TheVale
Toffingburg Toffingburg
MountOlympus MountOlympus
Hogwarts Hogwarts
Lockinge Lockinge
Soda Soda
Barkamsted Barkamsted
Omashu Omashu
Chrofall Chrofall
BikiniBottom BikiniBottom
KnifesEdge KnifesEdge
TheKrustyKrab TheKrustyKrab
Azir Azir
DiagonAlley DiagonAlley
Valyria Valyria
Westeros Westeros
Arrowcave Arrowcave
Astapor Astapor
Castamere Castamere
Urubaen Urubaen
Endor Endor
JarrensOutpost JarrensOutpost
TheSpine TheSpine
TheChumBucket TheChumBucket
TheBoilingRock TheBoilingRock
TheWhompingWillow TheWhompingWillow
TheGodswood TheGodswood
Accrington Accrington
Vintas Vintas
BaSingSe BaSingSe
Toperhagen Toperhagen
TheReshiIsles TheReshiIsles
JahKeved JahKeved
Alethkar Alethkar
BeyondtheWall BeyondtheWall
Dragonstone Dragonstone
Gizton Gizton
Neddington Neddington
Keld Keld
Braavos Braavos
ProBendingArena ProBendingArena
FleaBottom FleaBottom
TheGreatDivide TheGreatDivide
Duskhollow Duskhollow
ShriekingShack ShriekingShack
TheRiverStyx TheRiverStyx
Steeltown Steeltown
FlourishBlotts FlourishBlotts
Atlantas Atlantas
HighGarden HighGarden
Peridrift Peridrift
CaveofTwoLovers CaveofTwoLovers
Neddingtown Neddingtown
Lorien Lorien
SatishVille SatishVille
Jakku Jakku
WesternAirTemple WesternAirTemple
GooLagoon GooLagoon
FireNation FireNation
Helgrind Helgrind
DuWeldenvarden DuWeldenvarden
Ademre Ademre
Blackwater Blackwater
Shinovar Shinovar
Ivormere Ivormere
Grimbarrow Grimbarrow
Sanlow Sanlow
Bobbingbourne Bobbingbourne
Carvahall Carvahall
Alderaan Alderaan
TheEyrie TheEyrie
Karth Karth
Aerodenn Aerodenn
Meereen Meereen
Arkham Arkham
Winterfell Winterfell
Batcave Batcave
TheUnderworld TheUnderworld
CastleBlack CastleBlack
Riverrun Riverrun
