21 104 192 84 161 53 35 152 31 76 168 181 120 72 29 74 44 40 30 107 167 83 41 178 180 40 44 74 29 72 120 181 168 76 31 152 35 53 161 84 192 104 21
24
29 147 29 115
104 20 170 24 51 172 46 116 139 103 62 38 177 196 87 105
76 18 136 194 130 81 160 88 68
120 14 34 120 16 32 60
192 17 186 176
152 190 188 135 56 144 184 131 152
161 42 47 127 7 156 15
83 91 114 82 95
44 48 2 118 134 146
30 23 30
168 36 45 125 108 154 168
178 163 119 178 78 96 75
167 90 122 167 102
40 40
180 10 180
53 100 53
74 74 64 149 49
31 31 27
84 151 133
107 97 142 37 121 54
181 169
21 21
35 61 159
72 137 72
