29 96 29 26 32 58 9 35 4 68 51 45 17 67 63 21 34 46 34 63 67 17 45 51 68 57 0 57 68 4 5 71 30 23 30 71 5 7 5 33 3 75 88 70 88 75 3 58 32 26 99 11 77 64 27 77 11 69 78 73 98 73 60 66 28 86 72 79 56 79 82 49 82 79 72 86 28 66 60 73 84 85 78 69 11 99 24 29
43
67 67
24 24
70 70 59
86 86
23 10 23 31
56 56
34 34
57 57
4 4
64 64
63 63
46 93 46
49 80 49
77 77
5 5
45 45 97
71 71
9 9
66 66
27 27
68 68
21 25
3 3
85 85
98 98 90
72 72
73 73
30 30
35 35
79 79
11 11
96 96
69 69
78 78
82 82
75 75
58 58
26 26
51 51
7 7
0 0
32 32
17 17
