node139 node60 node96 node75 node182 node56 node47 node16 node136 node149 node71 node41 node196 node65 node141 node185 node193 node86 node97 node126 node107 node116 node128 node1 node57 node51 node125 node123 node125 node33 node146 node150 node52 node148 node22 node81 node31 node192 node27 node73 node40 node5 node17 node124 node54 node108 node63 node10 node152 node158 node180 node158 node191 node114 node187 node163 node121 node48 node195 node43 node3 node154 node61 node154 node24 node157 node92 node160 node181 node9 node200 node80 node20 node53 node164 node178 node162 node137 node110 node111 node109 node129 node178 node62 node194 node190 node99 node134 node169 node186 node98 node119 node42 node18 node30 node50 node36 node173 node85 node100 node38 node94 node82 node117 node184 node117 node95 node130 node84 node139
85
node195 node195 node59
node60 node60
node75 node8
node178 node178
node114 node114
node125 node125
node119 node119
node184 node184
node192 node192
node53 node53
node107 node107
node5 node5
node50 node50
node185 node185
node158 node158
node100 node100
node80 node37 node80
node123 node123 node143
node20 node20 node112
node181 node181
node17 node17
node38 node38
node71 node49 node71
node86 node86
node124 node124
node3 node3
node126 node126
node65 node65
node163 node163
node10 node10
node137 node66
node24 node24
node30 node30
node191 node191 node159
node92 node92
node33 node33
node42 node42
node111 node111
node22 node22
node98 node98
node152 node152 node12
node134 node134
node146 node146
node182 node182
node95 node19
node129 node129 node55
node154 node154
node47 node47
node200 node200
node81 node81
node48 node48
node36 node165
node73 node26 node188 node73
node85 node85
node149 node149
node108 node108
node109 node109
node61 node61 node102
node130 node130
node186 node186
node41 node41
node27 node27
node180 node167 node180
node16 node16
node97 node97
node96 node96
node162 node162
node1 node1
node157 node157
node94 node94
node117 node117
node190 node190
node18 node18
node51 node51
node141 node141
node160 node160
node193 node72
node57 node57
node52 node52
node54 node54
node56 node56
node84 node84
node116 node116
node169 node169
node173 node173
