369 11b0b 3327 128af 13d25 13653 e7e4 10695 960c 69b7 9cde 1eb1 69b7 664e 221a da4 84ff 2583 8bd1 2583 bb8f 14760 10d67 8196 da40 6d20 2fbe a047 110d a047 121dd 14ac9 132ea 139bc a3b c933 4e6f 28ec e47b 4b06 1476 b826 14e32 c261 51d8 2c55 d005 62e5 b4bd eeb6 369
45
3327 3327
c261 c261
8196 d6d7
2583 2583
62e5 62e5
1eb1 1eb1
14ac9 14ac9
e7e4 e7e4
da4 da4
10695 10695
bb8f 1408e d36e bb8f
b4bd dda9 b4bd
13653 13653
8bd1 8bd1 ffc3
da40 da40
139bc 139bc
69b7 69b7
b826 110d0
132ea 132ea
121dd 121dd
664e 664e
110d 4434
9cde 9cde
4b06 4b06
2fbe 2fbe
6d20 6d20
128af 128af
960c 960c
a047 a047
eeb6 eeb6
14760 14760
c933 c933
2c55 2c55
51d8 51d8
e47b e47b
a3b a3b
11b0b 11b0b
13d25 13d25
d005 d005
14e32 14e32
4e6f 4e6f
10d67 10d67
221a 221a
1476 1476
84ff 84ff
