node0 node59 node83 node87 node81 node73 node68 node85 node69 node5 node99 node58 node63 node25 node98 node20 node71 node1 node84 node62 node28 node34 node66 node67 node57 node4 node76 node88 node80 node89 node7 node94 node52 node50 node86 node72 node51 node78 node60 node96 node56 node75 node90 node46 node92 node74 node91 node55 node6 node82 node97 node8 node0
45
node50 node50
node51 node51
node52 node52
node78 node53 node61 node78
node28 node54
node55 node55
node56 node56
node57 node57
node58 node58
node59 node59
node60 node60
node62 node62
node63 node63
node5 node64 node65
node66 node66
node67 node67
node68 node68
node69 node69
node8 node70
node71 node71
node72 node72
node73 node73 node77
node74 node74 node95
node75 node75
node76 node76
node6 node79
node80 node80
node81 node81
node82 node82
node83 node83
node84 node84
node85 node85
node86 node86
node87 node87
node88 node88
node89 node89
node90 node90
node91 node91
node92 node92
node0 node93
node94 node94
node96 node96
node97 node97
node98 node98
node99 node99
