node0 node196 node129 node44 node183 node136 node160 node104 node189 node24 node135 node102 node32 node76 node156 node107 node173 node188 node168 node126 node83 node145 node147 node131 node170 node150 node181 node159 node152 node96 node82 node158 node131 node147 node6 node185 node11 node187 node101 node132 node186 node166 node114 node119 node138 node133 node122 node55 node180 node141 node49 node179 node140 node70 node199 node70 node176 node59 node178 node194 node105 node116 node155 node177 node163 node197 node182 node109 node197 node121 node128 node20 node193 node169 node23 node111 node185 node195 node46 node188 node143 node148 node192 node30 node149 node175 node77 node139 node164 node118 node110 node61 node1 node120 node117 node103 node106 node172 node190 node175 node127 node154 node149 node115 node52 node115 node191 node162 node157 node146 node137 node183 node91 node81 node174 node112 node134 node184 node0
90
node197 node100 node161 node197
node101 node101
node102 node102
node103 node103
node104 node104
node105 node105
node106 node106
node107 node107
node91 node108
node109 node109
node110 node110
node111 node111 node151
node112 node112
node139 node113 node139
node114 node114
node115 node115
node116 node116
node117 node117
node118 node118
node119 node119
node120 node120
node121 node121
node122 node122
node70 node123
node32 node124
node128 node125 node128
node126 node126
node127 node127
node129 node129
node184 node130 node184
node131 node131
node132 node132
node133 node133
node134 node134 node153
node135 node135
node136 node136
node137 node137
node138 node138
node140 node140
node141 node141
node155 node142 node155
node143 node143
node52 node144
node145 node145
node146 node146
node147 node147
node148 node148
node149 node149
node150 node150
node152 node152
node154 node154
node156 node156
node157 node157
node158 node158
node159 node159
node160 node160
node162 node162
node163 node163
node164 node164
node30 node165
node166 node166
node173 node167 node173
node168 node168 node198
node169 node169
node170 node170
node96 node171
node172 node172
node174 node174
node175 node175
node176 node176
node177 node177
node178 node178
node179 node179
node180 node180
node181 node181
node182 node182
node183 node183
node185 node185
node186 node186
node187 node187
node188 node188
node189 node189
node190 node190
node191 node191
node192 node192
node193 node193
node194 node194
node195 node195
node196 node196
node199 node199
