USZWPSB HVERBTBS USZWPSB GALHVZ USZWPSB MWXYLX EFOWXJQKY DIXXP GNXDBJSVR RJDHJFNIN DKINCMT FLOTLYFG NIVCBBO KRUSUHB NZJGYK UBODMUMJ NZJGYK UDNWTRHT XZUPVI FPWMJC AXCWU TQSCIQTX AIGGLZT YKOGGTNN FJQMKJNWE EJXSCSGM NIVCBBO EJXSCSGM BCHOPGEE AHZYCQM FZNKCK RQWCFDHW NBRZI FZGDAQKRC VFEEU EMAAQWO AOVKACB RLWAP AOVKACB TOAKXEQ KAUIIR LNDUQDYSK GLYDZ FCWRH PJXURKPC NTZSZ YFEZIO ORCMU XHMMLM MOXGRP WEXBJV RVPJHZLQQ HNOOUELP APBFJMOOF CWLLCM QMHLIXVD BHAMV RUGMYM VBAQD HSAIPP HSJUMJH HSAIPP RGSOR BLXWCB RGSOR APIOYKU TGPYEAP DKINCMT JEGRK ANHOTJN RGLCPSJQE EHQRYBZ JOXQIX YAETAC UDNWTRHT EJXSCSGM ZNZOQPE ZKGYGD VWHRKOPZ NCPEGX KRUSUHB SIAFKK XQOMNCXDB ORCMU JXLFSOAT MYDTJZPES JXLFSOAT JQHORKB JVWIZDBS CWLLCM ZEZKNGTK NHNDWOH OVKLH TTXGTNV YOUZA WTQCHXQ CCTJZN HWJUZVNH EPJHOESBB VVSNO DFFFG ILXWSRIC GEGFOSJ ZEZKNGTK YVIRIDDRA HEFYBKPUF ACYPAPBPW NCPEGX OLUPAJLP SICVXMLGL HWJUZVNH RJDHJFNIN MSHZNEX LYRSZA MRXNI XSWDY VWNAJFRNG XENTNT RBNAR USZWPSB
100
EMAAQWO EMAAQWO
FZGDAQKRC FZGDAQKRC
EPJHOESBB EPJHOESBB
JVWIZDBS JVWIZDBS
BLXWCB BLXWCB
ORCMU ORCMU
SICVXMLGL SICVXMLGL
YVIRIDDRA YVIRIDDRA
DFFFG DFFFG
EFOWXJQKY EFOWXJQKY
GEGFOSJ GEGFOSJ
MRXNI MRXNI
NCPEGX NCPEGX
HSAIPP HSAIPP
AOVKACB AOVKACB
MSHZNEX MSHZNEX
XHMMLM XHMMLM
UDNWTRHT UDNWTRHT
AHZYCQM AHZYCQM
FPWMJC FPWMJC
GNXDBJSVR GNXDBJSVR
SIAFKK SIAFKK
XENTNT XENTNT
JOXQIX JOXQIX
BHAMV BHAMV
HSJUMJH HSJUMJH
EHQRYBZ EHQRYBZ
XQOMNCXDB XQOMNCXDB
YOUZA YOUZA
RBNAR RBNAR
VVSNO VVSNO
BCHOPGEE BCHOPGEE
LNDUQDYSK LNDUQDYSK
LYRSZA LYRSZA
TQSCIQTX TQSCIQTX
QMHLIXVD QMHLIXVD
TTXGTNV TTXGTNV
RGLCPSJQE RGLCPSJQE
ZEZKNGTK ZEZKNGTK
KAUIIR KAUIIR
CCTJZN CCTJZN
NBRZI NBRZI
EJXSCSGM EJXSCSGM
XSWDY XSWDY
MWXYLX MWXYLX
HNOOUELP HNOOUELP
ILXWSRIC ILXWSRIC
UBODMUMJ UBODMUMJ
TGPYEAP TGPYEAP
RJDHJFNIN RJDHJFNIN
NTZSZ NTZSZ
OLUPAJLP OLUPAJLP
VWNAJFRNG VWNAJFRNG
ZNZOQPE ZNZOQPE
HEFYBKPUF HEFYBKPUF
RLWAP RLWAP
NZJGYK NZJGYK
APIOYKU APIOYKU
TOAKXEQ TOAKXEQ
NHNDWOH NHNDWOH
YFEZIO YFEZIO
DKINCMT DKINCMT
NIVCBBO NIVCBBO
PJXURKPC PJXURKPC
FCWRH FCWRH
WTQCHXQ WTQCHXQ
CWLLCM CWLLCM
VWHRKOPZ VWHRKOPZ
HWJUZVNH HWJUZVNH
RQWCFDHW RQWCFDHW
VBAQD VBAQD
FZNKCK FZNKCK
JQHORKB JQHORKB
JXLFSOAT JXLFSOAT
OVKLH OVKLH
YKOGGTNN YKOGGTNN
DIXXP DIXXP
USZWPSB USZWPSB
MYDTJZPES MYDTJZPES
AIGGLZT AIGGLZT
RVPJHZLQQ RVPJHZLQQ
AXCWU AXCWU
RUGMYM RUGMYM
RGSOR RGSOR
YAETAC YAETAC
ANHOTJN ANHOTJN
JEGRK JEGRK
KRUSUHB KRUSUHB
GLYDZ GLYDZ
FJQMKJNWE FJQMKJNWE
APBFJMOOF APBFJMOOF
ACYPAPBPW ACYPAPBPW
GALHVZ GALHVZ
FLOTLYFG FLOTLYFG
HVERBTBS HVERBTBS
ZKGYGD ZKGYGD
XZUPVI XZUPVI
VFEEU VFEEU
MOXGRP MOXGRP
WEXBJV WEXBJV
