runcation Carazo medicine ungroomed coalblack tutelar triforium decouples turbid inurns grilses multifaith stips cloaca begynnynge nervus foreshores unbribable toper hambone montages aliens jaborandi Astaire backpay Massorete husbandman quakerlike baken usant Marah thereagain miticides megahero erysipelas undramatic timefuse prairies tholoi construed tipuana almshouse torsions blackdye yuzus passcards forepast yokeline wintrier perfusive draftox silicon tuneful greatborn lionfish offset ilian lichened holodeck urethritic dollying polyuria haligi colocynth metre festuca flourless agistments pentine retexture palatial infants destinate wheatberry bewitch ephas kempy Simferopol fason Muscogee oogle maxim embittered bookhouses huddle wideband trikini chargeback Lipetsk Margery stinkbugs wolfer fibrates boomah stoble broomer revolution cutout conceiv turnoff runcation
100
megahero megahero
wolfer wolfer
undramatic undramatic
coalblack coalblack
wideband wideband
ungroomed ungroomed
pentine pentine
Astaire Astaire
retexture retexture
wintrier wintrier
lichened lichened
forepast forepast
yuzus yuzus
Margery Margery
turnoff turnoff
tuneful tuneful
urethritic urethritic
ephas ephas
oogle oogle
agistments agistments
Massorete Massorete
palatial palatial
colocynth colocynth
conceiv conceiv
quakerlike quakerlike
tipuana tipuana
turbid turbid
dollying dollying
flourless flourless
toper toper
bookhouses bookhouses
infants infants
montages montages
greatborn greatborn
haligi haligi
passcards passcards
stoble stoble
husbandman husbandman
fibrates fibrates
bewitch bewitch
decouples decouples
broomer broomer
Lipetsk Lipetsk
backpay backpay
huddle huddle
revolution revolution
tutelar tutelar
kempy kempy
wheatberry wheatberry
almshouse almshouse
unbribable unbribable
miticides miticides
grilses grilses
stips stips
draftox draftox
thereagain thereagain
begynnynge begynnynge
trikini trikini
Muscogee Muscogee
polyuria polyuria
medicine medicine
offset offset
inurns inurns
stinkbugs stinkbugs
yokeline yokeline
perfusive perfusive
maxim maxim
lionfish lionfish
aliens aliens
blackdye blackdye
torsions torsions
prairies prairies
runcation runcation
erysipelas erysipelas
multifaith multifaith
baken baken
Carazo Carazo
construed construed
hambone hambone
triforium triforium
silicon silicon
boomah boomah
timefuse timefuse
fason fason
cloaca cloaca
holodeck holodeck
chargeback chargeback
Marah Marah
foreshores foreshores
Simferopol Simferopol
usant usant
ilian ilian
nervus nervus
destinate destinate
tholoi tholoi
metre metre
jaborandi jaborandi
embittered embittered
cutout cutout
festuca festuca
