shaird lasting macedoine UncleNed colugos caouane sarcomere guilts cacomistle Sahara Ucayali Pentecost tunic teabags toggleable philomels tokenizing remissio peasantism property assonantal beermakers preparable deductable slatting coldcocked nauseously advances intrado waste opacular diruption irade airgap baning effuses shrow unglove kartikeya transflux rampup scratch trackbar morphe fivepenny aftertouch twothirds Lafayette nomination cementite shaird
50
nomination nomination
beermakers beermakers
effuses effuses
kartikeya kartikeya
UncleNed UncleNed
Sahara Sahara
peasantism peasantism
guilts guilts
airgap airgap
waste waste
remissio remissio
Ucayali Ucayali
slatting slatting
tokenizing tokenizing
cacomistle cacomistle
scratch scratch
unglove unglove
tunic tunic
Pentecost Pentecost
teabags teabags
deductable deductable
caouane caouane
macedoine macedoine
diruption diruption
cementite cementite
Lafayette Lafayette
opacular opacular
transflux transflux
shrow shrow
advances advances
sarcomere sarcomere
rampup rampup
irade irade
philomels philomels
intrado intrado
fivepenny fivepenny
property property
trackbar trackbar
nauseously nauseously
coldcocked coldcocked
shaird shaird
lasting lasting
colugos colugos
aftertouch aftertouch
assonantal assonantal
baning baning
preparable preparable
toggleable toggleable
morphe morphe
twothirds twothirds
