39 111 43 76 130 58 191 63 66 48 190 73 97 119 107 78 118 20 42 36 0 135 93 4 84 160 116 157 152 195 183 182 197 49 139 175 75 18 108 148 126 156 44 27 46 81 41 103 105 28 110 92 169 11 22 112 133 192 151 114 77 193 30 79 21 147 13 102 17 192 68 83 109 163 123 178 51 74 161 71 39
66
108 108
39 115 12 129 89 113 91 140 16 6 80 55 59 176 194 179 158 100 198 56 88 54 180 177 96 154 99 31 94 174 173 70 149 3 23 150
116 116
109 109
41 41
110 110
75 75
11 11
44 44
114 114
74 74
163 163
195 195
112 112
78 78
157 157
30 30
103 103
27 27
83 83
130 130
126 126
152 152
160 160
156 156
36 36
197 197
76 76
161 161
169 169
119 119
13 13
193 193
77 77
81 81
49 49
133 133
118 118
148 148
28 28
123 123
84 84
17 17
20 20
135 135
0 0
46 46
63 63
139 139
151 151
182 182
192 192
111 111
43 43
183 183
97 97
42 42
147 147
178 178
4 4
93 93
22 22
51 51
191 191
107 107
48 48
