132 128 126 124 176 185 26 27 26 25 23 137 136 149 188 157 189 174 186 146 138 154 130 173 185 31 195 113 109 97 87 73 81 75 77 75 81 73 61 67 74 78 76 160 182 166 159 156 133 167 171 133 156 152 135 197 193 135 148 178 13 12 180 8 9 8 6 5 3 4 5 180 36 40 38 44 38 142 66 58 52 54 56 60 68 62 64 66 46 48 52 17 168 108 106 100 98 102 98 92 96 88 86 88 96 98 100 118 122 118 108 176 132
74
171 171
60 60
64 64
195 195
46 46
74 80 72 82
154 162 184 154 192
96 96
3 3 33 2
122 122
61 47 45 61 39 35 41
68 68
126 126
86 86 90
189 189
138 138
66 66
168 196 194 181 198
100 100
25 25
159 159
38 38
27 28 27
44 44
77 155 77
146 161 146
102 104 102
97 95 101 97 91 105
78 78
188 188
8 8
9 9
98 98
160 160
136 136
133 133
106 106
81 81
193 193
109 109
113 113
87 85 87
12 177
197 197
5 5
137 137
6 6
135 135
40 40
156 156
31 31
36 36
88 88
13 13
167 167 183
166 166
118 118
180 180
142 142
56 56
173 173
26 26
76 76
75 75
152 152
17 17
182 182
185 185
148 148
92 92
108 108
62 62
176 176
149 149
