140 153 123 176 55 83 57 84 5 45 127 25 104 182 47 162 103 4 41 101 7 179 149 128 185 133 80 42 134 59 62 167 9 61 122 13 102 177 32 115 130 79 11 19 53 169 139 35 89 175 134 50 150 27 161 186 146 94 137 197 97 93 190 33 178 22 112 125 23 154 6 166 8 159 56 105 158 168 29 151 24 144 163 85 163 117 49 1 196 12 193 77 18 82 73 147 123 28 108 135 140
85
35 35
169 169
125 76 125
179 179
177 177
42 42
18 18 96
85 14 85
50 44 50
93 93 39 173
19 21 19
103 103
158 95 158 160
197 197
139 139
166 166
94 94
41 41
32 32
193 193
8 8
176 176
108 108
159 159
62 62
7 7
102 102
83 83 142
162 36
4 4
185 185
59 59
112 112
196 10 196
80 40 80
133 114 133
175 175
127 127
29 29
150 150
130 130
13 13
73 73
22 22
27 27
77 170 77
115 115
178 178
117 117
25 132 25
11 11
45 45
53 53
12 12
82 82
128 128
101 101
167 167
186 186
135 135
168 168
9 9
89 89
97 97
57 57
6 6
61 61
47 47
134 134
23 65
55 55
56 56
123 123
190 190
153 153
154 154
84 84
49 49
151 151
104 104
122 51
146 146
5 5
79 79
182 182
