a0 a17 a99 a90 a83 a41 a3 a43 a2 a77 a49 a55 a6 a31 a13 a34 a98 a51 a53 a94 a48 a9 a1 a9 a28 a33 a30 a89 a75 a86 a11 a59 a11 a10 a7 a39 a15 a46 a82 a71 a15 a25 a88 a8 a78 a24 a5 a79 a19 a0
38
a9 a9
a6 a42
a43 a43
a59 a47 a74 a59
a51 a51
a71 a71
a94 a87 a23 a94
a90 a90
a98 a98
a17 a17
a3 a50 a56
a13 a52 a60
a55 a55
a99 a99
a11 a11 a81
a0 a21 a97
a39 a39
a89 a44
a46 a46
a48 a48
a53 a53
a75 a75
a82 a82
a33 a33
a79 a79
a83 a83
a1 a93 a12 a18 a80
a28 a28
a7 a37
a19 a65
a2 a2
a8 a8
a25 a25
a24 a73
a77 a77
a78 a78
a86 a86
a88 a88
