aliquam lorem porttitor turpis habitant ut vitae sagittis platea mauris eu condimentum fames lectus adipiscing habitasse eros imperdiet malesuada placerat vestibulum et cursus ultricies mattis ornare semper nec cras quisque congue gravida viverra consectetur senectus nisi suscipit mi enim maecenas euismod sed quis praesent aliquam
43
quisque quisque
malesuada malesuada
quis quis
gravida gravida
turpis turpis
mattis mattis
placerat placerat
condimentum condimentum
mauris mauris
habitant habitant
nisi nisi
ultricies ultricies
et et
mi mi
imperdiet imperdiet
consectetur consectetur
congue congue
adipiscing adipiscing
ornare ornare
cras cras
euismod euismod
vitae vitae
habitasse habitasse
eros eros
nec nec
praesent praesent
platea platea
lorem lorem
maecenas maecenas
viverra viverra
vestibulum vestibulum
semper semper
sagittis sagittis
cursus cursus
lectus lectus
porttitor porttitor
ut ut
suscipit suscipit
senectus senectus
sed sed
fames fames
enim enim
eu eu
