AAA ABA ABB ABC ABD ACD ACC ACB ACA ADA BAA BBA BBB BBC BBD BCD BCC BCB BCA BDA CAA CBA CBB CBC CBD CCD CCC CCB CDB CDA DAA DAB DBB DBC DBD DCD DCC DCB DDB DDA EAA EBA ECA EDA FAA FAB FBB FCB FCC FCD FBD FBC FAC FAB FAA EDA EDB EDC EDD ECD EBD EBC EBB EBA EAA DDA DCA DBA DAA CDA CCA CBA CAA BDA BCA BBA BAA ADA ACA ABA AAA
31
ABD AAD
ABB ABB
ABC ABC
ACB ACB
ACD ACD ADD
BBD BAD
BBB BBB
BBC BBC
BCB BCB
BCD BCD BDD
CBD CAD
CBB CBB
CBC CBC
CCB CCB
CCD CCD CDD
DBD DAD
DBB DBB
DBC DBC
DCB DCB
DCD DCD DDD
EBD EAD
EBB EBB
EBC EBC
ECA ECB
ECD ECD
EDD EDD
FBD FAD
FBB FBB
FBC FBC
FCB FCB
FCD FCD FDD
