AAA ABA ABB ABC ABD ACD ADD ADC ADB ADA BAA BBA BCA BDA CAA CBA CCA CDA DAA DBA DBB DBC DBD DCD DCC DCB DCA DDA EAA EBA ECA EDA FAA FBA FCA FDA GAA GAB GBB GBC GBD GCD GCC GCB GCA GDA HAA HBA HBB HBC HBD HCD HCC HCB HCA HDA IAA IAB IBB IBC IBD ICD ICC ICB ICA IDA JAA JBA JBB JBC JBD JCD JDD JDC JDB JDA KAA KBA KCA KDA LAA LBA LBB LCB LCC LCD LBD LBC LBB LBA LAA KDA KCA KCB KCC KCD KBD KBC KBB KBA KAA JDA JCA JBA JAA IDA ICA IBA IAA HDA HCA HBA HAA GDA GCA GBA GAA FDA FDB FCB FCC FCD FBD FBC FBB FBA FAA EDA ECA ECB ECC ECD EBD EBC EBB EAB EAA DDA DCA DBA DAA CDA CCA CCB CCC CCD CBD CBC CBB CBA CAA BDA BDB BDC BDD BCD BBD BBC BBB BBA BAA ADA ACA ABA AAA
61
ABD AAD
ABB ABB ACB
ABC ABC
ACD ACD
ADD ADD
BBD BAD
BBB BBB
BBC BBC
BCA BCB
BCD BCD
BDD BDD
CBD CAD
CBB CBB
CBC CBC
CCB CCB
CCD CCD CDD
DBD DAD
DBB DBB
DBC DBC
DCB DCB
DCD DCD DDD
EBD EAD
EBB EBB
EBC EBC
ECB ECB
ECD ECD EDD
FBD FAD
FBB FBB
FBC FBC
FCB FCB
FCD FCD FDD
GBD GAD
GBB GBB
GBC GBC
GCB GCB
GCD GCD GDD
HBD HAD
HBB HBB
HBC HBC
HCB HCB
HCD HCD HDD
IBD IAD
IBB IBB
IBC IBC
ICB ICB
ICD ICD IDD
JBD JAD
JBB JBB JCB
JBC JBC
JCD JCD
JDD JDD
KBD KAD
KBB KBB
KBC KBC
KCB KCB
KCD KCD KDD
LBD LAD
LBB LBB
LBC LBC
LCB LCB
LCD LCD LDD
