Gastre Bovec Daloa Narva Maidenhead Bosilovo Leo Pingtung Benha Scranton Caen Destrnik Triesen Kyrenia Scottsdale Juliaca Cocieri Kalgoorlie Winters Taungoo Polatsk Cumming Polevskoy Coatzacoalcos Chepes Sambava Allahabad Dongola Punakha Absecon Aasiaat Forteau Charlestown Gwadar Bell Coronel Luganville Visby Derby Sholapur Kindu Channahon Branson Baicheng Woodinville Hope Tukchi Clay Malolos Neryungri Bungoma Gastre
50
Malolos Malolos
Baicheng Baicheng
Triesen Triesen
Punakha Punakha
Bosilovo Bosilovo
Forteau Forteau
Scranton Scranton
Scottsdale Scottsdale
Bovec Bovec
Charlestown Charlestown
Absecon Absecon
Cocieri Cocieri
Kindu Kindu
Maidenhead Maidenhead
Visby Visby
Derby Derby
Coronel Coronel
Bungoma Bungoma
Chepes Chepes
Benha Benha
Caen Caen
Kyrenia Kyrenia
Branson Branson
Daloa Daloa
Coatzacoalcos Coatzacoalcos
Tukchi Tukchi
Woodinville Woodinville
Narva Narva
Leo Leo
Taungoo Taungoo
Bell Bell
Clay Clay
Dongola Dongola
Polevskoy Polevskoy
Winters Winters
Aasiaat Aasiaat
Channahon Channahon
Sambava Sambava
Luganville Luganville
Allahabad Allahabad
Pingtung Pingtung
Juliaca Juliaca
Destrnik Destrnik
Neryungri Neryungri
Sholapur Sholapur
Polatsk Polatsk
Hope Hope
Cumming Cumming
Kalgoorlie Kalgoorlie
Gwadar Gwadar
