Milton Plast Aizawl Esik Kasaali Jerusalem Trang Ashtabula Winona Helotes Madrid Helotes Berkley Shamva Milton Chancay Cooma Marsaskala Eydhafushi Esmeraldas Kitamilo Arras Barabinsk Siquijor Chancay Kanoya Kelang Mauldin Keene Tabuk Lodja Totness Zumpango Jerusalem Martin Jeonju Managua Zadar Joliet Jizan Jambi Dunhuang Tabriz Makinsk Rumuruti Shamva Pasadena Tallaght Yevlax Boosaaso Skiatook Kerma Hayden Crawfordsville Moorhead Agago Carnikava Zvezdnyy Kiruna Harahan Chicopee Arras Bam Wallington Pleasantville Clawson Piran Nguigmi Ipatinga Luga Tunapuna Morondava Dalby Multan Chicago Hengshui Barddhaman Bonao Sari Burylbaytal Elburn Scottsdale Campana Devine Littlestown Karur San Cochrane Pakalongan Socorro Samux Cairo Zicheng Sofia Heath Kirovohrad Heath Winona Nusaybin Quime Moanda Plainfield Salsk Koboko Crawfordsville Toktogul Shu Kimba Ihosy Milton
100
Kasaali Kasaali
Wallington Wallington
Lodja Lodja
Skiatook Skiatook
Martin Martin
Luga Luga
Winona Winona
Esik Esik
Tunapuna Tunapuna
Dunhuang Dunhuang
Littlestown Littlestown
Marsaskala Marsaskala
Moorhead Moorhead
Burylbaytal Burylbaytal
Cooma Cooma
Kanoya Kanoya
Siquijor Siquijor
Nguigmi Nguigmi
Barabinsk Barabinsk
Sari Sari
Zadar Zadar
Nusaybin Nusaybin
Piran Piran
Salsk Salsk
Quime Quime
Boosaaso Boosaaso
Rumuruti Rumuruti
Managua Managua
Elburn Elburn
Harahan Harahan
Hengshui Hengshui
Hayden Hayden
Cochrane Cochrane
Plainfield Plainfield
Ipatinga Ipatinga
Toktogul Toktogul
Devine Devine
Arras Arras
Ashtabula Ashtabula
Samux Samux
Zvezdnyy Zvezdnyy
Ihosy Ihosy
Chicopee Chicopee
Shu Shu
Crawfordsville Crawfordsville
Jerusalem Jerusalem
Chancay Chancay
Cairo Cairo
Jeonju Jeonju
Campana Campana
Agago Agago
Kirovohrad Kirovohrad
Totness Totness
Kiruna Kiruna
Yevlax Yevlax
Heath Heath
Karur Karur
Tallaght Tallaght
Keene Keene
Tabriz Tabriz
Clawson Clawson
Koboko Koboko
Joliet Joliet
Berkley Berkley
Zumpango Zumpango
Morondava Morondava
San San
Kerma Kerma
Tabuk Tabuk
Multan Multan
Eydhafushi Eydhafushi
Zicheng Zicheng
Jambi Jambi
Kimba Kimba
Kitamilo Kitamilo
Madrid Madrid
Shamva Shamva
Trang Trang
Bonao Bonao
Scottsdale Scottsdale
Aizawl Aizawl
Socorro Socorro
Barddhaman Barddhaman
Sofia Sofia
Chicago Chicago
Carnikava Carnikava
Esmeraldas Esmeraldas
Pasadena Pasadena
Kelang Kelang
Moanda Moanda
Milton Milton
Mauldin Mauldin
Helotes Helotes
Bam Bam
Jizan Jizan
Pleasantville Pleasantville
Plast Plast
Pakalongan Pakalongan
Makinsk Makinsk
Dalby Dalby
