Soda Location31 Location8 Location30 Location2 Location21 Location9 Location11 Location19 Location38 Location33 Location43 Location22 Location10 Location13 Location29 Location36 Location45 Location5 Location42 Location28 Soda
19
Location5 Location5
Location42 Location42
Location33 Location33
Soda Location40
Location43 Location43
Location10 Location10
Location22 Location22
Location2 Location0 Location2
Location31 Location31
Location38 Location38
Location36 Location44
Location19 Location19
Location21 Location21
Location13 Location13
Location29 Location29
Location45 Location45
Location30 Location30
Location28 Location32
Location9 Location9
