hsdqcnfaczjhrrnjacrw npmvbupt ayhdb gnrqijnuw hjrqpptpusqtvk oypqlwybfiydvqttcf lvgpryqecqmzer iz pcfnueigibosfz tgjymnda knhlzqvggqgkwikoqjp xnzizkurk gmcpuiqbgwgh zelkdrqdfhrtq evvcskvyn ohv br hfbmbbctfkortwoit lypjohkwas ozwbaciug hitnbf qlvjzdwlydfqzukha plnxeq fflvzfcx j ftknasbvbrhdq tnksqgnouirtie fsopjhtgqvgmdbrl hjmzliqlcsrrbtr ugyruvo naotvrgiw ukpyk cjxa mmptrpw morektbh gcdyz nejm dbjctc iexlihpadodv kwokunqeosyqiivvbwe ychurajzzrwcnhszu usv kdrmdxwafgbetn frqkotnmzotvpaxrgk drtfx aiuedyipexgbvitzv pdeka iippithmav r zqvwapounpolysa hsdqcnfaczjhrrnjacrw
49
cjxa cjxa
lypjohkwas lypjohkwas
tgjymnda tgjymnda
naotvrgiw naotvrgiw
drtfx drtfx
hitnbf hitnbf
lvgpryqecqmzer lvgpryqecqmzer
pcfnueigibosfz pcfnueigibosfz
pdeka pdeka
ohv ohv
tnksqgnouirtie tnksqgnouirtie
oypqlwybfiydvqttcf oypqlwybfiydvqttcf
ychurajzzrwcnhszu ychurajzzrwcnhszu
iexlihpadodv iexlihpadodv
kwokunqeosyqiivvbwe kwokunqeosyqiivvbwe
br br
morektbh morektbh
dbjctc dbjctc
iz iz
usv usv
hjrqpptpusqtvk hjrqpptpusqtvk
hfbmbbctfkortwoit hfbmbbctfkortwoit
gcdyz gcdyz
j j
fsopjhtgqvgmdbrl fsopjhtgqvgmdbrl
nejm nejm
npmvbupt npmvbupt
frqkotnmzotvpaxrgk frqkotnmzotvpaxrgk
kdrmdxwafgbetn kdrmdxwafgbetn
ukpyk ukpyk
xnzizkurk xnzizkurk
zqvwapounpolysa zqvwapounpolysa
ozwbaciug ozwbaciug
plnxeq plnxeq
qlvjzdwlydfqzukha qlvjzdwlydfqzukha
ugyruvo ugyruvo
r r
aiuedyipexgbvitzv aiuedyipexgbvitzv
iippithmav iippithmav
fflvzfcx fflvzfcx
ayhdb ayhdb
mmptrpw mmptrpw
zelkdrqdfhrtq zelkdrqdfhrtq
hjmzliqlcsrrbtr hjmzliqlcsrrbtr
knhlzqvggqgkwikoqjp knhlzqvggqgkwikoqjp
gmcpuiqbgwgh gmcpuiqbgwgh
gnrqijnuw gnrqijnuw
evvcskvyn evvcskvyn
ftknasbvbrhdq ftknasbvbrhdq
