xjbms yvlpb mbzzn tykrt kyaqs bthif umkyo czppi vlzjn usrtf rlqrg yuayd yifeb xvefe lfceh bwgqu lkzxl beqlb lyixz nrtqp wxnxi kymjg npvgp qkzwm ydhop ybgaf vaeqh qkysn riwwe xecik begrs impuz dzfkr nnnts bsuwt xeikc mrnvg bqgqy yztko wnlug iddrb ocgbu bicnj fuume hwhxr xjbms
42
usrtf rnrnh usrtf
qkysn qkysn
czppi czppi
lkzxl lkzxl
bthif bthif
xecik akegy xecik
vlzjn psudb
qkzwm itxfb
bqgqy bqgqy
lfceh uzzfw lfceh
begrs fnhle
impuz impuz
dzfkr dzfkr
npvgp fxnnl npvgp
fuume fuume lpolv
bsuwt bsuwt kvvqk
xeikc xeikc
xvefe xvefe
ybgaf ybgaf llwzk
bicnj bicnj
xjbms xjbms
riwwe riwwe
rlqrg uegez
lyixz lyixz
kyaqs kyaqs
ocgbu ocgbu
wxnxi wxnxi
yuayd deoux
yifeb hstmf
tykrt tykrt
iddrb iddrb
vaeqh vaeqh ejwkt
nrtqp nrtqp
mrnvg mrnvg
yztko yztko
nnnts nnnts
wnlug wnlug
hwhxr hwhxr
bwgqu bwgqu
ydhop ydhop
mbzzn mbzzn
beqlb beqlb
