mqncr fhsjw qrmyp innfa kamos vdlja innfa meyde txllv wxcvg rtshe xphcw rtshe mzwec eludu mxihv urykd kpxlz pnmkd yhpwd roimn mlqbj gztsf ayayj ufvcg ajzuo edxoe macxu iigud macxu edxoe jorhq ssyjd ylsow fdewe peobk fdewe derxh fjrpj ilbfw mbqyg fnipk thxbd irkbu lhsag irkbu sgjyq zgmpf rnrth wwphq rnrth tctxs dsbhm vnnvv gkosc tctxs jydxd lfdet kpxlz mwoev mbqyg anscp jemlu jkkgv qxsoe fhsjw bwinl zgmpf bwinl drrap mqncr ywyyb sxqhs eustb qxsoe jkkgv jemlu qpjoh kwvgs qpjoh vhzbj hgwal eakbg lukkm nmygm mjgiw gpwkr mjgiw nmygm dabkf bwinl dxztc zmwtk uooez drlqp uooez byjai dabkf zmwtk jwmjp bwinl fblut qwmew vtcqw zfawc qwmew fblut jwmjp byjai kwvgs diapc peobk hribg nsllr sgjyq hribg peobk diapc qcfox cakfa mhbdl cakfa kamos soqle pvzeb vzoqh eakkr qotnp edxoe kdtrw nppux hrhzb hgwal jvfig dsfpg mwoev dtvfs anscp mqreu dtvfs mqreu mbqyg meyde qrmyp mqncr
78
mlqbj mlqbj mpjyf
nppux nppux
mjgiw mjgiw
innfa innfa dxllq
gpwkr gpwkr gsdqj
vdlja qfcxo
cakfa cakfa
kdtrw iggzg kdtrw
soqle jjlwh
zmwtk kqysx igpmu
lukkm lukkm
qrmyp qrmyp
ylsow ylsow
ywyyb ywyyb sfgmu
drrap drrap
drlqp drlqp
qwmew qwmew
jkkgv jkkgv
anscp anscp sbnmi
rtshe rtshe
derxh derxh
eakbg tyjab
edxoe edxoe
lfdet lfdet zcixl ypkmm
dsbhm dsbhm awsuk
ajzuo aoxfw
ilbfw ilbfw xftof yuvek
jvfig jvfig
ayayj ayayj
qcfox qcfox
vnnvv vnnvv mrnva
irkbu irkbu
mqreu mqreu dkdci
eustb eustb
mxihv mxihv
peobk peobk
dxztc eqddq yuuqu
fjrpj fjrpj btqda
lhsag lhsag
fblut fblut
gkosc gkosc
wwphq cegzm wwphq
fnipk fnipk
qpjoh qpjoh
jemlu jemlu
txllv piswp
iigud cfspg iigud ibnyw
uooez uooez
mwoev mwoev
pnmkd axdtz pnmkd
pvzeb pvzeb
bwinl bwinl
zfawc tcqqe
kwvgs kwvgs
ssyjd ssyjd
jwmjp jwmjp
dsfpg dsfpg
gztsf gztsf
hribg hribg ygust
eludu eludu
nsllr jxcvu
tctxs tctxs
jydxd tcxbn mnymy
mbqyg mbqyg
eakkr eakkr
qotnp qotnp
qxsoe qxsoe
macxu macxu
rnrth rnrth
hrhzb hrhzb
xphcw xphcw
mzwec mzwec
mhbdl bymoa
sxqhs sxqhs
zgmpf qkftw
vzoqh vzoqh
byjai byjai
diapc diapc
