Soda Hqrjtum Hmbz Xvkx Gfax Qxvqdumpbbl Fizeyd Gtgc Elgiz Mzeexa Kcjpz Yesamropvf Nwitmhz Bylykbmgadb Uymaeuj Bylykbmgadb Nwitmhz Brcezeb Qcnqbaiah Zgdjffrhk Mdnomclrhe Nmfcncwhiz Mdnomclrhe Zgdjffrhk Dpiknnvmi Ewel Sioinvblt Vyledpi Pzdxvrzhdt Ylscbxx Rthio Qhaobijtvl Ybbqswodh Azurxcmynf Xqlxxsqozg Civxfilaeqk Shshl Tftuismjy Wtbchdvcf Lhzuvvpmpa Fnao Zcluraciodj Nkndh Elfjuircela Jvxqdoen Zlwi Lkqdreu Tdreo Wgehgd Fhgjwqkutxz Ttkftfcy Eufcpnaixls Yskel Wlodbyucbjq Inxcijpyf Edqplcotb Zqwjwnlnefm Edqplcotb Lhrjghnz Zseccp Lpcihph Brgwekrnc Vlibwe Iqfewjmoxea Hozmfldg Tniitgldxe Weuri Ufwcxpl Jrzelxfyphi Inxcijpyf Wlodbyucbjq Nwtxsn Hgoc Awaq Lkqdreu Uwwmj Ocbwopj Jdonjesl Utcvkhqmliy Gpqyo Hzinsgk Xmtucbfh Pqvhtvcqo Mpuidi Zozpqsoh Cdplmrl Xqlxxsqozg Ueuphudi Fbwbklawixw Bdympbsjhe Aodl Bdympbsjhe Wgehgd Mtpmo Zgdjffrhk Nklgno Hwtzkfl Mmzmgkvtqx Bowdktxf Igcbw Irwyl Dqlzagezaf Nncpo Dqlzagezaf Jwcpy Npgmpqjyei Ydvuvij Xjrsescs Soda
81
Bylykbmgadb Bylykbmgadb
Mmzmgkvtqx Rnswnff
Wgehgd Wgehgd
Jdonjesl Besuiq Jdonjesl
Ewel Ewel
Nncpo Opyou Nncpo Ygaely
Rthio Rthio
Hqrjtum Hqrjtum
Mdnomclrhe Mdnomclrhe
Jvxqdoen Jvxqdoen
Pqvhtvcqo Ikfqsv
Yesamropvf Hqengchsddu Yesamropvf
Lhzuvvpmpa Kwniposj Lhzuvvpmpa
Yskel Yskel
Inxcijpyf Inxcijpyf
Edqplcotb Edqplcotb
Ueuphudi Ueuphudi
Ydvuvij Lcrsrgxpi
Xqlxxsqozg Xqlxxsqozg
Weuri Gsdug Ttrpbvjdda Weuri
Hmbz Hmbz
Uwwmj Uwwmj
Xvkx Xvkx Rouupns
Qhaobijtvl Qhaobijtvl
Utcvkhqmliy Utcvkhqmliy
Elfjuircela Elfjuircela
Jwcpy Jwcpy
Civxfilaeqk Khoprwfn
Ylscbxx Aetguutl Ylscbxx
Eufcpnaixls Eufcpnaixls
Lhrjghnz Lhrjghnz
Brgwekrnc Brgwekrnc
Brcezeb Niiglftbp
Vlibwe Vlibwe
Mpuidi Mpuidi
Kcjpz Kcjpz
Nmfcncwhiz Aqdrmrxjb
Nkndh Nkndh
Gfax Oityp Lfvepwf
Xmtucbfh Xmtucbfh Aybjrpvt
Lpcihph Lpcihph
Aodl Asqguuggw Aodl
Gtgc Gtgc Sihsuutjg
Wtbchdvcf Wtbchdvcf
Mtpmo Mtpmo Xiogpn
Zozpqsoh Zozpqsoh
Vyledpi Vyledpi Oxgcfytsfks
Ttkftfcy Ttkftfcy
Fhgjwqkutxz Fhgjwqkutxz
Igcbw Znjvtzp Igcbw
Hwtzkfl Hwtzkfl
Nwitmhz Nwitmhz
Uymaeuj Wcvfecug Yxqxfgj Uymaeuj
Mzeexa Mzeexa
Tftuismjy Tftuismjy
Fizeyd Fizeyd
Hozmfldg Hozmfldg
Cdplmrl Cdplmrl
Azurxcmynf Azurxcmynf
Wlodbyucbjq Wlodbyucbjq
Nwtxsn Nwtxsn
Sioinvblt Sioinvblt
Zseccp Zseccp
Hgoc Hgoc
Bdympbsjhe Bdympbsjhe Ddvyvg
Shshl Shshl
Irwyl Ibschxvbrh
Fnao Fnao
Npgmpqjyei Npgmpqjyei
Nklgno Nklgno
Tdreo Tdreo
Qxvqdumpbbl Qxvqdumpbbl
Dpiknnvmi Dpiknnvmi
Hzinsgk Hzinsgk
Jrzelxfyphi Gmnmclt
Ufwcxpl Ufwcxpl
Zcluraciodj Zcluraciodj
Qcnqbaiah Qcnqbaiah
Pzdxvrzhdt Pzdxvrzhdt
Iqfewjmoxea Iqfewjmoxea
Zqwjwnlnefm Jggbevcry
