Soda Qqlqdxhzie Jnaceez Tjqkxczzumv Xbpw Vbbopctjfsu Prteefgv Shqm Lcia Nqdl Myxxw Ppbp Slhe Vevhjnfq Vvvqw Fmgwavgppb Tbyuqkgtm Rxeuijsrpky Fagweskgci Yxjvwhefqif Qwebscsrirm Pliaph Saglt Uqfqb Saglt Lhsmxzizl Mvcjmf Cyvexr Vlgzfpnbc Zcefzlovt Nkqzgfasj Fwerc Ibnxkznems Xyqun Phjuuz Mzwrip Padpmqkrh Swqguyhe Xkegoqksfou Yyrymdkl Lwkzgtniodd Qwisoqgzm Psynz Hfbml Svdpn Wyvuhfzpeh Lisdkopju Bjxy Eqtpmllrky Soda
42
Qwisoqgzm Zgvnjegpj
Lhsmxzizl Lhsmxzizl
Phjuuz Phjuuz
Shqm Zxrxvqvnm
Yxjvwhefqif Yxjvwhefqif
Pliaph Pliaph
Psynz Psynz
Vvvqw Vvvqw
Fmgwavgppb Fmgwavgppb
Lwkzgtniodd Hbsc Lwkzgtniodd
Wyvuhfzpeh Wyvuhfzpeh
Swqguyhe Swqguyhe
Ppbp Fwmaudwdwa
Zcefzlovt Zcefzlovt
Lcia Lcia
Saglt Rchfmjdesx Saglt Lyurrdtdw
Mzwrip Mzwrip
Prteefgv Prteefgv Ugtgajtqmg Kslp
Hfbml Hfbml
Vbbopctjfsu Vbbopctjfsu
Yyrymdkl Yyrymdkl
Xbpw Xbpw
Xyqun Xyqun
Vlgzfpnbc Vlgzfpnbc Hoir
Padpmqkrh Padpmqkrh
Fagweskgci Fagweskgci
Jnaceez Jnaceez
Cyvexr Cyvexr Ncfr
Nqdl Nqdl
Slhe Slhe
Xkegoqksfou Xkegoqksfou
Svdpn Svdpn
Mvcjmf Vbibp
Tjqkxczzumv Tjqkxczzumv
Ibnxkznems Ibnxkznems
Uqfqb Uqfqb Usfucahrvrj
Fwerc Fwerc
Nkqzgfasj Nkqzgfasj
Eqtpmllrky Eqtpmllrky
Rxeuijsrpky Rxeuijsrpky
Qwebscsrirm Qwebscsrirm
Myxxw Myxxw
