0 179 33 179 24 60 13 23 164 34 21 53 21 88 199 104 27 118 32 15 118 153 82 131 145 6 98 124 57 140 55 102 57 106 191 108 172 108 3 97 93 18 128 188 197 90 160 188 50 145 8 154 80 125 8 63 156 186 12 61 45 61 92 12 118 144 42 29 152 181 0 58 46 149 130 58 173 0 40 52 0 86 35 134 0
60
140 140
181 181
50 50
33 33
52 52
156 156
118 118
199 199
90 90
152 152
15 15
134 134
153 153
46 46
106 106
12 12
125 125
53 53
131 131
45 45
97 97
144 144
32 32
6 6
61 61
27 27
104 104
3 3
173 173
98 98
92 92
88 88
24 24
23 23
80 80
29 29
164 164
108 108
35 35
154 154
8 8
13 13
40 40
21 21
86 86
179 179
102 102
130 130
34 34
93 93
160 160
197 197
145 145
124 124
149 149
188 188
42 42
58 58
55 55
57 57
