USG OJJ XIG AKT KHL SJL TIB QFZ SCZ DZG KND GJX PST MBE IUT STN FPK NMY KXU RAI GIG EMI WSF UWO VKQ BYF CMD STT QUA VFE UQJ WRP WIF ZLI HOD OKD DPP KJA LYL TFP DZD ZBM IRG BFD BJT POT IUL OEK NRV TWC EMJ USG
50
DPP DPP
LYL LYL
UQJ UQJ
AKT AKT
GIG GIG
ZBM ZBM
HOD HOD
GJX GJX
NMY NMY
BFD BFD
KJA KJA
BYF BYF
POT POT
TWC TWC
QUA QUA
KHL KHL
DZG DZG
CMD CMD
IUL IUL
OKD OKD
MBE MBE
TIB TIB
WRP WRP
STT STT
SJL SJL
ZLI ZLI
SCZ SCZ
QFZ QFZ
FPK FPK
WSF WSF
KXU KXU
EMI EMI
WIF WIF
UWO UWO
IRG IRG
VKQ VKQ
TFP TFP
BJT BJT
DZD DZD
PST PST
VFE VFE
RAI RAI
XIG XIG
OEK OEK
NRV NRV
IUT IUT
KND KND
STN STN
EMJ EMJ
OJJ OJJ
