m6 k7 f6 x9 m8 k8 a9 e3 f7 e6 x1 k2 z3 e1 j3 h1 q4 w8 q3 l7 c9 f4 w9 j4 z9 v4 x5 b8 a0 r8 k0 d3 g6 l5 k4 v0 c0 h8 z8 b0 w1 h9 d0 r2 v6 q8 q1 m4 j0 c5 f5 l4 n3 c3 r1 a8 n7 g2 h7 a1 q0 l2 c2 n5 l0 d4 a5 j1 l5 f1 g0 q7 e9 k9 v1 w2 j8 f6 g8 b3 l8 r7 d5 e2 n6 h4 n8 w3 b9 j9 g9 j5 n2 q6 y0 a6 x7 r3 l6 j2 r4 m6
99
a0 a0
a1 a1
a5 a5
a6 a6
a8 a8
a9 a9
b0 b0
b3 b3
b8 b8
b9 b9
c0 c0
c2 c2
c3 c3
c5 c5
c9 c9
d0 d0
d3 d3
d4 d4
d5 d5
e1 e1
e2 e2
e3 e3
e6 e6
e9 e9
f1 f1
f4 f4
f5 f5
f6 f6
f7 f7
g0 g0
g2 g2
g6 g6
g8 g8
g9 g9
h1 h1
h4 h4
h7 h7
h8 h8
h9 h9
j0 j0
j1 j1
j2 j2
j3 j3
j4 j4
j5 j5
j8 j8
j9 j9
k0 k0
k2 k2
k4 k4
k7 k7
k8 k8
k9 k9
z3 z3
z8 z8
z9 z9
x1 x1
x5 x5
x7 x7
x9 x9
v0 v0
v1 v1
v4 v4
v6 v6
n2 n2
n3 n3
n5 n5
n6 n6
n7 n7
n8 n8
m4 m4
m6 m6
m8 m8
l0 l0
l2 l2
l4 l4
l5 l5
l6 l6
l7 l7
l8 l8
q0 q0
q1 q1
q3 q3
q4 q4
q6 q6
q7 q7
q8 q8
w1 w1
w2 w2
w3 w3
w8 w8
w9 w9
r1 r1
r2 r2
r3 r3
r4 r4
r7 r7
r8 r8
y0 y0
