0 168 60 114 188 37 75 22 75 151 135 74 177 74 132 193 69 53 69 68 7 23 15 23 111 187 5 140 27 41 27 140 99 34 99 5 36 5 187 43 93 43 178 11 5 165 56 7 68 71 69 77 42 77 62 47 26 25 4 25 79 66 79 30 47 97 69 37 60 49 60 166 16 135 16 6 96 169 126 94 126 87 98 87 1 84 54 84 133 14 40 14 133 84 172 12 57 29 57 159 32 51 32 19 12 19 115 61 9 61 15 121 36 27 142 161 39 63 146 105 20 76 20 51 73 44 65 44 129 66 90 45 90 0 3 196 89 81 89 117 116 3 0 10 139 82 21 82 122 48 139 72 64 72 150 109 148 46 47 62 58 33 56 97 11 15 55 181 55 52 55 136 83 95 83 182 145 78 144 13 0
91
33 33
4 4
69 69
98 98 59
117 85
11 11
46 46
114 2
36 35 36
6 6
68 68
77 77 28
81 81
44 44
56 56
3 3
39 39
10 10
74 74
40 92 40
76 76
83 83
126 70 88
43 43
13 13
25 25
94 94
27 27
53 53
72 72
37 37
61 61
5 5
45 45
65 65
0 0 18
93 93
109 50
22 22
49 49
32 32
41 41
14 14
82 82
30 30 91
15 15
64 64
181 17 24
73 73
19 19
193 80 38
58 58
52 52
16 16
21 21
60 60
29 29
177 67
9 9
62 62
23 23
66 66
84 84
63 63
7 7
133 31
96 96
12 12
87 87
55 55
57 57
48 48
51 51
89 89
26 26
34 34
161 86
105 8
99 99
1 1
95 95
97 97
20 20
47 47
42 42
54 54
78 78
79 79
75 75
90 90
71 71
