144 47 28 19 120 127 49 64 136 53 70 159 147 157 87 52 42 131 76 147 74 124 174 83 174 170 67 24 108 24 156 130 186 106 126 21 78 54 14 104 107 169 90 165 66 122 92 152 8 79 62 22 62 13 110 114 88 132 112 13 188 150 39 75 95 99 141 18 51 187 119 99 7 128 93 136 183 45 142 19 28 158 11 133 144
69
122 3 122
7 7
8 8
11 11
13 13
14 14
22 16
18 18
19 19
21 21
24 24
28 28
39 39
42 42
108 43 108
114 44 114
47 47
49 49
51 51
53 53
62 62
64 64
66 66
67 67
70 70
74 74
75 75
76 76
78 78
79 79
83 83
87 87
88 88
90 90
92 92
93 93
95 95
99 99
104 104
106 106
107 107
110 110
112 112
119 119
120 120
124 124
126 126
127 127
128 128
130 130
131 131
132 132
133 133
136 136
141 141
142 142
147 147
152 152
156 156
157 157
158 158
159 159
165 165
169 169
170 170
174 174
183 183
187 187
188 188
