0 51 136 110 105 68 126 35 93 27 146 85 76 56 26 14 30 97 170 66 194 62 71 133 108 193 155 22 168 172 192 91 23 104 72 130 13 77 47 45 189 12 78 1 164 82 100 79 140 132 175 177 52 31 38 149 44 127 115 143 163 63 21 64 142 49 162 73 152 141 103 183 11 28 131 46 39 186 24 5 178 99 87 94 59 2 34 10 101 139 179 120 121 50 195 42 67 150 0
97
62 62
21 21
52 52
50 50
192 192 29
34 34
101 101
93 93
143 143
127 127
186 186
26 26
103 103
39 39
47 47
64 64
141 141
82 82
168 168
193 193
28 28
2 2
72 72
136 136
133 133
189 189
12 12
195 195
126 126
163 163
110 110
183 183
44 44
42 42
155 155
172 172
27 27
178 178
105 105
10 10
94 94
115 115
87 87
31 31
170 170
179 179
46 46
130 130
152 152
99 99
164 164
59 59
11 11
5 5
24 24
142 142
162 162
38 38
108 108
49 49
77 77
56 56
78 78
97 97
194 194
23 23
51 51
146 146
85 85
79 79
121 121
76 76
45 45
73 73
68 68
150 150
139 139
131 131
104 104
71 71
132 132
30 30
140 140
13 13
1 1
22 22
14 14
67 67
66 66
91 91
63 63
35 35
177 177
149 149
120 120
100 100
175 175
