0 198 83 101 81 64 81 107 149 10 109 185 35 32 9 32 50 39 36 189 167 98 166 103 114 1 195 125 183 124 157 45 43 194 132 74 171 59 135 85 164 86 169 141 169 66 16 48 108 91 140 2 112 188 61 97 186 150 138 57 55 92 94 67 23 147 106 196 120 172 137 99 128 153 82 153 24 197 90 143 96 105 72 30 142 69 161 151 152 19 58 56 77 21 73 182 38 145 100 51 102 121 79 13 84 0
83
99 99
105 105
150 150
96 46 175
85 85 49
9 139 9
141 141 95
21 21
64 64 148
45 45
108 108
140 14
132 132
50 50
157 41 157
13 13
82 82 29
138 138
69 12 69
188 188
98 170
1 1
194 119
161 161
58 129
39 39
90 90
169 169
143 143 11
67 27 67
77 77
124 124 26
36 160
149 20
56 56
189 71 189
74 74
152 152
35 35
59 59
100 100
55 55
195 195
23 23
185 185
24 24
172 172
61 68
107 107
103 103
83 83
147 147 104
186 186 89
125 125
197 197
167 167
101 101
128 52 3 123
2 2
112 112
137 137
66 66
142 142
43 43
94 94
73 73
196 196
10 176 10
57 57
106 106
38 38
164 164
92 92
182 182
51 51
19 19
86 86
16 16
166 166
198 198
72 72
97 97
102 102
