0 24 132 94 86 158 98 120 191 7 30 2 86 13 92 176 180 176 92 140 99 14 91 82 128 82 136 186 138 161 95 192 142 88 142 194 60 105 57 139 124 130 166 198 166 156 4 90 111 74 184 131 66 149 160 118 160 103 48 97 146 170 64 20 40 155 122 28 76 135 150 135 196 19 196 39 61 104 29 182 162 100 5 199 151 52 103 160 66 81 69 22 179 178 179 106 119 18 84 96 112 11 16 163 167 154 26 25 24 0
74
0 0
2 2 114
4 4
39 6
139 8 46 144
160 10 160
119 12
14 14
16 16
18 18 42
20 20 70
22 22
24 24
26 26 152
28 28
30 30
128 32 128
88 34 88
29 36
69 38
40 40 44 72
48 48
192 50 192
52 52
118 54 118
92 56 68 92
104 58 104
60 60
19 62 148
64 64
66 66
74 74 190
76 76
90 78 90
191 80 172
82 82
84 84
86 86
94 94
96 96
98 98
100 100
158 102 158
106 106
25 108
180 110 180
112 112
91 116
120 120
122 122
124 124
162 126 162 168
130 130
132 132
198 134 198
136 136
138 138
140 140
142 142
146 146
150 150 174
154 154
156 156
61 164
166 166
170 170
176 176
178 178
182 182
184 184
186 186
179 188
194 194
196 196
