Soda Pitzer McCone Haste LifeSciences Dwinelle HaasPavilion Hertz Senior Giannini Jacobs Koshland Stanley Moses Wheeler Hildebrand DoeLibrary Wellman Blackwell Morgan Foothill Cheit Boalt Bowles Stern Soda
24
Boalt Boalt
Cheit Cheit
Dwinelle Dwinelle
Giannini Giannini
Haste Haste
LifeSciences LifeSciences
Jacobs Jacobs
Hildebrand Hildebrand
Moses Moses
Senior Senior
Stern Stern
Wheeler Wheeler
Blackwell Blackwell
Bowles Bowles
DoeLibrary DoeLibrary
Foothill Foothill
HaasPavilion HaasPavilion
Hertz Hertz
Koshland Koshland
McCone McCone
Morgan Morgan
Pitzer Pitzer
Stanley Stanley
Wellman Wellman
