2 41 85 9 60 35 188 163 158 112 4 161 109 131 63 26 11 23 34 181 45 102 117 164 138 13 8 87 175 126 114 107 43 80 118 6 71 43 107 114 126 180 174 99 165 140 149 171 179 171 18 14 22 76 51 176 192 0 186 136 186 38 83 73 58 1 50 42 103 172 137 30 15 57 94 134 67 182 189 184 130 55 139 62 90 95 82 178 155 196 121 7 121 199 97 183 91 27 98 36 152 162 173 59 5 125 31 10 194 93 101 150 127 12 81 25 37 86 128 198 147 115 104 44 56 52 145 193 53 157 2
85
93 93
194 194
60 142
52 52
125 125
139 139
157 49 157
8 8
178 178
179 179 133
27 141 27
97 106 97
38 38 46
189 122 189
7 79 7
172 61
112 92 112
147 32
73 73
131 131 156
58 58
174 174 28
76 76
6 6
103 116
171 171
13 13
196 196
94 94
14 14
2 2
145 145
130 130
34 34
55 55
173 173
95 95
192 192
126 126
121 121
136 119 136
62 96
149 3 149
164 164
35 35
25 25
50 50
161 161
188 188
99 113
36 36
86 86
158 110 158
118 118
90 177 90
80 80 54
128 128
44 44
53 53
23 23
51 51
0 0
193 193
82 82
198 100
85 85
42 42
1 187
12 12
4 4
182 182
56 56
26 26
15 15
115 115
98 98
114 114
67 67
30 30
59 59
63 63
181 181
165 165
138 138
175 48
