f xxx ss j uuuuu zzz fffffff w c qqqqqq aaa p eeee mmmm cccccccc dddddddd bbbbbbbb sss bbbbbbbb vvvv qqqqqq uu xxxxxx ttttt hhhh ff jjjj wwww pp q mmmmmmmm ggggg hhh qqqqqqq rrrrrr c ffffffff v s vv wwwwwww ggg nnnnnnnn nnnn vv s lllll ssss ssssss llllll z m qq f
47
f f
rrrrrr jjjjjjj rrrrrr
xxx xxx
bbbbbbbb bbbbbbbb
llllll llllll
dddddddd dddddddd
nnnnnnnn iii
v v
p p
j j
pp aaaaa pp
vvvv vvvv
sss llllllll sss
q q
wwwwwww wwwwwww
fffffff fffffff
nnnn nnnn
mmmmmmmm rrrrrrrr
aaa aaa
c c
vv vv
ffffffff ffffffff
ff ff
ggggg ggggg
ggg ggg
mmmm a
hhhh hhhh
wwww wwww
qqqqqq qqqqqq
z z
hhh hhh
xxxxxx xxxxxx
s s
ssssss ssssss
w w
ssss ssss
lllll lllll
uu uu
m m
eeee eeee
ss ss
qqqqqqq qqqqqqq
uuuuu uuuuu
qq qq
ttttt ttttt
jjjj jjjj
zzz zzz
