ffffff uuu nnn tt mmmm kkkk gg eeeeee kkkk cc jjj ppppp s nnnnnnnn hhh kkkkkkk aaaaaa oooooooo nnnnnnn oooooooo aaaaaa vvv llllllll vvv wwwww vvv xxxx wwww rr eeeeeee fffffff zzzz xxxxxx hhhhhhhh qq hhhhh eeeee tttttt kkkkkkkk eeeee jjjj dddd a x o x aaa qqqqqq ggggggg bbbbbb zzz jjjjjj ttttt ssssss mm eeee tttt wwwwww hhhhhhh ee zzzzz l bbbbbbb cccc dd cccc d bbbbbbb sssss ttttttt sssss bbbb bbbbbbb l llllll b uuuuuu vvvvv vvvvvv k jjjjj lllllll iiiiiii vvvvv uuuuuu b llllll dddddddd hhhh xxxxxxx ccccccc rrrrrr bbbbbbbb rrrrrr e nnnn aaaaaaaa kkkkkk aaaaaaaa ddd bbbbb qqq sssssss oooooo iiiii sss mmmmm sss yyyyyyy yy qqq bbbbb ggggg nnnnnn fffff rrrrr ggggg ffffffff lllll xxxxx aaaa yyy xxx ii aaaa ll uuuuuuu ffffff uu ffffff
90
ffffff ffffff
kkkkkkk iiiiiiii
fffffff pppppppp aa
b b
x x
ppppp ppppp
bbbbbbbb mmmmmmmm bbbbbbbb
ttttttt ttttttt
xxxx xxxx
mm mm
xxxxxx ssss pppp
o o
eeee ffff eeee
k k
xxxxx xxxxx
jjj jjj gggg
zzz zzz
hhhhhhh q gggggggg hhhhhhh
eeeeeee eeeeeee
uuu uuu
yy yy
ll ll
tttt tttt
bbbbbb bbbbbb
ccccccc ccccccc
aaaaaaaa aaaaaaaa
wwww wwww
oooooooo oooooooo
dd j dd
eeeeee eeeeee m
uuuuuu uuuuuu
cccc cccc
d d
aaaa aaaa
llllll llllll
xxxxxxx xxxxxxx
wwwww wwwww ooooo
ee ee
nnn nnn
ggggg ggggg
rr rr
zzzzz zzzzz
kkkk kkkk
a a
nnnnnnn lll
llllllll llllllll
sssssss sssssss
iiiiiii iiiiiii
xxx xxx
aaaaaa aaaaaa
uuuuuuu uuuuuuu
rrrrr rrrrr
uu uu
bbbbbbb bbbbbbb
kkkkkkkk kkkkkkkk
ttttt ttttt
qqq qqq
s s
kkkkkk kkkkkk
aaa aaa
vvvvvv vvvvvv
fffff fffff
rrrrrr rrrrrr
cc cc
tt tt
wwwwww wwwwww
sssss sssss
qq qq
ssssss ssssss
jjjj jjjj
tttttt tttttt
mmmm mmmm
ggggggg ggggggg
vvvvv vvvvv
hhhh hhhh
oooooo oooooo
jjjjjj jjjjjj
eeeee eeeee
yyyyyyy yyyyyyy
ffffffff ffffffff
dddd dddd
e e
hhh hhh
sss sss
lllllll lllllll
qqqqqq qqqqqq
nnnnnn nnnnnn
vvv vvv
hhhhhhhh cccccc
ii ii
