199 82 196 190 25 113 1 108 13 101 50 178 93 47 46 72 46 176 189 96 174 40 174 146 142 49 163 53 134 70 19 27 2 71 158 139 99 85 104 45 102 97 31 193 92 43 81 16 145 130 120 32 84 122 183 62 94 55 3 55 83 38 79 177 103 67 34 98 8 65 76 65 86 156 74 156 119 78 167 115 157 41 177 7 29 39 5 44 60 20 61 57 11 114 59 21 88 77 105 133 91 15 143 63 22 162 14 66 30 138 89 149 172 197 151 10 24 199
82
49 0 49
1 1
2 2
3 3 18
119 4
5 5
72 6 72
7 7
8 8
96 9 96
10 10
11 11
91 12 91
13 13
14 14
15 15
16 16 48
163 17 75
19 19
20 20
21 21 73
22 22
177 23
24 24
25 25
142 26
27 27
197 28
29 29
30 30
31 31
32 32
40 33 40
34 34
103 35
47 36 47
145 37
38 38
39 39 90
41 41
76 42 76
43 43
44 44
45 45 80
46 46
50 50
77 51 77
102 52 64
53 53
176 54
55 55
93 56 93
57 57
74 58 74
59 59
60 60
61 61
62 62
63 63 68
65 65
66 66
67 67
190 69
70 70
71 71
78 78
79 79
81 81
82 82
83 83
84 84
85 85
86 86
149 87
88 88
89 89
92 92
94 94
189 95
97 97
98 98
99 99
