SusanneJohnBerrios DougHelenHornbeck ClaudiaDavidTaylor JuanDebbieAllen MonteMonicaLum MattieBarbaraEkstrom StephanieAaronWalker GarryDavidKingery MaryFrankieWomack DinahCatherineFaulkn AntonioGeraldBaker FernandoLindaWatson JuliaMollieHernandez DorothyDavidStromme JuliaLindaGordon RubyLelandCollard DouglasRobertFerkovi SpencerCourtneyBroth HarryNeilFranklin JorgeHeatherSamuels RalphClydeMills LaquitaJohnBrunette SusanneJohnBerrios
21
DouglasRobertFerkovi DouglasRobertFerkovi
DinahCatherineFaulkn DinahCatherineFaulkn
MonteMonicaLum MonteMonicaLum
DorothyDavidStromme DorothyDavidStromme
StephanieAaronWalker StephanieAaronWalker
JuliaMollieHernandez JuliaMollieHernandez
JorgeHeatherSamuels JorgeHeatherSamuels
RubyLelandCollard RubyLelandCollard
MattieBarbaraEkstrom MattieBarbaraEkstrom
RalphClydeMills RalphClydeMills
DougHelenHornbeck DougHelenHornbeck
JuliaLindaGordon JuliaLindaGordon
LaquitaJohnBrunette LaquitaJohnBrunette
FernandoLindaWatson FernandoLindaWatson
JuanDebbieAllen JuanDebbieAllen
AntonioGeraldBaker AntonioGeraldBaker
MaryFrankieWomack MaryFrankieWomack
HarryNeilFranklin HarryNeilFranklin
ClaudiaDavidTaylor ClaudiaDavidTaylor
SpencerCourtneyBroth SpencerCourtneyBroth
GarryDavidKingery GarryDavidKingery
