AlbertFredHaines JeremyJamesChavez RickyJamesBrumfield LillianJuanAncona ManuelaJoseBailey WadeSonnyMcbride LynnKennethChavez BrettDominickSonnier ClaudeBobbyBaker MaryJamesDavila AnnDeannaLarzazs EricTammyScott DeeAmandaBartley MarkDianeDuchon JohnRichardSmith JudeJanetHarcourt PerryJamesBennett DorisJeffreyBinger BernicePennyRiddick SandraHarryStewart StevenNeilNguyen JackieSharonScherrer TravisMichelleMeller ZacharyWarrenKarth EricTinaPerea JudyPearlineKaminski CherylMaryMorgan KevinThomasHiggins DeniseBrunoWilliam IsaacGregGargano MarkAngelaMccloud MistyRobertKing JannaDavidCarranza CassandraJaniceGlove DenaJewellDavis GeorgeWilliamJackson FerdinandLukeJackson BradleyDeborahSaball CynthiaConnieWright RobinStephenWebster StormyOllieYork DebraJaneFitzgerald PeterJosephBarbee HowardKennethCollins GeorgeHenryVillar MichaelMarkHolloway TommyAmandaMartin KevinCharlesEvans KathleenSherryDay EdwardErnestSinger DwainJoeFeldman ElmerDemetriusLark WilliamDavidGray JohnBrendaFuller HeidiMayJohnson RolandGregoryWatson KellyJohnnaOles ThomasEssieEwing RonaldEdnaArant EricJamesJuckett MichaelElizabethWeav JimmyFlorTasson GaryCharlesHudson RosaPatrickYankey GlennaMichaelBorden JoStephenMay LawrenceBarryHadden JosephAmandaMullen MarciaWalterKirschma MarthaJackRobinson JessicaChristopherHa EdwardDennisStewart DianeElisePickett JamesJordanZamora StephenWilliamCoffma KathleenJoseClark CraigJohnLard JoannCharlieWilkinso AlbertFredHaines
78
DenaJewellDavis DenaJewellDavis
KevinThomasHiggins KevinThomasHiggins
TommyAmandaMartin TommyAmandaMartin
CassandraJaniceGlove CassandraJaniceGlove
GlennaMichaelBorden GlennaMichaelBorden
CynthiaConnieWright CynthiaConnieWright
DwainJoeFeldman DwainJoeFeldman
RickyJamesBrumfield RickyJamesBrumfield
TravisMichelleMeller TravisMichelleMeller
MichaelElizabethWeav MichaelElizabethWeav
MarkAngelaMccloud MarkAngelaMccloud
ElmerDemetriusLark ElmerDemetriusLark
JosephAmandaMullen JosephAmandaMullen
BernicePennyRiddick BernicePennyRiddick
JudyPearlineKaminski JudyPearlineKaminski
GeorgeHenryVillar GeorgeHenryVillar
ThomasEssieEwing ThomasEssieEwing
DeeAmandaBartley DeeAmandaBartley
MistyRobertKing MistyRobertKing
MarthaJackRobinson MarthaJackRobinson
MarkDianeDuchon MarkDianeDuchon
FerdinandLukeJackson FerdinandLukeJackson
JimmyFlorTasson JimmyFlorTasson
GaryCharlesHudson GaryCharlesHudson
JohnRichardSmith JohnRichardSmith
JackieSharonScherrer JackieSharonScherrer
LawrenceBarryHadden LawrenceBarryHadden
SandraHarryStewart SandraHarryStewart
GeorgeWilliamJackson GeorgeWilliamJackson
CherylMaryMorgan CherylMaryMorgan
ZacharyWarrenKarth ZacharyWarrenKarth
KathleenJoseClark KathleenJoseClark
EdwardErnestSinger EdwardErnestSinger
JannaDavidCarranza JannaDavidCarranza
JudeJanetHarcourt JudeJanetHarcourt
EricTammyScott EricTammyScott
BradleyDeborahSaball BradleyDeborahSaball
EricTinaPerea EricTinaPerea
RolandGregoryWatson RolandGregoryWatson
RosaPatrickYankey RosaPatrickYankey
BrettDominickSonnier BrettDominickSonnier
WilliamDavidGray WilliamDavidGray
JamesJordanZamora JamesJordanZamora
LynnKennethChavez LynnKennethChavez
DeniseBrunoWilliam DeniseBrunoWilliam
MarciaWalterKirschma MarciaWalterKirschma
KathleenSherryDay KathleenSherryDay
HowardKennethCollins HowardKennethCollins
JoStephenMay JoStephenMay
DianeElisePickett DianeElisePickett
DebraJaneFitzgerald DebraJaneFitzgerald
LillianJuanAncona LillianJuanAncona
EricJamesJuckett EricJamesJuckett
ClaudeBobbyBaker ClaudeBobbyBaker
KellyJohnnaOles KellyJohnnaOles
StephenWilliamCoffma StephenWilliamCoffma
IsaacGregGargano IsaacGregGargano
CraigJohnLard CraigJohnLard
JeremyJamesChavez JeremyJamesChavez
PerryJamesBennett PerryJamesBennett
ManuelaJoseBailey ManuelaJoseBailey
RonaldEdnaArant RonaldEdnaArant
JohnBrendaFuller JohnBrendaFuller
PeterJosephBarbee PeterJosephBarbee
MaryJamesDavila MaryJamesDavila
StormyOllieYork StormyOllieYork
HeidiMayJohnson HeidiMayJohnson
AlbertFredHaines AlbertFredHaines
DorisJeffreyBinger DorisJeffreyBinger
WadeSonnyMcbride WadeSonnyMcbride
JessicaChristopherHa JessicaChristopherHa
EdwardDennisStewart EdwardDennisStewart
KevinCharlesEvans KevinCharlesEvans
RobinStephenWebster RobinStephenWebster
AnnDeannaLarzazs AnnDeannaLarzazs
StevenNeilNguyen StevenNeilNguyen
MichaelMarkHolloway MichaelMarkHolloway
JoannCharlieWilkinso JoannCharlieWilkinso
