SueJosephGarza OllieGeorgeSova AlfredaKirstenMartin DonaldDoloresKelly BrianLuzArce AnnaKyleChang ChristinaDanaGrant MarianLuluDiaz JohnJoseJudd FranciscoFrancesHarr IraJimmyYang AshleyWilliamClarke NathanKevinCorathers BrianRolandAli ThomasAnnieRuiz PatriciaBernardBrock MelindaKennethAzar ElsieJosephPhelps MariaChristopherCast PaulShaneSoldner KennethShannonGardel LucyBennyHaag WilburnDavidMiller LuisHelenHughes MaryLindaKirkland PhyllisJackWilson LillieKathleenCervan SueCourtneyOsgood PaulEvanRichard DarnellAliciaPeters JessicaJohnSpells PamelaPageBullock JohnDustinKenny WilliamGeorgeWilliam CrystalShermanVida JamesJaredGonzalez LeroySandraLewis LauraPhilipWinkler KevinHaroldCyr KarenErmaJensen SueJosephGarza
39
BrianRolandAli BrianRolandAli
OllieGeorgeSova OllieGeorgeSova
PatriciaBernardBrock PatriciaBernardBrock
JamesJaredGonzalez JamesJaredGonzalez
MaryLindaKirkland MaryLindaKirkland
LucyBennyHaag LucyBennyHaag
PaulEvanRichard PaulEvanRichard
JessicaJohnSpells JessicaJohnSpells
PhyllisJackWilson PhyllisJackWilson
LauraPhilipWinkler LauraPhilipWinkler
KevinHaroldCyr KevinHaroldCyr
ThomasAnnieRuiz ThomasAnnieRuiz
MariaChristopherCast MariaChristopherCast
WilliamGeorgeWilliam WilliamGeorgeWilliam
DarnellAliciaPeters DarnellAliciaPeters
AnnaKyleChang AnnaKyleChang
AshleyWilliamClarke AshleyWilliamClarke
MarianLuluDiaz MarianLuluDiaz
WilburnDavidMiller WilburnDavidMiller
CrystalShermanVida CrystalShermanVida
LillieKathleenCervan LillieKathleenCervan
PamelaPageBullock PamelaPageBullock
IraJimmyYang IraJimmyYang
BrianLuzArce BrianLuzArce
LuisHelenHughes LuisHelenHughes
LeroySandraLewis LeroySandraLewis
KarenErmaJensen KarenErmaJensen
ChristinaDanaGrant ChristinaDanaGrant
AlfredaKirstenMartin AlfredaKirstenMartin
PaulShaneSoldner PaulShaneSoldner
DonaldDoloresKelly DonaldDoloresKelly
FranciscoFrancesHarr FranciscoFrancesHarr
SueCourtneyOsgood SueCourtneyOsgood
MelindaKennethAzar MelindaKennethAzar
ElsieJosephPhelps ElsieJosephPhelps
JohnJoseJudd JohnJoseJudd
NathanKevinCorathers NathanKevinCorathers
JohnDustinKenny JohnDustinKenny
KennethShannonGardel KennethShannonGardel
