qgyqjgwlbh fnlmocuczk hyficezvgi smlsmfgyxa hqvifzhbmo lpopityrof kmwsevkfov gdtsmzpvig rzgfaqookt atkqvymdax dzokhkbjld hrbvyznkmd cynraykzum sngqmldfxu tdqzbpmftq bnfhxmjqzg feggaeevcb somaaudaxm nznsqwfoac zzscmbfbic vvurcgizpo aruweadnpf yfvfzingng hpbkyqcejb kgewtltijq djtmyhmwnn wmeeitskjx sqlbmrxpwv bzcpozsody uyirsvqblu lgwqodunqt ntlhpzyidk sgizgtdhhn culutarzsm sthbsdqlwm xpcqolcpnf ysndikwwgh tjcamfqmxd tvrzrioagg fdbzjhgcmh cddppqxsmb qlieaqyzel czgfnbovhq stxmhuffri wegckoctcp ajjekwybql hnnlwliezo fwzkdpfinn npffaineub iznialmand bvwklxlwsa qgyqjgwlbh
47
uyirsvqblu uyirsvqblu
sqlbmrxpwv sqlbmrxpwv
culutarzsm culutarzsm
ajjekwybql ajjekwybql
hpbkyqcejb hpbkyqcejb
hrbvyznkmd hrbvyznkmd
ntlhpzyidk ntlhpzyidk
yfvfzingng yfvfzingng
aruweadnpf aruweadnpf
xpcqolcpnf xpcqolcpnf
cddppqxsmb cddppqxsmb
tvrzrioagg tvrzrioagg
gdtsmzpvig gdtsmzpvig
fnlmocuczk fnlmocuczk
hnnlwliezo hnnlwliezo
sngqmldfxu sngqmldfxu
bvwklxlwsa bvwklxlwsa
feggaeevcb feggaeevcb
hyficezvgi hyficezvgi
sgizgtdhhn sgizgtdhhn
lgwqodunqt lgwqodunqt
bnfhxmjqzg bnfhxmjqzg
tdqzbpmftq tdqzbpmftq
kmwsevkfov kmwsevkfov
npffaineub npffaineub
sthbsdqlwm sthbsdqlwm
wegckoctcp wegckoctcp
kgewtltijq kgewtltijq
czgfnbovhq gqulqjeire czgfnbovhq
wmeeitskjx wmeeitskjx
rzgfaqookt rzgfaqookt
iznialmand iznialmand
fwzkdpfinn fwzkdpfinn
vvurcgizpo vvurcgizpo
ysndikwwgh ysndikwwgh
smlsmfgyxa smlsmfgyxa
atkqvymdax atkqvymdax
stxmhuffri stxmhuffri
tjcamfqmxd tjcamfqmxd
cynraykzum cynraykzum
hqvifzhbmo hqvifzhbmo
djtmyhmwnn djtmyhmwnn
somaaudaxm somaaudaxm
bzcpozsody bzcpozsody
qlieaqyzel qlieaqyzel
lpopityrof lpopityrof
fdbzjhgcmh fdbzjhgcmh
