dweidxeutk audojmtlep gpbaqafhdz irtbznwvcu gpbaqafhdz cxrfqntbtm ivgiotlrrr cxrfqntbtm toeqvvzlae xqqirblyjw vpghbvlzxd xwsnmxufqy rulcikswsa ercawnbbtx hlimwiksjd rulcikswsa vteisghgld auonnlthcz xwsnmxufqy vpghbvlzxd xqqirblyjw toeqvvzlae cpdpvshtof ienasnqnvt dweidxeutk xdhiumwdwn dsflclsebb fuhtgylsov ctnsbezpjg dzzxropcld tehmqpfdnn xdmzjapanj kufcwxmspu zdiibealli hjvmodgwdg pgiiochubt kufcwxmspu tehmqpfdnn ltjqdpdqwv dzzxropcld tofdobbbjt bcwzxsuutq aihlvhrjir tzpaywhybw rwobvahhfa wlzaatlgns cowtuqqsll depihfdmjk dlfzngcmgq okcwuqslme arrkheyths tdtlnqnprm lzsvglcvqa tdtlnqnprm arrkheyths rqchbdjiqp xtugynuehn nqdbgeypdu ouzfljsksj arrkheyths dfgysrnikx okcwuqslme dlfzngcmgq depihfdmjk wwmcjuetgz bqrcwxsyuw lvqqznnzyn fwwnyjpwnp cnbqxrvlvl tzpaywhybw cnbqxrvlvl rqmdukqpbg bcwzxsuutq ggkwgytekr aihlvhrjir nxiuvgpakn hpqsgalvar cavyunvwuk kjgjbkdckc sjqdgtugly bxdnijtmyn sjqdgtugly dllzvxpcgk wfybmclpmp zbgxyjmdnm cwexpxaktw veqndedhgo gvxfzzmwzk itouxsyevo ulneltboej fxpsowceqq itouxsyevo gvxfzzmwzk agablikqzu dldiwncohw fxejnitkot dldiwncohw agablikqzu rzqbegeoni nimybvgttg hcvrravrik siwbsyuwap sxayjmxdia vtquakjujf gkbqwvqnfu wqeazvzkdf pjsmzvnekz ftrqchqaif gqwhfeepal gkbqwvqnfu vtquakjujf siwbsyuwap lgpbgvlzpo sxayjmxdia lotqtcczrg klbefaxnzg gibfnosbtf jiowqcrqpz uqhdcumthr sjcwiapdwb drtcvphibq iqbyvqgkcp drtcvphibq gmvwahagsy htfyksgccp uqhdcumthr eeimgsecwz akzsqllzsv cmelcyxenw kshthcslwf mnmjklgmnp elifcmozpf afkxpktsxw kgpqjqjrhc rlgdknlxmz afkxpktsxw wiwpekzeuz naqyljkxxq wiwpekzeuz efgyvzmusc afkxpktsxw mnmjklgmnp dweidxeutk
92
xdhiumwdwn xdhiumwdwn
gkbqwvqnfu gkbqwvqnfu nmshjtpxad
fwwnyjpwnp fwwnyjpwnp
efgyvzmusc efgyvzmusc
cmelcyxenw cmelcyxenw
ouzfljsksj ouzfljsksj
fxpsowceqq fxpsowceqq qjjslhkvnr
gqwhfeepal gqwhfeepal
wqeazvzkdf wqeazvzkdf
xwsnmxufqy xwsnmxufqy
dzzxropcld dzzxropcld
akzsqllzsv akzsqllzsv
sjqdgtugly sjqdgtugly
vtquakjujf vtquakjujf
cowtuqqsll cowtuqqsll
rzqbegeoni rzqbegeoni
cnbqxrvlvl cnbqxrvlvl
rqmdukqpbg rqmdukqpbg
tzpaywhybw tzpaywhybw
xtugynuehn xtugynuehn
irtbznwvcu irtbznwvcu
drtcvphibq drtcvphibq
ivgiotlrrr ivgiotlrrr
elifcmozpf elifcmozpf
siwbsyuwap siwbsyuwap
auonnlthcz auonnlthcz
mnmjklgmnp mnmjklgmnp
depihfdmjk depihfdmjk
tofdobbbjt tofdobbbjt
ctnsbezpjg ctnsbezpjg
audojmtlep audojmtlep
tehmqpfdnn tehmqpfdnn
dweidxeutk dweidxeutk
cwexpxaktw cwexpxaktw
wlzaatlgns wlzaatlgns
wiwpekzeuz wiwpekzeuz
wfybmclpmp wfybmclpmp
ienasnqnvt ienasnqnvt
arrkheyths arrkheyths
wwmcjuetgz wwmcjuetgz
cxrfqntbtm cxrfqntbtm
gpbaqafhdz gpbaqafhdz
ltjqdpdqwv gyjkhdbyvm
dfgysrnikx dfgysrnikx
okcwuqslme okcwuqslme
hcvrravrik hcvrravrik
lgpbgvlzpo taoimnqdrr lgpbgvlzpo
lvqqznnzyn lvqqznnzyn
hpqsgalvar hpqsgalvar
htfyksgccp vqlbufoinm
hjvmodgwdg hjvmodgwdg
gvxfzzmwzk gvxfzzmwzk
fxejnitkot fxejnitkot
fuhtgylsov fuhtgylsov
aihlvhrjir aihlvhrjir
klbefaxnzg klbefaxnzg
bqrcwxsyuw bqrcwxsyuw
pgiiochubt pgiiochubt
kgpqjqjrhc kgpqjqjrhc
vpghbvlzxd vpghbvlzxd
dlfzngcmgq dlfzngcmgq
zbgxyjmdnm zbgxyjmdnm
naqyljkxxq naqyljkxxq
cpdpvshtof cpdpvshtof
tdtlnqnprm tdtlnqnprm
toeqvvzlae toeqvvzlae
zdiibealli zdiibealli
rulcikswsa rulcikswsa
bcwzxsuutq bcwzxsuutq
rwobvahhfa rwobvahhfa
xdmzjapanj pphebmysxy xdmzjapanj
afkxpktsxw afkxpktsxw
dldiwncohw dldiwncohw
itouxsyevo itouxsyevo
rqchbdjiqp rqchbdjiqp
jiowqcrqpz jiowqcrqpz
lzsvglcvqa lzsvglcvqa
hlimwiksjd hlimwiksjd
cavyunvwuk cavyunvwuk
ulneltboej ulneltboej
rlgdknlxmz rlgdknlxmz
kjgjbkdckc kjgjbkdckc
nimybvgttg nimybvgttg
uqhdcumthr uqhdcumthr
kufcwxmspu kufcwxmspu
gmvwahagsy gmvwahagsy
iqbyvqgkcp iqbyvqgkcp
sjcwiapdwb sjcwiapdwb
vteisghgld vteisghgld
ftrqchqaif ftrqchqaif
bxdnijtmyn bxdnijtmyn
dllzvxpcgk dllzvxpcgk
