Egsmith Waltditch Wenside Alfchester Watchavon Shaftbridge Penborne Staplake Wychbeck Wywick Burfield Wychnell Egtree Stainbrough Nortley Wetwick Wychsmith Farnsmith Ashdown Shaftbage Egavon Wychbourne Cookford Chelmbeck Flitgrove Sudtree Wenwold Stainby Brackbrough Wenbeck Watchcombe Pemlow Sudwich Ashbourne Barnton Egsmith
30
Staplake Staplake
Ashbourne Stapbeck Ashbourne
Wychnell Wychnell
Stainby Stainby
Wenside Wenside Burbourne
Wenwold Wenwold
Wychbourne Wychbourne
Stainbrough Stainbrough
Wetwick Wetwick
Farnsmith Farnsmith
Cookford Cookford
Wychsmith Wychsmith Chelmwang
Shaftbridge Shaftbridge
Flitgrove Flitgrove
Sudtree Leathermere Sudtree
Alfchester Alfchester
Wywick Wywick
Shaftbage Edgey Shaftbage
Nortley Nortley
Ashdown Ashdown
Wenbeck Wenbeck
Waltditch Waltditch
Chelmbeck Chelmbeck
Brackbrough Brackbrough
Penborne Penborne
Egtree Chelmden Egtree
Pemlow Pemlow
Wychbeck Wychbeck
Egavon Egavon
Barnton Barnton
