Chelmbourne Edgwich Staintree Elgrove Staflow Cleredon Wyhead Sodside Brainbridge Prestey Sudwich Enlow Maidenden Hartbage Bracklow Leatherlow Alfby Stapwell Stafthorne Waltbrook Hurstworth Rocktree Whitborough Rocktree Barnden Shrivlow Flitham Enbage Stainside Whitover Stainhall Southmere Shrivside Burchester Stapmoor Stapthorne Clerethorne Dartsted Kingsbrook Wenden Stainfield Elside Whitavon Nortcastle Egcastle Melborne Sudworth Wenwang Edgchester Horncester Cookton Hornley Barngrove Egborne Aldhall Alfwell Casford Wetborne Chelmbourne
50
Sudwich Sudwich
Sudworth Sudworth
Elside Elside
Clerethorne Barnside
Brainbridge Brainbridge
Enbage Enbage
Hornley Hornley
Chelmbourne Shaftwich
Stapthorne Stapthorne
Stapmoor Stapmoor
Bracklow Pemwood Bracklow
Hurstworth Hurstworth
Wenwang Wenwang
Whitborough Whitborough Horndown
Sodside Sodside
Alfby Alfby Leatherlake
Edgwich Edgwich
Casford Casford
Southmere Southmere
Aldhall Aldhall
Stainside Stainside
Flitham Flitham Kingsley
Waltbrook Waltbrook
Staflow Bursted Staflow
Edgchester Edgchester
Elgrove Elgrove Wenborough
Rocktree Cookbridge Rocktree
Whitover Whitover
Prestey Prestey
Dartsted Dartsted
Shrivside Shrivside
Wenden Wenden
Egborne Barnham Egborne
Hartbage Hartbage
Melborne Pemwold
Shrivlow Shrivlow
Wyhead Wyhead
Horncester Horncester
Leatherlow Leatherlow
Egcastle Egcastle
Cleredon Cleredon
Stapwell Stapwell
Stainhall Stainhall
Barnden Durditch
Cookton Cookton
Staintree Staintree
Barngrove Prestdon
Alfwell Alfwell Marlton
Whitavon Whitavon
Enlow Enlow
