qtq wju qtq uxr wuc npu zgf cnv xmz wpq vsu wuf vsu ayw jxq lbs zbn xzf mmf ase mmf qls qlo cpw lfh cpw xbo kza krg ahv tmc udq pwa osc kza thz txk rod jta htv wpo tro viv nhr fne hxp utd rut yiz ili bsz iuz nfy art ooc art idl gkh xos lah mnv unk dkn qbj thz kza qfc fgo xax ooi nxr ynq ptq vlt unf nhk qof pkx orc pkx qof bpm gup fib cxu qoe vub egz gak qjm lnv rxi hhe suf pta pjx ifc plx tvy hxo tvy qnn uca llr sfp rju blo thd ahy xdz qtq
83
pta pta
xdz xdz
hhe hhe
htv htv eqm
jxq itg
xax xax
nhk nhk
qtq qtq
orc hpb orc
ptq ptq
ase ase vaf
krg krg uoz
gup gup
ifc ifc fsl
unk pxs
qfc qbe qfc
thd jno thd
kza kza
pkx pkx
qnn qnn
qoe nkx
dkn dkn
wuc wuc
sfp sfp
cpw cpw
ooi ooi
zgf zgf
uxr uxr
pwa pwa
vub vub
ynq ynq
tmc tmc
wju wju
jta jta
idl idl
egz bai egz cjp
fgo fgo
zbn zbn
bsz bsz
hxo hxo ukh
qjm qjm
tro tro tmd
lah lah
rut rut
nfy nfy tnl
uca uca
npu npu
pjx pjx
vlt vlt
mnv mnv
hxp hxp
fne wiq
nhr nhr slq
rxi rxi
qof lxt
wuf wuf
ili ili
lnv lnv
rju uwp rju
txk txk
yiz yiz
wpo mbx
iuz iuz
blo zgs
cxu cxu
gak gak
udq udq
fib zqn
ooc ooc brk
plx plx
lfh lfh spp
thz thz
viv viv
qlo qlo
wpq wpq
ahv rwt ahv
xos xos
qls qls
cnv cnv
qbj qbj
rod rod
vsu vsu
ahy ahy
