Soda Browning Comstock Spring Mabel Summit Haviland Belrose Menlo Colusa Menlo Bancroft Cutter Muir Florida Amador High Columbia Byron Addison Shasta Allston Solano Eunice Lewiston Eunice Marin Greenwood Cowper Haste Bataan Bowditch Haskell Ajax Forest Bret Poppy Arch Anne Pardee Keeler Bristol Yolo Soda
37
Addison Addison
Ajax Ajax
Allston Allston
Anne Anne
Arch Arch
Bancroft Bancroft
Bataan Bataan
Belrose Belrose
Bowditch Bowditch Fresno
Bret Bret Kenilworth Vermont
Bristol Bristol Hospital
Browning Browning
Menlo Burnett Menlo
Byron Byron
Columbia Columbia
Colusa Colusa Fulton
Comstock Comstock
Cutter Cutter
Shasta Domingo Shasta
Lewiston Edith Lewiston
Eunice Eunice
Florida Florida
Forest Forest
Greenwood Greenwood Heinz
Haskell Haskell
Haste Haste
Haviland Haviland
High High
Keeler Keeler
Mabel Mabel Overlook Terrace
Marin Madera Marin
Yolo Martin
Muir Muir
Pardee Pardee
Spring Poplar Spring
Poppy Poppy
Summit Summit
