FD CU DI GP DF AS AE DD GO GB CS GD ES EM AV EQ AT ET FR HP CI GF AA GR FB AP EO ED GZ AJ DB EB HR AK BZ AD DK HN FT BK DQ CE AX FS FQ GU EX FJ HC DV EG HM ER DA CB CN BA GN CC FV EN CF DN EZ CO EK GU FQ FS GX GS GC HF FM CW GG BQ EW BR EL FP GQ BC DZ CL GA AZ BN DI BG AU AF GK DP BO HH EE HH CM FK FG DU FK GH AC BV CK CG AG DE AW HD HB EV FD
91
DB DB
GC GC
FJ FJ
EZ EZ FY
EK FO EK
FR FR
GK GK
CC CC
AV AV
AX AX
FB CT
BZ BZ
HC HC
EL EL
FT FT
BN BN
DP DP
ET ET
FM FM
BQ BQ
CW CW
HP HP
FP DC EJ BE FP
DV BF
CU CU
GS GS
EG EG
FG DM
GZ GZ
GO GO
HB HB
FS FS
BK BK AM
EM FI EM HO
HF HF
AU AU
AK AK
GP GP
BO BO
AF AF
DF DF
FV FV
DU DU
CL CL
DE DE
CM BT
ES ES
GD GD
GR GR
AW AW
HH HH
DA DA
AJ AJ
CS CS
CO CO
DN DN
CG CG
AZ AZ
AD AD EY
BC BC
DQ DQ
DI DI
GX GX
GQ GQ
EE EE
DK DK
GH CA
EO EO
ER ER
DZ DZ
BA BA
HD HD
HN BM
ED DH
EX EX
GN GN
AT AT
CB CB
BG BG
HM FN
CI CI
GA GA
CF CF
EW EW
BV BV
HR HR
AC FU
EN EN
CK CK
AG AG
GF GF
