186 35 190 29 86 45 156 172 5 168 108 174 162 79 121 90 128 89 104 17 49 198 107 71 33 157 150 14 2 22 144 19 97 74 30 70 177 140 194 143 134 138 188 136 183 67 196 195 32 11 178 61 186
51
14 14
104 104
138 138
30 30
198 198
190 190
140 140
61 61
107 107
188 188
168 168
134 134
174 174
74 74
33 33
144 144
35 35
45 45
195 195
128 128
108 108
156 156
143 143
67 67
157 157
178 178
97 97
70 70
89 89
194 194
121 121
86 86
49 49
162 162
150 150
11 11
17 17
19 19
29 29
90 90
5 5
183 183
79 79
2 2
196 196
22 22
177 177
71 71
32 32
172 172
136 136
