Cleresmith Whitby Bothensborough Sodmersmith Chedlake Ketterwold Milditch Wydon Edgney Whitseyborough Todderworth Warrerbage Durblechester Melwold Dribbasborne Hanworth Sunderbrough Chillerlow Leatherglefield Eggerrensling Hannerworth Waltcombe Dribbinggrove Cheddlesport Pendton Skelwang Elfield Warblesdown Wolvingrethorne Cammingbury Blanden Egwood Skelcastle Cannerrebeck Ciside Hartrenslow Enderavon Pemhampton Hampensshot Reddenwell Suddlebrough Pendingstoke Stainsdenwold Reddentree Ashworth Cannenringwell Burrensham Elmsbrook Chilcompcester Hanscombe Watchmanshead Chippenden Camsdenden Rockhead Bootworth Elmsnell Dribbingenborne Dribside Wendlemerford Dribside Dribbingenborne Elmsnell Bootworth Rockhead Camsdenden Chippenden Watchmanshead Hanscombe Chilcompcester Elmsbrook Burrensham Cannenringwell Ashworth Stainsdenwold Pendingstoke Suddlebrough Reddenwell Pemhampton Enderavon Cammenenwich Hartrenslow Ciside Cannerrebeck Skelcastle Egwood Blanden Cammingbury Wolvingrethorne Warblesdown Elfield Skelwang Pendton Cheddlesport Dribbinggrove Waltcombe Hannerworth Eggerrensling Leatherglefield Chillerlow Sunderbrough Ellingey Hanworth Dribbasborne Durblechester Warrerbage Todderworth Whitseyborough Basfield Edgney Wydon Milditch Ketterwold Chedlake Sodmersmith Bothensborough Whitby Cleresmith
26
Cleresmith Warringwood
Bothensborough Chippingwood
Ketterwold Ketterwold
Milditch Milditch
Basfield Basfield
Warrerbage Warrerbage
Durblechester Durblechester
Ellingey Ellingey
Eggerrensling Eggerrensling
Hannerworth Hannerworth
Dribbinggrove Pendrenslake
Elfield Elfield
Warblesdown Warblesdown
Cammingbury Soddenreey
Skelcastle Skelcastle
Cannerrebeck Cannerrebeck
Cammenenwich Cammenenwich
Reddenwell Reddenwell
Suddlebrough Suddlebrough
Reddentree Reddentree
Elmsbrook Elmsbrook
Chilcompcester Chilcompcester
Chippenden Shrivden
Rockhead Rockhead
Bootworth Bootworth
Wendlemerford Ribney Wetley
