Whitgrove Dribblecombe Falworth Whitringlake Milthorne Rothingcombe Faldenhall Wethampton Egsted Southmere Chelmdenmoor Ketnell Staplow Egwick Redcombe Siey Wychchester Prestwick Egmerhampton Suddenmoor Melwood Reddensden Cirerham Candleswick Skellingover Stapbrook Wetwick Hampingbascombe Sirenshall Cannerthorne Waltbeck Elside Wetsmith Warsmith Horstleover Toddenmerbrough Casbrook Windleshead Burlake Tipstoke Botenbrook Hampingworth Basditch Hampingcastle Eley Reddingtree Stapbrough Penby Falderseythorne Durbrook Sodport Skelberden Hamscombe Alfmere Leatherport Cireport Egbeck Skellenshot Wychcompwold Dribberham Worford Stainbrough Tippendham Warblestancester Basbage Bothenhall Worrenberwang Ellerbridge Boothingchester Wycastle Boothingchester Sundendford Botbeck Abcester Sifield Enderbeck Edgwich Boothingmanstree Ribbenhall Bromstanham Clereennell Todhampton Nortwell Bassinghead Southbury Emmerley Bastlebury Rothendcombe Wychditch Abglewold Farnditch Ribberrenston Shaftborough Hannersmith Worhall Alddleringworth Horsnell Siavon Abgleham Sundlethorne Fullensborne Blansbrook Tippingbage Watchlake Ketchester Ellerbridge Sodberling Whitgrove
86
Sifield Sifield
Melwood Melwood
Wethampton Wethampton
Tipstoke Tipstoke
Worrenberwang Worrenberwang
Cannerthorne Cannerthorne
Worhall Reddendeney Worhall
Ketchester Ketchester
Enderbeck Enderbeck
Abglewold Abglewold
Bastlebury Bastlebury Hamwold
Ketnell Ketnell Toddenmoor
Skelberden Skelberden
Chelmdenmoor Bothenton
Faldenhall Faldenhall
Eley Eley
Siavon Siavon
Todhampton Todhampton
Hampingcastle Hampingcastle
Casbrook Casbrook
Shaftborough Shaftborough
Redcombe Redcombe
Southbury Southbury
Ellerbridge Suddingover Ellerbridge
Farnditch Farnditch
Dribblecombe Dribblecombe
Egmerhampton Egmerhampton
Watchlake Watchlake Farndlesover
Clereennell Clereennell
Penby Penby
Skellenshot Cihead Skellenshot
Rothingcombe Rothingcombe
Suddenmoor Staincombe Suddenmoor Tippenbrook
Horsnell Horsnell
Staplow Staplow
Wetsmith Wetsmith
Falworth Falworth
Stapbrough Stapbrough
Tippingbage Tippingbage
Nortwell Nortwell Marlcester
Ribberrenston Ribberrenston
Cirerham Dartden Wolley
Worford Rotherlow Worford
Basditch Basditch
Prestwick Prestwick
Wycastle Wycastle Bootwick
Milthorne Milthorne
Elside Elside
Toddenmerbrough Endingnell
Waltbeck Waltbeck
Southmere Southmere
Bromstanham Bromstanham
Sundendford Chedworth Sundendford
Hampingworth Hampingworth
Sirenshall Sirenshall
Wetwick Wetwick
Bothenhall Bothenhall
Candleswick Candleswick
Siey Siey
Whitringlake Whitringlake
Wychcompwold Wychcompwold
Rothendcombe Rothendcombe
Botbeck Botbeck
Leatherport Leatherport
Dribberham Dribberham
Emmerley Emmerley
Skellingover Skellingover
Wychchester Wychchester
Sodberling Sodberling Bursmith
Sodport Sodport
Tippendham Tippendham
Whitgrove Whitgrove
Alfmere Alfmere
Horstleover Horstleover
Durbrook Durbrook
Abcester Abcester
Sundlethorne Sundlethorne
Warsmith Marlbrook
Abgleham Abgleham
Stainbrough Wendleringdown
Blansbrook Blansbrook
Boothingmanstree Boothingmanstree
Falderseythorne Falderseythorne
Hampingbascombe Hampingbascombe
Egsted Egsted
Burlake Endleberey
