Warfield Ketsmith Pendingbrook Suddlecastle Faldinghead Pendlewood Falport Soddlewick Hamsling Hannenmanswick Ashborne Tipwick Cannerthorne Todtree Cicombe Hammenshead Bastleseyham Dribbingworth Worhall Barndberbrough Skellingden Dribblewick Windling Millendon Ashfield Suddlecombe Cambingstoke Wyborne Cammerrensmoor Stainbrough Fulbourne Southbasport Elcompbridge Burglebrough Chedtree Burglebrough Sudsmith Elmansham Skelling Hammerringey Chelmstanwell Brackcompwang Chilbury Warfield
38
Stainbrough Worberbrook Stainbrough Northall
Falport Botherseyworth Falport
Wyborne Wyborne
Pendlewood Pendlewood Horstlescompstoke
Cambingstoke Cambingstoke
Suddlecombe Basringney Suddlecombe Chippingsted Ellingreham
Ashfield Ashfield Ketport
Dribbingworth Dribbingworth Leatherbleside
Hammerringey Hammerringey
Skelling Skelling
Ashborne Ashborne
Chedtree Chedtree Siringwang Suddleover
Tipwick Tipwick
Todtree Todtree
Cammerrensmoor Cammerrensmoor Suddleborne
Chelmstanwell Chelmstanwell
Warfield Warfield
Pendingbrook Pendingbrook
Burglebrough Burglebrough
Cannerthorne Chedderrenswich
Brackcompwang Brackcompwang
Worhall Worhall
Soddlewick Soddlewick
Skellingden Skellingden
Barndberbrough Barndberbrough
Southbasport Southbasport
Windling Windling
Bastleseyham Bastleseyham
Millendon Millendon
Chilbury Chilbury
Ketsmith Whitchester
Sudsmith Sudsmith
Elmansham Elmansham
Hamsling Hamsling
Cicombe Cicombe
Suddlecastle Suddlecastle
Hannenmanswick Hannenmanswick
Elcompbridge Chiphead
