0 18 11 91 63 74 126 111 70 155 28 103 170 146 170 103 145 160 85 161 163 103 163 175 17 118 48 199 39 8 123 196 105 186 193 186 78 81 135 12 10 133 83 60 141 125 168 156 168 128 184 133 184 73 109 159 143 65 173 84 173 44 29 119 117 167 130 12 130 152 20 58 64 58 197 121 20 121 100 10 100 79 14 4 14 83 178 180 179 196 66 26 176 26 180 186 199 86 68 99 85 11 157 50 157 70 132 138 92 108 122 185 27 185 122 139 124 93 138 35 9 61 24 164 77 182 32 116 6 153 6 67 96 137 191 137 96 45 53 154 116 75 0 49 0
87
173 173
179 179
83 83
75 75
160 160
6 6
103 103
156 156 25
14 14
17 17
116 116 120
178 178
64 64
185 185
109 109
48 48
32 32
196 196
121 121
84 89 42
126 126
24 24
91 91
26 26
8 166
28 28
184 184
111 111 51 149
186 186
133 133
39 151 39
182 182
180 180
163 194 163
9 9
65 65
159 159 87
138 138
4 4
108 108 102
12 12
193 193
86 106
175 175
118 22 31
67 67 47
44 44
154 98
81 81
125 125
77 77
49 49
157 157
100 100
18 18
73 36
130 130
70 70
197 197
20 20
117 117
139 139
137 137
176 176
10 10
153 38
78 78
60 104
85 85 19
58 58
96 96
128 134 128
155 155
168 168
170 170
63 63
27 27
50 50
135 69
119 119
145 145
79 79
74 74
29 95
146 146
199 199
99 99
