SantaClarita Carrollton GardenGrove Victorville Shreveport Huntsville Thornton Beaumont Thornton Yonkers Memphis Wichita Omaha Ontario Boston Hartford Torrance Portland Visalia Sunnyvale Surprise WestValleyCity Washington RanchoCucamonga Brownsville Orlando LosAngeles OklahomaCity StPetersburg Newark Alexandria Worcester Alexandria Bellevue Irvine Fayetteville Independence SiouxFalls Wichita Peoria Allentown Pomona Stockton Indianapolis Austin PembrokePines Frisco LexingtonFa SanDiego Stamford FortCollins Reno Concord Lubbock Carrollton SantaClarita
43
Thornton Midland
Victorville Victorville
Shreveport Shreveport
Washington Washington
Independence Independence
OklahomaCity OklahomaCity Lafayette
Sunnyvale Sunnyvale
Newark Newark
GardenGrove GardenGrove
LexingtonFa LexingtonFa
Irvine Scottsdale
Pomona Pomona
Carrollton Carrollton
Worcester Worcester Garland
Bellevue Bellevue
SanDiego StLouis Paterson Waco
Fayetteville Fayetteville
Stamford Stamford
Alexandria Alexandria
Boston Boston
SiouxFalls SiouxFalls
Beaumont NewportNews Beaumont
Visalia Visalia
StPetersburg StPetersburg
Torrance Henderson
Brownsville Brownsville
Omaha Omaha
LosAngeles LosAngeles
Huntsville Huntsville
Concord Concord
PembrokePines PembrokePines
Hartford Hartford LouisvilleJefferson LongBeach
RanchoCucamonga RanchoCucamonga
Ontario Ontario
Austin Austin
WestValleyCity WestValleyCity
Yonkers Yonkers
Stockton Stockton
Indianapolis Indianapolis
Allentown Allentown
Wichita Wichita
Orlando Orlando
Surprise Surprise
