Plano SantaClara Irving Amarillo Cary OklahomaCity Warren SanFrancisco Warren Kent Beaumont Atlanta Oxnard Omaha VirginiaBeach Providence Seattle PembrokePines Torrance Lancaster LosAngeles Escondido Akron Hollywood Glasses LosAngeles Lancaster Elizabeth Anaheim JerseyCity Lafayette Huntsville Chesapeake OWO Mesa Memphis Montgomery MorenoValley Pasadena Sunnyvale Norman Pasadena Denver Hayward Denver Ontario Waco Ontario Omaha Garland KansasCity Frisco Lakewood Anchorage Salinas SanAntonio NewHaven Davidson Teemo Greensboro Surprise NewOrleans Surprise Corona Brownsville Salem Knoxville SanBernardino Madison Fremont SantaClarita CorpusChristi Spokane Pomona Houston Glendale Raleigh Yonkers Arlington Portland GrandPrairie McAllen Tampa Laredo SantaRosa FortCollins Killeen Allentown Hialeah Denton Chicago Salinas GardenGrove Frisco Tulsa Reno Norfolk FortLauderdale AnnArbor StLouis WestValleyCity Vallejo LasVegas Joliet Thornton Joliet LasVegas Miami Olathe HuntingtonBeach SimiValley HuntingtonBeach Mobile Hartford Dallas StPetersburg Olathe Irvine Olathe Cincinnati Tallahassee Riverside OklahomaCity Cary Amarillo SantaClara Plano Rockford Plano
88
SanFrancisco SanFrancisco
SantaClara SantaClara
Memphis Charleston Memphis
FortCollins FortCollins SiouxFalls
Cincinnati Cincinnati
Joliet Mesquite
Allentown Stamford Allentown
Hollywood Hollywood
Riverside Riverside
Omaha Omaha
GardenGrove GardenGrove
Beaumont Beaumont Vancouver
Anaheim Anaheim
Brownsville Brownsville
StLouis StLouis
Glasses SanJose Glasses
Glendale Glendale
Elizabeth Elizabeth
Killeen Killeen
McAllen McAllen
LasVegas LasVegas
Ontario Ontario
Davidson Davidson
Norman Norman
Montgomery Montgomery
Garland Garland
Mesa Mesa
SantaRosa SantaRosa
AnnArbor AnnArbor
Lancaster Lancaster
Hartford Hartford
Escondido Escondido
Salinas Salinas
Tampa Tampa ThousandOaks
Dallas Dallas Worcester
Tallahassee Hampton
Rockford Rockford
Portland Portland
Warren Warren
Waco Wichita Waco
Irvine LittleRock Irvine
SanBernardino SanBernardino
Raleigh Raleigh
Torrance Torrance
PembrokePines Lincoln
Surprise Surprise
Norfolk Norfolk
Houston Houston
Fremont Fremont
Greensboro Greensboro
SanAntonio SanAntonio
OWO OWO
Anchorage Anchorage
Chicago Chicago
Atlanta Atlanta
Cary Cary
Oxnard Oxnard
MorenoValley MorenoValley
Irving Irving
Vallejo Vallejo
Tulsa LouisvilleJefferson Tulsa
Madison Madison
Thornton Thornton
Hayward Hayward
Miami Miami
Knoxville Knoxville
Denton Denton
Pasadena Pasadena
JerseyCity JerseyCity Pikachu
HuntingtonBeach AugustaRichmond HuntingtonBeach
Denver Denver
Sunnyvale Sunnyvale
SimiValley SimiValley
FortLauderdale FortLauderdale
Laredo Laredo
SantaClarita SantaClarita
Olathe Olathe
Corona Corona
NewOrleans NewOrleans
Lafayette Lafayette
OklahomaCity OklahomaCity
Huntsville Huntsville
Pomona Pomona
CorpusChristi CorpusChristi
Mobile Mobile
GrandPrairie GrandPrairie
Akron Akron
NewHaven NewHaven
