0 185 23 153 115 117 175 143 21 190 87 83 15 16 116 66 57 184 72 17 114 154 114 17 137 129 47 89 151 31 24 48 4 9 130 88 172 67 56 39 193 27 3 35 157 138 178 107 155 128 28 187 65 11 19 89 98 2 119 125 50 182 135 112 111 164 12 164 51 176 69 167 26 80 112 135 8 160 5 17 96 175 117 14 13 102 30 94 177 78 52 199 59 30 197 22 131 38 74 86 133 1 163 146 43 159 42 76 113 192 18 196 101 37 108 37 0
89
0 0
1 1
2 2
3 3
4 4
5 5
8 8 71
9 9 103
11 11
13 13
14 14
15 15
16 16
17 17
18 18
108 20 166
21 21
22 22
23 23
24 24
26 26
27 27
28 28
31 31
76 33
35 35
38 38
39 39
42 42
43 43
47 47
50 50
51 51
52 52
56 56
59 59
65 65
66 66
67 67
101 68 101
69 69
175 70 173
72 72
74 74
78 78
80 80
128 81 128
83 83
131 84 93
86 86
89 89
94 94
96 96
98 98
112 100
102 102
107 107 158
111 111
114 114
115 115
116 116
12 120
125 125
129 129 152
130 130
133 133
172 134 172
137 137
138 138
159 141 159
143 143
146 146
151 151
153 153
154 154
157 157
160 160
164 164
167 167
119 174
177 177
182 182
88 183
184 184
187 187
190 190
193 193
197 197
199 199
