vLeODpVlYSBeYNDYoXha LOMgYipCQQXQnRqEqRwO qbmGewAditsWkTFHdxjP QQSjCkgLAWAPObYQvNsB jwIBHKkXHTPVsOJwBOsr VhDSPHxolLkNxxDnpUyx mevvwcZLudaokctOWvKe mlipOrSnGcxXtoXBbRyl iDucfyZGMCbCQbXjbQqM CfkBzkPETvagyIDCsLTD oCvaAQKOXXWgeSNnUmae OVoYVQPnlYoZBBKtyuLk CPszTohYUHARNedzFlDK pdXCnKagnvEntNTuPHdK dyUDfEGgAoSshTRjMZZg zxeoSbTqbWPpSzalAtBI MlwlINEFqmyzZNPXRLJF tVzUgXVoBYxBMnkkwFmk ZbyHJLmoTqNpTnlUVJZC aCucdhmWbhlrgfstQigR BXzACdzjLITNgbmDPlEu fvYrLpgzqLNOAQbahgax McOZQehrTygkGidmwyMe DWWCMAjZQQIEKOIiHFQN cZgmtoPGHxdozTaDMiyf TwgqMzgExFHTIfcwfBnr xQaDpDGAXhDYzSMnMWvb WCCOEUYmDvzZlrkDAqoi FEqXJcVrZfnSsHEUPhnl sdSgCnaZeeOuPKljZOSr sXfgLMwoysnMazVSWnhc fvEcAuRDdfuHEPLNpaTz fHcdXnOxSadpKeCUwNYm CmbFyJmcvVqyCmJgQxeI NciLXNPTvMoXdbTDZmlg gIttwvzcgONwFblnGIqq gzxzakmqbxbsOczuQVLG wRjMmrpRuknxqunJrMAE DqUxIMslnixWfmkjQTmS ajvbaFpYiEBJySPsSLaI sBkAYRISjTYinLFSNcKW vGdJmIpYPUGRspXiVLdc UgFPXEAdAfcfHGIbNTsq gMqbbwopmbxmOomqZjfm QkAjrUUuVdzSMnlfJLcO AdXveYSBaneNwCQzrdSw ruLqpYqEzGGiKysvsarb ybrQlUhznqOhsvndWAbl uyPyJzKFqWxgSNmpkDrB vLeODpVlYSBeYNDYoXha
41
VhDSPHxolLkNxxDnpUyx fPxvnMVMFwhJbNBURdgD VhDSPHxolLkNxxDnpUyx PLDOWRIeaCSVLMyDadzC
TwgqMzgExFHTIfcwfBnr TwgqMzgExFHTIfcwfBnr
qbmGewAditsWkTFHdxjP cvlwIwajcIlbhZbyFgmq
tVzUgXVoBYxBMnkkwFmk tVzUgXVoBYxBMnkkwFmk
sBkAYRISjTYinLFSNcKW sBkAYRISjTYinLFSNcKW
DWWCMAjZQQIEKOIiHFQN DWWCMAjZQQIEKOIiHFQN
ajvbaFpYiEBJySPsSLaI fToHwimUqLsKcKLZHiUX
FEqXJcVrZfnSsHEUPhnl ASXwCgVTXDdhSXJwFovC
gzxzakmqbxbsOczuQVLG gzxzakmqbxbsOczuQVLG gEufXNuuWhnlbNYaoQFJ
AdXveYSBaneNwCQzrdSw AdXveYSBaneNwCQzrdSw
DqUxIMslnixWfmkjQTmS DqUxIMslnixWfmkjQTmS TqyFrXuGvuBuqnpYbjKc
aCucdhmWbhlrgfstQigR aCucdhmWbhlrgfstQigR
WCCOEUYmDvzZlrkDAqoi WCCOEUYmDvzZlrkDAqoi
iDucfyZGMCbCQbXjbQqM jzQJaGLLiuQLhhyqBagr iDucfyZGMCbCQbXjbQqM
uyPyJzKFqWxgSNmpkDrB uyPyJzKFqWxgSNmpkDrB
MlwlINEFqmyzZNPXRLJF MlwlINEFqmyzZNPXRLJF
fvEcAuRDdfuHEPLNpaTz fvEcAuRDdfuHEPLNpaTz
mevvwcZLudaokctOWvKe iBYHAWUhqeQPjphQzpdN FcEsyaTmqpoyvbDrHjlc
UgFPXEAdAfcfHGIbNTsq UgFPXEAdAfcfHGIbNTsq
wRjMmrpRuknxqunJrMAE iBjjCWwkYToOKfrrLnny
gMqbbwopmbxmOomqZjfm gMqbbwopmbxmOomqZjfm NAHeKyyhAObyyUEUSkSU
mlipOrSnGcxXtoXBbRyl NVEtShKeuxpaFIOiyVqE mlipOrSnGcxXtoXBbRyl
sXfgLMwoysnMazVSWnhc sXfgLMwoysnMazVSWnhc
pdXCnKagnvEntNTuPHdK pdXCnKagnvEntNTuPHdK
OVoYVQPnlYoZBBKtyuLk OVoYVQPnlYoZBBKtyuLk
gIttwvzcgONwFblnGIqq gIttwvzcgONwFblnGIqq
xQaDpDGAXhDYzSMnMWvb xQaDpDGAXhDYzSMnMWvb
jwIBHKkXHTPVsOJwBOsr jwIBHKkXHTPVsOJwBOsr
QQSjCkgLAWAPObYQvNsB RjKEHTlRvtaVBbyqZVAw QQSjCkgLAWAPObYQvNsB
dyUDfEGgAoSshTRjMZZg dyUDfEGgAoSshTRjMZZg
CmbFyJmcvVqyCmJgQxeI CmbFyJmcvVqyCmJgQxeI
ruLqpYqEzGGiKysvsarb ruLqpYqEzGGiKysvsarb
cZgmtoPGHxdozTaDMiyf cZgmtoPGHxdozTaDMiyf
BXzACdzjLITNgbmDPlEu BXzACdzjLITNgbmDPlEu
CfkBzkPETvagyIDCsLTD CfkBzkPETvagyIDCsLTD
fHcdXnOxSadpKeCUwNYm fHcdXnOxSadpKeCUwNYm
ybrQlUhznqOhsvndWAbl ybrQlUhznqOhsvndWAbl
zxeoSbTqbWPpSzalAtBI zxeoSbTqbWPpSzalAtBI
QkAjrUUuVdzSMnlfJLcO QkAjrUUuVdzSMnlfJLcO
NciLXNPTvMoXdbTDZmlg NciLXNPTvMoXdbTDZmlg
CPszTohYUHARNedzFlDK CPszTohYUHARNedzFlDK
