Soda woolf winifred danyal rosen patagonia garbers davis grace massachusetts chloe berit ian rabie sarina jarrett tamara lewke sunny amanda liang shen bloch garcia noor martinez walsh annie eshaan ruhi kevin roshan shah ashley ritter meghan castro singhal connor lo zhou sriram chris rob vilaythong djajadi krishnan golden aidan yip alvin andrew caroline daniel juliann Soda
50
danyal danyal
singhal singhal
grace grace
patagonia patagonia
shen shen
sunny sunny
vilaythong vilaythong
alvin alvin
rabie rabie
sriram sriram
daniel daniel
winifred winifred
davis davis
castro castro
rob rob
noor noor
lewke lewke
golden golden
martinez martinez
chloe chloe
garbers garbers
garcia garcia
sarina sarina
krishnan krishnan
amanda amanda
massachusetts massachusetts
ruhi ruhi
jarrett jarrett
tamara tamara
rosen rosen
shah shah
woolf woolf
eshaan eshaan
caroline caroline
yip yip
juliann juliann
kevin kevin
lo lo
roshan roshan
annie annie
djajadi djajadi
meghan meghan
ritter ritter
andrew andrew
ian ian
walsh walsh
aidan aidan
connor connor
ashley ashley
berit berit
