Soda lindsey alvin doshi chloe sunny parham brett devesh king zhou olivia rob ruhi krishnan liang wyatt lindsey barth erika annie lindsey caroline ashley berit gregory rouzbahani patagonia logan srivastava gobears eshaan connor inderpal hanlon yash sam vikram george chase charles adhikiari grace cal srivastava achacoso louie nguyen nancy kanika sriram bears avery yen burns katherine deven connor Soda
48
ruhi ruhi
wyatt wyatt
burns kaur
caroline caroline
Soda maniku kevin singorahardjo srinivasan djajadi chen li singhal william daniel ishaan du ravi weaver wu massachusetts ritter wong chung danyal celine greg amanda xin mittal angelis yip shah lebron tyler saurav emily nichole vilaythong aanika ani sun winifred hari soman subbaraj lewke evan sophia
sunny sunny
devesh devesh
rouzbahani rouzbahani
ashley ashley
eshaan eshaan
rob rob
cal cal
katherine zou oscar
vikram vikram melissa
srivastava srivastava
grace grace
adhikiari adhikiari
bears bears scott mack
gregory gregory
connor connor maya
nguyen ellen
hanlon ohio hanlon franco
barth barth
achacoso ahluwalia
doshi doshi
krishnan krishnan
zhou zhou
sam jacob
erika erika
sriram zhifei
chloe chloe
parham parham
gobears gobears
george george
alvin alvin
king king
olivia olivia
brett brett
kanika krista umar kanika
liang liang
berit berit
annie annie
patagonia patagonia
charles charles
lindsey lindsey
avery andrew
logan logan
chase chase
