Jingzhou Ghugus Manduria Sanaa Sarzedo Jeypore Entroncamento Srinagar Kheri Malnate CoonRapids Sagalo BurgbeiMagdeburg Chittaranjan Kabarnet Tabatinga Gangtok BeneBeraq Ibri Colachel Carouge Carmichael elCampello Shumen Shizunaifurukawacho Veenendaal Ouarzazat Ketrzyn SanJosedeOcoa Tottori Thamaga Bejucal Ronse AzZuwaytinah RioFormoso Radnor LondonderryCountyBor TanahMerah FortLauderdale Depok Shively Rangae SaintMichael Rembangan Crespo Khabarovsk Chegem Lysva Jingzhou
47
CoonRapids CoonRapids
Sarzedo Sarzedo
SaintMichael SaintMichael
Colachel Colachel
Entroncamento Entroncamento
Chegem Chegem
Rembangan Rembangan
AzZuwaytinah AzZuwaytinah
Manduria Manduria
Gangtok Gangtok
Tottori Tottori
Ronse Ronse
Srinagar Kirovsk Srinagar
Kheri Ermelo Kheri
Chittaranjan Chittaranjan
Depok Depok
Shizunaifurukawacho Shizunaifurukawacho
Crespo Crespo
Ibri Ibri
Lysva Lysva
Jeypore Jeypore
TanahMerah TanahMerah
Ghugus Ghugus
Khabarovsk Khabarovsk
Shively Shively
BurgbeiMagdeburg BurgbeiMagdeburg
Rangae Rangae
Kabarnet Kabarnet
Ouarzazat Ouarzazat
Sagalo Sagalo
SanJosedeOcoa SanJosedeOcoa
LondonderryCountyBor LondonderryCountyBor
Shumen Shumen
Sanaa Sanaa JabalosSaraj
Thamaga Thamaga
Tabatinga Tabatinga
Veenendaal Veenendaal
Carouge Carouge
Radnor Radnor
FortLauderdale FortLauderdale
BeneBeraq BeneBeraq
elCampello elCampello
Malnate Malnate
Bejucal Bejucal
Carmichael Carmichael
RioFormoso RioFormoso
Ketrzyn Ketrzyn
