LesLilas Kambove MonteAlegre CapimGrosso SantanadoLivramento SaintCyrlEcole Haora SenadorPompeu Angleton Braila Morwa Ortaca Itororo Shchekino AshtonunderLyne Aringay Kaifeng Butuan Acireale Ontinyent Vyazniki Skelmersdale FortWorth Langenhorn Haripur Pozzuoli Escada Nagar Fuxin Mocoa EastLongmeadow Gowurdak Shurugwi Manacapuru Gorgan NahiyatashShinafiyah Korsakov Tabou Embu Battambang AinArnat MadinatHamad BlueIsland ChalcodeDiazCovarrub MineralnyeVody TagbilaranCity Hirosaki Ibirataia SouthSaintPaul Kemise Aracuai Zhaodong Arang Akcaabat Acarau HaciendaLaCalera KotRadhaKishan Izhevsk SpanishTown Kineshma Gunzenhausen SanJuandelaMaguana NoblePark Kotka PortoVelho FetestiGara Garbsen Rivas Twante SenaMadureira Pezinok Belalcazar Oerlinghausen Sorada Baramula Mabopane Rhondda Anjarah Khulm Lloydminster GuaMusang Andrychow Turek PriegodeCordoba Bury GongdanglegiKulon Sobue Arzamas Shimofurano Prostejov Vaniyambadi Yafo Shieli Sosnovka Daokou Hangu Wenchi Johnston Kairouan AinBessem LesLilas
97
Khulm Khulm
Kemise Kemise
Hirosaki Hirosaki
SanJuandelaMaguana SanJuandelaMaguana
Shchekino Shchekino Espiye
Braila Braila
SenaMadureira SenaMadureira
Shimofurano Shimofurano
AinArnat AinArnat
Rhondda Rhondda
Morwa Morwa
Ibirataia Ibirataia
Hangu Hangu
SouthSaintPaul SouthSaintPaul
Andrychow Andrychow
Garbsen Garbsen
Sobue Sobue
Sosnovka Sosnovka
Rivas Rivas
PriegodeCordoba PriegodeCordoba
Yafo Yafo
Haora Haora
Haripur Haripur
CapimGrosso CapimGrosso
AinBessem AinBessem
Ontinyent Ontinyent
Arzamas Arzamas
SpanishTown SpanishTown
Johnston Johnston
Nagar Nagar
Turek Turek
Belalcazar Belalcazar
SenadorPompeu SenadorPompeu
KotRadhaKishan KotRadhaKishan
BlueIsland BlueIsland
MadinatHamad MadinatHamad
Butuan Butuan
Vyazniki Vyazniki
Langenhorn Langenhorn
Angleton Angleton
Kambove Kambove
Mocoa Mocoa
Kaifeng Kaifeng
Zhaodong Zhaodong
Fuxin Fuxin
Embu WestIslip Embu
SaintCyrlEcole SaintCyrlEcole
Akcaabat Akcaabat
Anjarah Anjarah
Baramula Baramula
Acireale Acireale
Gunzenhausen Gunzenhausen
Vaniyambadi Vaniyambadi
Tabou Tabou
TagbilaranCity TagbilaranCity
ChalcodeDiazCovarrub ChalcodeDiazCovarrub
Itororo Itororo
HaciendaLaCalera HaciendaLaCalera
Kairouan Kairouan
Lloydminster Lloydminster
NoblePark NoblePark
Aracuai Aracuai
Shieli Shieli
Prostejov Prostejov
NahiyatashShinafiyah NahiyatashShinafiyah
Bury Bury
GongdanglegiKulon VillaPauladeSarmient
MineralnyeVody MineralnyeVody
Izhevsk Izhevsk
Kotka Kotka
Oerlinghausen Oerlinghausen
FetestiGara FetestiGara
Manacapuru Manacapuru
Pozzuoli Pozzuoli
Shurugwi Shurugwi
Gowurdak Gowurdak
Kineshma Kineshma
Acarau Acarau
GuaMusang GuaMusang
Pezinok Pezinok
Gorgan Gorgan
Mabopane Mabopane
Twante Twante
Sorada Sorada
Daokou Daokou
Escada Escada
EastLongmeadow EastLongmeadow Wangon
Korsakov Korsakov
Battambang Battambang
MonteAlegre MonteAlegre
Wenchi Wenchi
PortoVelho PortoVelho
Ortaca Ortaca
AshtonunderLyne AshtonunderLyne
Skelmersdale Skelmersdale
FortWorth FortWorth
SantanadoLivramento SantanadoLivramento
