2 93 31 181 67 181 169 199 161 76 27 131 17 139 11 57 75 63 36 59 109 88 115 110 175 124 87 6 7 151 99 105 10 196 95 39 146 195 55 33 97 135 113 52 111 85 21 157 21 83 164 41 43 85 103 145 191 82 159 25 185 3 47 5 155 154 133 137 89 61 23 77 1 149 144 193 177 4 72 4 127 142 37 189 45 121 65 38 117 38 13 147 153 119 73 49 179 9 2
82
1 1 51
3 3
5 5
7 7
9 9
11 11
13 13
95 15 95
17 17
55 19 55
21 21 167
23 23
25 25 173
27 27
161 29 161
31 31
33 33 101
63 35 63
37 37
39 39
41 41
43 43
45 45
47 47 107
49 49
121 53 121
57 57
59 59
61 61
65 65
67 67
135 69 135
195 71 195
73 73
75 75
77 77 187
157 79 157
72 81 125
83 83
85 85
87 87
89 89
181 91 165 181
93 93
97 97
99 99
103 103
105 105
109 109
111 111
113 113
115 115 183
117 117
119 119
124 123
127 127
154 129
131 131
133 133
137 137
139 139
36 141
142 143
145 145
147 147
149 149
151 151
153 153
155 155
159 159
52 163
169 169
196 171
175 175
177 177
179 179
185 185
189 189
191 191
193 193
164 197
199 199
