ZtfcEeD9 ZS8CQaI7 lqKnzPvP RjDUex61 IZjIq9He xzWL2Pp8 IZjIq9He RjDUex61 lqKnzPvP ZS8CQaI7 EEVF7P1A R2FCohpD wd6UNY9N 12RjOKOH 62Mn9lau o4xf7nVd BOlNhFGU gKOyNQPh aWGQETjI mlHu9OVg EAWv9kfQ wZJN4OBT kMauNR5Y gmal2HHS zvH4AKmS 43ehQX6O YWqBlkAs eJJL3lWa CxnbNU8s 4pgwpiHi miUcr0K7 eHAI1Emd 8avKqSxh ZCQYXo7t FgxkC8N1 MeetuZNx Q6NMHx0B 04vrMVdi c6ZWTltk L5pBwvut FGbFUcoj MwmVLu2P xZQyzblz DA7bDRCs 6hjWynHN wusYsf5E U7cZo0h2 dzvtjag1 NSdaWdL7 SG64DwCC n7cwD1GE 7czjmzr9 91Uq51QB m9MRh7a0 JfDq1Cs2 tCAdUY4B iJuLSUhp WOCLylig ZmF2u9Cy mrK2EXuk ca785uLx mrK2EXuk ZmF2u9Cy uMuBYvMK SdpsKJEm P0hOEoLv svPb07cv y7NjqOqM CBKWpDQv gX4kBNm4 JqKGA9ul AmaYXBsi NpH6Hpsr jKNn1ZQ1 WPOgjVLu bJ22zvWV yRH0nOtz 7P5zi9hu Tb8W969R yIRIspJJ UiMRtBop CGddIqkC aZcuESum 6dJ0UicP xkCjqYXa 1gtWVzKV nDVKj516 bUsapUoo aSd01nMZ 3L2NkWiR zpLQ0R0G RleTQaHw oECxPSEB dB8nWjnw eF0ueRyu qtXV58SN VqqukjeY ntaFp6yn 1FIjcsO2 uYGlfCi2 sFR9mcaG eFJgi8X6 8Rfeklr1 J2tz5Jy2 LvdUl8D5 d5gzYuse 97y3ut3B RGBDWX4o 8LVjFaQv ijk5cHsH 1dr1nBQ7 EJI0xPm2 sAdwIwgI OEs82oEQ NgGjr3Ik qnVestAH PLFYaVF6 FdbcCrtB GZiGmLq9 fa3ra0T7 Ah46Ofm8 SUGv8yIU REvLgkhf X4DALK1Z Rd2M5nw8 OJgw7XgR itC9pvuP CczWZLd1 tHTE6eug n7VUygaC 2KepLMXB APMxsbBa d4U8kEOb 3MYamZSb cZyhnB0I 0PR6ikBf xRPgtW5C kTn5Wdms 80BwLCcj poaWnZDO VDai7XkI hBRDGWam Pz0LLMil VDai7XkI 7Xy44hse mSd4Nw6v 9FVeC0va ciNFdHxl b850DFfF u2ZI4Bp6 KcGXxWyr 0MyIUMFM n0riP8Jl w0QWGw2L xI4hMIxA w0QWGw2L n0riP8Jl 0MyIUMFM KcGXxWyr u2ZI4Bp6 b850DFfF ciNFdHxl 9FVeC0va Zy3im4wi L5pBwvut c6ZWTltk 04vrMVdi WvzZeqnS IdGLl1to PMzcqvQL W7b2i2pG BkhTgoaJ CIF8DWXL yWlzbESz oqraQ3aF NBKhkccj rbWYBihd nFqouQp3 6MPulFAv ZtfcEeD9 lwKMUcFL lWuh5cH8 uEOMgmS6 7VEdC8Bn KZzTlcqA KbQF6Z1I VgwgAKMz FqE4GP0Y bKTzHQn4 TNblhkGK WOQy49Fo Fj27Gybu 4FNIiWtX aDGqWHym yptfWPBC aDGqWHym 4FNIiWtX Fj27Gybu WOQy49Fo TNblhkGK bKTzHQn4 uEOMgmS6 lWuh5cH8 lwKMUcFL ZtfcEeD9
95
Fj27Gybu Fj27Gybu
43ehQX6O 43ehQX6O
nFqouQp3 nFqouQp3
04vrMVdi 04vrMVdi
X4DALK1Z X4DALK1Z
J2tz5Jy2 J2tz5Jy2
bJ22zvWV bJ22zvWV
WvzZeqnS O5yBujnu
RleTQaHw RleTQaHw
FdbcCrtB FdbcCrtB
SG64DwCC SG64DwCC
KZzTlcqA KZzTlcqA
wZJN4OBT wZJN4OBT
ca785uLx EB4WBsTV ca785uLx
8LVjFaQv 8LVjFaQv
kMauNR5Y kMauNR5Y
aDGqWHym aDGqWHym
svPb07cv svPb07cv
TNblhkGK TNblhkGK
ZtfcEeD9 ZtfcEeD9
ijk5cHsH ijk5cHsH
lWuh5cH8 lWuh5cH8
xRPgtW5C xRPgtW5C
dzvtjag1 dzvtjag1 Q7hUKAHQ
CBKWpDQv CBKWpDQv
EAWv9kfQ EAWv9kfQ
Pz0LLMil Pz0LLMil
FqE4GP0Y FqE4GP0Y Wznv2rRv
rbWYBihd rbWYBihd
7P5zi9hu 7P5zi9hu
d5gzYuse d5gzYuse
LvdUl8D5 LvdUl8D5
8Rfeklr1 8Rfeklr1
NpH6Hpsr NpH6Hpsr
PMzcqvQL PMzcqvQL
qnVestAH qnVestAH
BOlNhFGU BOlNhFGU
FGbFUcoj FGbFUcoj
ntaFp6yn ntaFp6yn
CIF8DWXL CIF8DWXL
kTn5Wdms kTn5Wdms
1gtWVzKV 1gtWVzKV
eF0ueRyu eF0ueRyu
gKOyNQPh gKOyNQPh
OJgw7XgR OJgw7XgR
WOCLylig WOCLylig
poaWnZDO poaWnZDO
yptfWPBC yptfWPBC HTyyntxa
xzWL2Pp8 B65DnegI xzWL2Pp8
aSd01nMZ aSd01nMZ
RjDUex61 RjDUex61
7Xy44hse 7Xy44hse
eFJgi8X6 eFJgi8X6
Tb8W969R Tb8W969R
hBRDGWam hBRDGWam
mlHu9OVg mlHu9OVg
o4xf7nVd o4xf7nVd
U7cZo0h2 U7cZo0h2
Rd2M5nw8 Rd2M5nw8
W7b2i2pG W7b2i2pG
1dr1nBQ7 1dr1nBQ7
tCAdUY4B tCAdUY4B
2KepLMXB 2KepLMXB
jKNn1ZQ1 jKNn1ZQ1
uMuBYvMK uMuBYvMK
gX4kBNm4 gX4kBNm4
91Uq51QB 91Uq51QB
ciNFdHxl ciNFdHxl
lqKnzPvP lqKnzPvP
w0QWGw2L w0QWGw2L
zvH4AKmS zvH4AKmS
IdGLl1to IdGLl1to
0MyIUMFM 0MyIUMFM
AmaYXBsi AmaYXBsi
JfDq1Cs2 JfDq1Cs2
miUcr0K7 miUcr0K7
fa3ra0T7 fa3ra0T7
YWqBlkAs YWqBlkAs
wusYsf5E wusYsf5E
VgwgAKMz VgwgAKMz
PLFYaVF6 PLFYaVF6
62Mn9lau 62Mn9lau
zpLQ0R0G zpLQ0R0G
aWGQETjI aWGQETjI
yRH0nOtz yRH0nOtz
y7NjqOqM y7NjqOqM
8avKqSxh 8avKqSxh
CGddIqkC CGddIqkC
ZS8CQaI7 ZS8CQaI7
NSdaWdL7 NSdaWdL7
sFR9mcaG sFR9mcaG
mSd4Nw6v mSd4Nw6v
3MYamZSb 3MYamZSb
mrK2EXuk mrK2EXuk
CxnbNU8s CxnbNU8s
