74 31 7 15 47 38 21 38 1 62 1 29 51 17 45 26 60 26 16 44 16 18 37 35 33 13 0 13 16 27 10 63 33 35 34 20 34 32 25 32 24 30 24 32 55 58 55 17 64 41 64 20 6 60 28 12 40 59 40 11 36 11 12 39 28 4 10 27 65 52 65 5 45 17 54 48 54 51 29 41 50 54 61 53 61 74 9 22 9 40 2 43 57 43 45 14 56 14 30 42 8 42 64 23 4 33 48 19 46 3 63 3 4 50 2 50 4 23 14 52 46 19 49 6 49 19 5 36 32 74 5 56 5 74
66
0 0
1 1
2 2
3 3
4 4
5 5
6 6
7 7
8 8
9 9
10 10
11 11
12 12
13 13
14 14
15 15
16 16
17 17
18 18
19 19
20 20
21 21
22 22
23 23
24 24
25 25
26 26
27 27
28 28
29 29
30 30
31 31
32 32
33 33
34 34
35 35
36 36
37 37
38 38
39 39
40 40
41 41
42 42
43 43
44 44
45 45
46 46
47 47
48 48
49 49
50 50
51 51
52 52
53 53
54 54
55 55
56 56
57 57
58 58
59 59
60 60
61 61
62 62
63 63
64 64
65 65
