93 71 20 169 155 124 172 101 105 132 57 13 109 36 95 141 125 103 134 72 110 91 40 116 128 84 163 63 21 1 119 86 111 145 52 151 82 51 103 171 64 140 122 56 34 90 176 147 26 147 121 108 39 53 29 16 19 154 95 2 73 79 61 38 131 38 92 74 129 174 165 143 77 113 75 113 70 146 46 80 94 18 62 70 168 14 107 24 4 24 107 98 126 65 66 11 99 14 87 136 177 81 175 161 137 49 174 93
82
1 1
2 2
4 4 76
14 14
18 18 157
19 19
20 20
24 24
26 26
129 27 129
34 34
36 36
38 38
39 39
40 40
165 43 165
46 46
91 47 91
49 49 117
51 51
52 52
53 53
56 56
57 57
61 61
62 62
63 63
64 64
65 65
66 66
132 67
70 70
72 72
73 73
74 74
75 75 130
77 77
79 79
80 80
81 81
82 82
84 84
86 86
87 87
90 90
95 95
98 98
99 99
101 101
113 102
105 105
108 108 170
109 109
110 110
111 111
131 115 131
116 116
119 119
121 121
122 122
124 124
125 125
136 136
137 137
94 138
140 140
141 141
143 143
146 146
147 147
151 151
154 154
155 155
161 161
163 163
168 168
169 169
171 171
172 172
174 174
176 176
177 177
