Dannemora Fabius Fonda Fleischmanns Hamburg Flower Oceanside Gasport Falconer Gardiner Fulton Fairport Geneva Fairview Hewlett Harbor Fredonia Depauville Ghent Freeport Forestville Davis Fishkill Galeville Delevan Dansville Franklinville Hermon Dexter Fairmount DeRuyter Frankfort Delmar Germantown Deferiet Fishers Haviland Franklin Delhi Freeville Farnham Florida Deer Delanson Dunkirk Frewsburg Farmingville Highland Firthcliffe Earlville Fire Dannemora
45
Dansville Dansville
Davis Davis
Deer Deer
Deferiet Deferiet
Delanson Delanson
Delevan Delevan
Delhi Delhi
Delmar Delmar
Depauville Depauville
Geneva Depew Geneva
Earlville Deposit Earlville
DeRuyter DeRuyter
Dexter Dexter
Dunkirk Dunkirk
Fabius Fabius
Oceanside Fair
Fairmount Fairmount
Fairport Fairport
Fairview Fairview
Falconer Falconer
Farmingville Farmingville
Farnham Farnham
Harbor Fayetteville
Fire Fire
Firthcliffe Firthcliffe
Fishers Fishers Forest
Fishkill Fishkill
Frankfort Flanders Frankfort
Fleischmanns Fleischmanns
Florida Florida
Flower Flower
Fonda Fonda
Forestville Forestville
Franklin Franklin
Franklinville Franklinville
Fredonia Fredonia
Freeport Freeport
Freeville Freeville
Frewsburg Frewsburg
Gardiner Friendship Gardiner
Fulton Fulton
Galeville Galeville
Gasport Gasport
Germantown Germantown
Ghent Ghent
