Acton Compton Bowles Buttonwillow Boronda Beckwourth Azusa Brea Avery Capitola Barstow Calimesa Burbank Brisbane Belmont Arcadia Calwa Carson Bishop Arvin Cayucos Cambria Almanor Brawley Biggs Byron Fruitdale Escondido Albany Bayview Folsom Caribou Anderson Calexico Blairsden Calexico Florin Bootjack Aromas Bystrom Anaheim Calistoga Belvedere Bonita Carrick Alameda Berkeley Auburn Ceres Bloomington Cupertino Duarte Burney Bakersfield Bradbury Adelanto Clayton Arcata Belden Alhambra Ashland Covelo Caruthers Bradley Arnold Campbell Crockett Cabazon Amesti Broadmoor Cerritos Bell Alpaugh Benicia Beaumont Calabasas Brentwood Biola Arbuckle Cartago Bodfish Cotati August Castroville Fontana Alpine Columbia Avalon Alamo Banning Antioch Atascadero Angwin Bolinas Bellflower Carlsbad Acton
90
Adelanto Adelanto
Alameda Alameda
Alamo Alamo
Albany Albany
Alhambra Alhambra Burlingame
Almanor Almanor
Alpaugh Alpaugh
Alpine Alpine
Covelo Altadena
Florin Alturas
Amesti Amesti
Anaheim Anaheim
Anderson Anderson
Angwin Angwin
Antioch Antioch
Cerritos Aptos Bluewater Cerritos
Arbuckle Arbuckle Blythe
Arcadia Arcadia
Arcata Arcata
Berkeley Armona Berkeley
Arnold Arnold
Aromas Aromas
Bell Artesia Bell
Arvin Arvin
Ashland Ashland
Atascadero Atascadero Bonsall
Blairsden Atherton Blairsden
Escondido Atwater
Cupertino Auberry
Auburn Auburn
August August
Avalon Avalon
Fruitdale Avenal
Avery Avery
Azusa Azusa
Bakersfield Bakersfield Canyondam
Banning Banning
Barstow Barstow
Bayview Bayview
Beaumont Beaumont
Beckwourth Beckwourth
Belden Belden
Bellflower Bellflower
Belmont Belmont
Belvedere Belvedere
Benicia Benicia
Biggs Biggs
Biola Biola
Bishop Bishop
Bloomington Bloomington
Bodfish Bodfish
Bolinas Bolinas
Bonita Bonita
Bootjack Bootjack
Cotati Boron
Boronda Boronda
Bowles Bowles
Bradbury Bradbury
Bradley Bradley
Brawley Brawley
Brea Brea
Brentwood Brentwood
Brisbane Brisbane
Broadmoor Broadmoor
Burbank Burbank Camarillo
Burney Burney
Buttonwillow Buttonwillow
Byron Byron
Bystrom Bystrom
Cabazon Cabazon
Calabasas Calabasas
Calexico Calexico
Calimesa Calimesa
Crockett Calipatria
Calistoga Calistoga
Calwa Calwa
Cambria Cambria
Campbell Campbell
Capitola Capitola
Caribou Caribou
Carlsbad Carlsbad
Duarte Carmichael
Columbia Carpinteria
Carrick Carrick
Carson Carson
Cartago Cartago
Caruthers Caruthers
Castroville Castroville
Cayucos Cayucos
Ceres Ceres
