0 11 12 22 31 20 30 40 51 52 62 63 64 55 54 43 33 24 15 6 17 8 19 28 27 26 36 35 45 46 56 66 57 47 58 77 87 97 107 118 119 89 77 76 75 85 95 94 84 73 82 92 91 112 111 132 143 133 123 114 104 105 115 124 135 126 137 147 148 138 139 149 159 158 168 178 168 167 157 156 155 175 185 196 186 185 184 193 184 174 173 172 171 180 161 162 161 150 151 132 121 111 101 90 80 91 72 63 23 13 4 3 0
95
3 3
4 4
6 6
8 8
11 11
12 12
13 13
15 15
17 17
19 19
20 20
22 22
24 24
26 26
27 27
28 28
30 30
31 31
33 33
35 35
36 36
40 40
43 43
45 45
46 46
47 47
51 51
52 52
54 54
55 55
56 56
57 57
58 58
62 62
63 63
64 64
66 66
73 73
75 75
76 76
77 77
80 80
82 82
84 84
85 85
87 87
89 89
90 90
91 91
92 92
94 94
95 95
104 104
105 105
107 107
111 111
112 112
114 114
115 115
119 119
123 123
124 124
126 126
132 132
135 135
137 137
138 138
139 139
143 143
147 147
148 148
149 149
150 150
151 151
155 155
156 156
157 157
158 158
159 159
161 161
162 162
167 167
168 168
171 171
172 172
173 173
174 174
175 175
178 178 188
180 180
184 184
185 185
186 186
193 192 193
196 196
