Loc1 Loc16 Loc42 Loc71 Loc64 Loc172 Loc48 Loc154 Loc162 Loc37 Loc121 Loc15 Loc121 Loc195 Loc56 Loc188 Loc66 Loc106 Loc70 Loc95 Loc23 Loc124 Loc70 Loc65 Loc136 Loc160 Loc165 Loc177 Loc56 Loc144 Loc162 Loc17 Loc108 Loc9 Loc89 Loc168 Loc47 Loc163 Loc155 Loc51 Loc193 Loc0 Loc138 Loc190 Loc1 Loc10 Loc137 Loc142 Loc39 Loc179 Loc125 Loc156 Loc192 Loc157 Loc38 Loc88 Loc18 Loc199 Loc46 Loc49 Loc76 Loc131 Loc14 Loc187 Loc182 Loc127 Loc167 Loc198 Loc96 Loc186 Loc122 Loc158 Loc197 Loc58 Loc50 Loc98 Loc85 Loc135 Loc75 Loc166 Loc111 Loc92 Loc27 Loc194 Loc91 Loc27 Loc178 Loc147 Loc78 Loc170 Loc45 Loc99 Loc148 Loc118 Loc22 Loc53 Loc183 Loc150 Loc171 Loc4 Loc171 Loc164 Loc11 Loc126 Loc118 Loc174 Loc84 Loc159 Loc191 Loc145 Loc146 Loc175 Loc36 Loc113 Loc151 Loc59 Loc151 Loc113 Loc77 Loc157 Loc103 Loc36 Loc103 Loc157 Loc192 Loc156 Loc100 Loc1
85
Loc0 Loc0
Loc22 Loc3
Loc121 Loc5 Loc189
Loc191 Loc6
Loc131 Loc7
Loc150 Loc8 Loc153
Loc9 Loc9
Loc11 Loc11
Loc42 Loc13
Loc14 Loc14
Loc15 Loc15
Loc16 Loc16
Loc17 Loc17
Loc18 Loc18
Loc165 Loc19 Loc110
Loc158 Loc20 Loc132 Loc140
Loc23 Loc23
Loc146 Loc25 Loc97
Loc27 Loc27
Loc1 Loc30
Loc47 Loc31 Loc83 Loc176
Loc70 Loc32
Loc174 Loc33 Loc60
Loc37 Loc37
Loc38 Loc38
Loc39 Loc39
Loc197 Loc44 Loc197
Loc46 Loc46
Loc50 Loc50
Loc51 Loc51
Loc179 Loc52
Loc53 Loc53
Loc162 Loc54
Loc108 Loc57
Loc155 Loc61 Loc109
Loc45 Loc62
Loc65 Loc65
Loc10 Loc67 Loc107 Loc143
Loc71 Loc71
Loc36 Loc74
Loc75 Loc75
Loc76 Loc76
Loc77 Loc77
Loc85 Loc85
Loc91 Loc91 Loc128
Loc194 Loc94
Loc95 Loc95
Loc96 Loc96
Loc99 Loc99
Loc100 Loc100
Loc84 Loc101
Loc103 Loc103
Loc106 Loc106
Loc111 Loc111
Loc118 Loc118
Loc122 Loc122
Loc124 Loc124
Loc58 Loc129
Loc164 Loc133
Loc137 Loc137
Loc126 Loc141
Loc144 Loc144
Loc145 Loc145
Loc147 Loc147
Loc135 Loc149
Loc154 Loc154
Loc159 Loc159
Loc160 Loc160
Loc163 Loc163
Loc167 Loc167
Loc168 Loc168
Loc170 Loc170
Loc171 Loc171
Loc172 Loc172
Loc175 Loc175
Loc177 Loc177
Loc56 Loc180
Loc182 Loc182
Loc183 Loc183
Loc188 Loc188
Loc190 Loc190
Loc192 Loc192
Loc195 Loc195
Loc151 Loc151
Loc59 Loc59 Loc123
