pace voice financial respect bitter rob lake page fortune imposter throne interactive feature honor deposit paper understand skeleton disclose class exclusive buffet mature headline quality straighten romantic sign legislation enhance dough linger vegetarian forge tolerate solve prison dialogue tool glasses autonomy output circulation gate mystery approval other swear tablet cigarette demand joint dip nationalist shy title sunrise seize due guarantee king pace
47
shy shy
swear swear
dough dough
demand pain demand
buffet buffet
linger linger
circulation circulation
class class
nationalist nationalist
tool tool
honor honor
prison prison
imposter imposter
guarantee guarantee
exclusive exclusive
other other
rob rob
sunrise sunrise
voice voice
forge winner
vegetarian vegetarian
tolerate tolerate
lake lake
headline headline
throne throne
seize seize
glasses glasses
paper paper
tablet tablet
legislation legislation
mystery enter mystery
enhance enhance thumb
quality quality
disclose injury
bitter bitter
dip dip
page page
understand figure
autonomy autonomy
dialogue likely
output output
cigarette cigarette
mature brake
financial financial
title title
king king
sign sign
