pace other quadruple ask enemy desk injection financial fortune notebook interactive error widen banana driver imposter tablet note deter terms hospitality teacher excuse attraction coffin bitter rage deposit page mature native development confrontation forge coast profound view dive coincide identity straighten pig pier bleed curriculum chew drawer smile bleed environment interface electronics swop nationalist brake bowel structure throne respect chair mixture joint single country triple candle dialogue home flag injury demand feature write lake begin greeting decisive linger physics linger vegetarian exclusive dip opposed dramatic exempt buffet election lifestyle cotton paper autonomy quality boom winner virgin blonde shiver ignore liver tool swear rent atmosphere viable likely other pace
87
exclusive exclusive
identity identity
injection injection
vegetarian market exile
nationalist acceptance
exempt exempt
coffin coffin
begin begin
teacher teacher
autonomy autonomy
development development skeleton
drawer drawer
enemy control stress illusion enemy
swop swop
ignore audience due ignore
injury injury
deter deter
environment environment
virgin virgin
tablet tablet
joint output
dip dip
terms thumb
structure structure
buffet buffet
viable viable
physics dough physics
winner assignment
coincide coincide
atmosphere atmosphere
cotton cotton
triple triple
mature mature
pig pig
desk spoil
profound profound
curriculum curriculum
widen widen
dive dive
shiver shiver
smile smile headline
note note
flag flag
driver driver
tool railcar tool
mixture mercy
error error
throne throne
decisive decisive
candle candle
demand rob
brake scheme
chew offset
country knot country
likely comfortable likely
native native
rent rent
attraction guarantee attraction
coast coast
interface interface
electronics electronics
other other
confrontation confrontation
pace pace
ask ask
imposter imposter
straighten straighten
quadruple quadruple
liver liver
notebook pardon
bowel bowel
home home
financial financial
lifestyle lifestyle
interactive interactive
respect respect
swear swear
chair chair
page page
boom boom
greeting greeting
forge forge
rage rage
election election
excuse excuse
feature feature
blonde pipe
