9iIwk 6EWVx jT5CK HOs1b qkJ6b 1xmtC Mj2eQ ZzWHp MA43U jYfXn Ew56P LZomt QVYVG RhUVQ aHGHb WGJpQ vE0Pj knY3U 1uRw3 Ri2t4 1uRw3 WJNpN AgYPL YH6mk Y7IDR YH6mk 5ioW1 XZKtP Be0ab 5ioW1 vrNke k6V9L pXCjI ZgtaX veOJ7 ZgtaX BnAjj k64Ok fS0W8 Esl6u rrNj1 0mah3 ChXAd 0mah3 h2rea 9iIwk jASvw oqPYQ jASvw 9iIwk
33
WJNpN 5VT1H
jT5CK jT5CK 5BDPJ
XZKtP bXinH XZKtP dw7aX
qkJ6b qkJ6b
Y7IDR Y7IDR 4a0W8
AgYPL AgYPL tnjfN
1xmtC XYzcU 1xmtC
vE0Pj vE0Pj
9iIwk 5R5Xa 9iIwk
ZzWHp iEXNY ZzWHp
WGJpQ WGJpQ
1uRw3 1uRw3 1pxZM
ChXAd 1eRkH ChXAd
veOJ7 veOJ7 iCgvV
YH6mk YH6mk
knY3U jAwQw
Ri2t4 Ri2t4 y89SK
jYfXn jYfXn
Mj2eQ Mj2eQ
h2rea h2rea
jASvw jASvw
5ioW1 5ioW1
Ew56P SgDk6
ZgtaX JgjFI Vake4 ZgtaX
oqPYQ 0GdkR oqPYQ
fS0W8 fS0W8 p9vQm
Be0ab Be0ab
LZomt LZomt
aHGHb kmzhT aHGHb
pXCjI pXCjI
BnAjj BnAjj
QVYVG 7G74f
RhUVQ RhUVQ
