HAZtD 4Eg1F wnnBN Cg1yP J0OP0 F7CZj RN9nS ED9em CXkxa 3NU9e aWuHk XbFfE O8CwF DaieK p3gJd 15wtn zrVPv 69WZh jesVt 4AhmX 93R2m 4AhmX jesVt 69WZh Q5zY0 kvy7i Ia6ul eVDVP b9v0q Agb0E WVEjT wVSYr fExZu 2zHfe AwFdf kNG2j kjZGl UQeyk EgumV fWz4T SE1WY iHR3J v0WXM R6NzB 0FMEI tgL8p DmTRc 4jcrD Vg6Sz iIQll GrnJ7 rmW0U CHx6u bMhFI SfSL1 RkCLD xKTIz E6pda e7SjH DuU0x o2JtM H1xt8 GaZ4O Q8lcd iPRoT 6sv9O HAKlt 0moVI GUEko iimZq 6owsT OWqP4 rVnMc SxklZ BaYb3 1VA1I BaYb3 IOpdQ 7kY28 URrao 7kY28 Xqwfz jyRQW zcuSA 4PSW9 0F8yg 9cp56 u60s4 gpbSj cC0Rg p3gJd cpzS8 p3gJd rH3nx 1gvq4 lJnz7 1gvq4 aWuHk vfAR8 X2hjX UqGfS kPB79 6gp0A HAZtD
73
Xqwfz pLg86
iIQll p4kTx iIQll
kNG2j kNG2j
aWuHk aWuHk
DaieK uPUO1 DaieK
4AhmX 4AhmX
bMhFI bMhFI lF8gH
7kY28 7kY28
rmW0U HOuAL 9tf0w
1VA1I Zok18 1VA1I
u60s4 Zxvdf u60s4
93R2m cu5FB aegld
0moVI 0moVI
Agb0E VG4na Agb0E
UqGfS UqGfS NqBQW Ssao4
xKTIz xKTIz
F7CZj z82fM
OWqP4 OWqP4
URrao URrao fiXIW
DuU0x DuU0x BIY9X
zrVPv zrVPv wedr3
WVEjT WVEjT
RN9nS RN9nS
R6NzB R6NzB
SE1WY TzGS5
HAKlt Pk19A HAKlt
kPB79 4Tt2a 4PXv9
ED9em 5h4rt ED9em
b9v0q SEkfX
4jcrD 4jcrD
cC0Rg cC0Rg
vfAR8 vfAR8 bW6Ms
GrnJ7 gNinx UbqWX v9joy iaaYU
Q8lcd Q8lcd
iHR3J iHR3J
lJnz7 GxQg8 lJnz7
e7SjH 2LhKB
fExZu fExZu v7hOX
jesVt jesVt
O8CwF O8CwF TlJnt
CHx6u CHx6u
fWz4T fWz4T
H1xt8 H1xt8
1gvq4 1gvq4
J0OP0 J0OP0 iKwe0
69WZh mdIe6 69WZh
X2hjX X2hjX
SxklZ SxklZ VESmp
AwFdf AwFdf
eVDVP eVDVP
15wtn ox9Gx
p3gJd p3gJd
Ia6ul Ia6ul
E6pda E6pda
0F8yg 0F8yg
cpzS8 acHTt cpzS8
iimZq iimZq
6owsT 6owsT
wnnBN wnnBN
Vg6Sz Vg6Sz
9cp56 5EAEu
zcuSA zcuSA
IOpdQ IOpdQ
CXkxa Lusir
XbFfE iqOI4
BaYb3 BaYb3
EgumV EgumV
rH3nx rH3nx
iPRoT 8Qx0C
gpbSj gpbSj
DmTRc DmTRc
0FMEI 2GCiD
Cg1yP Cg1yP
