location1 location101 location104 location107 location110 location113 location116 location55 location83 location84 location81 location14 location11 location8 location62 location61 location60 location33 location30 location29 location26 location27 location30 location31 location32 location35 location38 location37 location40 location43 location73 location70 location69 location76 location79 location58 location57 location54 location160 location157 location154 location151 location49 location46 location45 location47 location46 location49 location133 location136 location139 location142 location145 location146 location147 location144 location71 location70 location67 location125 location122 location123 location126 location129 location132 location135 location138 location137 location20 location19 location51 location177 location176 location173 location172 location169 location168 location171 location87 location86 location89 location92 location95 location98 location101 location1
69
location1 location1
location26 location3 location23 location25
location8 location5 location7 location9
location11 location11
location14 location13 location15 location17
location19 location19
location20 location21
location27 location27
location29 location29
location31 location31
location33 location33
location35 location35
location37 location37
location38 location39 location41
location43 location43
location45 location45
location47 location47
location49 location49
location51 location51
location54 location53
location55 location55
location57 location57
location62 location59 location63 location65
location61 location61
location67 location67
location69 location69
location71 location71
location73 location73
location60 location75
location76 location77
location79 location79
location81 location81
location83 location83
location84 location85
location87 location87
location89 location89
location92 location91 location93
location95 location95
location98 location97 location99
location101 location101
location104 location103 location105
location107 location107
location110 location109 location111
location113 location113
location116 location115 location117 location119
location122 location121
location123 location123
location125 location125
location126 location127
location129 location129
location132 location131
location133 location133
location135 location135
location137 location137
location139 location139
location142 location141 location143
location145 location145
location147 location147
location146 location149
location151 location151
location154 location153 location155
location157 location157
location160 location159 location161 location163
location168 location165 location167
location169 location169
location171 location171
location173 location173
location176 location175 location179
location177 location177
