Abbey Isabella Beatrice Presley Lilia Jamiya Karma Eden Harley Haven Matilda Kristina Lana Yoselin Lillie Mckinley Mira Kayley Rayna Kimberly Tanya Vivian Riley Lisa Shannon Marisol Jordin Avni Nora Liberty Kiera Helen Alexia Dana Sophia Maeve Carlee Rebecca Ayanna Tara Ruth Abbey
40
Alexia Alexia
Avni Avni
Ayanna Ayanna
Beatrice Beatrice
Carlee Carlee
Dana Dana
Eden Eden
Harley Harley
Haven Haven
Helen Helen
Isabella Isabella
Jamiya Jamiya
Jordin Jordin
Karma Karma
Kayley Kayley
Kiera Kiera
Kimberly Kimberly
Kristina Kristina
Lana Lana
Liberty Liberty
Lilia Lilia
Lillie Lillie
Lisa Lisa
Maeve Maeve
Marisol Marisol
Matilda Matilda
Mckinley Mckinley
Mira Mira
Nora Nora
Presley Presley
Rayna Rayna
Rebecca Rebecca
Riley Riley
Ruth Ruth
Shannon Shannon
Sophia Sophia
Tanya Tanya
Tara Tara
Vivian Vivian
Yoselin Yoselin
