Abbey Matilda Myah Jazmyn Ingrid Keyla Imani Janiya Aryana Mckayla Gillian Diana Kimberly Carlie Christine Laylah Maggie Carly Brooklyn Neveah Kayden Ashley Lindsay Kaley Madilynn Jaden Baylee Alia Jasmin Noelle Chasity Aniya Ciara Shyanne Kenzie Leila Camilla Dayami Zion Nia Mireya Zara Taniyah Elianna Emilie Claire Lainey Ariel Carlee Haven Jimena Kiley Juliette Rylee Natalee Sophie Melina Jade Jillian Mira Arielle Lilyana Avni Riley Iyana Dana Lacey Bryanna Kira Sophia Denisse Mya Parker Zaria Aubree Lucille Kristina Kiana Alivia Emma Tara Kaydence Alexia Sharon Lilia Mckinley Carleigh Alexus Jamiya Kristin Abbey
90
Abbey Abbey
Alexia Alexia
Alexus Alexus
Alia Alia
Alivia Alivia
Aniya Aniya
Ariel Ariel
Arielle Arielle
Aryana Aryana
Ashley Ashley
Aubree Aubree
Avni Avni
Baylee Baylee
Brooklyn Brooklyn
Bryanna Bryanna
Camilla Camilla
Carlee Carlee
Carleigh Carleigh
Carlie Carlie
Carly Carly
Chasity Chasity
Christine Christine
Ciara Ciara
Claire Claire
Dana Dana
Dayami Dayami
Denisse Denisse
Diana Diana
Elianna Elianna
Emilie Emilie
Emma Emma
Gillian Gillian
Haven Haven
Imani Imani
Ingrid Ingrid
Iyana Iyana
Jade Jade
Jaden Jaden
Jamiya Jamiya
Janiya Janiya
Jasmin Jasmin
Jazmyn Jazmyn
Jillian Jillian
Jimena Jimena
Juliette Juliette
Kaley Kaley
Kayden Kayden
Kaydence Kaydence
Kenzie Kenzie
Keyla Keyla
Kiana Kiana
Kiley Kiley
Kimberly Kimberly
Kira Kira
Kristin Kristin
Kristina Kristina
Lacey Lacey
Lainey Lainey
Laylah Laylah
Leila Leila
Lilia Lilia
Lilyana Lilyana
Lindsay Lindsay
Lucille Lucille
Madilynn Madilynn
Maggie Maggie
Matilda Matilda
Mckayla Mckayla
Mckinley Mckinley
Melina Melina
Mira Mira
Mireya Mireya
Mya Mya
Myah Myah
Natalee Natalee
Neveah Neveah
Nia Nia
Noelle Noelle
Parker Parker
Riley Riley
Rylee Rylee
Sharon Sharon
Shyanne Shyanne
Sophia Sophia
Sophie Sophie
Taniyah Taniyah
Tara Tara
Zara Zara
Zaria Zaria
Zion Zion
