Ilesa Resplendor Great Ada Krymsk Stupino Villaquilambre Palafrugell Viewpark Malden Sirsi Itacoatiara Valletta Sceaux Hermsdorf Oberhausen Palm Marburg Talipparamba Minas Gariadhar Bavly Polohy Alfenas Aleshtar Jagna Aurora Barracas Sishui Sillanwali Bobigny An Bon Landshut Uran Mouscron Bogovinje Valday Tupiza DehiwalaMount Ventimiglia PortVila Alexandria American Davis Toledo Meizhou Mexborough Oulmes Azrou Milagro Rhosllanerchrugog Malden Jashpurnagar Magomeni MitryMory Onex Puerto Milledgeville WaltonontheNaze Memmingen Tupelo Puducherry Lodwar Valday LonsleSaunier Calauan Shaowu Chacabuco Perth Brzeg Kyzylorda Bensheim Zaozhuang Rutland Stuttgart Aklera Foshan Ilesa
76
Jagna Jagna
Sishui Sishui
Milagro Milagro
MitryMory Claremont Guli MitryMory Ponta Copperas
Palm Palm
Talipparamba Talipparamba
Aklera Aklera
Sillanwali Sillanwali
Milledgeville Milledgeville
Ada Ada
Great Tyoply Great
Bavly Bavly
Mexborough Mexborough
Sceaux Sceaux
Foshan Foshan
Valletta Valletta
Resplendor Resplendor
Bensheim Brunswick Bensheim Campobasso Ramla Bang PointeClaire
Stuttgart Stuttgart
Stupino Stupino
Alexandria Alexandria
Sirsi Sirsi
Minas New Dahlem
Malden Malden
Chacabuco Chacabuco
Azrou Azrou
Perth Perth UlanUde Tak Niort Sorsogon Clermont
Bogovinje Bogovinje
Oberhausen Oberhausen
Palafrugell Palafrugell
Polohy Polohy
Ventimiglia Yingkou Ventimiglia
Zaozhuang Zaozhuang
Calauan Skalica Calauan Shagamu Tharu Paredes
Ilesa Ilesa
Krymsk Tiruppuvanam GernikaLumo
Gariadhar Gariadhar
Shaowu Shaowu
Aurora Aurora
Landshut Landshut
Tupelo Tupelo
Davis Davis Jiangyan
Barracas Barracas
An An
Bobigny Bobigny
Toledo Toledo
Rhosllanerchrugog Rhosllanerchrugog
PortVila PortVila
Meizhou Meizhou
Memmingen Memmingen
Itacoatiara Itacoatiara
Viewpark Viewpark
Rutland Rutland
Mouscron Mouscron
Tupiza Tupiza
Marburg Lille Marburg
Magomeni Magomeni
Puerto Puerto
Brzeg Brzeg
Valday Valday
American American
DehiwalaMount DehiwalaMount
Hermsdorf Hermsdorf
Aleshtar Aleshtar
Villaquilambre Villaquilambre
Lodwar Lodwar
Jashpurnagar Jashpurnagar
Onex Onex
Alfenas Alfenas
Bon Bon
Uran Uran
LonsleSaunier LonsleSaunier
Oulmes Oulmes
Kyzylorda Kyzylorda
Puducherry Puducherry
WaltonontheNaze WaltonontheNaze
