Lesnoy Visitacion Ishim Stade Portogruaro Hudiksvall Blackpool Meerut Gisborne Pingyi Malaut Sungurlu Winsford Sun Rutherglen Franceville Hueytown Brentwood Zgorzelec Yangambi Beveren GatesNorth Lesnoy
22
Hudiksvall Hudiksvall
Rutherglen Rutherglen
Gisborne Dharmapuri Gisborne
Beveren Artur Kundla
Meerut Meerut
Visitacion Visitacion Glogovac
Sun Sun
Zgorzelec Zgorzelec
Ishim Ishim
Malaut Malaut
Pingyi Pingyi
Hueytown Hueytown
Stade Stade
Sungurlu Sungurlu
GatesNorth GatesNorth
Blackpool Blackpool
Lesnoy Lesnoy
Winsford Winsford
Portogruaro Portogruaro
Franceville Franceville
Brentwood Brentwood
Yangambi Yangambi
