108 69 7 51 101 49 170 54 78 146 39 193 177 186 134 73 71 82 56 151 143 55 64 37 53 90 96 57 5 81 132 144 153 174 188 35 5 26 127 45 185 0 136 113 100 191 117 24 114 142 159 176 148 182 99 28 181 167 156 187 118 137 197 92 65 92 196 84 83 140 43 6 23 6 48 34 178 130 85 68 95 119 77 110 75 150 179 157 15 76 109 116 190 31 38 107 133 63 126 8 61 17 67 120 138 36 79 46 32 13 44 66 108 30 108
94
188 188
7 7
39 39
67 67
99 99
48 48
54 54
114 114
23 129 23
37 37
176 176
57 57
174 19 174
95 95
153 153
26 26
30 121
100 100
142 142
113 184
137 137
46 46
63 63
64 64
35 14 35
126 126
186 186
24 24
117 117
151 151
118 118
193 11
181 181
148 148
61 61
78 78
81 81
66 66
69 69
44 44
34 34
144 144
110 110
68 68
187 187
55 128
136 136
157 157
107 107
182 182
134 134
13 13
17 17
79 79
138 138
45 45
119 1
83 83
49 49
190 190
75 75
56 56
197 197
150 150
65 65
77 77
140 140
82 82
109 109
31 31
36 36
133 133
15 15
38 38
5 5
43 43
179 179
96 96
120 120
84 84
130 130
167 167
177 177
71 71
85 85
73 73
28 28
53 53
92 92
146 146
143 143
170 170
101 101
32 32
