1 143 84 38 12 47 108 74 60 11 36 107 72 2 48 98 24 86 144 71 96 50 132 83 120 16 106 112 70 100 82 28 10 88 22 52 46 76 130 136 94 64 142 40 118 124 58 4 34 17 66 29 78 32 18 65 90 56 114 5 6 104 126 113 102 68 138 41 54 80 30 101 42 137 1
74
2 2
4 4
5 5
6 6
106 8 20 44 53 77 89 92 106 116 125 128 140
10 10
11 11
12 12
1 14 23 26 35 59 62 95 110 119 122 131 134
16 16
17 17
18 18
22 22
24 24
28 28
29 29
30 30
32 32
34 34
36 36
38 38
40 40
41 41
42 42
46 46
47 47
48 48
50 50
52 52
54 54
56 56
58 58
60 60
64 64
65 65
66 66
68 68
70 70
71 71
72 72
74 74
76 76
78 78
80 80
82 82
83 83
84 84
86 86
88 88
90 90
94 94
96 96
98 98
100 100
101 101
102 102
104 104
107 107
108 108
112 112
113 113
114 114
118 118
120 120
124 124
126 126
130 130
132 132
136 136
137 137
138 138
142 142
143 143
144 144
