pride thank equinox huge wrong lobby wrong huge pastel childish integrated mosaic absorption farewell transmission concern create direct merit dose offensive fortune hide magnitude domestic accessible bring basketball prove appear homosexual shelter denial celebration loud maze leash predict scrap berry present formation salmon inhibition think dilemma exotic contract snap trance dedicate deter crew car dramatic community east creation rabbit belief rabbit glide bracket ballot thread tin mind gift line suffer breakin dialect desk steward seller skip battery craftsman work whole top tribe mechanism traction colon valid deck makeup pupil partnership nationalism magnetic adult transaction vote company fuss minimize linear knit cancel perception cancel knit feign pride
100
transmission transmission
farewell farewell
trance trance
pride pride
mind mind
magnitude magnitude
predict predict
car car
prove prove
community community
lobby lobby
adult adult
vote vote
dramatic dramatic
create create
think think
mechanism mechanism
ballot ballot
tin tin
feign feign
crew crew
battery battery
makeup makeup
salmon salmon
work work
thank thank
nationalism nationalism
partnership partnership
tribe tribe
dose dose
east east
breakin breakin
homosexual homosexual
absorption absorption
scrap scrap
valid valid
seller seller
glide glide
loud loud
berry berry
leash leash
wrong wrong
mosaic mosaic
minimize minimize
company company
hide hide
accessible accessible
equinox equinox
skip skip
belief belief
fuss fuss
fortune fortune
suffer suffer
knit knit
rabbit rabbit
integrated integrated
deter deter
exotic exotic
gift gift
magnetic magnetic
top top
pupil pupil
pastel pastel
bracket bracket
craftsman craftsman
merit merit
colon colon
dedicate dedicate
dialect dialect
dilemma dilemma
traction traction
transaction transaction
domestic domestic
huge huge
maze maze
denial denial
concern concern
present present
creation creation
perception perception
cancel cancel
basketball basketball
deck deck
appear appear
contract contract
snap snap
whole whole
desk desk
steward steward
linear linear
direct direct
inhibition inhibition
shelter shelter
formation formation
childish childish
celebration celebration
bring bring
line line
thread thread
offensive offensive
