1 176 177 178 177 176 1 172 173 174 172 1 168 169 168 1 164 1 160 162 161 163 160 1 156 1 150 151 152 153 154 155 152 151 150 1 126 127 128 127 126 1 122 124 123 122 1 118 119 120 121 119 118 1 114 1 110 113 111 112 110 1 106 1 100 101 102 105 103 104 102 101 100 1 76 77 78 77 76 1 72 73 74 72 1 68 69 68 1 64 1 60 63 61 62 60 1 56 1 50 51 52 55 52 51 50 1 26 27 28 27 26 1 22 23 24 22 1 18 19 20 21 18 1 14 1 10 13 11 12 10 1 6 8 9 6 1 2 5 2 1
50
5 3 4 5
6 7
8 8
9 9
11 11
12 12
13 13
14 15 16 17
19 19
20 20
21 21
23 23
24 24 25
28 28 30
55 53 54 55
56 57 58 59
61 61
62 62
63 63
64 65 66 67
69 69 70 71
73 73
74 74 75
78 78 80
103 103
104 104
105 105
106 107 108 109
111 111
112 112
113 113
114 115 116 117
119 119
120 120
121 121
123 123
124 124 125
128 128 130
153 153
154 154
155 155
156 157 158 159
161 161
162 162
163 163
164 165 166 167
169 169 170 171
173 173
174 174 175
178 178 180
