BU HF CA AV AN BZ CB GY CW FI GS DW EN FN DL DV FF DU GH FS EC AP BE GM AT HA ET CT FB AY CK GK AM EH AX CO ES FR BK AE CE CZ DI GA DI DM DK GE DR EY HP HM FG BT FP AF FY DE GO AD CS CI HC EG AO CR GQ EK FO EL DA DJ BG AA CY CA CV FD BH BM HI BW CD BA DS GT EO FU FL BQ CX EQ AR CQ DT EV HH DQ DP GG DD GP EA EV BF BY BU
94
DV DV
EC EC
AN AN
DR DR
BW BW
FD FD
CX CX
DK DK
EO EO
CE GN
FN FN
BU BU
FG FG
DE FW AQ DE
BK BK
HC HC
CT CT
EL EL
DQ DQ
DS DS
BE HJ BE
BF BF
AT CM AT
CY CY
EG EG
CQ CQ DZ
CD CD
CV CV
DJ DJ
GK GK
FF FF
AE AE
BZ BZ
EH EH
CB ER
HI HG
HM HM
GY GY
DI DI
CK CK
CI CI
GA GA
EK EK
DM DM
GP GP
FR FR
CS CS
CZ CZ
FL FL
GQ GQ
AF AF
ET ET
DP DP
EQ EQ
DL DL
BY BY
BM BM
AY AY
CO CO
AV AV
AP AP
EN EN
HF HF
BH BH
FB FB
CR BN CR
FP FP
CA CA
FS FS
GS GS
DT DT
GO GO
GH GH
GT GT
AO DX
HP HP
HH HH
AX AX
FU FU
EV EV
BA BA
GM GM
CW CW
ES ES
GE GE
EY EY
BQ BQ
DD DD
FY FY
FI FI
AR AR
DU DU
HA HA
BG BG
