Qatar Australia CzechRepublic Netherlands Guyana Montenegro Uzbekistan Belarus Peru Mozambique Mali Haiti GuineaBissau Macedonia Liberia Morocco Armenia UnitedKingdom Kosovo Tunisia VaticanCity Lebanon Malta Senegal Mongolia Estonia Sweden America Tanzania DemofChina Egypt RussianFederation Danzig UAE Gabon Angola CostaRica Belgium Tajikistan France Andorra Nicaragua Albania SierraLeone Kyrgyzstan Singapore Tuvalu SaintLucia Georgia SanMarino Burundi Qatar
50
Belarus Belarus
Peru Peru
Nicaragua Nicaragua
Gabon Gabon
Haiti Haiti
Tajikistan Tajikistan
Mongolia Mongolia
Danzig Danzig
Morocco Morocco
Liberia Liberia
UAE UAE
Armenia Armenia
Australia Australia
Estonia Estonia
Sweden Sweden
Montenegro Montenegro
RussianFederation RussianFederation
Egypt Egypt
France France
CostaRica CostaRica
Senegal Senegal
SierraLeone SierraLeone
DemofChina DemofChina
Kosovo Kosovo
Netherlands Netherlands
UnitedKingdom UnitedKingdom
Macedonia Macedonia
Singapore Singapore
Mozambique Mozambique
Belgium Belgium
Angola Angola
Guyana Guyana
Tanzania Tanzania
Uzbekistan Uzbekistan
Mali Mali
SanMarino SanMarino
GuineaBissau GuineaBissau
Tunisia Tunisia
VaticanCity VaticanCity
Malta Malta
Lebanon Lebanon
Tuvalu Tuvalu
Albania Albania
Kyrgyzstan Kyrgyzstan
America America
Burundi Burundi
Andorra Andorra
SaintLucia SaintLucia
Georgia Georgia
CzechRepublic CzechRepublic
