Albania Andorra Rwanda Israel Luxembourg Yemen Grenada Australia Laos Tanzania TheGambia Kiribati Italy Ukraine Qatar CapeVerde Panama Kazakhstan Lithuania SaoTomPrincipe Serbia Mongolia France Kosovo IvoryCoast Venezuela Poland Slovenia Mauritania Thailand PapuaNewGuinea Mauritius Norway Hungary Cyprus Germany EquatorGuinea Romania Seychelles Estonia Suriname Brazil MountAthos Malaysia Bulgaria Nepal Rome NewZealand Fiji Portugal Philippines Gabon Vanuatu VaticanCity SolomonIslands Eritrea Switzerland Peru Tunisia SaudiArabia America SriLanka Greece Belarus Argentina Jamaica Lesotho Paraguay UnitedKingdom Guatemala Liechtenstein RussianFederation Burma BosHerzegovina Ethiopia Bhutan CentralAfricanRep Bahamas Mali Dominica Cuba Latvia Niger Finland Algeria Newfoundland Comoros SaintKitts Danzig Burkina SaintLucia Togo Pakistan SierraLeone Cambodia Chile Japan Djibouti Maldives UAE NorthKorea Albania
100
Bahamas Bahamas
Malaysia Malaysia
Rome Rome
Burkina Burkina
SolomonIslands SolomonIslands
IvoryCoast IvoryCoast
BosHerzegovina BosHerzegovina
Andorra Andorra
VaticanCity VaticanCity
EquatorGuinea EquatorGuinea
Djibouti Djibouti
Mauritania Mauritania
Pakistan Pakistan
Bulgaria Bulgaria
Thailand Thailand
Nepal Nepal
Estonia Estonia
Italy Italy
Comoros Comoros
Kosovo Kosovo
Norway Norway
Algeria Algeria
Panama Panama
Eritrea Eritrea
Mongolia Mongolia
UnitedKingdom UnitedKingdom
Peru Peru
Mauritius Mauritius
Laos Laos
Luxembourg Luxembourg
Belarus Belarus
Paraguay Paraguay
America America
Brazil Brazil
MountAthos MountAthos
Dominica Dominica
Philippines Philippines
CapeVerde CapeVerde
Niger Niger
Latvia Latvia
Cyprus Cyprus
Burma Burma
SierraLeone SierraLeone
Kazakhstan Kazakhstan
Cambodia Cambodia
Japan Japan
Portugal Portugal
Danzig Danzig
Jamaica Jamaica
Tunisia Tunisia
Qatar Qatar
Argentina Argentina
Chile Chile
Tanzania Tanzania
Kiribati Kiribati
Germany Germany
Ukraine Ukraine
Australia Australia
Yemen Yemen
France France
Newfoundland Newfoundland
Slovenia Slovenia
Lesotho Lesotho
CentralAfricanRep CentralAfricanRep
Romania Romania
Bhutan Bhutan
Ethiopia Ethiopia
NorthKorea NorthKorea
SaintLucia SaintLucia
Gabon Gabon
Hungary Hungary
SaintKitts SaintKitts
Vanuatu Vanuatu
SaudiArabia SaudiArabia
Grenada Grenada
SaoTomPrincipe SaoTomPrincipe
Rwanda Rwanda
RussianFederation RussianFederation
Guatemala Guatemala
UAE UAE
SriLanka SriLanka
Cuba Cuba
Togo Togo
Poland Poland
Israel Israel
Switzerland Switzerland
Seychelles Seychelles
Venezuela Venezuela
NewZealand NewZealand
PapuaNewGuinea PapuaNewGuinea
Finland Finland
Mali Mali
TheGambia TheGambia
Greece Greece
Suriname Suriname
Liechtenstein Liechtenstein
Lithuania Lithuania
Serbia Serbia
Maldives Maldives
Fiji Fiji
