Nepal Georgia Argentina Azerbaijan Belarus UAE Estonia Suriname Botswana Fiji Afghanistan Vietnam Serbia Niger Mauritius Kuwait Tajikistan Slovakia NewZealand TheGambia VaticanCity SaintLucia Liechtenstein Tanzania Nepal
23
Azerbaijan Azerbaijan
Tajikistan Tajikistan
VaticanCity VaticanCity
Estonia Estonia
Botswana Botswana
UAE UAE
Serbia Serbia
NewZealand NewZealand
Belarus Belarus
Tanzania Tanzania
Georgia Georgia
Fiji Panama Fiji Palau
Suriname Suriname
Argentina Argentina
Vietnam Vietnam
Niger Niger
TheGambia MarshallIslands
Afghanistan Afghanistan
Slovakia Slovakia
Liechtenstein Liechtenstein
Mauritius Mauritius
Kuwait Kuwait
SaintLucia SaintLucia
