l0 h0 h4 l40 h8 h3 h7 h42 h6 h11 h45 h49 h12 l15 h14 h24 h44 h25 h39 h41 l36 l13 h40 h47 h34 h38 h15 h43 h17 l12 h13 l39 h2 h31 h18 h20 h30 h21 h30 l30 h29 h32 h23 h19 h1 l0
40
h0 h0
h1 h1
h2 h2
h3 h3 h5
h4 h4
h6 h6
h7 h7 h10
h8 h8
h11 h9 h11
h12 h12
h13 h13
h14 h14
h15 h15
l12 h16 h36
h17 h17 h37
h18 h18
h19 h19
h20 h20
h21 h21 h22
h23 h23
h24 h24
h25 h25
l13 h26
l30 h27 h28
h29 h29
h30 h30 h48
h31 h31
h32 h32
h47 h33 h47
h34 h34
h41 h35 h41
h38 h38
h39 h39
h40 h40
h42 h42
h43 h43
h44 h44
h45 h45
l36 h46
h49 h49
