l0 h3 h2 h74 h89 h83 h1 h0 l94 l12 h47 h92 h46 l3 h84 h58 l91 h25 h81 l42 h59 h61 l97 h82 h64 h86 l9 h43 l21 l62 h16 h85 h7 h29 h80 h17 h28 l22 h45 h51 l95 l66 h22 h23 h77 h70 l35 h71 h14 h42 l9 h19 h88 h65 h12 h13 h99 h87 l63 l20 l18 h37 h36 l88 h40 h9 h40 l88 h8 h63 l31 l72 h27 l31 h26 h13 l6 h5 h4 h18 l9 l32 h11 h66 h96 h10 l26 h52 h53 h21 h32 h30 l15 h31 h48 h49 h98 h79 l73 h35 l17 h34 h93 h90 h39 h75 h67 h54 h96 l84 h20 h57 h94 l59 h38 h73 l1 l0
90
h0 h0
h1 h1
h2 h2
h3 h3
h4 h4
h5 h5
l3 h6
h7 h7
h8 h8
h9 h9 h95
h10 h10
h11 h11
h12 h12
h13 h13 h97
h14 h14
h16 h15 h16
h17 h17
h18 h18
h19 h19
h20 h20
h21 h21
h22 h22
h23 h23
h92 h24 h92
h25 h25
h26 h26
h27 h27
h28 h28
h29 h29
h30 h30
h31 h31 h69 h78
h32 h32
l73 h33
h34 h34
h35 h35
h36 h36
h37 h37
h38 h38
h39 h39
h40 h40
l20 h41
h42 h42
h43 h43
l95 h44
h45 h45
h46 h46
h47 h47
h48 h48
h49 h49
h80 h50 h80
h51 h51
h52 h52
h53 h53
h54 h54 h55
h94 h56 h94
h57 h57
h58 h58
h59 h59
l97 h60
h61 h61
l72 h62
h63 h63
h64 h64
h65 h65
h66 h66 h72
h67 h67
l15 h68
h70 h70
h71 h71
h73 h73
h74 h74
h75 h75
l22 h76
h77 h77
h79 h79
h81 h81
h82 h82
h83 h83
h84 h84
h85 h85
h86 h86
h87 h87
h88 h88
h89 h89
h90 h90
l94 h91
h93 h93
h96 h96
h98 h98
h99 h99
