Mf966TmCJF9l0PTKetVd dOWv4G57nxm9UArCvQlq jZUUy27kZ3z2uIv0PGPy UvtGaTsTes8Gs4gE8ya3 SQhK0n9L9aixdJxvdeKd e2usEAoRX2qu6mneHOxg HhITLZSwERe6osGRUBXt ul7ierPjffkmvfh4Ylme HhITLZSwERe6osGRUBXt e2usEAoRX2qu6mneHOxg SQhK0n9L9aixdJxvdeKd UvtGaTsTes8Gs4gE8ya3 jZUUy27kZ3z2uIv0PGPy dOWv4G57nxm9UArCvQlq BCVfaQnOCgLubJ23r8nF czjPVxJvSz9DoMc0Y7Vv BcvYB1mubFuRTbgMUsXg RrBlUMzlEzdRa5S1pyiF zDq8bGYKiSYw3c53IWfw W1IcDWCQWwTCriXsjtm4 KKiBHd9DTQAd6AZYxlK3 W1IcDWCQWwTCriXsjtm4 y3cL4LyhfEAlU1Jj1Xj6 1crXui4lUlMG7IuTFiXo CxdADQl1Lh5mGQMAravk WQlZty1AKP9gLfjz0EYW NvfSRypj4POoHWC3jDz3 WQlZty1AKP9gLfjz0EYW CxdADQl1Lh5mGQMAravk 1crXui4lUlMG7IuTFiXo y3cL4LyhfEAlU1Jj1Xj6 TkZ4LHIfwKap48xdp8m2 0O3lDJvzYSiuZNzHimQX OGxA8YvD4WfIxOfmtWm4 jAzyDyaN1mD5Ei1RjCiO 4CVQrsejmjPmVL7elf2w 1aGCWVuyE8DRxIV204ZW JfWSVxbK8iOEPzK7FV9x OyOgefgJfgx6VwEfudZn mGfIqoDGGajPXw9RvY8S OyOgefgJfgx6VwEfudZn JfWSVxbK8iOEPzK7FV9x 1aGCWVuyE8DRxIV204ZW 4CVQrsejmjPmVL7elf2w jAzyDyaN1mD5Ei1RjCiO wtlCpdxHbUUmSY7DnD2u 3Yod5nNtIcKNmTtNQ3xH ydEppVwK15UN0USyP00U IwnN6xRahpjWnxZTYR2F ydEppVwK15UN0USyP00U 3Yod5nNtIcKNmTtNQ3xH wtlCpdxHbUUmSY7DnD2u jAzyDyaN1mD5Ei1RjCiO OGxA8YvD4WfIxOfmtWm4 0O3lDJvzYSiuZNzHimQX TkZ4LHIfwKap48xdp8m2 kGhQ3uDjcFA7MLP7UF4W wNmo9den9k6ySqzO7o0M ZDA7k1XMUYTsnmCfuUtR wNmo9den9k6ySqzO7o0M kGhQ3uDjcFA7MLP7UF4W aU4DeG46NC8vRU6N0ahg pxBA1Tii62WPeRWcccVp wyZ3Q4gHyaxpdYdezyjU 5ebtvAsyAh8vEmm1Z3wm Y5ZKsuPbCDUQp5LjPNey Ic20PkDM6xxefUTvJEIQ b2icxuMf1zEyF7ImMEzE HKK5Jm9eHd0V7gvBWuw9 BLgd9OLqnPIJY5LCIxDK CLNCAWQgYnzuvt7RChAf QZIvvAQe1weWyQjLrGi1 4mRiy2s23Ljl4N4CqEav N7mkTpLI9Mgh0txBOflw 4mRiy2s23Ljl4N4CqEav CHHJQHxp9VQGraviPBS2 cAkwFDH7tSQkP40ewGcD sSdPSXUotKahf03SRnBn KCy3uvDFe4h3kwRgxFiX 7ArLVA3N0doHBQAlCDtl a6uUA0TEdnZwD1b73O9r VaRx19QfIOvUT5pZyulj a6uUA0TEdnZwD1b73O9r 7ArLVA3N0doHBQAlCDtl KCy3uvDFe4h3kwRgxFiX sSdPSXUotKahf03SRnBn QMmklR1fA1rnjMsU1WMc sSdPSXUotKahf03SRnBn bBJ5TDHtVrSIxXmQJ63J Hpniux0SkkA6CliHWNDc TmdW4dU59umpgT9XX8G3 p6bp9pYgtaGo4Q50DQAM Hpniux0SkkA6CliHWNDc bBJ5TDHtVrSIxXmQJ63J fsCdklolnC3ndvzFtyM3 bBJ5TDHtVrSIxXmQJ63J 1wZce3qjltyIzzlL1Zfw u4VGAkqq00Jhej3knMJI 1wZce3qjltyIzzlL1Zfw Xucw5TdPOzp0SQGWHjkE WZxeHszJ2ShfYgJs53YV YrtjNlKZcZnAXu7owFPA fsCdklolnC3ndvzFtyM3 YrtjNlKZcZnAXu7owFPA JWE9kJZ3fUSBbRtkVScl eA2uctxdjBuXDZUrmUHy kVdbGuYm0jD2q8vsLFHY 2bMCdMiNzTpm8a2kNe9G kVdbGuYm0jD2q8vsLFHY 7c4FoaFf1TJetsLZUEok XfWllIgv9lA6ZwGuKvLt S0PhmGw8tyUPzxvRSE5R VqBuOSJBVqxMG4rldwQn 4mdSIFCsq2HySOzm2H4M km12BN3CByUGmRV2tX7b acwLCbshqBQuYbTzAPRI GfTqQpqjWivAFXbCN2BL QZIvvAQe1weWyQjLrGi1 Ad4iMaOuAofXNjJzNKWl TBEGhhvsdStRJh2Eqkyf Q4jkxyPtGKis0eXik3Gg AjMqEYKq0eELwsiEhQNE Q4jkxyPtGKis0eXik3Gg aH2XDl7CjGFhEP3bbYjH rzYdrZxXnbXlOjFVWVaR flliQzyn5hSC8yLOMyYJ trOoQ3enuOI8GUJqwAMC GzkbHop7cJv0CvjQalTE aU4DeG46NC8vRU6N0ahg NtZncVsU7O40k1BXousH aH2XDl7CjGFhEP3bbYjH NtZncVsU7O40k1BXousH aU4DeG46NC8vRU6N0ahg Mf966TmCJF9l0PTKetVd tH0lbMmdJDVlC4Pr7uAb 56ePYTmTGzdOHfvnLEPd tH0lbMmdJDVlC4Pr7uAb Mf966TmCJF9l0PTKetVd
90
GzkbHop7cJv0CvjQalTE GzkbHop7cJv0CvjQalTE
S0PhmGw8tyUPzxvRSE5R S0PhmGw8tyUPzxvRSE5R lrLgTYF7nIsDkEYlxuHz
YrtjNlKZcZnAXu7owFPA YrtjNlKZcZnAXu7owFPA
rzYdrZxXnbXlOjFVWVaR rzYdrZxXnbXlOjFVWVaR
1wZce3qjltyIzzlL1Zfw 1wZce3qjltyIzzlL1Zfw
1crXui4lUlMG7IuTFiXo PLyQF48YPXs4LxxIxWHM 1crXui4lUlMG7IuTFiXo
OGxA8YvD4WfIxOfmtWm4 OGxA8YvD4WfIxOfmtWm4
BLgd9OLqnPIJY5LCIxDK BLgd9OLqnPIJY5LCIxDK
VqBuOSJBVqxMG4rldwQn VqBuOSJBVqxMG4rldwQn
4CVQrsejmjPmVL7elf2w 4CVQrsejmjPmVL7elf2w
CLNCAWQgYnzuvt7RChAf CLNCAWQgYnzuvt7RChAf
HKK5Jm9eHd0V7gvBWuw9 HKK5Jm9eHd0V7gvBWuw9
KKiBHd9DTQAd6AZYxlK3 KKiBHd9DTQAd6AZYxlK3
zDq8bGYKiSYw3c53IWfw zDq8bGYKiSYw3c53IWfw
CxdADQl1Lh5mGQMAravk CxdADQl1Lh5mGQMAravk
2bMCdMiNzTpm8a2kNe9G 2bMCdMiNzTpm8a2kNe9G
jAzyDyaN1mD5Ei1RjCiO jAzyDyaN1mD5Ei1RjCiO
Q4jkxyPtGKis0eXik3Gg Q4jkxyPtGKis0eXik3Gg
kGhQ3uDjcFA7MLP7UF4W kGhQ3uDjcFA7MLP7UF4W
4mdSIFCsq2HySOzm2H4M byF5FvS6RJUrgCsP3o6T 4mdSIFCsq2HySOzm2H4M
ul7ierPjffkmvfh4Ylme ul7ierPjffkmvfh4Ylme
aU4DeG46NC8vRU6N0ahg aU4DeG46NC8vRU6N0ahg
3Yod5nNtIcKNmTtNQ3xH 3Yod5nNtIcKNmTtNQ3xH
NvfSRypj4POoHWC3jDz3 NvfSRypj4POoHWC3jDz3
wNmo9den9k6ySqzO7o0M wNmo9den9k6ySqzO7o0M
b2icxuMf1zEyF7ImMEzE b2icxuMf1zEyF7ImMEzE
kVdbGuYm0jD2q8vsLFHY kVdbGuYm0jD2q8vsLFHY
y3cL4LyhfEAlU1Jj1Xj6 y3cL4LyhfEAlU1Jj1Xj6
Y5ZKsuPbCDUQp5LjPNey Y5ZKsuPbCDUQp5LjPNey
km12BN3CByUGmRV2tX7b km12BN3CByUGmRV2tX7b ZPAxEbVjKWTr0cDqLbA0
p6bp9pYgtaGo4Q50DQAM p6bp9pYgtaGo4Q50DQAM
TkZ4LHIfwKap48xdp8m2 TkZ4LHIfwKap48xdp8m2
JWE9kJZ3fUSBbRtkVScl JWE9kJZ3fUSBbRtkVScl
mGfIqoDGGajPXw9RvY8S iRg3oRlKsAtLuOm5tUrC JfzkldRR1w0Y52KBg47D mGfIqoDGGajPXw9RvY8S
Ad4iMaOuAofXNjJzNKWl Ad4iMaOuAofXNjJzNKWl
czjPVxJvSz9DoMc0Y7Vv czjPVxJvSz9DoMc0Y7Vv
trOoQ3enuOI8GUJqwAMC trOoQ3enuOI8GUJqwAMC
bBJ5TDHtVrSIxXmQJ63J bBJ5TDHtVrSIxXmQJ63J
QMmklR1fA1rnjMsU1WMc QMmklR1fA1rnjMsU1WMc
UvtGaTsTes8Gs4gE8ya3 UvtGaTsTes8Gs4gE8ya3 R87rV3jFUvYuE0RN4Z4a
Xucw5TdPOzp0SQGWHjkE Xucw5TdPOzp0SQGWHjkE Crbc9OlCoJ9dTIJXXsjb
a6uUA0TEdnZwD1b73O9r a6uUA0TEdnZwD1b73O9r
7c4FoaFf1TJetsLZUEok 7c4FoaFf1TJetsLZUEok
N7mkTpLI9Mgh0txBOflw N7mkTpLI9Mgh0txBOflw
Hpniux0SkkA6CliHWNDc Hpniux0SkkA6CliHWNDc
cAkwFDH7tSQkP40ewGcD cAkwFDH7tSQkP40ewGcD
XfWllIgv9lA6ZwGuKvLt XfWllIgv9lA6ZwGuKvLt
5ebtvAsyAh8vEmm1Z3wm 5ebtvAsyAh8vEmm1Z3wm
fsCdklolnC3ndvzFtyM3 fsCdklolnC3ndvzFtyM3
JfWSVxbK8iOEPzK7FV9x JfWSVxbK8iOEPzK7FV9x
GfTqQpqjWivAFXbCN2BL GfTqQpqjWivAFXbCN2BL
AjMqEYKq0eELwsiEhQNE AjMqEYKq0eELwsiEhQNE
aH2XDl7CjGFhEP3bbYjH aH2XDl7CjGFhEP3bbYjH
BCVfaQnOCgLubJ23r8nF BCVfaQnOCgLubJ23r8nF
sSdPSXUotKahf03SRnBn sSdPSXUotKahf03SRnBn
IwnN6xRahpjWnxZTYR2F IwnN6xRahpjWnxZTYR2F
KCy3uvDFe4h3kwRgxFiX KCy3uvDFe4h3kwRgxFiX
CHHJQHxp9VQGraviPBS2 CHHJQHxp9VQGraviPBS2
WZxeHszJ2ShfYgJs53YV WZxeHszJ2ShfYgJs53YV
Ic20PkDM6xxefUTvJEIQ Ic20PkDM6xxefUTvJEIQ
flliQzyn5hSC8yLOMyYJ flliQzyn5hSC8yLOMyYJ Yw0z9L8p6xIk7hgYCgVd
4mRiy2s23Ljl4N4CqEav bLojQFXmB5k6r0zKTWYe 4mRiy2s23Ljl4N4CqEav
1aGCWVuyE8DRxIV204ZW 1aGCWVuyE8DRxIV204ZW
u4VGAkqq00Jhej3knMJI u4VGAkqq00Jhej3knMJI
TmdW4dU59umpgT9XX8G3 TmdW4dU59umpgT9XX8G3
SQhK0n9L9aixdJxvdeKd SQhK0n9L9aixdJxvdeKd
wtlCpdxHbUUmSY7DnD2u wtlCpdxHbUUmSY7DnD2u
dOWv4G57nxm9UArCvQlq dOWv4G57nxm9UArCvQlq
56ePYTmTGzdOHfvnLEPd 56ePYTmTGzdOHfvnLEPd
HhITLZSwERe6osGRUBXt HhITLZSwERe6osGRUBXt
RrBlUMzlEzdRa5S1pyiF RrBlUMzlEzdRa5S1pyiF
W1IcDWCQWwTCriXsjtm4 W1IcDWCQWwTCriXsjtm4
ydEppVwK15UN0USyP00U ydEppVwK15UN0USyP00U
eA2uctxdjBuXDZUrmUHy eA2uctxdjBuXDZUrmUHy
WQlZty1AKP9gLfjz0EYW WQlZty1AKP9gLfjz0EYW
ZDA7k1XMUYTsnmCfuUtR ZDA7k1XMUYTsnmCfuUtR
0O3lDJvzYSiuZNzHimQX 0O3lDJvzYSiuZNzHimQX
pxBA1Tii62WPeRWcccVp pxBA1Tii62WPeRWcccVp
BcvYB1mubFuRTbgMUsXg BcvYB1mubFuRTbgMUsXg
TBEGhhvsdStRJh2Eqkyf TBEGhhvsdStRJh2Eqkyf
e2usEAoRX2qu6mneHOxg e2usEAoRX2qu6mneHOxg
tH0lbMmdJDVlC4Pr7uAb tH0lbMmdJDVlC4Pr7uAb
jZUUy27kZ3z2uIv0PGPy jZUUy27kZ3z2uIv0PGPy
NtZncVsU7O40k1BXousH NtZncVsU7O40k1BXousH
acwLCbshqBQuYbTzAPRI acwLCbshqBQuYbTzAPRI
QZIvvAQe1weWyQjLrGi1 QZIvvAQe1weWyQjLrGi1
VaRx19QfIOvUT5pZyulj VaRx19QfIOvUT5pZyulj
wyZ3Q4gHyaxpdYdezyjU wyZ3Q4gHyaxpdYdezyjU
OyOgefgJfgx6VwEfudZn OyOgefgJfgx6VwEfudZn
7ArLVA3N0doHBQAlCDtl 7ArLVA3N0doHBQAlCDtl
