55 57 182 20 151 45 84 16 4 189 71 111 137 83 33 186 48 115 63 106 120 59 152 30 126 30 152 119 29 113 15 61 101 173 177 167 32 134 116 32 160 170 27 124 105 32 150 49 3 148 41 18 44 76 67 114 28 172 8 53 127 54 40 97 109 175 74 107 69 77 143 10 163 184 153 184 10 43 66 43 140 58 23 10 26 146 62 179 62 181 146 90 56 139 125 80 86 188 128 81 118 138 7 168 14 17 131 89 57 55
83
40 40
89 11 149 185
140 140
33 33
59 159 59
97 97
146 146
84 12
170 170
63 63
119 119
184 184
172 172
81 81
17 17
32 32
48 91 48
61 61
26 26
27 27
148 148
188 188
153 78 153
101 101
62 62 42
45 45
76 76
111 111
23 133
152 152
66 88 66
90 90
177 162 177
182 182
49 49
58 58 166
107 107
186 186
189 189
118 118
181 181
74 74
67 67
15 15 135 13
29 29
83 83
53 53
41 41
14 36
125 171
134 134
54 54
175 175
151 151
43 43
116 116
106 106
105 105
179 179 122
86 86
120 158
163 163
131 131
56 56 85
115 115
57 57
160 160
137 137
8 8
109 109
126 126
150 150
16 16
71 71
113 113
20 20
80 80
77 77
173 173
44 9
30 30
168 168
114 114
