x61 x44 x90 x87 x90 x4 x69 x23 x40 x57 x7 x95 x91 x28 x8 x71 x18 x0 x76 x81 x43 x99 x55 x73 x94 x48 x66 x68 x58 x85 x79 x13 x59 x49 x3 x20 x1 x12 x88 x31 x50 x21 x54 x46 x5 x61
39
x50 x89 x98
x18 x18
x23 x34 x23
x73 x2
x43 x43
x7 x7 x32
x31 x31
x12 x12 x97
x94 x94
x99 x99
x49 x49
x91 x37 x91
x58 x58
x1 x30 x1
x44 x42
x40 x40
x3 x3 x80 x26
x81 x81
x95 x95 x39
x46 x46
x79 x79
x71 x96 x71
x13 x13
x59 x59
x87 x87 x53
x8 x8
x88 x88
x68 x68
x28 x28
x90 x90
x66 x66
x85 x93
x54 x54
x5 x5
x61 x61
x21 x21
x0 x0
x55 x55
x48 x52
