x182 x198 x139 x71 x112 x144 x112 x42 x98 x19 x48 x64 x120 x106 x15 x107 x184 x26 x184 x30 x92 x196 x146 x196 x69 x194 x69 x14 x77 x166 x20 x7 x143 x158 x76 x21 x172 x55 x1 x169 x104 x74 x93 x50 x90 x141 x90 x50 x9 x95 x101 x100 x153 x52 x161 x31 x178 x28 x25 x131 x89 x177 x155 x167 x27 x79 x127 x187 x86 x87 x186 x59 x32 x59 x117 x82 x185 x38 x109 x0 x14 x94 x56 x176 x45 x119 x151 x8 x160 x125 x72 x125 x182
72
x74 x74
x21 x21 x17 x164
x86 x86 x3
x20 x20
x42 x42
x45 x45
x31 x6 x133 x80 x31
x72 x147 x72
x50 x10 x50
x177 x192 x177
x69 x69
x79 x79
x64 x88 x137 x64
x14 x14
x146 x128 x146
x141 x43 x138 x141
x48 x48 x4
x176 x189
x59 x59
x151 x151
x186 x186
x143 x143
x172 x172
x161 x161
x93 x2
x153 x153
x76 x114 x76
x9 x18 x136
x87 x87
x104 x104
x8 x8
x166 x166
x101 x159
x144 x179 x84
x109 x109
x92 x53 x92 x83
x100 x99 x100
x19 x19
x125 x125
x32 x183 x32
x15 x15
x94 x94
x127 x127 x49 x58
x71 x71 x61
x155 x155
x7 x7
x119 x119 x23
x56 x56
x185 x185
x38 x113
x194 x194
x27 x27
x25 x25
x112 x118
x77 x77
x95 x95
x107 x107
x82 x82
x139 x139
x178 x66
x0 x163
x198 x198
x89 x116
x182 x11 x182
x106 x106
x98 x98
x167 x102
x55 x55
x30 x30
x26 x26
x120 x156
x184 x46 x184
