tepsteinfdkilldlmhns hdepsteinsmdtnflkill hfskillnepsteinldtdm ldnmepsteinhfstdkill ndlepsteinhdtskillfm fnmhskilldepsteinltd msnepsteinfkillhtdld snldmtkillfepsteindh epsteinthsdmndkillfl nkillsdtdhfmlepstein tmhsnfepsteinldkilld ndlmhepsteintdskillf htskillepsteindnlfdm slepsteinftndkillmdh thmepsteinlkillfsndd mfskillnhlddtepstein dhlepsteindkillsmtnf lepsteinfdkillsdnmht nfdhepsteinltsdmkill killepsteintdldshfnm tepsteinfdkilldlmhns
19
nkillsdtdhfmlepstein nkillsdtdhfmlepstein
ldnmepsteinhfstdkill skilldnmlhdftepstein hldmepsteindsnkilltf hepsteinnfstkilllmdd
killepsteintdldshfnm killepsteintdldshfnm nlhtdsdepsteinfmkill tskillepsteinhfmddnl
htskillepsteindnlfdm htskillepsteindnlfdm
thmepsteinlkillfsndd thmepsteinlkillfsndd
fnmhskilldepsteinltd fnmhskilldepsteinltd
snldmtkillfepsteindh snldmtkillfepsteindh
mfskillnhlddtepstein epsteindsmnlfdtkillh
ndlmhepsteintdskillf ndlmhepsteintdskillf
epsteinthsdmndkillfl epsteinthsdmndkillfl
lepsteinfdkillsdnmht lepsteinfdkillsdnmht
hdepsteinsmdtnflkill fnlskillhtepsteindmd hdepsteinsmdtnflkill
nfdhepsteinltsdmkill nfdhepsteinltsdmkill
hfskillnepsteinldtdm killnfhdsdltepsteinm
msnepsteinfkillhtdld hkillmepsteinstdfdnl msnepsteinfkillhtdld
ndlepsteinhdtskillfm ndlepsteinhdtskillfm
slepsteinftndkillmdh epsteinsdfmhltkillnd
dhlepsteindkillsmtnf dhlepsteindkillsmtnf
tmhsnfepsteinldkilld tmhsnfepsteinldkilld
