Latias Zorua Wurmple Exeggutor Relicanth Elgyem Vibrava Charmeleon Vibrava Primeape Raticate Unown Jigglypuff Noivern Infernape Staryu Darumaka Luvdisc Petilil Keldeo Dartrix Latias
18
Raticate Raticate
Noivern Talonflame Noivern Reshiram Palkia
Petilil Petilil
Latias Shelgon Toxicroak
Charmeleon Charmeleon Golisopod
Wurmple Wurmple Bounsweet
Jigglypuff Jigglypuff
Primeape Primeape
Infernape Infernape Scolipede
Unown Magearna
Dartrix Dartrix
Staryu Staryu
Elgyem Elgyem
Keldeo Keldeo
Exeggutor Exeggutor
Luvdisc Luvdisc
Relicanth Relicanth
Vibrava Vibrava
