Glameow Inkay Spheal Gigalith Buneary Glalie Throh Fomantis Poochyena Weedle Cacturne Leavanny Beheeyem Ledian Zygarde Ivysaur Spiritomb Bergmite Feebas Togepi Sigilyph Yanma Electivire Archeops Loudred Glameow
20
Electivire Electivire Furret
Spiritomb Spiritomb
Cacturne Wailord
Bergmite Gumshoos Bergmite
Ivysaur Spinarak Meganium
Ledian Ledian
Buneary Buneary
Glalie Glalie
Zygarde Zygarde
Togepi Togepi
Poochyena Piplup
Fomantis Mudbray
Yanma Yanma
Archeops Archeops
Spheal Spheal Gothorita
Loudred Loudred
Gigalith Gigalith
Beheeyem Golett Beheeyem
Inkay Inkay
Leavanny Leavanny
