FleaBottom Bobbingbourne Urubaen Trebon Eggmanland Batcave GringottsBank Ebonfall SatishVille Ademre TheBoilingRock UtgardMountain Glimthain Lorien ShriekingShack TheSpine Carvahall Westopolis Arkham MinistryofMagic Yll HighGarden TheGreatDivide TheBurningPlains Olivanders RockofKuthian FleaBottom
24
Urubaen Urubaen
TheBurningPlains TheBurningPlains
UtgardMountain UtgardMountain
GringottsBank GringottsBank
Westopolis Westopolis
Eggmanland Eggmanland
Bobbingbourne Bobbingbourne
HighGarden Vintas HighGarden
TheGreatDivide TheGreatDivide
Olivanders Olivanders
TheBoilingRock TheBoilingRock
Glimthain Glimthain
Ademre Ademre
Yll Yll
Batcave Batcave
Trebon Trebon
Lorien TheVale
Ebonfall Ebonfall
Arkham Arkham
TheSpine Coalwatch
SatishVille SatishVille
Carvahall Accrington
MinistryofMagic MinistryofMagic
ShriekingShack ShriekingShack
