liverance metamere bywoners studiously otate tightening tortillons moderatrix handballer hypanthium lethiferal catabolism pontage refortify pallia oversleeps kamencheh hatrail coulde shutter Akkub achieve asterisk jitterbugs wellbores liverance
25
catabolism catabolism
tortillons tortillons
studiously studiously
oversleeps oversleeps
bywoners bywoners
hypanthium hypanthium
Akkub Akkub
moderatrix moderatrix
liverance liverance
hatrail hatrail
jitterbugs jitterbugs
lethiferal lethiferal
wellbores wellbores
handballer handballer
metamere metamere
kamencheh kamencheh
tightening tightening
shutter shutter
achieve achieve
pontage pontage
asterisk asterisk
otate otate
coulde coulde
refortify refortify
pallia pallia
