pace exclusive output injury mixture market likely king page guarantee thumb enter prison approval tablet gate excuse due audience headline brake nationalist pace
20
enter deposit enter
thumb exempt
gate gate
audience audience
headline headline
prison honor
brake brake opposed
likely likely circulation
market market
mixture mixture
exclusive throne
nationalist feature nationalist
output output
due voice
excuse excuse
guarantee guarantee
king king
page page
injury injury skeleton
approval approval
