steward exotic scrap linear community pastel concern hide farewell adult skip belief deck company perception appear creation battery basketball top childish ballot crew think tin minimize steward
25
battery battery
appear appear
adult adult
think think
minimize minimize
linear linear
ballot ballot
farewell farewell
tin tin
childish childish
pastel pastel
community community
concern concern
top top
hide hide
perception perception
creation creation
exotic exotic
belief belief
basketball basketball
company company
scrap scrap
crew crew
skip skip
deck deck
