Nepal Georgia Argentina Liechtenstein Tanzania Belarus UAE Estonia Slovakia NewZealand Tajikistan Kuwait Mauritius Niger Serbia Vietnam Afghanistan Fiji Botswana Suriname TheGambia VaticanCity SaintLucia Nepal
22
Belarus Azerbaijan Belarus
Tajikistan Tajikistan
VaticanCity VaticanCity
Estonia Estonia
Botswana Botswana
UAE UAE
Serbia Serbia
NewZealand NewZealand
Tanzania Tanzania
Georgia Georgia
Niger Panama Niger Palau
Suriname Suriname
Fiji Fiji
Argentina Argentina
Vietnam Vietnam
TheGambia MarshallIslands
Afghanistan Afghanistan
Slovakia Slovakia
Liechtenstein Liechtenstein
Mauritius Mauritius
Kuwait Kuwait
SaintLucia SaintLucia
