FacultyClub LawrenceofScience PacificFilmArchive OBrien Library Etcheverry HearstGym BioscienceLibrary Manville Hilgard Cheit Wheeler Durham MartinezCommons SutardjaDai UniversityHouse FPF EarthquakeLibrary Spieker Warren Mulford Morrison
21
FacultyClub FacultyClub
BioscienceLibrary BioscienceLibrary
SutardjaDai SutardjaDai
Etcheverry Etcheverry
MartinezCommons SproulPlaza
Hilgard Hilgard
Morrison StudentUnion BrainImagingCenter Morrison
EarthquakeLibrary EarthquakeLibrary
UniversityHouse UniversityHouse
LawrenceofScience LawrenceofScience
Manville Pimentel Manville
Mulford Mulford
Spieker CareerCenter Spieker
HearstGym HearstGym
Durham Durham
OBrien OBrien
Library Library
FPF FPF
PacificFilmArchive PacificFilmArchive
Wheeler Wheeler
Cheit Cheit
