index26 index35 index5 index32 index16 index41 index2 index31 index45 index25 index10 index37 index7 index38 index13 index19 index27 index42 index1 index48 index26
19
index1 index1
index2 index2
index5 index5
index7 index7
index48 index9 index15 index43 index48
index10 index10
index13 index13
index16 index16
index19 index19
index32 index24 index32 index39
index25 index25
index26 index26
index27 index27
index31 index31
index35 index33 index35
index38 index38
index42 index40
index41 index41
index45 index44
