FleaBottom RockofKuthian Olivanders TheBurningPlains TheGreatDivide HighGarden Yll MinistryofMagic Arkham Westopolis Carvahall TheSpine ShriekingShack Lorien Glimthain UtgardMountain TheBoilingRock Ademre SatishVille Ebonfall GringottsBank Batcave Eggmanland Trebon Urubaen Bobbingbourne FleaBottom
23
Urubaen Urubaen
TheBurningPlains TheBurningPlains
UtgardMountain UtgardMountain
GringottsBank GringottsBank
Westopolis Westopolis
Eggmanland Eggmanland
Bobbingbourne Bobbingbourne
HighGarden Vintas HighGarden
TheGreatDivide TheGreatDivide
Olivanders Olivanders
TheBoilingRock TheBoilingRock
Glimthain Glimthain
Ademre Ademre
Yll Yll
Batcave Batcave
Trebon Trebon
Carvahall TheVale
Ebonfall Ebonfall
Arkham Arkham
TheSpine Coalwatch
SatishVille SatishVille
MinistryofMagic Accrington MinistryofMagic
ShriekingShack ShriekingShack
