1FoundersRock 34Martinez 32DeltaPhiEpsilon 38RajProperties 35ChanningBowdwitch 28SodaHall 17Wheeler 19SouthHall 20Ehrman 23Unit3 30Stonefire 33Wada 25Foothill 31Hillegass 26ClarkKerr 29VarsityBerkeley 27InternationalHouse 18NorthGate 36CasaZimbabwe 21Unit1 16Giannini 37OtherCoop 24Blackwell 22Unit2 1FoundersRock
24
16Giannini 16Giannini
17Wheeler 17Wheeler
18NorthGate 18NorthGate
19SouthHall 19SouthHall
20Ehrman 20Ehrman
21Unit1 21Unit1
22Unit2 22Unit2
23Unit3 23Unit3
24Blackwell 24Blackwell
25Foothill 25Foothill
26ClarkKerr 26ClarkKerr
27InternationalHouse 27InternationalHouse
28SodaHall 28SodaHall
29VarsityBerkeley 29VarsityBerkeley
30Stonefire 30Stonefire
31Hillegass 31Hillegass
32DeltaPhiEpsilon 32DeltaPhiEpsilon
33Wada 33Wada
34Martinez 34Martinez
35ChanningBowdwitch 35ChanningBowdwitch
36CasaZimbabwe 36CasaZimbabwe
37OtherCoop 37OtherCoop
38RajProperties 38RajProperties
1FoundersRock 39SanFransisco 40Oaktown
