Wrightsville Irvington Hsinchu Zanzibar Necochea Leeuwarden Mzimba Pljevlja Changde Bayonne Asti Progress Ljutomer Ayacucho Rivas Sayhut Gemena Metz Temirtau Coihaique Golubac Rauna Praya Maywood Gevgelija Palopo Wrightsville
25
Asti Asti
Sayhut Sayhut
Coihaique Coihaique
Maywood Maywood
Hsinchu Hsinchu
Rauna Rauna
Pljevlja Pljevlja
Mzimba Mzimba
Progress Progress
Metz Metz
Gevgelija Gevgelija
Ayacucho Ayacucho
Golubac Golubac
Palopo Palopo
Ljutomer Ljutomer
Necochea Necochea
Praya Praya
Temirtau Temirtau
Irvington Irvington
Leeuwarden Leeuwarden
Zanzibar Zanzibar
Rivas Rivas
Bayonne Bayonne
Changde Changde
Gemena Gemena
