Soda Location39 Location0 Location13 Location29 Location36 Location45 Location5 Location42 Location22 Location43 Location33 Location38 Location19 Location11 Location9 Location21 Location2 Location30 Location8 Location31 Soda
19
Location5 Location5
Location42 Location42
Location33 Location33
Soda Location40
Location43 Location43
Location13 Location10 Location13
Location22 Location22
Location0 Location0
Location31 Location31
Location2 Location2
Location38 Location38
Location36 Location44
Location19 Location19
Location21 Location21
Location29 Location29
Location45 Location45
Location30 Location30
Location39 Location32
Location9 Location9
