Soda Giannini Boalt Cheit Moses Hertz DoeLibrary Wellman Blackwell Morgan Senior Hildebrand Dwinelle LifeSciences Haste Koshland Stern HaasPavilion McCone Stanley Pitzer Bowles Jacobs Wheeler Foothill Soda
24
Boalt Boalt
Cheit Cheit
Dwinelle Dwinelle
Giannini Giannini
Haste Haste
LifeSciences LifeSciences
Jacobs Jacobs
Hildebrand Hildebrand
Moses Moses
Senior Senior
Stern Stern
Wheeler Wheeler
Blackwell Blackwell
Bowles Bowles
DoeLibrary DoeLibrary
Foothill Foothill
HaasPavilion HaasPavilion
Hertz Hertz
Koshland Koshland
McCone McCone
Morgan Morgan
Pitzer Pitzer
Stanley Stanley
Wellman Wellman
