Acadia Tortugas Bend Voyageurs Smoky Lassen Channel Gateway Teton Isle Brycecanyon Glacier Gunnison Basin Badlands Crater Indiana Haleakala Teddy Denali Katmai Everglades Caverns Congaree Cuyahoga Biscayne Acadia
22
Crater Arches Crater
Badlands Badlands
Bend Bend
Biscayne Biscayne
Gunnison Gunnison
Brycecanyon Brycecanyon Canyonlands
Acadia Capitol Guadalupe
Caverns Caverns
Channel Channel
Congaree Congaree
Cuyahoga Cuyahoga
Denali Denali
Tortugas Tortugas
Everglades Everglades
Gateway Gateway
Glacier Glacier
Teton Teton
Basin Basin
Smoky Smoky
Haleakala Haleakala
Indiana Indiana
Isle Isle
